1
64
1
2
64
64
3
1
80
46
44
42
42
40
44
44
38
40
46
48
45
41
42
46
45
46
44
44
45
44
43
43
46
45
39
45
49
39
46
42
45
42
40
40
46
45
45
45
42
45
48
43
42
41
48
45
43
45
47
41
45
43
44
40
43
38
47
48
40
46
46
44
50
45
41
42
43
45
50
45
49
41
43
41
41
44
38
41
48
1
128
1
2
96
96
3
1
80
79
82
73
87
80
81
78
83
77
87
79
85
87
81
86
83
82
81
81
85
81
79
86
77
83
81
78
84
81
76
81
86
81
79
84
82
85
82
81
86
81
84
83
86
83
78
79
86
79
90
83
80
81
85
82
85
82
84
78
81
84
82
76
81
86
82
79
84
78
83
86
79
79
81
83
80
80
81
78
80
1
256
1
2
160
160
3
1
80
155
155
150
153
152
155
150
154
153
156
147
154
153
152
151
152
155
156
150
154
156
153
155
153
148
152
156
150
154
158
152
155
148
154
148
153
151
152
149
153
156
148
151
153
156
147
155
153
150
152
156
153
153
152
149
148
152
151
152
152
152
152
156
153
152
153
152
152
155
157
155
152
154
155
151
151
148
150
153
152
1
512
1
2
298
298
3
1
80
293
291
295
288
295
293
295
288
289
294
291
293
293
295
293
297
291
289
289
290
297
297
291
294
296
288
292
296
290
295
290
295
293
293
293
289
289
293
292
295
291
286
291
295
295
289
295
295
293
294
298
294
291
294
295
289
294
287
293
292
289
295
291
294
294
290
295
292
295
286
292
288
290
293
293
295
294
290
290
296
1
1024
1
2
576
576
3
1
80
569
564
574
570
575
569
570
566
571
573
568
573
572
566
569
571
570
573
568
569
571
570
575
572
571
568
570
569
571
574
566
573
570
574
571
569
566
570
572
566
572
569
570
570
570
572
571
570
570
569
574
569
573
575
567
567
568
575
573
573
568
573
573
570
567
567
570
569
571
570
572
570
571
572
569
573
572
571
573
571
1
2048
1
2
1126
1126
3
1
80
1119
1114
1117
1116
1122
1123
1121
1120
1121
1123
1118
1124
1121
1119
1118
1115
1120
1123
1121
1119
1123
1120
1117
1120
1118
1115
1113
1125
1119
1123
1121
1118
1117
1115
1119
1116
1119
1121
1123
1120
1121
1123
1116
1119
1120
1120
1122
1118
1121
1117
1122
1118
1122
1119
1113
1120
1119
1124
1124
1121
1121
1117
1113
1124
1122
1120
1120
1123
1120
1114
1116
1119
1124
1120
1117
1125
1119
1122
1120
1121
1
4096
1
2
2218
2218
3
1
80
2210
2205
2207
2209
2212
2213
2214
2214
2206
2211
2210
2213
2213
2209
2213
2208
2214
2210
2204
2212
2215
2209
2209
2210
2211
2211
2211
2213
2207
2213
2213
2209
2207
2210
2209
2208
2212
2206
2210
2212
2212
2207
2211
2213
2204
2208
2216
2206
2212
2208
2213
2213
2209
2207
2210
2204
2209
2207
2212
2210
2209
2214
2212
2212
2210
2212
2210
2206
2211
2212
2211
2210
2206
2209
2212
2209
2212
2209
2203
2212
1
8192
1
2
4388
4388
3
1
80
4382
4379
4376
4376
4380
4376
4376
4380
4376
4372
4380
4374
4380
4379
4374
4383
4379
4383
4381
4375
4380
4382
4380
4374
4372
4380
4380
4372
4378
4373
4377
4381
4367
4382
4377
4376
4377
4384
4379
4382
4375
4380
4378
4381
4375
4378
4380
4381
4375
4378
4383
4381
4372
4381
4380
4382
4378
4379
4372
4375
4375
4379
4375
4378
4379
4377
4370
4380
4380
4380
4374
4380
4382
4378
4379
4371
4378
4372
4377
4377
1
16384
1
2
8704
8704
3
1
80
8685
8691
8693
8684
8691
8695
8695
8697
8691
8696
8687
8692
8688
8688
8694
8693
8679
8690
8690
8694
8689
8691
8694
8697
8696
8692
8688
8692
8691
8694
8690
8688
8684
8691
8692
8688
8689
8689
8693
8683
8690
8689
8683
8697
8686
8687
8688
8697
8692
8690
8691
8685
8683
8686
8693
8684
8687
8694
8687
8689
8694
8684
8682
8693
8690
8680
8692
8684
8692
8683
8686
8691
8693
8691
8687
8692
8687
8692
8684
8685
1
32768
1
2
17294
17294
3
1
80
17274
17274
17274
17274
17283
17275
17270
17265
17274
17282
17271
17270
17279
17279
17274
17277
17274
17276
17280
17277
17269
17275
17278
17278
17274
17275
17280
17277
17281
17276
17282
17278
17272
17271
17277
17275
17272
17276
17277
17266
17281
17276
17274
17275
17272
17277
17275
17274
17278
17266
17275
17276
17279
17273
17272
17278
17273
17270
17283
17280
17276
17276
17274
17277
17267
17280
17275
17272
17278
17281
17272
17272
17273
17276
17275
17278
17276
17276
17274
17281
1
65536
1
2
34406
34406
3
1
80
34385
34377
34383
34377
34374
34374
34383
34383
34383
34383
34377
34370
34363
34369
34373
34379
34382
34377
34375
34368
34379
34385
34372
34374
34383
34377
34372
34388
34375
34374
34379
34376
34378
34375
34380
34381
34370
34384
34383
34377
34376
34373
34379
34373
34373
34375
34365
34383
34366
34373
34373
34373
34372
34375
34376
34373
34376
34371
34373
34378
34377
34378
34377
34382
34370
34376
34372
34376
34378
34378
34372
34369
34378
34374
34372
34380
34377
34377
34371
34368
1
131072
1
2
68514
68514
3
1
80
68474
68470
68474
68465
68468
68466
68454
68459
68481
68480
68460
68468
68469
68464
68472
68468
68482
68472
68454
68476
68467
68481
68486
68455
68467
68463
68463
68472
68477
68467
68467
68479
68465
68465
68478
68472
68476
68483
68464
68468
68465
68469
68455
68476
68471
68473
68471
68483
68461
68470
68477
68476
68469
68465
68478
68475
68485
68464
68458
68466
68463
68472
68459
68472
68460
68480
68470
68459
68461
68461
68464
68478
68467
68470
68465
68481
68480
68466
68467
68476
1
262144
1
2
136533
136533
3
1
80
136459
136458
136462
136459
136446
136476
136459
136463
136446
136461
136467
136475
136473
136458
136471
136469
136456
136461
136458
136474
136474
136470
136457
136452
136472
136450
136469
136465
136475
136460
136466
136456
136478
136472
136472
136485
136472
136468
136453
136473
136467
136468
136462
136453
136464
136455
136455
136475
136460
136457
136469
136460
136456
136468
136464
136468
136451
136476
136457
136464
136463
136467
136461
136462
136457
136466
136471
136466
136466
136471
136456
136472
136465
136464
136478
136477
136469
136465
136468
136471
1
524288
1
2
272226
272226
3
1
80
272125
272116
272110
272099
272116
272127
272109
272114
272117
272102
272112
272130
272112
272105
272110
272127
272127
272121
272109
272121
272121
272107
272096
272105
272124
272122
272104
272125
272136
272115
272104
272119
272121
272110
272111
272118
272109
272117
272102
272129
272121
272122
272109
272120
272126
272108
272097
272113
272113
272140
272130
272121
272119
272113
272121
272125
272128
272127
272116
272119
272117
272122
272118
272118
272118
272105
272131
272123
272105
272112
272104
272120
272111
272113
272117
272112
272106
272105
272127
272122
1
1048576
1
2
543012
543012
3
1
80
542812
542836
542859
542847
542840
542853
542811
542858
542850
542830
542825
542843
542825
542838
542847
542828
542851
542822
542863
542832
542833
542817
542842
542864
542842
542841
542856
542832
542833
542840
542851
542815
542836
542849
542840
542819
542815
542838
542838
542841
542830
542856
542812
542832
542835
542846
542840
542816
542835
542827
542843
542816
542806
542832
542831
542831
542851
542835
542862
542840
542826
542827
542851
542832
542832
542814
542851
542832
542834
542831
542834
542857
542832
542837
542813
542832
542842
542833
542839
542839
1
2097152
1
2
1083528
1083528
3
1
80
1083233
1083218
1083236
1083238
1083255
1083219
1083236
1083268
1083220
1083228
1083238
1083243
1083215
1083237
1083237
1083251
1083238
1083259
1083242
1083244
1083251
1083241
1083254
1083257
1083248
1083236
1083250
1083233
1083235
1083255
1083233
1083191
1083260
1083237
1083223
1083272
1083206
1083276
1083226
1083250
1083251
1083211
1083273
1083228
1083243
1083269
1083262
1083260
1083232
1083227
1083239
1083230
1083247
1083253
1083241
1083230
1083208
1083280
1083259
1083260
1083233
1083244
1083228
1083190
1083275
1083204
1083255
1083265
1083219
1083265
1083229
1083230
1083243
1083235
1083258
1083249
1083253
1083252
1083231
1083260
