1
256
1
2
256
256
3
1
80
180
168
173
183
180
170
172
175
176
174
173
167
168
176
169
172
174
172
174
166
177
177
177
171
168
185
168
167
179
181
187
166
173
172
168
176
176
177
182
170
177
168
170
162
173
181
174
183
177
172
174
164
175
186
172
171
171
180
181
179
184
167
170
174
168
174
178
174
175
178
172
175
169
177
173
178
169
182
172
176
1
512
1
2
512
256
3
1
80
401
400
418
404
409
410
414
410
412
405
411
408
411
411
401
409
409
404
397
419
415
404
400
402
407
402
399
401
411
418
415
409
412
401
408
405
407
408
411
412
398
404
405
409
403
410
391
413
418
405
397
412
405
409
411
414
404
422
414
397
409
404
399
400
402
413
408
395
404
404
406
407
419
403
424
403
393
413
404
424
1
1024
1
2
1024
256
3
1
80
893
902
898
900
895
894
906
884
887
905
894
904
898
892
901
894
895
888
887
896
890
894
896
902
896
899
895
897
911
892
900
888
893
904
903
886
902
911
901
903
901
912
899
898
896
907
896
895
890
891
897
892
892
900
897
900
898
893
891
890
890
902
896
888
906
889
904
904
893
882
888
901
887
883
902
892
885
893
894
905
1
2048
1
2
2048
256
3
1
80
1911
1907
1911
1893
1897
1910
1897
1913
1899
1899
1897
1906
1894
1883
1890
1903
1884
1897
1899
1899
1911
1899
1895
1913
1898
1904
1891
1908
1907
1905
1888
1905
1900
1902
1896
1897
1904
1896
1904
1903
1895
1894
1908
1905
1905
1894
1917
1901
1907
1882
1902
1914
1900
1899
1897
1916
1903
1883
1907
1898
1913
1900
1890
1901
1902
1899
1900
1899
1908
1910
1900
1905
1898
1904
1899
1893
1895
1901
1896
1899
1
4096
1
2
4096
256
3
1
80
3929
3923
3926
3923
3923
3918
3933
3935
3939
3932
3927
3926
3935
3924
3934
3923
3932
3923
3928
3931
3928
3923
3930
3928
3921
3919
3926
3930
3931
3926
3923
3928
3933
3929
3931
3930
3922
3944
3925
3931
3935
3918
3922
3922
3931
3929
3923
3932
3921
3922
3922
3926
3924
3925
3926
3938
3936
3932
3923
3920
3926
3943
3924
3923
3934
3913
3930
3931
3922
3935
3929
3936
3923
3932
3926
3919
3925
3930
3932
3937
1
8192
1
2
8192
256
3
1
80
8005
8002
8007
8012
8004
8016
8011
8012
8002
8028
8000
8007
8008
7999
8004
7996
7994
8009
8001
8006
8006
8005
8018
8004
8007
8009
8005
8005
8010
8008
8006
8017
8009
8007
8017
8006
8013
8006
8006
8008
8019
8003
8006
8009
8013
8013
8005
8019
8005
8006
8007
8003
8018
8004
8003
7997
8000
8010
8005
8001
8015
8009
8016
8012
8018
8009
8020
8002
8007
7992
8015
8011
8006
8010
8009
8003
8016
8011
8010
8017
1
16384
1
2
16384
256
3
1
80
16195
16192
16186
16184
16185
16188
16193
16187
16183
16184
16188
16185
16193
16184
16182
16174
16186
16190
16189
16186
16185
16189
16186
16180
16178
16185
16182
16177
16185
16190
16179
16186
16181
16187
16180
16198
16178
16181
16186
16182
16187
16190
16185
16190
16190
16197
16186
16186
16182
16194
16187
16183
16199
16189
16181
16189
16192
16193
16187
16190
16182
16182
16185
16184
16182
16184
16177
16187
16182
16188
16179
16193
16183
16193
16182
16195
16185
16184
16194
16186
1
32768
1
2
32768
256
3
1
80
32555
32560
32551
32570
32561
32566
32554
32555
32567
32559
32559
32550
32561
32561
32562
32565
32556
32557
32568
32560
32563
32565
32554
32568
32569
32547
32562
32565
32557
32563
32562
32551
32568
32568
32563
32562
32564
32567
32553
32563
32571
32558
32565
32552
32559
32556
32563
32563
32565
32563
32560
32556
32548
32562
32558
32562
32548
32551
32553
32568
32569
32558
32561
32563
32571
32561
32554
32555
32559
32556
32566
32560
32570
32561
32555
32557
32561
32560
32553
32559
1
65536
1
2
65536
256
3
1
80
65318
65313
65320
65310
65319
65322
65319
65313
65314
65321
65323
65317
65322
65314
65321
65329
65318
65320
65320
65317
65304
65313
65325
65321
65318
65324
65325
65317
65319
65324
65326
65324
65329
65323
65317
65329
65325
65315
65314
65324
65323
65319
65328
65318
65320
65325
65322
65319
65328
65320
65330
65319
65327
65321
65311
65312
65314
65321
65322
65319
65318
65322
65322
65317
65319
65312
65324
65315
65322
65319
65322
65318
65329
65319
65321
65320
65313
65316
65321
65311
1
131072
1
2
131072
256
3
1
80
130847
130844
130843
130842
130844
130841
130852
130849
130837
130839
130843
130849
130857
130848
130848
130842
130849
130839
130846
130848
130845
130845
130849
130838
130845
130848
130850
130851
130843
130842
130845
130853
130840
130839
130847
130850
130843
130853
130846
130844
130846
130843
130852
130842
130852
130852
130849
130844
130849
130844
130853
130852
130842
130847
130840
130847
130848
130850
130849
130852
130847
130842
130841
130850
130847
130851
130850
130852
130835
130853
130857
130836
130849
130846
130845
130858
130847
130852
130843
130839
