1
64
1
2
64
64
3
1
80
1.51562
1.39062
1.45312
1.59375
1.48438
1.51562
1.5
1.46875
1.34375
1.35938
1.48438
1.54688
1.42188
1.46875
1.5625
1.5625
1.5
1.65625
1.46875
1.53125
1.54688
1.46875
1.4375
1.48438
1.3125
1.45312
1.51562
1.60938
1.40625
1.57812
1.65625
1.34375
1.4375
1.35938
1.48438
1.59375
1.46875
1.42188
1.57812
1.3125
1.39062
1.45312
1.46875
1.70312
1.39062
1.59375
1.4375
1.42188
1.54688
1.75
1.82812
1.65625
1.6875
1.53125
1.34375
1.65625
1.51562
1.42188
1.39062
1.32812
1.4375
1.42188
1.39062
1.59375
1.54688
1.4375
1.53125
1.57812
1.375
1.59375
1.9375
1.65625
1.625
1.71875
1.54688
1.65625
1.39062
1.75
1.51562
1.34375
24.1818
30.8
26.2558
23.6444
26
30.4375
25.4565
30.2791
28.9268
31.1111
28.5435
27.2667
23.9268
29.3125
22.0682
28.8333
24.75
24.4082
25.0513
22.619
21.9535
27.9792
29
28.4348
32.3721
27.2391
22.7143
20.2326
25.3846
27.1951
25.06
29.2222
27.9778
27.8537
26.7111
26.8667
27.3953
27.7045
26.0667
30.6098
25.9149
29.9556
22.093
22.5814
26.4286
27.0208
26.4048
27.5532
27.8864
23.3864
26.0435
22.0238
24.4
27.9565
30.814
24.413
26.1951
25.7143
27.6905
26.7073
26.85
26.1591
27.8684
23.8333
30.2727
27.6222
25.2273
22.8889
27.3953
27.3696
22.0638
24
29.7317
23.7174
27.7755
24.75
27.6957
22.625
26.0455
29.0638
32.25
37.3158
30.0952
23.3684
30.7143
28.5625
26.2778
33.4762
28.5652
25.8947
29.5556
24.8421
27.2174
29.3125
32
20.8182
35.7917
30.9333
30.08
26.7273
31.4286
29.8125
28.1364
38.1111
30.4762
27.4444
36.9333
34.381
30.96
27.2174
27.2857
22.6316
35.8947
35.6957
25.5789
36.2105
29.2381
32.25
26.1579
25.087
35.5882
25.5789
28.8095
34.0476
32.5455
33.5
37.3636
33.8235
33.25
27
28.0556
34.7273
18
28.8889
39.4286
29.4444
33.3043
27.5
28.9091
29.2609
27.9167
26.55
30.5
27.4091
26.8
36.5789
35.85
30.1053
32.8571
26
21.2941
25.5
32.6957
26
33
33.15
32.0556
29.4167
26
23.2941
1
128
1
2
96
96
3
1
80
1.875
2.09375
2.19531
2.05469
1.875
1.94531
2.14844
1.97656
1.96875
1.78906
1.92188
1.92188
2.00781
1.78125
1.74219
2.02344
1.82031
1.875
1.96875
2.13281
1.79688
1.72656
2.03125
1.74219
2
2.11719
1.82812
1.8125
1.96094
1.99219
1.9375
1.97656
1.82031
1.79688
1.88281
1.6875
1.9375
1.92188
2.33594
1.78906
1.89062
1.85156
1.73438
1.9375
1.92969
1.82031
1.84375
1.74219
1.94531
2.03125
2.11719
1.89062
1.8125
2.01562
1.85156
2.21875
1.67188
1.78125
1.8125
2
1.96094
1.89062
1.89062
2.10938
1.92969
2.16406
1.95312
1.6875
2.17969
2.01562
2.10938
1.88281
1.64844
1.95312
2.1875
2.1875
1.94531
2.02344
1.85938
1.96094
44.3735
42.9535
39.8974
39.186
41.4588
45.5632
40.369
46.6386
47.1
49.8434
39.6829
44.8966
44.6988
47.9506
46.8765
40.3902
52.7647
48.5663
40.119
42.6548
48.0244
48.8235
41.5663
41.6905
54.2824
44.8889
47.4524
44.5529
45.9231
47.2308
46.0353
42.2561
40.1646
47.8025
43.4578
46.65
40.557
43.2308
43.8554
53.4167
45.3457
46.9231
44.5833
44.6463
43.4217
48.8272
47.6548
45.0723
48.061
38.3333
43.2333
41.3875
44.5976
43.5238
43.5176
40.9882
46.7073
42.3974
46.2683
51.8025
47.275
49.6747
42.1928
43.4767
46.9639
37.8929
49.2093
45.506
49.0235
41.85
44.7229
50.8161
44.1279
43.6585
38.9651
35.5476
43.6353
41.4878
44.6829
38.5921
54.4444
58.7143
57.98
53.9524
47.1163
72.9268
51.6364
68.7556
52.7083
64.6889
54.8261
55.1951
47.4444
61.5106
53.8298
44
52.3256
57.1111
60.7045
49.8409
60.0652
59.4884
50.1556
62.2045
64.5814
57.0851
58.4545
57.0698
60.38
61.66
58.5116
59.4783
58.1224
57.617
61.5556
52.2708
61.0408
62.1
60.7778
65.9773
60.617
61.4
59.1607
55.6957
52.6222
50.1064
62.8636
67.2667
54.2609
63.68
53.6842
59.6458
66.587
64.1591
64.3721
52.3256
61.6522
56.46
56.087
57.5106
60.5
67.8889
63.5111
50.7619
55.6889
56.2273
57.5714
63.4444
53.6512
58.875
50.4222
54.6829
48.5
54.8478
50.1905
55.7273
52.4419
53.6304
57.9565
55.25
1
256
1
2
160
160
3
1
80
2.42188
2.30469
2.55859
2.42578
2.47656
2.80078
2.48438
2.57422
2.85156
2.35156
2.42969
2.21875
2.55078
2.58984
2.53906
2.52734
2.56641
2.22656
2.42188
2.58594
2.58203
2.54688
2.58594
2.37891
2.69922
2.52734
2.69922
2.56641
2.23438
2.30469
2.33594
2.4375
2.46875
2.49219
2.55469
2.8125
2.41406
2.75391
2.69531
2.47266
2.45312
2.68359
2.375
2.67578
2.45312
2.28125
2.69922
2.57812
2.29297
2.32422
2.21484
2.99609
2.46094
2.19922
2.33594
2.55078
2.31641
2.39062
2.65234
2.49609
2.28516
2.78516
2.80859
3.08203
2.51562
2.625
2.49609
2.40625
2.65625
2.62109
2.43359
2.56641
3.07422
2.61328
2.41406
2.52734
2.75781
2.35938
2.74219
2.44922
77.2194
78.1623
74.9742
69.3548
74.8092
72.4416
68.9739
84.5669
71.8693
74.4416
70.947
75.8506
71.5065
63.4145
75.3701
72.5455
67.9868
78.7351
74.9355
72.3247
72.0955
67.9868
64.5197
75.8
66.5355
68.0855
60.5921
70.0199
79.1111
82.4221
80.96
75.7908
71.7651
77.7616
73.6533
70.634
65.7468
65.86
63.7237
73.5724
72.3072
67.7372
79.2027
68.3514
75.6732
74.5436
69.66
70.8344
74.2715
79.0592
85.1513
58.2105
69.4172
78.053
75.6429
63.4013
69.1447
79.1465
65.8684
74.8882
80.2548
69.24
58.3224
64.2038
72.0581
72.4118
68.4183
77.7338
59.9934
69.6928
72.8782
78.1154
63.0443
64.3484
71.366
68.2222
74.9806
75.1645
70.5449
67.5772
110.881
114.108
115.861
111.149
95.6827
104.549
108.515
107.586
103.194
108.186
114.114
120.824
110.843
113.76
111.882
108.529
100.705
111.048
120.772
111.971
105.283
124.317
106.548
102.129
109.663
111.548
106.048
98.2762
109.35
106.745
114.443
113.456
110.336
107.295
113.972
101.602
94.8529
97.3396
114.298
112.163
111.388
93.61
101.741
105.935
100.437
109.953
113.717
110.752
118.943
110.846
106.875
102.798
118.467
112.619
117.863
106.606
103.423
109.081
110.231
114.01
97.4242
105.123
121.606
99.2626
105.594
110.602
103.078
91.8824
103.846
106.835
110.38
108.57
101.531
107.921
98.5825
102.379
105.743
101.721
93.43
108.916
1
512
1
2
298
298
3
1
80
2.93164
3.21484
3.11719
3.21484
3.07812
3.03711
3.33789
3.25391
3.04102
2.82031
3.39648
3.0625
3.32812
3.13086
3.14453
3.04297
3.28711
2.93164
3.45898
3.4082
2.94922
3.33984
3.06055
3.08594
2.98438
3.2207
3.04102
2.75977
3.1875
3.33594
3.21094
3.0957
3.39258
3.04102
2.95508
3.02148
3.09961
2.87891
2.89062
3.2168
3.08594
3.27539
3.15234
3.04688
2.88672
3.39258
2.97266
3.14648
2.76562
3.01953
3.23828
3.07031
2.9707
2.86328
3.51172
3.22461
3.1875
3.20898
2.90234
3.00781
2.9668
2.94141
3.09375
2.92773
3.07617
3.32617
3.26367
2.85742
3.03125
3.01562
3.05859
3.11719
3.01562
2.96289
3.125
2.9668
2.96875
3.19336
3.11719
3.12695
126.648
109.831
108.469
109.287
125.048
115.837
115.146
112.259
128.785
119.01
109.11
103.531
109.699
111.595
117.82
116.611
119.166
133.794
106.327
114.007
126.127
114.918
121.683
124.255
112.723
122.627
118.354
135.613
124.086
106.835
126.809
110.179
117.223
115.891
118.021
126.545
113.588
121.932
128.231
110.631
125.129
114.703
120.092
114.075
122.829
105.832
139.272
120.149
132.085
120.626
111.507
115.69
116.908
126.595
101.695
109.265
114.618
116.858
134.57
131.89
127.088
130.912
113.597
122.948
122.054
114.434
111.772
131.676
118.579
124.925
128
116.483
120.939
129.636
119.476
112.532
124.031
111.983
106.742
117.184
205.77
216.484
212.277
200.511
187.155
194.7
210.143
194.749
195.332
212.373
207.977
212.101
196.606
198.271
196.055
202.53
195.535
202.338
183.606
192.995
202.145
192.772
199.84
202.459
212.38
195.484
197.701
200.668
190.832
205.874
216.447
186.611
205.903
221.123
198.113
204.342
190.807
202.881
216.811
203.636
204.069
187.543
197.935
212.443
217.936
199.855
216.569
204.713
206.798
190.128
198.83
212.537
221.289
191.158
189.065
194.858
197.63
195.676
199.082
204.027
220.523
204.757
200.772
199.218
203.729
199.207
197.826
200.117
210.886
200.909
204.594
190.005
206.365
199.796
180.941
212.443
201.722
217.545
179.76
199.902
1
1024
1
2
576
576
3
1
80
3.4209
3.47168
3.21191
3.34766
3.58594
3.55664
3.74414
3.40723
3.3877
3.54492
3.69531
3.47168
3.4082
3.39062
3.41797
3.83789
3.50684
3.29688
3.40332
3.25098
3.58887
3.5
3.35352
3.53613
3.36621
3.61816
3.3623
3.32129
3.27148
3.44531
3.6709
3.44922
3.40625
3.53613
3.42969
3.46191
3.44727
3.35449
3.6377
3.34766
3.50195
3.34668
3.79492
3.51562
3.35938
3.44824
3.39648
3.34668
3.52832
3.45605
3.25293
3.35742
3.06445
3.19629
3.29199
3.69238
3.58203
3.66797
3.50098
3.61328
3.25195
3.5918
3.56836
3.51172
3.36621
3.45996
3.50098
3.66699
3.4834
3.29883
3.51465
3.49609
3.43652
3.38867
3.64844
3.34668
3.39551
3.43359
3.32031
3.32129
217.105
207.101
229.517
233.183
201.09
213.257
194.73
214.545
224.557
211.466
195.049
208.423
204.688
218.349
210.053
181.363
206.918
213.614
206.793
230.473
213.872
217.39
218.317
196.681
206.687
196.318
223.907
220.939
221.722
212.591
201.977
215.196
218.436
208.072
207.909
228.572
197.899
209.783
211.639
210.909
198.467
208.298
194.131
194.039
217.253
224.219
214.735
221.028
212.418
212.003
224.321
213.004
249.33
230.975
231.762
189.115
188.965
202.529
219.211
204.652
219.461
200.501
190.391
208.97
220.265
205.65
221.177
194.557
214.963
226.57
206.562
206.671
230.335
224.72
191.145
225.849
201.847
210.815
224.415
223.951
388.932
396.674
383.173
377.081
387.454
380.336
368.782
400.289
404.114
405.068
383.636
381.555
376.996
385.53
382.721
404.084
378.735
396.985
401.411
417.508
370.98
399.133
411.16
373.759
392.524
387.576
411.628
404.66
396.101
374.743
378.629
376.467
370.773
382.624
358.064
382.934
396.764
364.309
388.502
384.221
351.843
371.225
386.534
384.846
401.784
391.194
403.497
400.677
382.402
393.605
385.639
400.057
403.736
424.787
377.604
385.925
384.345
372.512
384.081
389.878
406.837
357.895
386.967
385.358
386.167
372.636
368.062
388.935
401.748
390.741
400.82
382.673
380.465
378.153
399.029
388.273
384.873
382.782
385.717
360.96
1
2048
1
2
1126
1126
3
1
80
3.85498
3.66211
3.82324
3.67969
3.87109
3.9917
3.9248
3.73779
3.57617
3.97852
3.55566
3.69775
4.04785
3.87061
3.60303
3.8208
3.75488
3.85596
4.04199
3.83496
3.75635
3.74707
3.7417
3.95898
3.75439
3.75488
3.79443
3.71973
3.74463
3.94824
3.8584
3.75586
3.6582
3.73389
4.00391
3.64551
3.88867
3.66943
4.16113
3.87744
3.64307
3.87695
3.76855
4.07666
3.87305
4.00146
4.04004
3.89697
3.69385
3.71533
3.97168
3.8252
3.73389
3.80225
3.79541
3.79541
3.54443
3.62256
3.91406
3.62109
3.88525
3.67725
3.56201
3.79053
3.86475
3.93701
3.76514
3.94824
3.82715
3.76416
3.93555
3.87988
3.9541
3.81641
3.9292
3.77246
3.83105
3.88477
3.7207
3.76562
397.617
386.889
381.048
397.74
381.205
368.552
382.784
381.236
407.153
364.501
408.033
383.058
368.116
386.891
405.695
392.029
373.767
388.327
348.843
382.121
369.237
395.141
401.917
370.905
395.555
388.879
390.572
397.025
388.201
377.584
369.693
413.155
391.216
396.324
354.121
386.821
385.64
398.037
368.811
383.25
427.962
392.924
376.408
357.737
386.479
366.654
367.722
376.882
410.19
399.472
377.363
377.206
401.784
378.823
402.549
403.434
407.507
396.485
354.183
411.94
371.687
394.306
395.823
387.2
388.268
376.604
389.072
380.622
375.646
360.45
371.198
363.303
360.911
374.72
368.752
374.663
392.185
390.989
400.563
381.997
750.18
760.981
751.492
745.921
765.954
724.569
738.147
762.426
751.408
752.281
752.599
759.623
720.91
720.444
768.594
737.416
742.981
711.706
733.711
745.374
719.633
758.192
771.365
775.288
774.909
752.598
761.59
749.269
733.086
724.712
736.754
751.139
741.812
761.603
726.738
765.121
718.004
749.953
706.986
728.258
782.71
724.426
733.411
742.017
760.582
712.072
701.504
779.633
743.544
730.88
726.896
771.564
754.126
726.587
750.2
753.515
757.425
789.685
738.332
735.663
738.598
776.682
767.693
720.069
735.856
738.93
752.94
718.51
737.444
763.284
742.03
748.129
737.029
739.487
758.135
748.849
762.789
750.509
747.504
772.755
1
4096
1
2
2218
2218
3
1
80
4.12451
4.22778
4.30273
4.11597
4.17285
4.14697
3.99585
4.0166
4.20581
4.05396
4.14697
4.22607
3.9585
4.06128
4.08765
4.23511
4.13721
4.13892
3.98755
4.198
4.29785
4.15771
4.05493
3.98047
4.12646
4.19238
3.87183
4.06299
4.10718
4.05029
4.26758
4.1665
4.09546
3.98755
4.06128
4.17139
4.15112
4.01831
4.17651
4.0437
4.12012
4.07715
4.12109
4.04346
3.86646
3.99365
4.08154
4.21313
4.15649
4.17285
4.02466
4.02588
4.1748
4.24268
4.18188
3.96729
4.02051
4.15112
4.23779
4.10278
4.03955
4.31445
4.14258
4.20459
3.98779
4.052
4.13818
4.16333
4.11572
3.97729
4.34229
4.15601
4.09595
4.06274
4.04785
4.06836
4.10669
4.05908
4.21704
4.21924
694.868
687.808
667.706
681.877
677.696
705.256
717.407
724.521
701.263
696.261
716.198
707.131
713.732
732.057
696.548
677.265
703.202
690.365
696.321
696.384
672.673
705.64
728.176
754.8
717.126
673.41
758.024
710.409
697.756
700.959
673.172
694.527
692.31
723.303
699.655
697.81
692.159
721.912
694.86
741.187
698.845
719.962
688.621
689.979
742.514
722.002
695.533
659.022
694.637
681.644
713.947
714.88
697.294
708.08
679.713
715.631
702.198
696.484
670.695
682.483
728.847
684.942
684.647
699.584
717.983
726.322
694.175
747.496
709.48
724.758
652.974
720.972
725.551
710.691
709.566
718.209
724.87
711.37
696.642
687.339
1413.54
1454.63
1395.61
1457.95
1484.18
1422.59
1471.25
1449.69
1445.35
1407.38
1425.23
1428.69
1490.08
1455.52
1463.76
1465.87
1494.6
1417.31
1514.75
1419.96
1394.35
1404.28
1399.07
1466.57
1453.53
1418.02
1457.36
1483.9
1459.6
1494.47
1367.73
1401.18
1482.36
1443.7
1460.72
1423.33
1443.91
1456.36
1402.85
1389.41
1447.1
1423.39
1453.34
1427.55
1462.25
1428.45
1427.79
1436.42
1417.28
1422.64
1493.68
1446.04
1446.38
1403.22
1418.81
1453.47
1490.78
1432.11
1378.23
1421.66
1437.78
1377.71
1413.99
1429.6
1441.28
1371.35
1403.12
1449.73
1432.34
1451.54
1425.04
1420.79
1425
1455.7
1446.15
1448.43
1411.72
1478.65
1402.42
1388.98
1
8192
1
2
4388
4388
3
1
80
4.3811
4.39978
4.39661
4.38464
4.41052
4.28162
4.31995
4.4679
4.36719
4.31677
4.50366
4.33472
4.42773
4.32837
4.24316
4.35828
4.29553
4.38586
4.37598
4.39124
4.43518
4.29077
4.43762
4.28027
4.47485
4.57092
4.30322
4.24622
4.38306
4.32971
4.2771
4.38525
4.25964
4.45776
4.33667
4.19873
4.37366
4.21729
4.37048
4.37048
4.34265
4.50354
4.38721
4.30151
4.2666
4.31885
4.25574
4.32996
4.3335
4.29529
4.3894
4.32129
4.36487
4.27039
4.28552
4.34827
4.33887
4.28699
4.38843
4.30371
4.35474
4.31592
4.23779
4.34082
4.25757
4.25928
4.44763
4.40796
4.32336
4.375
4.21167
4.3667
4.39258
4.30347
4.26172
4.2854
4.23718
4.25073
4.36389
4.35156
1325.38
1327.03
1328.78
1317.93
1317.88
1316.34
1334.59
1288.64
1288.49
1348.32
1271.97
1351.36
1314.86
1322.43
1343.2
1300.6
1345.86
1333.94
1338.88
1324.46
1292.31
1346.57
1304.65
1338.61
1268.21
1280.36
1345.85
1351.39
1309.97
1316.71
1365.74
1328.26
1349.18
1273.02
1291.28
1397.44
1335.07
1364.1
1320.18
1322.64
1350.92
1275.57
1308.36
1334.96
1371.24
1305.41
1367.33
1316.21
1337.56
1327.83
1340.77
1310.6
1306.5
1368.84
1364.66
1348.58
1338.23
1356.87
1321.74
1359.62
1285.99
1312.52
1351.36
1317.6
1389.59
1371.74
1261.79
1298.33
1376.24
1309.92
1382.95
1325.91
1297.26
1342.55
1369.19
1355.68
1394.82
1369.38
1341.29
1345.77
2757.45
2761.62
2737.13
2748.56
2735.73
2757.6
2764.54
2741.41
2846.06
2837.19
2738.4
2790.65
2754.6
2791.45
2842.04
2780.5
2798.57
2787.8
2794.07
2775.72
2783.22
2819.56
2790.6
2795.23
2797.33
2719.7
2827.41
2799.97
2792.98
2797.37
2827.48
2814.54
2913.43
2777.36
2831.6
2828.69
2813.07
2841.74
2772.93
2791.68
2784.84
2749
2790.61
2792.67
2828.24
2784.3
2746.82
2801.28
2768.9
2813.4
2824.7
2795.89
2791.43
2819.23
2775.79
2786.57
2770.86
2768.24
2787.91
2819.37
2753.26
2772.02
2784.5
2763.96
2790.37
2772.23
2759.85
2754.53
2784.37
2803.34
2841.12
2789.03
2796.97
2785.41
2828.88
2842.81
2826.58
2838.35
2828.22
2774.63
1
16384
1
2
8704
8704
3
1
80
4.64484
4.57391
4.59381
4.60797
4.53882
4.61823
4.49213
4.59833
4.47711
4.52856
4.5788
4.6687
4.61444
4.52655
4.56201
4.61713
4.5285
4.61188
4.5799
4.51495
4.60504
4.58215
4.65186
4.53241
4.53705
4.61182
4.63129
4.63153
4.64978
4.45844
4.60663
4.67651
4.50824
4.60394
4.71088
4.58698
4.50574
4.47327
4.54352
4.55353
4.52643
4.61328
4.57935
4.53259
4.6778
4.62488
4.5108
4.62762
4.49982
4.57776
4.51617
4.64154
4.56213
4.49054
4.59149
4.63989
4.53717
4.492
4.69147
4.65814
4.64404
4.52972
4.54858
4.60101
4.55933
4.58997
4.67792
4.61438
4.53418
4.57312
4.58398
4.51605
4.62781
4.64246
4.66364
4.46484
4.53424
4.59778
4.55884
4.59735
2490.41
2502.62
2500.41
2530.79
2564.78
2527.57
2508.02
2469.48
2566.38
2514.8
2493.13
2474.7
2544.29
2549.39
2489.98
2510.56
2559.14
2507.87
2473.55
2586.03
2513.4
2496.87
2491.75
2560.16
2536.63
2471.27
2491.4
2441.91
2457.09
2548.77
2445.85
2474.2
2538.03
2485.39
2389.87
2467.4
2521.19
2586.31
2484.6
2529.65
2543.44
2479.55
2493.68
2535.08
2437.31
2498.75
2566.79
2508.55
2565.08
2525.42
2572.33
2493.84
2507.25
2532.9
2522.4
2538.62
2490.38
2526.84
2418.57
2491.87
2477.16
2575.25
2511.56
2484.92
2532.27
2483.89
2449.87
2505.9
2511.95
2508.98
2509.72
2510.9
2451.76
2464.27
2510.47
2601.68
2539.87
2442.42
2451.19
2529.88
5443.19
5514.71
5357.84
5436.3
5523.84
5345.32
5415.63
5406.05
5533.95
5478.76
5455.8
5331.08
5362.22
5528.6
5445.96
5431.66
5519.45
5384.68
5492.58
5465.3
5327.49
5396.51
5447.08
5433.96
5511.69
5453.6
5461.5
5470.97
5473.94
5496.15
5533.79
5370.54
5408.97
5379.59
5430.17
5483.93
5477.14
5496.33
5522.21
5512.86
5531
5370.12
5467.39
5432.28
5428.38
5419.12
5469.1
5375.28
5443.88
5451.21
5515.16
5414.08
5518.82
5477.94
5446.87
5511.85
5508.47
5490.46
5363.06
5366.7
5458.73
5438.56
5476.61
5457.12
5490.2
5545.63
5451.07
5372.6
5466.13
5522.47
5452.5
5430.68
5462.66
5423.91
5534.94
5505.4
5486.4
5442.38
5481.97
5467.9
1
32768
1
2
17294
17294
3
1
80
4.81659
4.73737
4.72235
4.78494
4.71698
4.84634
4.75439
4.78967
4.85388
4.75015
4.71848
4.78439
4.73572
4.76773
4.73438
4.85474
4.8331
4.81226
4.7543
4.82059
4.69217
4.80383
4.7916
4.7543
4.7258
4.77011
4.77573
4.75568
4.80978
4.83969
4.73453
4.76282
4.77649
4.68375
4.74954
4.83484
4.78506
4.73428
4.8121
4.70828
4.78802
4.74353
4.76712
4.80365
4.81885
4.74213
4.83591
4.84286
4.75299
4.80728
4.7785
4.8223
4.72491
4.75589
4.75027
4.80783
4.78152
4.8038
4.75269
4.76547
4.77118
4.76343
4.75113
4.83008
4.73801
4.77222
4.80902
4.70575
4.75534
4.76688
4.71588
4.74615
4.74277
4.65799
4.76321
4.70834
4.78943
4.76782
4.82852
4.70889
4768.09
4811.84
4852.86
4731.5
4884.31
4732.44
4801.47
4759.27
4746.02
4832.8
4851.17
4796.73
4815.56
4853.63
4827.49
4679.62
4707.44
4780.98
4788.84
4740.65
4936.19
4798.94
4759.93
4770.93
4813.07
4784.11
4820.67
4771.66
4702.15
4694.66
4837.46
4813.8
4791.21
4878.92
4788.78
4737.41
4735.44
4868.43
4768.07
4870.3
4814.29
4775.33
4744.68
4754.51
4747.06
4779.68
4694.72
4752.61
4852.83
4733.45
4803.09
4681.46
4797.32
4794.1
4907.01
4771.74
4873.24
4724.25
4790.8
4821.92
4765.94
4793.38
4798.28
4792.39
4794.02
4731.74
4775.46
4860.84
4855.67
4813.39
4833.76
4803.81
4868.46
4938.47
4805.57
4848.12
4779.86
4829.9
4773.33
4872.49
10626.1
10864.6
10721.2
10740.5
10815
10491.3
10743.5
10788.1
10660
10686.5
10686.6
10655
10632.2
10654.3
10725.2
10618
10710.4
10714.4
10720.6
10603.1
10677.7
10566.7
10647.2
10736.2
10746.8
10585.1
10665
10741.5
10723.1
10516
10750.2
10776.8
10692.8
10902.7
10670
10588.1
10655
10690.5
10635
10646.7
10644.4
10694
10683.1
10506.6
10579.8
10779.7
10678.7
10536.6
10694.4
10818.5
10667.4
10639.4
10850.6
10785.4
10640.7
10594.1
10675.5
10756.7
10573
10662.5
10790.7
10742
10598.7
10615.4
10705.6
10777.7
10616.8
10760.6
10687.8
10683.5
10667.3
10624.8
10685.2
10868.3
10691.2
10897.6
10623.4
10667.7
10563.3
10813.6
1
65536
1
2
34406
34406
3
1
80
4.93912
4.93184
4.97981
4.97447
4.96199
4.98688
4.95732
5.0204
4.98441
4.91519
4.93446
4.9088
5.02415
4.98123
4.89986
4.92172
4.98222
4.96666
5.02986
4.95004
4.93544
4.96808
4.93364
5.02489
4.89175
4.96425
4.95059
4.93977
5.04657
4.99744
4.96587
4.94426
4.94891
4.94342
4.92432
4.99097
4.93044
4.95772
4.97841
5.00337
4.97375
4.91391
4.96544
4.9727
4.94464
4.90388
4.94519
4.97958
4.9576
4.93556
4.9559
4.93843
4.91226
4.94601
5.00629
4.94576
4.946
4.96596
5.00204
4.97731
5.01039
4.95114
4.97705
4.92119
4.98302
5.01698
4.94066
4.92682
4.98434
5.00247
5.0434
4.90602
4.98592
5.03221
4.90337
4.95007
4.94437
4.92288
4.93088
4.94987
9281.42
9329.08
9183.99
9151.51
9111.5
9149.52
9176.38
9075.16
9153.21
9232.39
9294.1
9193.4
9083.2
9163.7
9261.39
9305.87
9163.32
9155.89
9166.43
9215.4
9214.96
9235.77
9232.83
9052.68
9363.12
9177.61
9219.7
9192.37
9097.33
9143.29
9173.86
9255.32
9301.95
9180.56
9249.8
9187.74
9180.35
9294.5
9161.4
9159.42
9195.19
9349.86
9121.8
9114.61
9185.58
9300.53
9208.76
9123.38
9156.58
9203.71
9192.49
9236.06
9278.13
9266.5
9130.74
9221.44
9156.34
9231.19
9169.53
9148.84
9138.59
9171.61
9128.74
9246.7
9138.86
9050.05
9268.82
9255.79
9197.52
9087.66
8987.32
9234.88
9240.39
9061.08
9246.3
9202.06
9175.65
9284.79
9279.35
9199.58
21091.5
20840.9
20906.8
20715.3
20961.3
20902.2
20849.3
20975.9
20934.7
21295.2
20986.2
20872.6
20816.6
20977.4
21085.2
20856.1
20934
20902.9
20761.7
20856.7
20986.2
21009.5
20921.4
20773.6
21107.4
20910.7
21048.7
21044.8
20691.8
20861.4
21007.6
20960.2
20996.1
20993.8
21203.7
20821.9
20979.5
20896
20885.8
20874.4
20732.3
21037.7
20790.9
20907.3
21171
21001.8
21026.3
20921
21113.7
20950.9
20979.5
20981.1
21089.8
20987.4
20822.5
20890.3
21025.4
20867.8
20925.3
20976.7
20874.7
20877.1
20815.5
21125.3
20941.4
20934.6
20950.1
20991.1
20956.9
20842.3
20735.6
21031.7
20907.3
20625
21163.2
20889.2
20794.2
20993.8
20862.5
21066.5
1
131072
1
2
68514
68514
3
1
80
5.07832
5.13226
5.12514
5.11095
5.09718
5.157
5.14376
5.11664
5.20412
5.09749
5.12585
5.10543
5.10869
5.11503
5.12537
5.13403
5.1159
5.10743
5.10204
5.14663
5.1239
5.13568
5.147
5.13815
5.16082
5.09065
5.11903
5.1144
5.11835
5.08548
5.11449
5.10065
5.10069
5.10467
5.1271
5.15422
5.11011
5.12474
5.13396
5.10646
5.1431
5.13384
5.11368
5.10897
5.11964
5.18126
5.13622
5.09294
5.11814
5.10001
5.13908
5.15005
5.10352
5.11282
5.12301
5.10738
5.12968
5.10069
5.09534
5.13655
5.16636
5.11687
5.16316
5.14692
5.11516
5.10667
5.12295
5.12911
5.12883
5.18165
5.15031
5.1702
5.09979
5.15598
5.11979
5.09508
5.15548
5.14448
5.08959
5.07203
17925.4
17629.1
17674.3
17806.9
17876.3
17565.5
17705.7
17763.4
17515.3
17918.5
17646.3
17753.1
17804.8
17770.3
17663.3
17742.7
17643.9
17829.6
17822.6
17577.2
17740.3
17669.5
17780.8
17706.9
17514.6
17926.8
17810.9
17854.9
17717.6
17789.9
17749.7
17851.9
17764.1
17826.2
17702.8
17717.6
17825.7
17801.3
17832.7
17832.2
17623.1
17605.4
17798.8
17679.9
17800.7
17524
17889.2
17811.1
17838.7
17886.2
17643
17715.6
17833.6
17809.5
17704.9
17822.4
17579.2
17852.4
17763.6
17706.7
17503.9
17855
17472.9
17696.2
17641.9
17755.6
17725
17713.5
17741.8
17427.1
17640
17589.4
17788.4
17666.3
17758.9
17805.8
17408.9
17620.4
17841.8
17873.2
41215.3
40933
41250.2
41061.2
41514.1
41317.7
41153.3
41212.2
40772.6
41237.2
40993.3
41119.6
40990.8
41048.9
41235.2
40967
41100.3
41316.2
41231.5
40790.5
41253.1
41240.8
40876.5
40965.8
40752.9
41388.3
41038.2
41220.7
40994.2
41340.5
41123.6
40979.5
41402.5
41316.1
41233.8
40920.7
41086.2
41229
40954.8
41032
41134.9
41057.7
41384.6
41352.2
41370.1
40886.2
40929.1
41264.7
41225.5
41302
41090.4
40690
41156
41176.9
41235.2
40939.1
41191.5
41440.6
41281
41124.4
41106.2
40936.9
41019.7
41071
41328
40983.6
40899.3
41543.9
41027.4
40757.7
41080.2
40964.1
41339.8
40919.6
41280.1
41320.9
41076.5
40978.6
41148.3
41814.4
1
262144
1
2
136533
136533
3
1
80
5.30386
5.26591
5.31967
5.27351
5.25279
5.28145
5.26046
5.27209
5.29543
5.25685
5.26089
5.27131
5.27877
5.26714
5.29078
5.28298
5.26674
5.25679
5.2618
5.26377
5.30505
5.24972
5.27105
5.27168
5.25837
5.25448
5.24833
5.25286
5.29786
5.28313
5.28568
5.28122
5.25562
5.27155
5.27056
5.30173
5.3012
5.27111
5.24397
5.29741
5.29046
5.26038
5.25636
5.26853
5.26416
5.30699
5.32021
5.29607
5.28674
5.24985
5.26659
5.26567
5.26445
5.28169
5.27084
5.27784
5.29752
5.29605
5.2711
5.24423
5.28
5.26346
5.2764
5.33755
5.26957
5.33163
5.2917
5.26849
5.2679
5.27748
5.26085
5.29579
5.30562
5.29939
5.24315
5.24764
5.26497
5.25819
5.28423
5.26796
34141.4
34447.6
34044.7
34334.3
34586.8
34282.5
34503
34396.1
34198.9
34514.7
34632.9
34342.9
34501.2
34480.3
34274.2
34322
34476.4
34565.1
34601.5
34575.2
34203.7
34382.2
34367.2
34438.9
34536.5
34588.5
34609.1
34658.4
34252.6
34301.3
34405.6
34326
34554.7
34383.3
34675.1
34164
34143.2
34501.7
34625.8
34160
34279.2
34498.3
34589.5
34377.3
34504.7
34229.6
34082.8
34169.5
34410.5
34522.9
34484
34643.8
34588.5
34289.4
34466.9
34439.4
34304.7
34108.9
34421.7
34639.6
34272
34362.1
34412.3
33928.9
34338.8
33970.4
34328.9
34288
34414
34531.2
34427
34145.4
34283.6
34137.2
34573.8
34587.2
34364.6
34452.7
34237.8
34359.3
80395.4
81101.2
80738.6
80784.1
81045.5
80923.3
81077.5
81010.7
80874.7
80982.5
81170.4
80995.7
80736.9
80901
80622.4
80795.3
81184.6
81053.8
80841.4
81252.2
80638.6
81108.4
80858
80587.7
81224.3
81058.4
80869.7
81228.6
80656.8
80839.1
80942.2
80851.1
81157.8
80868.8
81009.6
80346.2
80261.2
81054.9
81010.9
80784.4
80485.1
81002.4
81204.6
81016.9
81084.2
80551.7
80320
80388.7
80656.2
81226.7
81264.3
81001.9
80805.5
80608.2
80900.3
80536.1
80786.7
80581.9
80900.3
81190
81052.5
81092.1
80997
80560.7
81175.6
80398.1
80892.1
81052.6
80695.7
80694.2
80733.2
80381.3
80798.6
80756.5
81394.9
81288.1
81094.5
81056.9
80751.8
80928.9
