2
16
16
1
3
2
16
16
1
5
200
10
8
10
9
11
9
9
7
7
8
11
8
11
8
10
10
10
10
9
8
8
11
9
10
11
10
8
10
10
9
11
8
11
9
11
8
9
10
8
13
10
10
10
10
10
8
10
10
11
10
12
7
8
11
11
10
10
6
11
9
9
11
9
11
9
12
9
9
8
11
9
7
11
11
9
9
10
13
8
11
9
11
11
9
10
7
9
11
10
9
9
11
10
9
11
9
10
9
8
7
10
9
8
9
9
10
8
9
9
10
9
9
9
8
9
11
10
10
10
10
9
9
10
12
11
8
9
10
10
6
11
7
11
10
7
11
9
9
9
11
8
9
11
7
7
10
7
9
7
9
9
9
12
8
10
9
9
10
10
11
10
12
7
10
8
11
8
9
8
9
12
11
10
8
9
11
10
11
10
9
10
10
12
9
9
9
10
8
7
7
12
12
9
7
7
12
11
9
11
10
2
32
32
1
3
2
32
32
1
5
200
15
20
15
21
14
18
18
17
18
19
18
20
20
20
17
16
18
20
21
17
19
18
20
18
21
21
17
17
19
18
21
17
23
17
21
17
19
17
17
22
19
17
19
17
18
16
18
17
20
19
20
21
22
22
19
17
17
20
16
17
17
19
17
19
18
22
16
18
14
17
17
19
19
15
18
16
19
21
20
18
20
17
19
18
15
16
20
17
20
19
19
15
18
16
19
20
17
19
24
16
18
16
16
16
15
18
18
21
19
16
19
21
19
19
19
20
18
20
18
20
17
18
20
20
18
15
18
18
17
21
21
18
20
18
18
21
16
18
17
18
22
19
20
17
18
19
16
16
18
19
22
21
20
18
21
17
17
16
15
19
19
20
20
20
21
17
19
22
19
18
19
16
16
18
17
22
19
21
15
20
18
16
20
22
16
21
17
20
16
16
19
20
19
14
19
14
18
18
19
17
2
64
64
1
3
2
64
64
1
5
200
39
31
36
35
33
36
37
40
39
37
33
33
34
35
38
32
38
32
36
34
30
32
36
36
35
39
37
36
35
34
38
36
37
39
36
35
36
35
35
33
32
37
37
37
32
38
40
38
37
33
35
39
37
37
35
41
34
34
36
40
36
35
36
37
36
35
35
38
35
37
34
36
34
38
31
35
35
33
30
37
37
34
39
33
37
39
37
36
36
34
38
40
38
38
39
35
37
37
38
38
40
36
39
39
40
34
37
36
40
35
32
37
36
38
33
33
34
32
33
37
37
32
39
36
31
32
35
37
42
39
34
37
39
40
32
33
40
33
31
35
36
38
34
34
44
35
36
35
34
35
40
38
37
36
35
32
40
32
35
31
40
37
36
38
41
33
36
39
37
36
38
37
33
31
30
36
39
35
30
36
38
34
34
36
30
36
36
33
37
36
35
35
37
35
37
36
31
33
34
34
2
128
128
1
3
2
128
128
1
5
200
65
62
69
74
68
62
66
66
70
74
75
70
70
71
63
72
68
73
72
67
73
72
67
62
70
69
69
72
71
64
69
71
69
70
76
66
70
68
73
72
71
76
73
71
72
64
67
67
73
75
67
76
71
67
72
70
75
74
69
71
74
77
68
67
71
64
68
70
75
70
70
65
72
76
70
68
65
73
68
66
71
66
70
69
69
72
68
69
71
76
66
71
68
76
68
76
72
70
61
66
70
71
67
68
71
65
74
76
71
68
77
63
72
56
69
75
72
72
68
72
70
66
70
67
68
74
73
68
69
62
70
66
70
68
66
72
73
66
65
68
74
66
72
70
67
65
65
70
67
70
71
74
69
69
66
69
71
62
73
73
67
62
72
73
63
66
70
65
78
70
67
70
66
66
64
67
67
72
66
69
78
67
70
70
67
67
65
71
71
65
75
70
79
66
69
68
74
67
71
74
2
256
256
1
3
2
256
256
1
5
200
131
146
144
135
134
129
138
141
138
145
133
143
145
139
138
146
138
146
139
131
129
140
141
132
136
129
134
139
139
133
138
141
135
137
137
142
136
140
130
145
135
146
138
138
143
140
137
144
142
135
137
138
137
139
129
145
131
132
138
137
138
135
140
138
135
140
137
130
128
133
134
141
146
140
143
137
134
152
130
145
138
130
135
138
130
135
130
140
140
131
130
135
141
136
140
130
140
132
139
125
147
139
133
138
147
140
146
143
139
128
140
137
134
138
140
141
144
137
141
132
140
138
141
129
125
135
132
130
140
141
135
142
145
134
128
134
141
149
143
142
137
141
131
142
133
131
140
143
135
145
132
144
138
134
136
132
132
135
134
132
141
144
134
131
139
129
134
133
142
137
130
134
139
139
136
157
144
137
133
133
142
131
122
135
139
145
133
137
130
134
143
127
134
134
138
135
131
136
136
137
2
512
512
1
3
2
512
512
1
5
200
271
265
262
253
255
267
271
266
276
279
263
270
279
270
274
270
272
279
269
275
277
260
260
275
271
266
282
276
272
288
265
263
260
277
268
285
278
270
282
282
271
279
253
260
261
269
285
272
275
281
280
281
271
271
268
281
258
273
267
276
275
275
253
283
274
264
284
283
271
276
278
268
275
265
284
284
271
280
274
270
272
273
269
267
278
272
272
277
276
283
277
281
278
282
276
257
266
267
274
262
264
276
276
274
254
267
280
267
270
269
283
264
290
262
259
271
270
266
273
269
278
281
262
262
264
285
275
277
273
265
262
263
266
282
254
247
273
254
256
261
274
275
271
269
275
280
271
267
267
256
266
257
268
266
272
260
263
262
273
273
266
283
285
278
270
287
277
275
250
268
283
265
281
266
285
272
256
279
257
268
262
267
256
266
268
264
271
269
267
249
282
255
284
268
276
278
290
265
273
265
2
1024
1024
1
3
2
1024
1024
1
5
200
514
529
533
528
525
549
542
525
549
530
536
543
526
534
539
529
536
545
534
543
521
522
514
540
543
542
544
519
538
508
540
532
534
537
526
539
544
523
548
541
532
535
543
509
555
536
544
537
544
516
527
554
519
547
529
551
540
540
526
524
535
524
532
535
546
536
542
544
540
537
523
534
538
530
533
534
555
540
532
545
555
518
561
548
545
540
535
539
539
539
520
528
534
530
538
542
539
505
537
524
527
547
532
548
531
532
543
549
545
521
550
533
542
530
544
549
532
538
529
529
533
521
532
538
538
528
530
543
536
544
521
523
531
542
535
554
544
538
525
546
536
556
539
538
543
536
547
534
528
510
550
527
534
552
527
535
541
544
556
545
539
525
515
544
554
554
527
526
541
550
530
552
542
540
528
556
547
516
550
541
511
550
546
536
534
545
519
552
531
564
548
542
543
540
525
548
544
539
516
527
2
2048
2048
1
3
2
2048
2048
1
5
200
1100
1087
1051
1061
1059
1040
1058
1066
1053
1043
1049
1070
1069
1061
1084
1024
1089
1070
1081
1105
1022
1057
1087
1071
1040
1074
1052
1057
1075
1064
1052
1036
1027
1076
1072
1038
1063
1075
1055
1078
1076
1085
1064
1074
1041
1068
1071
1082
1062
1081
1041
1034
1033
1068
1057
1065
1057
1083
1067
1066
1056
1068
1077
1069
1038
1068
1077
1060
1061
1068
1063
1085
1067
1063
1082
1049
1031
1082
1026
1039
1041
1056
1057
1092
1054
1048
1098
1081
1070
1060
1086
1042
1060
1095
1053
1057
1075
1052
1073
1070
1059
1101
1049
1083
1041
1072
1073
1075
1106
1072
1031
1042
1065
1039
1047
1073
1099
1046
1038
1071
1055
1086
1058
1074
1083
1097
1055
1079
1034
1056
1065
1067
1057
1066
1028
1063
1064
1069
1056
1060
1077
1063
1041
1057
1066
1092
1057
1071
1078
1075
1067
1083
1058
1063
1069
1090
1054
1058
1091
1074
1046
1084
1080
1080
1058
1056
1094
1098
1081
1048
1066
1079
1065
1053
1075
1060
1079
1031
1070
1074
1064
1084
1044
1087
1086
1055
1052
1098
1068
1044
1071
1074
1047
1086
1065
1057
1051
1049
1049
1072
2
4096
4096
1
3
2
4096
4096
1
5
200
2170
2085
2144
2158
2122
2099
2108
2108
2147
2141
2117
2138
2150
2149
2125
2058
2153
2135
2101
2109
2158
2119
2143
2112
2082
2129
2137
2092
2167
2143
2138
2126
2125
2148
2135
2101
2114
2159
2089
2108
2142
2125
2165
2120
2136
2126
2130
2101
2120
2152
2111
2106
2126
2105
2128
2167
2134
2122
2117
2165
2131
2122
2087
2130
2131
2150
2154
2137
2087
2099
2151
2137
2112
2149
2144
2114
2138
2092
2133
2144
2099
2190
2185
2157
2118
2136
2129
2107
2178
2119
2123
2138
2115
2088
2097
2150
2136
2128
2122
2173
2090
2168
2100
2130
2121
2086
2158
2110
2121
2141
2127
2140
2072
2118
2136
2149
2107
2105
2158
2144
2119
2134
2111
2096
2112
2098
2124
2095
2117
2137
2096
2112
2096
2135
2148
2118
2103
2118
2096
2138
2144
2120
2084
2124
2097
2061
2121
2128
2111
2170
2131
2133
2167
2096
2072
2117
2125
2117
2119
2107
2144
2070
2109
2147
2063
2167
2181
2171
2110
2097
2119
2122
2120
2171
2100
2123
2119
2081
2116
2135
2161
2186
2121
2112
2093
2126
2139
2117
2118
2164
2134
2119
2094
2148
2129
2190
2125
2132
2134
2146
2
8192
8192
1
3
2
8192
8192
1
5
200
4199
4207
4223
4259
4237
4191
4219
4232
4294
4249
4271
4256
4198
4217
4248
4162
4252
4235
4238
4212
4229
4217
4248
4185
4303
4264
4244
4214
4266
4187
4242
4178
4192
4184
4217
4296
4173
4220
4251
4207
4156
4267
4288
4202
4197
4223
4250
4225
4264
4219
4218
4273
4220
4244
4210
4236
4220
4221
4195
4259
4221
4220
4277
4197
4212
4209
4254
4265
4203
4240
4259
4231
4160
4255
4208
4196
4275
4198
4212
4238
4245
4156
4176
4299
4290
4206
4239
4236
4282
4227
4222
4279
4282
4306
4274
4293
4244
4232
4269
4179
4233
4271
4227
4167
4279
4248
4234
4266
4218
4202
4212
4225
4253
4246
4184
4242
4284
4205
4180
4232
4191
4189
4255
4238
4161
4232
4263
4299
4194
4251
4200
4194
4312
4274
4216
4253
4194
4190
4227
4240
4257
4224
4222
4238
4210
4239
4171
4226
4280
4265
4223
4242
4217
4250
4262
4234
4254
4212
4194
4221
4235
4259
4223
4232
4209
4223
4248
4246
4263
4162
4230
4167
4236
4207
4208
4223
4230
4259
4199
4302
4226
4232
4235
4205
4227
4249
4221
4293
4256
4241
4245
4201
4216
4225
4256
4251
4269
4232
4237
4280
2
16384
16384
1
3
2
16384
16384
1
5
200
8470
8523
8477
8447
8453
8496
8432
8439
8426
8443
8403
8518
8437
8449
8398
8461
8407
8450
8467
8504
8384
8441
8444
8444
8448
8514
8554
8487
8447
8375
8446
8445
8428
8485
8562
8481
8429
8468
8425
8474
8436
8460
8465
8528
8487
8517
8446
8410
8509
8477
8480
8417
8471
8400
8414
8340
8471
8385
8312
8465
8374
8484
8437
8452
8522
8489
8409
8461
8449
8444
8457
8414
8422
8461
8516
8515
8462
8448
8503
8497
8461
8509
8377
8524
8398
8464
8402
8386
8465
8423
8510
8411
8589
8450
8434
8422
8437
8448
8464
8416
8348
8424
8423
8454
8387
8497
8488
8599
8454
8494
8382
8456
8428
8342
8401
8461
8496
8534
8446
8420
8462
8407
8393
8410
8460
8360
8399
8423
8504
8443
8481
8345
8391
8370
8352
8395
8300
8499
8329
8444
8449
8449
8356
8413
8551
8374
8398
8479
8551
8433
8472
8454
8491
8326
8396
8431
8461
8500
8550
8442
8409
8440
8472
8409
8454
8451
8341
8477
8319
8516
8431
8450
8417
8545
8469
8538
8393
8419
8430
8335
8428
8365
8396
8399
8454
8484
8542
8552
8464
8447
8369
8393
8493
8504
8539
8505
8350
8419
8463
8519
2
32768
32768
1
3
2
32768
32768
1
5
200
16840
16905
16847
16857
16777
16945
16835
16848
16950
16846
16858
16925
16806
16855
16747
16817
16983
17019
16766
16963
16906
16862
16887
16886
16946
16938
16964
16939
16935
16879
16749
16715
16825
16723
16970
16727
16941
16853
16907
16787
16818
16986
16897
16891
16875
16797
16767
16915
16934
17031
16940
16866
16861
16820
16799
16895
16917
16856
16901
17058
16802
16862
16736
16800
16989
16909
16708
16917
16781
16777
16825
16909
16994
16828
16850
16723
16744
16944
16800
16758
16814
16993
16890
16875
16768
16821
16851
16840
16871
16889
16909
16728
16828
16999
16854
16811
16864
16921
16877
16947
16864
16856
16693
16656
16865
16940
16857
16817
16882
16851
16824
16943
16827
16719
16855
16919
16752
16803
16761
16789
16786
16888
16872
17000
16816
16808
16864
16943
16831
16787
16956
16776
16855
16772
16725
16826
16783
16809
16832
16865
16800
16810
16768
16765
16921
16789
16762
16888
16699
16933
16934
16789
16793
16899
17052
16721
16879
16830
16904
16825
16734
16786
16777
16829
16946
16856
16891
16870
16986
16810
16699
16901
16777
16942
16841
16805
16903
16709
16885
16677
16781
16794
16853
16952
16793
16839
16933
16852
16794
16825
16729
16841
16896
17005
16980
16798
16953
16843
16858
16845
2
65536
65536
1
3
2
65536
65536
1
5
200
33631
33621
33595
33515
33674
33474
33543
33645
33848
33631
33776
33625
33801
33593
33469
33632
33889
33505
33771
33731
33568
33814
33585
33709
33747
33857
33611
33877
33560
33806
33516
33709
33639
33663
33924
33672
33670
33599
33643
33520
33435
33817
33538
33827
33461
33489
33289
33457
33549
33704
33508
33532
33656
33439
33493
33623
33652
33741
33669
33665
33499
33857
33610
33670
33683
33706
33839
33683
33979
33648
33859
33567
33817
33637
33351
33665
33786
33516
33535
33404
33532
33652
33628
33966
33976
33835
33670
33588
33803
33850
33577
33644
33759
33825
33615
33508
33317
33705
33721
33717
33620
33665
33706
33572
33495
33871
33894
33697
33699
33712
33631
33562
33401
33334
33658
33545
33805
33607
33709
33494
33576
33794
33657
33665
33691
33707
33674
33544
33881
33596
33607
33605
33525
33624
33805
33525
33800
33674
33722
33525
33580
33748
33716
33555
33322
33590
33352
33654
33519
33692
33716
33544
33315
33480
33531
33720
33808
33603
33627
33887
33481
33429
33528
33433
33899
33737
33523
33776
33512
33609
33635
33720
33795
33589
33591
33589
33539
33512
33661
33585
33709
33659
33707
33770
33727
33653
33369
33806
33621
33661
33564
33582
33624
33830
33736
33649
33749
33704
33810
33462
2
131072
131072
1
3
2
131072
131072
1
5
200
67466
67290
67224
67299
67233
67059
66876
67147
67360
67529
67427
67569
66850
67698
66969
66904
67229
67286
67006
66860
67031
66907
66821
67168
67330
67391
67286
67280
67082
67184
66758
66980
66962
67498
67125
67315
67165
67259
67284
66504
66997
66839
67282
67363
67185
67078
67079
67323
67277
67282
67294
67201
67110
67017
67016
67430
66815
67319
67158
67143
66987
67119
67381
66736
67337
66998
67274
67391
67141
66958
67227
66879
67616
67331
67227
66948
67070
66884
66806
66471
67757
67396
66841
67346
67435
67294
67052
66756
66951
67467
67365
67271
67405
67299
66939
66836
67289
67373
66847
67233
67181
67182
66986
66766
66903
67100
66962
67641
66967
67486
67129
66906
67398
66929
66853
67217
67104
66840
66823
67224
67568
67415
67278
67230
67425
67180
67358
67195
67138
66955
67001
67205
66982
66955
67179
67202
67400
67123
66964
67044
67064
67224
67041
67435
67125
67618
67333
67257
66966
67463
66641
66935
66872
67324
67354
67195
67032
67323
67344
67035
67453
67376
66928
67184
67314
67421
66948
67266
67446
67320
67482
66795
67203
66793
67052
66803
67591
67513
67391
67291
67237
66976
66939
67181
67318
67295
67306
67065
66995
67173
67152
66727
67173
67267
66793
66966
66980
66847
67076
66655
2
262144
262144
1
3
2
262144
262144
1
5
200
134634
134566
134284
134152
134214
133979
133577
134005
134438
134570
134137
134291
134379
133976
134046
134204
134724
134190
134406
134732
133741
133817
133796
133763
134566
134181
134099
134199
134263
133781
133690
134058
134438
134336
134185
134453
134069
133676
133657
133793
134211
134700
134215
134274
133985
134133
134442
134064
134604
134435
134311
134253
133503
133525
134356
133259
134231
134495
133808
133957
134055
134375
133969
133512
134330
134456
134624
133648
134407
134510
134089
134557
134266
134885
134527
134000
133731
133579
133568
134286
134112
134863
134251
134345
133758
134057
134756
134272
134162
134229
134284
134073
134272
134302
133829
134201
133935
133862
134340
134236
133885
134027
133855
134705
134407
135084
134002
134454
134097
133909
134147
134079
134375
134008
134857
134378
134243
134036
134288
134056
133676
132920
134181
134361
134762
134218
133273
133773
134371
133891
134326
134288
134013
134113
133638
134241
133619
134151
134618
134229
134510
133645
134305
133855
133877
133912
134433
134338
134038
134209
134360
133842
133449
134283
134486
134540
134356
133510
133752
133583
133901
133644
134361
133767
134186
133962
133672
134115
133801
134613
134535
134490
134149
133857
133940
133933
133521
133631
134651
133885
134058
134192
133946
134061
133331
133545
134080
133919
134057
134275
134312
133875
134117
133730
134594
134750
134406
134206
133514
133419
