2
16
16
1
3
2
16
16
1
5
200
12
6
9
9
10
8
9
10
9
8
10
8
12
10
9
9
9
8
9
8
11
9
11
9
11
9
12
7
9
7
10
9
11
8
8
10
12
9
9
10
13
10
9
10
9
11
11
11
9
8
9
8
10
10
8
12
12
9
7
10
8
11
10
11
11
8
9
10
10
7
12
7
9
12
10
11
8
12
12
7
10
10
10
7
9
6
9
11
9
7
8
10
9
9
11
9
11
10
11
7
11
8
10
10
9
11
10
9
11
11
7
7
10
12
10
9
11
9
10
9
10
8
8
10
10
10
10
10
9
9
8
10
7
8
9
10
8
7
11
9
9
10
9
10
9
11
7
10
10
11
8
9
11
9
10
9
12
8
9
12
9
9
9
9
7
8
11
7
8
9
8
12
8
11
10
13
11
8
10
8
9
9
9
9
10
9
11
10
10
10
9
7
10
10
10
11
8
13
11
11
2
32
32
1
3
2
32
32
1
5
200
21
21
21
21
19
18
16
18
19
18
21
18
17
20
18
17
17
19
19
19
19
17
19
16
22
19
21
19
17
18
21
14
20
17
16
21
15
17
17
20
16
17
18
20
16
21
17
11
16
18
19
18
20
19
16
19
15
20
21
20
20
22
13
21
11
16
21
18
17
20
19
19
20
17
16
21
20
21
21
16
20
19
18
17
21
18
21
20
14
18
20
19
20
19
17
20
18
19
18
19
20
18
18
16
17
19
22
18
17
20
16
20
17
17
20
17
16
21
21
22
18
17
17
17
19
20
17
20
20
19
18
18
18
18
16
19
19
19
19
19
17
21
16
18
18
16
17
15
21
18
17
19
15
18
15
19
23
17
18
19
19
21
18
15
18
17
16
17
14
18
18
20
18
17
20
17
18
20
17
19
19
15
16
19
16
13
17
18
17
17
17
19
17
18
18
19
20
16
21
22
2
64
64
1
3
2
64
64
1
5
200
29
31
34
37
35
32
38
34
34
36
34
38
43
35
37
33
27
36
36
32
35
34
33
33
33
33
36
37
35
39
34
38
42
31
33
33
38
36
35
33
39
36
36
37
34
33
34
39
35
33
36
33
33
35
32
34
40
35
38
35
38
30
35
38
34
32
35
34
35
37
38
32
35
35
33
36
33
38
37
35
34
38
36
40
37
35
38
36
38
32
36
38
35
32
33
35
31
37
31
31
38
39
37
37
36
36
32
35
38
39
36
36
34
40
35
35
33
36
34
38
36
36
34
34
36
41
36
31
32
34
33
35
36
31
34
33
39
37
37
36
39
33
36
38
37
34
32
35
38
38
37
33
34
36
37
37
37
36
33
33
33
38
40
38
40
33
38
36
31
35
41
38
37
36
37
35
35
34
33
38
31
40
33
33
34
36
37
32
39
40
37
35
39
37
31
32
30
32
36
32
2
128
128
1
3
2
128
128
1
5
200
71
73
67
72
74
72
70
69
60
66
68
69
72
67
69
71
70
72
68
63
73
65
69
68
62
64
68
72
69
75
73
73
69
63
65
61
64
63
72
76
70
77
65
66
71
64
76
67
66
74
75
66
67
71
70
64
69
75
74
74
69
75
67
66
76
76
73
69
70
68
72
73
81
60
69
74
74
76
75
68
69
67
70
75
68
67
73
74
66
71
78
69
72
60
72
69
67
64
60
68
64
68
67
68
71
73
75
70
75
68
73
74
70
66
60
65
72
70
70
72
69
69
78
65
66
75
69
68
66
76
71
64
74
71
78
70
67
61
74
69
70
73
71
70
71
65
73
69
64
68
73
74
66
68
67
74
69
70
66
64
58
65
63
76
62
65
68
69
69
74
70
69
68
64
71
72
67
65
67
68
68
69
66
68
67
70
63
74
68
70
77
72
66
64
72
70
73
69
68
75
2
256
256
1
3
2
256
256
1
5
200
143
144
142
140
131
140
139
138
126
133
131
138
144
146
137
130
135
141
124
145
124
130
136
123
130
148
142
142
125
145
138
132
139
146
134
141
137
138
135
138
140
136
140
142
127
137
139
129
135
137
144
134
138
137
123
135
137
136
145
145
144
131
141
143
140
132
141
134
144
134
136
136
141
125
138
140
139
139
138
136
150
140
130
126
139
136
135
119
130
132
140
141
139
133
136
133
138
131
132
137
134
144
138
131
142
137
144
137
145
138
147
132
127
132
133
132
142
132
135
137
134
152
133
137
144
136
137
138
128
133
142
153
143
136
133
124
139
135
136
142
130
136
140
134
135
133
144
143
136
142
137
144
131
138
137
131
139
125
131
140
132
135
128
141
140
132
142
132
142
125
139
143
136
141
129
143
135
137
134
134
137
149
125
134
149
152
141
137
124
134
132
138
134
141
130
130
141
142
139
139
2
512
512
1
3
2
512
512
1
5
200
277
271
254
263
251
263
289
283
268
281
267
273
278
266
268
259
272
280
282
262
271
286
272
265
261
283
255
269
285
259
267
276
258
288
273
265
267
272
263
259
269
271
264
265
276
265
276
281
256
268
285
260
269
270
266
268
277
267
273
265
261
274
276
272
266
259
270
277
282
271
259
264
271
284
277
262
269
264
271
270
265
264
275
271
259
278
279
282
259
284
271
267
271
268
272
271
271
267
275
272
280
278
288
260
268
272
266
268
269
265
264
274
268
277
261
262
265
276
258
259
276
272
276
262
273
275
256
261
287
269
248
274
261
280
267
254
278
274
281
258
263
265
262
259
263
264
270
277
272
274
267
273
281
275
254
272
259
257
267
259
283
274
258
268
270
269
271
263
264
280
274
276
264
266
265
263
267
286
264
259
261
279
272
276
266
263
264
266
265
275
265
267
270
269
281
266
278
274
267
263
2
1024
1024
1
3
2
1024
1024
1
5
200
535
524
544
537
541
539
523
546
539
553
561
532
533
535
542
547
564
530
549
549
526
523
557
523
544
535
541
513
535
538
532
544
531
537
551
539
534
559
519
528
528
555
527
522
525
534
528
538
534
543
528
516
545
543
530
522
532
544
552
533
531
545
538
533
541
550
536
545
527
533
538
538
538
528
526
556
538
536
530
548
523
549
547
526
516
544
536
543
546
524
538
534
531
540
541
543
530
538
565
540
530
526
533
556
537
508
549
524
530
548
542
551
537
547
537
546
540
552
539
530
533
543
532
533
523
512
536
538
544
540
537
549
530
538
546
523
536
521
529
546
547
545
539
535
566
556
534
533
512
532
521
526
537
546
525
532
529
532
539
546
544
552
503
528
551
536
539
546
548
533
534
554
529
533
535
542
563
530
556
518
522
517
523
525
542
537
557
553
539
537
526
520
530
525
528
530
539
523
535
542
2
2048
2048
1
3
2
2048
2048
1
5
200
1063
1059
1058
1072
1084
1077
1056
1071
1047
1083
1042
1097
1067
1060
1060
1071
1072
1079
1041
1063
1049
1098
1064
1054
1061
1086
1071
1051
1078
1093
1084
1049
1080
1075
1056
1077
1058
1076
1044
1071
1053
1076
1079
1082
1049
1113
1068
1082
1077
1069
1058
1070
1077
1059
1038
1086
1089
1074
1059
1076
1064
1071
1060
1045
1067
1077
1073
1084
1060
1079
1083
1095
1052
1069
1034
1074
1067
1062
1063
1057
1064
1082
1073
1049
1041
1067
1071
1058
1032
1070
1100
1094
1070
1067
1069
1039
1072
1063
1048
1060
1047
1064
1041
1055
1065
1087
1075
1067
1031
1055
1074
1063
1073
1077
1034
1066
1063
1049
1083
1058
1066
1048
1085
1058
1065
1074
1050
1073
1054
1040
1069
1082
1071
1058
1069
1069
1070
1057
1069
1044
1061
1056
1049
1053
1054
1088
1042
1062
1080
1087
1071
1057
1067
1072
1059
1065
1098
1074
1083
1055
1033
1073
1097
1061
1072
1050
1058
1043
1082
1063
1042
1078
1068
1076
1091
1104
1064
1085
1057
1075
1081
1059
1078
1097
1055
1095
1081
1047
1055
1064
1066
1073
1064
1096
1046
1080
1076
1080
1061
1066
2
4096
4096
1
3
2
4096
4096
1
5
200
2147
2155
2148
2128
2129
2132
2117
2108
2151
2103
2138
2161
2083
2131
2118
2128
2131
2136
2091
2164
2122
2140
2125
2128
2124
2143
2131
2115
2065
2109
2155
2152
2173
2105
2125
2165
2138
2120
2095
2215
2146
2089
2119
2152
2172
2107
2160
2140
2131
2115
2117
2152
2116
2161
2117
2140
2142
2119
2099
2141
2148
2127
2121
2121
2121
2166
2129
2104
2119
2138
2147
2148
2120
2138
2109
2122
2120
2114
2124
2120
2152
2073
2129
2114
2129
2106
2142
2136
2116
2145
2135
2129
2119
2166
2091
2120
2111
2127
2126
2117
2116
2079
2144
2168
2161
2177
2099
2162
2125
2147
2141
2163
2083
2162
2105
2140
2059
2155
2149
2077
2115
2129
2134
2126
2095
2121
2128
2072
2132
2063
2130
2122
2094
2104
2125
2125
2109
2130
2157
2139
2074
2154
2100
2066
2120
2139
2092
2127
2131
2102
2155
2131
2081
2119
2131
2152
2168
2085
2156
2180
2116
2098
2134
2165
2115
2120
2136
2123
2143
2112
2068
2155
2163
2115
2130
2133
2154
2158
2083
2120
2128
2137
2131
2125
2132
2077
2115
2140
2106
2115
2137
2140
2118
2115
2098
2095
2152
2146
2122
2099
2
8192
8192
1
3
2
8192
8192
1
5
200
4294
4247
4300
4218
4184
4232
4251
4321
4245
4267
4212
4246
4214
4188
4188
4215
4270
4257
4246
4239
4283
4262
4207
4236
4254
4216
4240
4227
4291
4252
4163
4247
4217
4240
4203
4266
4227
4268
4231
4218
4243
4221
4253
4205
4198
4202
4171
4210
4247
4221
4259
4171
4222
4250
4294
4236
4297
4154
4276
4250
4267
4232
4240
4194
4256
4202
4252
4206
4199
4234
4232
4226
4297
4265
4225
4269
4202
4227
4211
4226
4253
4252
4283
4182
4207
4274
4184
4286
4263
4234
4235
4207
4271
4255
4218
4244
4276
4306
4180
4253
4241
4164
4271
4248
4283
4177
4230
4211
4223
4229
4233
4175
4195
4272
4245
4329
4245
4209
4215
4252
4265
4146
4199
4271
4246
4204
4191
4222
4251
4240
4216
4212
4156
4225
4315
4301
4212
4174
4201
4213
4209
4260
4310
4223
4249
4232
4266
4220
4203
4207
4241
4283
4227
4241
4198
4205
4259
4259
4175
4192
4215
4239
4228
4229
4285
4259
4283
4140
4242
4229
4309
4181
4180
4234
4242
4287
4241
4239
4218
4227
4237
4232
4187
4279
4186
4238
4249
4234
4215
4253
4185
4215
4263
4299
4217
4307
4208
4255
4232
4205
2
16384
16384
1
3
2
16384
16384
1
5
200
8475
8411
8425
8423
8341
8387
8362
8337
8542
8489
8501
8399
8505
8435
8396
8441
8421
8504
8422
8508
8363
8522
8423
8411
8489
8537
8429
8449
8484
8438
8483
8297
8414
8559
8536
8432
8411
8411
8487
8368
8451
8518
8511
8506
8430
8426
8414
8461
8428
8495
8434
8474
8408
8450
8494
8342
8412
8542
8508
8437
8425
8451
8413
8453
8457
8355
8409
8537
8465
8450
8414
8500
8433
8423
8506
8468
8429
8399
8397
8484
8346
8494
8460
8422
8399
8505
8509
8338
8406
8461
8505
8355
8444
8318
8518
8551
8461
8440
8436
8468
8425
8388
8431
8520
8401
8403
8504
8397
8350
8481
8474
8390
8477
8468
8459
8365
8486
8549
8517
8411
8360
8401
8481
8420
8443
8504
8509
8437
8354
8405
8445
8458
8435
8394
8504
8424
8423
8487
8448
8407
8545
8485
8431
8412
8385
8497
8441
8350
8594
8521
8410
8335
8343
8453
8434
8602
8533
8462
8476
8451
8434
8490
8440
8493
8472
8480
8509
8434
8516
8404
8410
8440
8386
8401
8417
8494
8432
8441
8354
8457
8485
8462
8572
8438
8405
8479
8340
8349
8478
8465
8456
8446
8369
8500
8417
8569
8481
8502
8493
8402
2
32768
32768
1
3
2
32768
32768
1
5
200
16930
16866
16932
16811
16821
16706
16716
16745
16920
16945
16872
16735
16813
16702
16840
16852
16883
16820
17049
16955
16799
16721
16814
16819
16885
16806
16833
16888
16905
16850
16876
16804
16911
16911
16881
16886
16797
16903
16711
16670
16870
16908
16819
16892
16746
16945
16747
16977
16873
16764
16916
16873
16890
16753
16814
16791
16872
16836
16886
16933
16754
16741
16789
16612
16876
16897
16924
16741
16922
16755
16847
16694
16829
16881
16871
16904
17022
16788
16846
16802
16834
16841
16878
16867
16838
16946
16759
16769
16906
16910
16908
16974
16804
16899
16668
16793
16728
16804
16927
16877
16817
16977
16769
16821
17128
16869
16782
16840
16854
16917
16773
16849
16872
16875
16966
16982
16992
16908
16787
16888
16996
16763
16819
16866
16826
16821
16641
16644
16905
16924
16808
16865
16864
16903
16703
16764
16872
16722
16798
16891
17002
16714
16814
16821
16921
16872
16821
16877
16905
16839
16913
16926
16911
16900
16871
16935
16893
16831
16782
16848
17048
16794
16907
16883
16686
16913
16900
16674
16790
16722
16881
16807
16822
16934
16724
16979
16780
16855
16842
16807
16643
16752
16909
16936
16823
16849
16845
16691
16931
16862
16864
16774
16958
16920
16891
16822
16800
16734
16891
16801
2
65536
65536
1
3
2
65536
65536
1
5
200
33776
33648
33596
33524
33570
33732
33481
33451
33694
33744
33565
33634
33639
33648
33529
33759
33580
33618
33659
33795
33735
33706
33314
33621
33890
33679
33905
33653
33847
33622
33609
33546
33893
33790
33778
33739
33862
33603
33453
33476
33819
33820
33627
33711
33457
33816
33810
33609
33845
33556
33643
33688
33679
33529
33583
33661
33617
33673
33654
33622
33487
33509
33649
33265
33658
33627
33880
33634
33683
33617
33845
33310
33628
33566
33804
33640
33729
33557
33488
33712
33691
33588
33519
33611
33656
33638
33276
33708
33568
33751
33743
33789
33772
33443
33356
33532
33428
33649
33710
33436
33593
33465
33801
33570
33555
33752
33651
33962
33628
33688
33439
33318
33609
33874
33508
33778
33897
33455
33959
33448
33350
33518
33714
33472
33626
33388
33757
33747
33411
33672
33316
33898
33498
33708
33793
33767
33573
33691
33653
33672
33699
33768
33758
33552
33620
33931
33922
33935
33524
33575
33518
33430
33359
33311
33851
33791
33802
33605
33785
33425
33776
33832
33441
33568
33852
33682
33613
33280
33405
33701
33768
33721
33899
33596
33730
33409
33670
33586
33696
33654
33543
33522
33602
33380
33644
33574
33509
33688
33704
33563
33483
33785
33661
33440
33662
33692
33649
33644
33671
33581
2
131072
131072
1
3
2
131072
131072
1
5
200
67325
67220
67242
67146
67236
67206
67063
67067
67241
67515
67224
66842
66979
66738
67032
66808
67496
67216
67214
66970
67238
66875
67007
67160
67292
67182
67507
67175
67369
67212
66706
67109
67017
67507
66879
67068
67122
67157
67181
67054
67587
67458
67306
67032
67150
67005
67084
66705
67217
67377
67049
67166
67114
67037
66849
67377
67375
67106
66938
67274
66979
66992
67020
66676
67440
67249
67343
66989
67309
67360
67126
67369
67235
67429
67356
67157
66913
66940
67023
67068
67447
67417
67324
67152
66899
66893
67137
67279
67253
66997
66973
67218
67271
67021
67253
67085
67468
67248
67208
67143
66966
67103
66940
66857
67470
67321
67147
67284
67045
66803
67126
66841
67535
67163
67302
67376
66808
66997
67160
67138
67421
66960
67170
67208
67179
67414
67160
66762
67456
67586
67294
67208
67159
66914
66968
67256
67432
67521
66882
67149
66920
67457
67029
66889
67400
67111
67564
67449
66972
66958
67489
67278
67372
67457
67150
67163
67207
67260
67138
66853
67386
67403
67492
67256
67220
67563
67308
67377
67393
66978
67503
67053
67219
67316
67004
67155
67455
67599
67460
67194
67341
66850
67279
67031
67226
67305
67057
67336
66955
67342
67191
66940
67032
67021
67033
67340
67335
67156
67531
67270
2
262144
262144
1
3
2
262144
262144
1
5
200
134796
134453
134636
134381
134369
134440
133561
133689
134382
134188
134156
134621
134330
133936
133480
133793
134730
134371
134160
134085
134072
133602
133926
133660
134233
134505
134096
133825
133560
134187
133767
133547
134359
133848
133909
134466
134461
133798
133801
134191
134578
134556
134409
134063
133805
133962
134610
133836
133257
134115
134049
134022
133771
134194
133807
133589
134622
134130
134168
134023
134175
134195
134181
133832
134305
134079
134135
134043
133692
133937
134168
133790
134138
134119
134477
134071
134023
134077
133667
133502
134300
134057
135210
134087
134316
134098
133577
133925
134581
134330
134549
134522
134775
134241
134164
134519
134587
134324
133914
134306
133992
134472
134351
134559
134241
134293
134153
134121
134062
134410
133949
134179
134461
133980
134240
133955
134208
133512
133934
133796
134865
134390
134516
134607
133796
134152
134223
133720
134413
134190
134275
134058
134108
133581
133711
133434
134531
133864
133828
134314
133440
134022
133920
133611
134384
134188
134647
134645
134170
133533
133774
133597
134548
134342
134593
133713
133809
134117
134585
133645
134518
134266
134016
134689
134397
134390
133954
134107
134721
134344
134180
134298
134053
133500
133648
133836
134592
134414
134586
133649
133953
134133
134032
132878
134533
134587
134080
134119
134295
134158
134458
133717
134583
134590
134345
133896
134052
134096
134000
133604
