2
16
16
1
3
2
16
16
1
5
200
12
9
8
8
10
10
12
11
8
8
12
8
11
11
8
9
10
9
10
9
8
10
8
10
10
11
9
8
11
8
9
10
9
10
9
9
9
10
9
11
12
11
9
9
8
10
11
10
11
10
10
9
12
9
7
9
10
11
12
10
11
10
11
7
8
9
10
13
10
9
10
9
8
11
10
10
10
6
9
10
9
10
8
10
9
11
7
10
12
8
9
10
8
8
12
9
10
7
10
8
9
9
10
11
9
7
9
11
9
10
12
10
9
10
10
11
9
8
9
10
8
8
9
7
11
8
8
9
9
7
11
9
10
10
11
9
10
9
10
10
9
8
10
10
9
12
8
8
8
9
10
11
10
9
9
9
11
9
10
10
8
8
12
9
9
6
8
12
11
8
11
9
9
9
10
10
11
12
9
10
11
8
10
10
10
9
9
11
10
8
7
12
10
8
10
8
10
11
9
9
2
32
32
1
3
2
32
32
1
5
200
17
19
17
19
17
18
21
18
20
16
18
20
19
18
20
24
18
18
21
18
17
21
16
15
19
20
17
19
18
19
17
21
16
18
17
18
18
17
14
17
21
20
21
17
17
21
18
17
17
20
17
19
20
19
19
22
15
15
15
18
18
18
18
19
21
18
18
16
14
18
17
17
16
15
16
17
19
20
22
20
22
16
19
18
18
23
15
18
15
19
17
20
19
16
18
16
19
21
20
18
18
19
17
16
18
17
16
22
20
15
18
21
18
21
18
19
17
17
20
18
18
20
23
14
21
22
16
19
19
20
19
19
18
19
17
15
18
18
18
18
20
18
17
16
18
20
17
17
17
19
17
18
17
15
16
15
22
21
16
19
18
18
17
21
19
15
19
16
21
20
17
18
17
21
16
20
20
18
16
21
18
17
18
16
18
21
19
18
21
18
18
18
17
18
19
23
16
18
17
17
2
64
64
1
3
2
64
64
1
5
200
36
36
35
34
34
32
29
33
37
35
41
37
36
36
35
34
36
35
42
35
38
37
35
37
38
34
33
37
36
35
37
35
33
36
37
38
37
35
40
35
32
36
40
34
34
35
39
36
38
39
32
34
36
38
39
40
34
42
40
34
36
30
32
35
31
35
38
37
36
33
38
35
38
31
36
35
34
29
35
31
35
31
36
35
33
37
35
39
34
37
39
34
35
34
36
40
37
39
34
36
33
35
33
38
40
31
40
35
37
36
36
34
34
34
38
31
40
37
36
38
31
38
34
39
30
36
39
37
34
35
36
38
37
29
39
36
36
40
38
32
39
36
36
38
40
36
31
30
32
37
38
36
37
30
28
36
33
33
40
32
36
31
32
32
30
35
36
32
34
32
37
35
38
38
38
34
36
39
36
34
34
40
38
37
33
35
34
36
34
37
35
32
38
40
38
35
33
41
34
35
2
128
128
1
3
2
128
128
1
5
200
70
74
72
72
64
70
71
68
74
69
69
70
69
66
59
60
69
73
70
66
72
75
72
72
70
69
69
64
71
70
69
71
66
73
56
69
64
71
72
71
56
68
74
71
63
74
73
76
67
75
72
71
69
72
59
70
74
66
76
74
71
68
75
64
73
68
78
67
68
62
64
67
66
70
64
75
66
71
76
68
71
71
68
68
63
64
74
61
68
73
66
70
72
69
75
71
72
74
66
73
60
74
68
72
69
71
67
68
65
66
67
68
70
75
72
67
67
69
64
71
69
63
73
69
72
73
64
67
73
70
74
71
69
70
63
74
67
71
72
71
72
74
67
71
66
76
70
73
75
62
61
72
70
75
64
73
71
73
73
66
64
79
74
71
69
56
73
73
81
69
70
70
72
74
69
76
69
71
68
66
69
74
70
72
63
72
68
73
70
74
71
62
71
70
72
72
60
61
68
68
2
256
256
1
3
2
256
256
1
5
200
136
135
140
144
130
140
132
141
134
136
135
128
138
141
139
134
125
133
133
134
145
141
142
145
131
130
139
129
132
141
135
130
138
134
133
145
143
148
147
137
131
135
139
134
141
133
141
138
143
124
131
142
134
151
135
140
133
141
134
148
126
130
137
140
135
137
131
132
142
133
126
137
144
131
133
142
142
134
130
142
132
129
142
139
141
127
143
131
138
142
141
134
136
141
138
139
141
134
143
129
140
136
141
144
147
133
141
141
139
144
149
137
145
133
141
138
141
134
140
127
130
137
131
159
145
140
142
142
137
134
132
138
130
132
149
132
140
149
139
138
138
138
129
135
131
126
135
142
132
135
139
131
129
128
133
144
138
130
135
140
136
137
129
145
147
128
131
137
141
127
128
141
131
132
140
144
139
140
137
142
132
131
137
150
136
141
138
136
144
144
137
140
133
139
130
141
135
139
136
144
2
512
512
1
3
2
512
512
1
5
200
273
272
276
278
269
279
249
277
281
268
263
276
270
279
266
273
284
268
269
278
248
281
276
272
271
278
270
268
275
270
280
272
267
275
265
271
286
279
250
276
264
267
269
277
274
288
274
278
282
262
258
271
266
275
274
270
288
265
267
278
278
265
269
282
265
253
281
282
271
274
272
268
261
278
261
282
300
270
267
267
271
286
265
283
273
271
273
264
273
280
286
280
270
263
279
269
255
276
262
273
283
266
277
271
280
259
271
274
280
272
264
279
281
278
276
279
268
258
276
255
285
274
263
274
261
272
267
281
281
293
271
273
261
276
269
265
274
285
271
259
271
274
274
279
270
273
270
268
278
266
276
278
274
268
263
292
269
276
277
269
270
277
273
282
275
270
273
268
287
264
255
276
269
267
279
275
256
274
290
277
273
269
280
260
269
261
266
245
265
275
256
274
268
272
281
272
266
258
280
294
2
1024
1024
1
3
2
1024
1024
1
5
200
560
516
548
528
552
542
543
547
545
541
532
515
555
540
537
553
561
534
551
520
518
529
563
553
518
526
530
515
528
524
501
543
530
538
538
524
547
530
539
524
528
518
542
533
523
531
539
531
526
527
542
568
536
538
527
535
546
512
509
539
541
547
550
546
528
544
541
547
558
540
524
526
549
537
520
542
524
540
525
523
547
542
534
535
521
526
553
548
545
527
543
562
547
514
534
538
566
562
534
549
535
545
517
549
551
516
554
527
545
536
535
556
538
522
519
534
529
541
552
519
521
544
557
521
534
533
521
542
550
542
545
545
532
528
511
524
529
536
550
519
527
535
513
561
540
504
551
559
534
540
545
537
533
554
559
528
513
548
515
533
536
543
536
537
531
539
536
531
549
540
544
541
530
551
543
534
513
561
529
555
525
532
542
537
552
528
529
555
535
529
546
545
538
528
502
537
533
532
554
537
2
2048
2048
1
3
2
2048
2048
1
5
200
1095
1057
1059
1051
1053
1052
1067
1045
1051
1087
1060
1046
1082
1089
1019
1058
1078
1055
1073
1059
1072
1051
1072
1082
1038
1097
1054
1104
1091
1084
1078
1057
1072
1057
1059
1070
1039
1088
1059
1065
1061
1071
1086
1086
1044
1068
1062
1062
1065
1074
1061
1053
1068
1071
1075
1092
1079
1077
1080
1067
1059
1046
1087
1085
1086
1082
1063
1058
1087
1083
1089
1031
1083
1038
1075
1061
1068
1080
1050
1069
1051
1071
1103
1059
1055
1063
1047
1060
1065
1065
1067
1068
1069
1040
1076
1054
1085
1081
1037
1082
1073
1043
1069
1065
1044
1067
1074
1062
1066
1059
1072
1064
1078
1056
1074
1068
1062
1043
1071
1080
1069
1084
1056
1091
1058
1070
1069
1111
1084
1050
1037
1067
1060
1057
1059
1067
1064
1086
1084
1055
1099
1045
1036
1068
1085
1083
1078
1090
1038
1073
1074
1037
1072
1089
1036
1088
1050
1077
1082
1055
1085
1053
1065
1064
1093
1074
1044
1075
1088
1085
1077
1091
1083
1072
1065
1078
1041
1054
1097
1071
1083
1095
1038
1074
1071
1043
1045
1066
1031
1047
1091
1063
1088
1077
1078
1076
1046
1037
1098
1062
2
4096
4096
1
3
2
4096
4096
1
5
200
2101
2147
2154
2092
2110
2143
2142
2125
2112
2150
2120
2127
2163
2148
2136
2138
2099
2170
2127
2121
2111
2117
2129
2175
2111
2082
2126
2137
2112
2140
2103
2146
2101
2111
2094
2147
2155
2122
2115
2117
2149
2118
2086
2118
2120
2142
2139
2088
2116
2121
2123
2134
2139
2107
2126
2178
2105
2120
2141
2120
2167
2130
2111
2133
2104
2114
2110
2126
2119
2190
2150
2122
2149
2116
2143
2149
2106
2121
2141
2087
2121
2119
2142
2105
2116
2107
2175
2104
2116
2141
2087
2137
2135
2138
2136
2124
2165
2122
2130
2156
2121
2142
2144
2098
2138
2151
2104
2086
2148
2151
2098
2149
2098
2122
2106
2116
2121
2110
2095
2125
2146
2108
2131
2091
2140
2147
2126
2138
2129
2086
2142
2130
2121
2114
2116
2107
2166
2118
2131
2117
2107
2056
2131
2098
2136
2096
2170
2115
2116
2143
2138
2059
2145
2132
2129
2121
2125
2159
2107
2126
2125
2183
2108
2129
2150
2124
2093
2125
2165
2088
2168
2144
2166
2130
2117
2130
2148
2136
2124
2186
2132
2151
2167
2107
2119
2130
2133
2180
2146
2127
2119
2118
2070
2123
2120
2132
2116
2127
2134
2092
2
8192
8192
1
3
2
8192
8192
1
5
200
4241
4181
4225
4226
4246
4246
4238
4226
4189
4208
4175
4260
4206
4280
4171
4216
4264
4243
4198
4313
4270
4268
4215
4218
4227
4222
4207
4208
4225
4220
4214
4253
4342
4258
4206
4326
4209
4295
4251
4238
4173
4245
4206
4230
4227
4184
4259
4215
4258
4203
4261
4184
4220
4268
4209
4260
4296
4184
4244
4271
4294
4258
4233
4191
4243
4217
4246
4201
4259
4232
4228
4235
4225
4233
4245
4179
4263
4272
4134
4298
4262
4161
4281
4213
4250
4254
4234
4192
4176
4227
4281
4217
4299
4167
4272
4238
4225
4161
4241
4236
4258
4279
4286
4227
4260
4215
4259
4266
4233
4272
4242
4168
4240
4221
4183
4207
4190
4204
4311
4236
4224
4231
4202
4246
4243
4249
4259
4244
4281
4157
4236
4220
4205
4213
4261
4236
4271
4168
4190
4244
4235
4194
4245
4276
4287
4234
4236
4203
4211
4253
4192
4270
4196
4192
4166
4196
4205
4259
4258
4276
4248
4185
4254
4255
4246
4150
4310
4276
4214
4276
4256
4225
4234
4317
4242
4128
4208
4221
4263
4230
4292
4184
4229
4252
4219
4219
4195
4293
4213
4260
4131
4241
4196
4180
4244
4276
4271
4253
4205
4191
2
16384
16384
1
3
2
16384
16384
1
5
200
8451
8460
8432
8521
8456
8446
8476
8430
8473
8557
8400
8392
8442
8487
8436
8443
8434
8443
8611
8510
8440
8456
8386
8349
8381
8414
8464
8412
8513
8486
8477
8371
8424
8416
8507
8417
8423
8482
8400
8359
8363
8504
8492
8429
8440
8433
8393
8375
8511
8506
8455
8476
8470
8438
8376
8476
8489
8379
8439
8391
8391
8410
8479
8473
8454
8436
8419
8398
8456
8483
8379
8522
8449
8453
8336
8565
8477
8479
8406
8437
8460
8411
8312
8412
8485
8477
8532
8442
8446
8490
8425
8398
8328
8346
8527
8374
8528
8418
8401
8418
8411
8359
8444
8299
8523
8432
8372
8416
8386
8506
8378
8416
8424
8489
8435
8410
8378
8382
8419
8402
8413
8542
8345
8341
8454
8416
8428
8427
8411
8472
8475
8403
8455
8535
8485
8548
8539
8463
8416
8436
8401
8481
8458
8534
8448
8415
8553
8526
8379
8346
8537
8482
8397
8537
8426
8430
8442
8380
8372
8428
8433
8459
8411
8371
8591
8454
8578
8457
8432
8464
8327
8424
8431
8382
8453
8404
8462
8442
8529
8442
8364
8482
8444
8424
8490
8420
8473
8436
8431
8440
8482
8412
8508
8491
8421
8433
8459
8450
8508
8481
2
32768
32768
1
3
2
32768
32768
1
5
200
17069
16928
17002
16895
16955
16877
16802
16849
16954
16767
16810
16713
16760
16830
16760
16860
16939
16845
16850
16740
16899
16733
16817
16754
16866
16841
16924
16894
16850
16881
16876
16884
16857
16850
16902
16886
16721
16854
16866
16707
16978
16861
16816
16967
16949
16830
16698
16845
16907
16853
16980
16733
16897
16997
16961
16781
16797
16865
16979
16939
16919
16617
16773
16856
16696
16814
16841
16878
16963
16892
16762
16778
16960
16888
16826
16824
16766
16841
17016
16818
16790
16726
16919
16848
16846
16982
16979
16893
16952
16921
16777
16791
16887
16741
16799
16848
16851
16872
16821
16726
16818
16783
16884
16768
16760
16964
16853
16768
16742
16750
16657
16797
16928
17058
16838
16938
16967
16774
16855
17020
16939
16895
16890
16795
16873
16786
16903
16798
16837
16880
16871
16896
16964
16968
16800
16736
16752
16968
16825
16801
16871
16838
16857
16680
16917
16955
16828
16913
16886
16786
16827
16808
16943
16967
16887
16759
16851
16719
16884
16762
16932
16674
16867
16867
16849
16982
16895
16754
16865
16809
16864
16813
16785
16708
16856
16922
16707
16806
16867
16812
16869
16864
16776
16745
16956
16800
16861
16946
16885
16840
16913
16956
16950
16818
16896
16892
16694
16931
16780
16894
2
65536
65536
1
3
2
65536
65536
1
5
200
33818
33766
33725
33615
33420
33593
33620
33493
33604
33852
33694
33636
33716
33468
33554
33637
33858
33725
33628
33680
33570
33790
33777
33612
33776
33546
33611
33816
33701
33637
33548
33452
33843
33834
33727
33583
33526
33877
33668
33644
33806
33543
33617
33764
33837
33466
33481
33666
33731
33594
33371
33579
33730
33674
33585
33618
33642
33834
33649
33632
33385
33648
33553
33427
33782
33802
33652
33724
33531
33757
33432
33647
33735
33741
33812
33499
33541
33685
33661
33426
33561
33641
33570
33810
33602
33526
33435
33532
33774
33696
33649
33798
33635
33795
33708
33613
33604
34007
33973
33694
33734
33765
33789
33509
33860
33618
33688
33629
33882
33698
33630
33558
33691
33550
33756
33539
33698
33686
33693
33475
33894
33593
33417
33651
33794
33530
33635
33674
33678
33595
33704
33841
33682
33580
33484
33737
33560
33708
33849
33845
33730
33598
33548
33721
33738
33552
33768
33478
33408
33674
33685
33606
33804
33491
33688
33864
33605
33855
33695
33598
33475
33471
33480
33804
33641
33670
33636
33559
33590
33525
33744
33643
33607
33488
33631
33393
33545
33484
33744
33730
33730
33512
33751
33580
33741
33676
33739
33554
33772
33451
33588
33434
33651
33650
33632
33682
33659
33682
33701
33609
2
131072
131072
1
3
2
131072
131072
1
5
200
67514
67624
67421
67343
66958
67269
66982
67004
67109
67387
66967
67195
67108
67076
67143
67038
67144
67271
67082
67068
67322
67098
67050
67053
67365
67553
67334
67318
67147
67016
67177
66831
67329
67475
67221
67623
67341
67077
66842
66994
67611
67248
67329
67124
67258
67453
67188
66873
67443
67071
67070
67182
66947
67243
67020
67034
67149
67234
67362
67501
67351
67396
67050
66685
67347
67439
67290
67188
67015
67298
66802
66670
67259
67446
66973
66913
66743
66899
67101
67058
67696
67510
67181
67142
67158
67239
67156
67164
67275
67307
67111
66925
67233
67130
66700
66560
67271
67323
67111
67156
67024
66486
66619
67179
67277
67289
67168
67033
66934
67138
67000
67242
67630
67407
67267
67343
66826
67369
67259
67064
67208
66992
67214
67254
67040
66802
67165
67066
67199
67267
67210
66875
66787
67184
66762
66881
67134
67235
67345
67434
67144
66990
67531
67266
66809
67366
67186
67170
67013
67090
67279
66899
66822
67456
67336
67612
66892
67204
67150
66812
67257
67159
67029
66767
66919
66834
67099
66833
67097
67284
67406
67383
67037
67029
67202
66962
66995
67333
67242
67044
66990
67195
67150
66788
67508
67292
67375
67246
67169
66846
67182
67550
67222
67354
67298
67205
67095
67236
67205
67016
2
262144
262144
1
3
2
262144
262144
1
5
200
134894
134377
134213
133950
133991
133703
133347
133305
134080
134264
134560
134318
134139
134371
134026
133150
134282
134393
133870
134101
134277
134120
134130
133972
134622
134559
134137
133858
134352
134396
133904
133642
134449
133950
134488
134357
134358
133668
133741
133520
134434
134576
133647
133866
133301
134286
133934
132947
133848
134519
133892
133738
133687
133359
133359
133796
133950
133927
134094
133661
134060
134038
134434
134018
134587
134296
134000
133968
134119
134298
133858
133323
134852
134138
134527
134791
134367
134105
134141
133896
134272
133805
134548
133993
134442
134388
133997
133802
134289
134200
133964
133850
134147
134264
134063
133825
134193
134729
134632
134173
134035
134084
134390
133638
134516
134731
134438
134283
134113
133897
133924
134337
134457
134369
134552
134225
134096
133901
133795
133405
134651
134493
134142
133918
133864
134122
133718
133255
134549
134565
134132
134011
134270
133838
133917
133760
134664
134221
134606
134216
133975
134470
133958
134151
134521
134484
134309
133897
134553
133978
134603
133650
134219
134034
134099
134670
134315
133895
133707
133776
134172
134222
133832
134343
134107
134327
134403
133990
134688
134390
134409
134320
134123
133669
134078
133406
134397
134187
134189
134047
133986
133344
133780
133877
134812
134427
134267
134207
134282
133882
133710
133909
134173
134004
134259
134115
134527
134283
134604
134109
