2
65536
196608
3
1
3
16384
81920
163840
1
2
3
200
9.85329
10.9564
11.1655
11.0798
11.3114
11.955
11.7036
13.0309
10.246
9.9574
10.508
11.3686
10.9525
10.812
12.2141
12.123
10.5122
11.0094
10.2377
11.6925
9.30772
10.7496
11.4217
11.8773
11.8256
10.3279
10.4213
11.5237
9.37796
10.459
10.3272
9.23415
9.5766
9.45782
11.6313
11.5548
10.5096
11.3674
10.7386
12.6721
12.2164
10.1514
11.7595
10.0011
9.44911
9.52905
11.0318
12.4358
10.5865
10.8137
9.80389
12.316
11.8895
11.3305
10.1888
15.8541
11.2516
11.4913
10.5493
11.791
10.5682
12.1549
11.4623
11.3998
10.4113
11.6856
9.85696
10.3407
10.6123
10.9978
11.2584
9.59097
9.46082
13.297
9.69176
11.8445
11.1019
10.7505
11.6944
12.3342
11.1237
10.5132
10.6617
12.75
12.5294
10.0924
15.1045
11.5447
11.2374
10.1622
11.0093
12.1486
13.7256
11.8481
11.1528
9.48514
9.82698
11.6018
10.1427
11.7269
10.9002
11.1078
10.2795
9.8494
13.8585
10.4879
10.5942
10.7186
10.281
12.3754
10.4251
10.8506
9.4207
12.0593
12.4127
10.748
8.89752
11.8784
11.3418
10.1122
12.3508
10.632
15.7379
9.21634
10.708
12.533
13.6898
10.4559
11.4833
10.2845
12.3708
10.6626
9.6557
10.2426
10.9749
10.2252
11.1475
11.0912
10.1474
14.8296
12.6376
11.6647
11.2272
11.5341
10.7582
10.1359
12.1853
10.8098
9.42586
11.034
10.1813
10.3511
13.1154
11.5466
11.2784
12.8814
13.3122
10.8293
10.8299
16.6162
12.0471
11.2756
11.2223
10.4288
9.77594
10.6199
11.9927
8.88141
10.5093
14.3871
10.3131
11.3955
10.1956
11.6424
9.93275
10.9677
10.9481
12.4028
11.4619
12.1943
13.6014
10.4711
10.0952
11.0715
12.4426
9.55203
11.8582
12.7742
13.5372
11.7202
11.4027
11.797
10.043
9.61479
9.56351
12.8054
10.2363
14.1686
13.2789
10.1947
27.1237
30.3504
31.1349
30.8008
31.7432
33.2771
32.8707
36.8691
28.3313
27.5113
29.1369
31.6617
30.6155
30.0122
34.3081
33.9724
29.2336
30.5557
28.4513
32.6056
25.5105
29.8117
31.9398
33.3337
33.1225
28.4533
28.9024
32.4042
25.8932
28.8855
28.539
25.3035
26.3301
26.1098
32.5429
32.1514
29.2173
31.8293
29.9051
35.8889
34.3442
28.0219
33.1814
27.5462
26.1339
26.3877
31.0124
35.1286
29.5327
30.0805
27.1208
34.4004
33.1861
31.5658
28.2985
44.8682
31.3986
32.0298
29.207
33.0311
29.682
34.4033
31.7805
31.9052
28.888
32.8553
27.2288
28.6581
29.526
30.6641
31.583
26.2582
25.9196
37.3392
26.7738
33.2891
30.9909
29.8222
32.9166
34.5965
31.2887
29.2496
29.6262
35.9375
35.2776
27.9734
43.0163
32.3754
31.5157
28.1389
30.7543
33.8979
38.948
33.2932
30.9682
26.2484
27.1873
32.5114
28.0031
32.783
30.3559
30.8803
28.3532
27.0603
39.0719
29.0409
29.6961
29.9612
28.6276
34.6091
28.8838
30.3712
25.9959
33.6922
35.0114
29.9006
24.4287
33.4779
31.7063
28.3846
34.6406
29.43
44.8133
25.3135
29.8714
35.2704
38.7728
29.1181
32.2344
28.2323
34.8206
29.6796
26.6905
28.4571
30.4825
28.3224
31.1492
30.9311
28.0447
41.7767
35.534
32.4205
31.5221
32.4102
29.8906
27.9758
34.2857
30.2574
25.9566
30.6204
28.3198
28.826
36.9671
32.543
31.5256
36.1775
37.8012
30.24
29.9632
47.536
33.8928
31.6522
31.5513
28.9787
26.9167
29.4143
33.6776
24.2305
29.5366
40.7139
28.6468
31.7646
28.0214
32.5874
27.5022
30.3557
30.5163
35.1203
32.0501
34.3066
38.3201
28.9214
27.9953
30.8365
35.0311
26.325
33.2005
36.0171
37.8728
32.7409
31.8956
33.3433
27.7025
26.5089
26.1953
36.0747
28.3734
40.2433
37.6518
28.0951
34724.9
31155
30931
30783
29505
28735.9
29396.5
26025
33352.4
34167.1
32299.8
30092.3
31082.4
31395.9
27426.6
28113.9
31821
30863.6
33181.5
29148.8
36989.4
31798.2
29756.8
28369.2
28850.5
33141.2
32439.2
29125.2
35982.7
32321.7
33211.3
37068.3
36241.3
35635.1
29062.4
29242.9
33026.7
29743.7
32033.1
26637.5
27968
33664.8
28700.3
34122.6
35810
35962.6
29871.6
27398.8
32114.7
31232.9
34781.7
27514.2
28874
30119.1
33586.6
21436
30054.2
29804.9
32143.7
28790
32019.4
28072.2
29980.7
29738.9
32457.8
29208.8
34913
33283.3
32110
30934.1
29914.2
36037.6
36251.9
25808.9
34613.2
28753.9
30649.2
31737.1
29162
27534.9
30387.7
32530.1
31899.7
26709.6
27235.4
34190.3
22770.9
29430.2
30404.3
33447.4
30904.4
28123.7
24818.5
28478.7
30665.5
36295.8
34229.3
29376.4
33673.5
29008.4
31094.6
30371.9
33063.3
34884.7
24731.8
32587.1
31753
31451.2
32975.7
27756.7
32759.9
31573.1
36003
28187.6
27339.9
31947.5
38133.1
28433.1
29991.4
33658
27398.1
32046.6
21567.1
36868.5
32282.6
27060.3
25005.8
32707.4
29739.8
33192.2
27496.6
31811.2
35443.8
33003.4
30885.9
33381.4
30263.3
30703.6
33955.6
23009.5
26498.3
29433.4
30117.5
29673.6
31487.7
33513.1
28270.9
31262.6
36556.3
30507.7
33349.6
32508.5
26395.9
29382.1
29861.6
26352.6
25244.1
31162.2
31451.5
20400.6
28131
30038
30367.1
32841.2
35060.9
32275.5
28426
38232.2
32221.5
23582.3
32707.8
29757.4
33079.4
29236.9
34546.5
30899.2
31624.5
27419.1
29667.5
27972.7
24970.7
32377.6
33731.3
30787.3
27555.6
35544.7
28725.3
26815.3
25369
28893.4
30312.8
28269.3
34262.2
35406.8
35484.9
26563.9
32700.8
23802.8
25149.5
33321.9
17719.9
15885.2
15476.7
15693.5
15289.9
14616.1
14716.4
13301
17060.5
17659.5
16514.4
15281.3
15801.1
16137.6
14183.1
14348.1
16579.4
15770.5
17047.6
14786.5
18811.8
16246.6
15087.4
14514.4
14575.5
16881
16821
14987.6
18531.9
16751.1
16939.7
19123.6
18328.3
18527.2
14919.3
15122.4
16500.9
15286.3
16185.1
13596.8
14156.2
17197.5
14648.2
17540.6
18395
18322.5
15720.9
13851.1
16347.8
15947.2
17659.5
14035.9
14610.8
15390.8
16997.6
10853.6
15427.1
15130.8
16595.5
14747.7
16326.6
14175.7
15207.3
15211.8
16801.9
14868.7
17719.2
16858.4
16359.9
15843.3
15417.3
18352.4
18640
13087.3
18046
14611.9
15770.2
16249.8
14823.3
14022.7
15580
16652.1
16346.4
13641.9
13756.8
17280.4
11391.7
15049.8
15493.8
17139.4
15784.5
14242.2
12615.2
14564.5
15651.1
18347.6
17748.8
14991.8
17232.1
14758
15979.8
15647
17081.8
17817.7
12544.8
16669.4
16282.1
16231.5
16862.2
14014.7
16818.9
15950.5
18468.3
14418.4
13967.6
16099.3
19727.7
14476.7
15363.7
17066.5
14123.9
16422.8
10882
19035
16206.7
13834
12587
16579.6
15075.5
17036.7
13946.8
16308.2
18092
16946.9
15907.5
17104.4
15643.5
15668.4
17193.2
11653.9
13659.1
14976.7
15429.5
15012.1
16245.9
17207.3
14168
15989.1
18432.2
15919.9
17085.1
16791.2
13196
14966.8
15409.8
13337.3
12925.4
16072.7
16213.2
10329
14392.4
15355.2
15442.5
16713.3
17898.2
16437
14582.9
19736.8
16461.3
12079.7
16856.1
15267.6
17089
14878.9
17570.9
15956.3
15963.6
13863.6
15124.9
14254.8
12713.3
16836.1
17217.2
15616.2
13957.7
18204.7
14667.9
13527.1
12932.9
14848.1
15274.6
14593.4
17440.8
18182.5
18392.8
13478.8
17001.3
12155.2
12959.2
17134.2
11932.2
10714.6
10435.9
10563.4
10252.9
9822.95
9913.67
8887.64
11438.9
11769.2
11089.8
10295.4
10653.6
10809.8
9480.48
9629.91
11110.9
10684.9
11416.1
9996.08
12644.6
10900.5
10184.4
9767.24
9849.96
11351.6
11223.5
10081.3
12485.2
11230.7
11358.3
12752.6
12251.5
12415.3
10056.8
10137.8
11120.9
10255
10916.1
9144.31
9480.76
11580.6
9837.08
11727.6
12414
12331.3
10513.5
9311.08
11021.8
10829.7
11933.5
9454.46
9793.4
10303.1
11464.6
7334.28
10420.8
10167.8
11099.7
9870.53
10951.5
9464.81
10249.7
10201.6
11196.5
9936.86
11948
11315.1
11028.3
10591.8
10364.4
12311.4
12464
8781.84
12043.7
9788.74
10460.1
10898.3
9882.81
9392.81
10397.9
11140.9
10930.7
9088.54
9230.47
11609.1
7624.46
10112.2
10337.3
11559.2
10573.6
9613.56
8403.17
9771.73
10498.9
12366.2
11937.2
9998.9
11581.6
9954.16
10738.7
10557.8
11381.5
11972.2
8371.35
11139.8
10929.1
10910.1
11325.6
9407.33
11222.8
10702.6
12487
9665.8
9338.49
10887.7
13188.8
9728.66
10280.2
11445.9
9411.78
11033.2
7350.44
12794.9
10878.5
9304.58
8462.56
11174.6
10115.6
11429.9
9380.82
10937
12141.3
11417.2
10683.3
11505.1
10451.6
10530.7
11567.8
7827.97
9212.17
10046.8
10335.1
10044.3
10858
11538.8
9565.8
10726
12451.7
10583.9
11433.9
11258.7
8837.78
10041.2
10311.8
9019.21
8683.12
10787.9
10833.7
6911.76
9604.59
10337.6
10329.2
11226.8
12038
11031.1
9669.91
13266.5
11063.9
8031.07
11382.6
10231.4
11541.2
10028.4
11801.9
10764.7
10688.6
9331.31
10168.1
9496.38
8527
11201.3
11598.6
10575.5
9300.59
12335
9785.89
9094.18
8672.08
9953.52
10164.2
9796.33
11703
12233.6
12337.9
9083.42
11400.9
8169.98
8674.37
11559.3
2
131072
393216
3
1
3
32768
163840
327680
1
2
3
200
11.0335
11.2218
11.5849
11.8129
12.5272
13.0931
13.3275
13.6077
10.741
10.5485
11.2199
11.7656
12.0563
11.0663
11.7551
15.0755
10.6303
10.7708
13.3961
11.0983
12.208
11.7112
11.7316
11.1376
10.6
12.0502
13.4698
10.8427
10.2775
12.5891
10.8477
14.6087
10.5979
10.5234
11.6998
12.581
12.0464
10.981
11.0406
10.8613
10.8119
11.8245
11.4776
12.034
12.741
10.3149
9.92031
12.5376
12.3346
11.1939
11.9589
10.4347
10.7529
10.509
12.1201
14.4432
10.3742
10.2864
10.1429
10.5575
11.3455
10.8631
13.5706
11.3423
12.445
12.7457
11.3277
12.1713
12.4164
10.725
10.799
13.9616
11.1397
11.0691
12.4894
12.9835
11.3605
10.6083
13.5548
12.5503
14.9975
10.2312
16.6075
11.5329
12.3723
11.415
10.7002
13.0092
10.8445
11.1714
10.4341
11.9851
12.7877
14.0981
11.3661
11.669
10.4041
10.7986
12.1944
12.6365
13.382
12.7523
13.8599
14.6316
11.1574
10.3584
11.3086
11.63
12.7015
13.6347
11.1423
10.8984
11.9756
11.4399
13.1368
11.984
11.8196
13.3433
12.8154
11.5569
11.6342
10.1436
10.4495
10.9103
13.2172
11.747
11.5524
12.324
10.5541
9.77962
10.7574
11.4163
12.2291
11.7661
13.4872
12.3723
11.4483
12.679
11.0617
10.7169
12.4584
13.4181
11.0275
9.92915
11.275
12.9565
11.1695
11.1644
11.9471
12.0492
12.7458
11.8967
12.834
11.8533
13.3648
11.0688
10.8811
12.9852
10.2129
10.687
11.4987
14.538
13.0478
10.8942
11.2346
12.1994
12.1389
12.9478
11.2127
10.712
14.1701
13.233
10.9565
10.4552
10.1778
9.9884
13.6952
12.6786
10.7738
15.1465
12.6574
12.6328
11.0611
11.5655
12.0433
11.2414
11.8482
10.2846
13.4487
12.1688
10.9085
13.0481
10.7321
11.7599
10.8762
12.8338
11.6592
12.2542
12.7044
11.335
30.7607
31.4312
32.3622
33.0156
35.2899
37.0551
37.5961
38.6399
29.9674
29.3076
31.2842
32.9558
33.7977
31.0989
33.0614
43.1664
29.5473
30.0644
37.8911
31.0596
34.2047
32.8282
32.9439
31.0334
29.4562
33.8795
38.0838
30.0919
28.3677
35.1698
30.3735
41.3213
29.6336
29.2224
32.6911
35.4961
33.8223
30.6684
30.759
30.1765
30.1016
33.3772
32.175
33.7961
35.93
28.582
27.4741
35.5037
34.6779
31.2676
33.4317
28.9149
29.9004
29.1124
34.0423
41.0002
28.8739
28.5687
28.0087
29.3832
31.9358
30.2413
38.3911
31.6738
35.0065
36.0437
31.9062
34.2199
35.0532
29.8155
30.1374
39.5073
31.1965
31.0428
35.318
36.6459
31.7927
29.5277
38.1655
35.4348
43.0771
28.3137
47.4356
32.336
34.6766
31.9918
29.816
36.877
30.315
31.3268
29.0493
33.7115
35.9627
39.9897
31.82
32.7861
28.7613
30.1696
34.2602
35.8624
37.7886
36.1205
39.2249
41.435
31.0853
28.6231
31.6056
32.556
35.8038
38.6947
31.0561
30.2285
33.7266
31.9907
37.0862
33.6644
32.9861
37.9274
36.157
32.3856
32.5689
28.0542
29.0099
30.3574
37.3783
32.7584
32.4725
34.726
29.4331
27.0973
30.0371
31.6782
34.321
32.9613
38.2526
34.5534
32.1654
35.9035
30.7191
29.8299
34.9125
37.7368
30.685
27.552
31.5521
36.5388
31.2869
31.1483
33.4303
33.8521
35.9035
33.5507
36.1055
33.4955
37.95
30.7583
30.2534
36.6548
28.305
29.615
32.085
41.2378
36.9717
30.2793
31.4214
34.2388
33.9872
36.2607
31.4246
29.9651
40.1503
37.3635
30.5813
28.9491
28.1733
27.7172
38.7639
35.6893
30.0155
42.9982
35.6481
35.5911
30.7871
32.2991
33.9337
31.2953
33.326
28.4954
38.1202
34.1912
30.4209
36.8475
29.8664
32.9097
30.5768
36.251
32.8144
34.4585
35.7039
31.747
62045.6
60520.4
58397.5
57715.4
54087.1
51891.8
51020.8
49529.1
62856.6
64661.6
60599.9
57667.3
56077
60864.3
57693.6
45001.3
63822.2
63448.5
50569.4
61336.5
55780.5
57997.7
58208.9
61122.2
63991.9
57010.3
50552.5
63400.8
66364.6
54568.9
62083.7
46951.4
63911.8
64583.1
59043.5
53906.9
56905.6
62045.1
61021.1
62611
63638
57183.7
59107.5
56595.4
52888.8
66198.1
68870.7
53747.7
54962.8
60993.6
57359.4
65406.4
63015.3
65172.9
55811.2
47105.4
65262.3
66405.2
67374.3
63836.3
59492.5
62398.6
50075.9
60218
54447.1
52914.5
59728
55197.5
54408.8
63032.3
62832.8
48805.8
61184.8
61491.6
54296.1
52405.1
59757
64510.9
50286.6
53695.2
44912.2
67109.1
40639.1
59457.7
55389.1
59163.7
63690.4
51982.9
62724.6
60487.4
64836
56033.7
53826.5
47999.6
59889.8
58455.5
66113.2
62630
55696.2
53146.5
51134.5
53458.7
49370.7
46367.3
60895
65749.1
59935.8
58884.5
53261.6
49276.5
61218
62858.7
56292.5
59542.2
51557.8
56656.5
57586.7
50673.1
52948.6
58424.7
58528.8
67002.8
65669.6
62436.5
51272.9
58135.5
58543
54523.6
64007
69762.3
63386.1
59918.5
55519.2
57689.3
50034.4
55108.6
58934.6
52991.5
61131.1
64092.1
54706
51305.1
61635.8
67951.4
60584.3
52585
60835.3
61356.7
57003.6
56389.9
53120
56912.9
52645.3
57105.7
50585.9
62164.2
62425.4
51938.5
66503.5
64547
59782
47014.2
52023.4
62810.8
60372
55416
55672.8
53010.6
60382.9
63242.1
47616
51186.9
62115.1
65569.2
66504.6
67785.9
49523.5
53781.6
62945.7
44670.8
53670.7
53533.7
61863.5
58939.9
56364.4
60357.4
57419.7
66812.9
49959.8
55870.6
61862.6
52032.1
63732.8
57678.1
62039.5
52820.4
57883.5
55455.1
54003.7
60318.1
31459.5
30802.2
30009
29340.9
27501.6
26399.4
25842.7
25362.3
32324.5
33015.5
30867
29551
28819.6
31185.8
29436
22828.1
32668.3
32181
25857
31257.8
28329.5
29463.7
29565.2
31303
32910.8
28684.7
25635.8
32022.7
34055.8
27634.2
31893.8
23661.3
32600.1
33123.1
29626.5
27521.9
28753
31530.9
31513.2
32014.5
32145.4
29202.1
30360.7
28802.2
27096.4
33934.3
35121.2
27504.1
28031.4
31082.2
29165.8
33445.2
32468.1
33187.2
28567.9
23877.4
33478.3
34068.1
34498.3
32950
30458.6
32070
25418
30768
27731.5
27157
30477.4
28526.1
27829.8
32407.7
32131.6
24705.3
31196.8
31353
27588.5
26569.4
30596.8
32662.3
25472.2
27487.6
22878.6
33939.6
20725.1
30183.3
28063.9
30347.5
32526.8
26559.1
32012.3
31062.3
33173.8
28898.1
27002.3
24505.6
30587.3
29719.4
33544.6
32072.6
28286.9
27189.9
25949
27159
24936.3
23541.5
31281.9
33667
30623.8
29747.2
27166.4
25422.4
31243.7
32154.7
28908.7
30301.2
26345.6
28966.6
29606.5
25833.1
26932.9
29949.9
29758
34342.2
33319.6
31847.9
26162.5
29557.8
29894.7
27974.9
32955.8
35545
32277.7
30629.3
28396.2
29508.1
25520.4
28000.8
30209.5
27138.5
31416.2
32482.5
27868.3
25846.5
31531.4
35065.3
30786.5
26687.8
31063.1
31178.6
28969.6
28736.6
27118.1
29046.8
27017.4
29089.2
25648
31346.9
31985.7
26587.4
34060.8
32729.9
30239
23793.7
26478
32056.7
30803.1
28378.8
28411.6
26891.7
30994.8
32381
24296.5
26145.6
31677.4
33254.8
34380.1
34889.2
25164.3
27282.5
32258.1
22833.6
27401.6
27378.3
31433.9
30031.5
28779.6
30881.1
29167.8
33868.3
25667.8
28493.4
31797.5
26478.9
32370.8
29669.3
31782.8
26832.8
29586
28339.1
27321.9
30627.2
21134.7
20741.6
20173.5
19751.6
18533.1
17704.8
17405.3
16989.6
21687.5
22166.5
20781.6
19787.7
19282.7
20945.8
19792.3
15199.8
22010.1
21704
17334.1
20909.5
19093.4
19914.4
19764.5
20927.2
22022
19296.1
17233.3
21610.9
22891.3
18529.3
21485.1
15872.5
21964.4
22237.8
19907.5
18395.1
19324.9
21202.1
21160.4
21506.7
21589.5
19577.1
20242.8
19262.6
18186
22728.9
23602.7
18404.7
18860.8
20848.9
19508.8
22423
21688.6
22303.5
19152.2
15962.9
22570.3
22662.9
23127.9
22218
20514
21496.1
17041.8
20536.8
18653
18128.3
20482.5
19079.4
18742.6
21769.3
21585.1
16559.2
20828.6
21044.9
18529.9
17852.7
20447
22070.6
17170.2
18421.2
15309.9
22922.9
13854.2
20206.8
18773.3
20339.6
21798.6
17807.2
21465.3
20801.5
22393.3
19328.8
18164.1
16380
20450.5
19929.8
22590.6
21556.6
19041.5
18304.1
17274.5
18126.3
16714
15801.6
20886.2
22658.8
20593.8
20012
18254.9
16939.5
20908.8
21500.5
19350
20388.2
17633.1
19408.5
19784.9
17303
18076.6
20067.4
19954.5
23062.1
22405.6
21382.6
17489.8
19872.3
20115.1
18776.9
22065.9
23902.2
21682.1
20553.4
19054.3
19782.9
17121.5
18866.5
20289.4
18237.3
21176.8
21800
18659.8
17296.8
21158
23564.8
20709.7
17892.6
20828.4
20931.6
19523.8
19276
18226.4
19476.7
18124.8
19451.3
17298.4
21208.2
21500.9
17851.1
22855.7
22005.5
20267.4
15815.5
17715.5
21509.7
20703.9
19065.8
19268.8
17984.4
20729.4
21741.1
16254.8
17538.3
21229
22431.8
23046
23395.8
16919.7
18296.8
21596
15284.7
18368.5
18396.6
21135.5
20172
19316.6
20772.8
19555.9
22769.5
17184.3
19076.4
21333.2
17787.2
21719.4
19811.3
21353.4
18037.3
19977.6
18887.7
18302
20520.5
