2
65536
196608
3
1
3
16384
81920
163840
1
2
3
400
10.1044
10.3547
10.3871
10.5143
10.9913
11.7399
12.4979
13.1408
9.49011
10.2409
11.3902
10.2969
11.8568
11.3216
11.1707
12.164
9.52246
10.2709
9.79169
10.6528
11.2495
10.6989
11.2959
12.3452
10.0122
10.7309
10.4735
10.7766
11.0015
11.6496
14.2604
15.8156
10.3305
9.95959
10.0551
11.0451
11.9897
10.664
12.1769
12.9622
9.67126
10.4055
10.8676
9.94392
11.2883
11.0786
11.8274
14.4108
10.6134
10.2565
11.0914
10.6977
11.4213
10.3202
12.1457
12.0989
9.74084
11.0476
11.4745
10.5694
11.8325
11.061
12.8724
10.2883
10.569
9.80511
10.9678
11.3455
11.3882
12.7108
13.0614
10.7792
9.4868
10.2358
10.1467
10.7455
12.1483
11.5315
12.3355
11.2339
8.78389
10.8897
10.0423
11.1367
10.5174
11.7747
10.9628
9.49664
12.6777
9.97034
9.88513
10.2732
10.8678
11.6119
11.2589
10.1515
9.17523
9.73172
9.6396
11.9855
10.7312
11.1482
11.5128
10.7874
10.6256
9.9334
11.2567
10.8983
11.9162
11.4405
12.7038
13.9741
11.4652
10.7439
9.84196
10.0226
10.9987
11.9736
11.0557
12.2002
9.31113
11.8015
11.3403
12.4518
11.6519
11.0441
12.7877
12.0894
9.56384
10.6667
10.3385
10.233
9.97412
9.82762
10.5087
11.5162
11.1669
10.1198
10.2055
9.73753
10.5444
11.023
12.6015
12.3807
9.77243
10.2477
10.2107
9.88544
11.9267
11.0579
11.5137
12.5174
13.0771
9.494
10.6258
11.1454
12.0696
12.0789
11.7122
13.2536
10.1782
9.54332
10.1399
11.6862
9.80956
10.9204
11.4338
12.1447
10.9752
10.0191
11.5357
10.4519
11.0022
10.3772
11.283
11.8373
10.9777
9.98386
10.0555
11.4756
11.3842
12.0558
12.5765
13.1338
10.0169
10.2581
9.94069
11.2694
10.2302
11.0309
11.3265
13.1792
10.3698
10.0468
11.1787
11.845
12.0406
12.97
10.6508
12.153
10.8414
9.64153
10.9469
11.0401
14.0506
11.8253
12.0844
13.3753
10.4739
9.94556
10.9649
10.552
10.0017
10.0776
10.2713
12.0933
10.0185
10.8645
9.64201
11.2613
11.0596
11.7405
13.105
11.5849
11.0657
11.2164
10.8388
11.5196
12.05
11.0027
11.6678
12.595
9.59705
10.2192
9.75992
9.99554
12.2697
11.2117
10.9441
13.0727
10.7261
9.64816
10.5642
10.852
12.138
11.5936
12.7872
11.967
10.3183
10.9558
11.178
11.3473
10.9587
13.0424
10.1683
14.2855
11.1275
10.5589
11.2298
10.5061
12.1979
11.6601
11.8618
14.3367
10.3058
10.3951
11.7196
11.9975
12.1033
11.2749
14.2627
12.6663
9.39784
9.63643
11.1659
10.1226
10.0607
11.8729
10.8201
12.1095
10.6846
10.5677
10.086
11.7865
10.7243
11.1635
10.7187
15.7056
10.6184
9.04651
10.104
11.2204
10.3697
12.5412
13.0806
14.8984
10.5014
11.642
9.91843
10.872
11.0487
12.6825
11.997
11.4184
9.66562
10.8843
11.664
11.2808
11.7361
12.0852
13.9693
9.56818
9.4754
9.74753
9.56833
9.86432
12.0589
10.5719
12.2912
15.2352
10.3884
10.6347
9.32271
11.6127
10.0533
10.9035
10.2694
10.8571
14.2546
11.2003
11.991
10.7304
12.4111
12.0733
12.4316
11.6814
9.70671
11.7261
13.5679
11.0491
11.601
10.9423
11.1908
11.6794
9.49474
9.41458
10.7194
10.2803
11.4168
12.2908
12.1302
13.7246
10.0287
10.8571
10.9743
9.81512
11.1152
10.3875
10.4626
9.78247
11.6121
9.94313
9.98247
11.6976
10.8854
11.5236
11.8971
11.1378
9.9333
11.5873
11.2001
11.6702
11.9321
11.5626
13.6766
13.8013
10.6476
9.18925
10.466
9.57274
11.9217
11.0777
12.1854
11.7917
11.0511
11.056
9.8645
9.7477
11.1261
12.2167
11.7489
12.502
10.6367
9.74374
10.8465
9.58751
9.45134
10.675
10.5559
12.5652
27.8491
28.9135
28.8429
29.1384
30.6954
33.0067
35.3979
37.139
26.2135
28.4296
31.9951
28.4983
33.1412
31.5913
31.1917
34.3378
26.3187
28.4535
26.9447
29.569
31.4625
29.9161
31.4851
34.7063
27.7989
29.958
29.2022
29.8627
30.5318
32.8622
40.4294
45.0135
28.667
27.3826
27.9581
30.9008
33.7748
29.8832
34.2499
36.5
26.7368
28.9491
30.5798
27.6245
31.6971
31.0933
33.2137
41.0988
29.4138
28.3537
30.7999
29.858
32.0128
28.8726
34.1185
34.1359
27.1365
30.8569
32.0206
29.2615
33.0788
30.9899
36.4374
28.594
29.3618
27.0856
30.5762
31.76
31.9651
35.5911
36.9099
30.1511
26.2621
28.3317
28.2564
29.9475
34.2837
32.0787
34.9188
31.3536
23.9795
30.3222
28.0412
30.9883
29.1766
32.7958
30.7078
26.0428
35.8312
27.6764
27.3228
28.6802
30.2011
32.4677
31.3028
28.4156
25.2284
26.8954
26.5506
33.5046
29.8659
30.977
32.2308
29.9462
29.4177
27.3982
31.3689
30.4092
33.35
32.06
36.0043
39.5235
32.3659
29.845
26.9931
27.5024
30.6736
33.7072
30.8017
34.2882
25.7621
33.0956
31.6522
35.0231
32.7329
30.77
36.3126
33.9298
26.3182
29.7328
28.7803
28.3224
27.4611
27.4643
29.4411
32.1842
31.2188
27.8955
28.2
26.8964
29.4115
30.6551
35.5115
34.8489
26.9873
28.0497
28.2709
27.3067
33.6109
31.024
32.2924
35.1336
36.979
25.8782
29.3309
31.2666
33.9841
33.9733
32.8208
37.49
28.3169
26.213
28.1016
32.9817
26.9916
30.241
32.0236
34.286
30.5167
27.7431
32.3472
28.9351
30.5393
28.6866
31.2892
33.0305
30.5718
27.8813
27.9694
32.048
31.8176
33.8121
35.456
36.7036
27.4404
28.5421
27.4523
31.059
28.3884
30.6903
31.7304
37.254
29.0297
27.7454
31.2184
33.127
33.5196
36.9508
29.6183
34.3469
29.98
26.7652
30.5605
30.9498
39.9969
33.054
33.8966
37.7372
29.1755
27.5951
30.692
29.4249
27.7196
28.0756
28.462
34.0053
27.6284
30.2743
26.5891
31.556
30.8486
33.0212
37.1293
32.3836
30.8679
31.3009
30.0604
32.1038
34.138
30.7473
32.6083
35.5358
26.6059
28.3451
26.9634
27.6404
34.4863
31.4887
30.6113
36.8578
29.7565
26.2754
29.1955
30.4283
33.8192
32.291
35.9632
33.7253
28.5224
30.7248
31.2057
31.921
30.4028
36.4965
28.083
40.6301
31.0862
29.4489
31.5013
29.3209
34.0176
32.5243
33.2021
40.7349
28.4952
28.7974
32.9802
33.4485
34.2086
31.524
40.7395
35.5903
25.8836
26.4747
31.1692
28.1865
27.7412
33.1817
30.1439
33.9538
29.7281
29.6892
27.9258
33.1862
29.9175
31.1759
29.6956
44.5371
29.5863
24.8486
27.9023
31.3918
28.6925
35.3247
36.7691
42.451
28.9638
32.3821
27.2944
30.5994
30.8371
35.8018
33.5037
32.1683
26.5184
30.2563
32.7469
31.5132
33.1427
34.1162
39.8854
26.3482
26.2936
26.9133
26.2885
27.4562
34.0142
29.607
34.5561
43.3952
28.7076
29.6626
25.638
32.2692
28.0012
30.6164
28.6754
30.5262
40.559
31.2845
33.5242
29.9827
34.8609
34.1956
34.8932
32.6734
26.8751
32.6992
38.3114
30.726
32.5086
30.367
31.2931
32.7572
26.109
25.7492
29.7169
28.4591
32.0351
34.6356
33.8596
38.7859
27.8692
30.2842
30.7223
27.1974
31.0319
28.8599
29.0008
27.1068
32.2716
27.138
27.5352
32.7075
30.538
32.3929
33.3084
31.1951
27.629
32.6145
31.3077
32.7449
33.6908
32.4324
38.9866
39.146
29.6533
25.1437
29.0765
26.4676
33.3154
30.7825
34.2266
33.2146
30.8792
30.7916
27.2083
26.7821
31.1675
34.3427
32.9462
35.2804
29.423
26.9764
30.2702
26.4868
25.8883
29.4789
29.5805
35.5178
34041.9
32611.5
32679.1
32640.6
31180.8
28706.3
27034.4
25860
35872.4
33036.2
29419.2
33057.6
29084.4
30472.5
30139.4
27684.4
36251.9
32925.2
35104.6
31910.8
30283.1
31835.3
30149.7
27795.9
33721.2
31723.6
32490
31658.9
31290.8
29303.8
23881.4
21436.8
32730.8
33977.8
33480.5
30685
28359.5
31772.1
27787.4
26328.7
35128.3
32655.1
31000.9
34596.2
30190.9
30420
29007.8
23385.6
32171
33462
30635.9
31897.8
29685.7
32740.3
28300.9
27973.4
34946.9
30461.3
29556.3
31889.6
28497.8
30558.7
26497.3
32800
32361.5
34304.6
31078
29776.9
29820.4
27186.8
25946.7
31765
35529.9
33627.6
33578.4
31155.2
27830.8
29583.4
27541.2
29987.7
38580.9
31341.9
33810.8
30710.2
32576.7
28971.9
30816.7
35562.6
26644.1
34477.7
34099.6
32761.5
31704.6
29640.3
30498
33368.2
36931.8
34939.8
35508.1
28258
31664.9
31087
29340.6
31545.9
31779.4
33923.5
30131.2
31287.4
28346.9
30311.9
26630.8
24349.8
29121.6
31619.1
34430
33819.8
31111.5
28446.3
30623.6
28124.4
36318.6
28854.2
30453.3
27055.3
29017.4
30719
26201.1
27864.3
35619.9
32214.4
32676.4
33262.6
34490.3
34532.3
32307.6
29597
30409.9
33993.3
33432.7
34837
31959.7
30894.8
27185.1
27448
34584
33572.7
33231.8
34879.2
28676.3
30749
29147
27373.4
25638.9
35972.1
31943.8
30533.8
28024.1
28204.1
28780.6
25895
33604.3
35679.9
33548
28981
34721.5
31493.8
29818.6
28138.2
30881.6
33869.1
29143.9
32588.1
31268.1
32597.7
30317.8
28847.5
30931.8
33656.8
33462.9
29546.2
29728.2
28223.6
26805.5
26229.5
34172.1
32816.9
34138.8
30541.2
33908.9
30819
30037.6
25730.1
32147.1
34132.7
30446.5
28758.1
28609.8
25765.7
31888.7
27829.9
31655.3
35128.7
31374.3
30565.6
24170.3
29081.3
28062.1
25034.2
32510.1
34038.4
30701.8
32309.8
34234.5
33676.8
33142.9
28109.8
34013.9
31341.7
35322.6
30238.1
30546.4
28772.9
25752.8
29375.7
30603.1
30638.5
31680
29209.6
27871.3
30787.6
28896.1
26723.9
35454.4
33375.1
34969.8
33606.3
27856.5
30483
31120.9
26079
31646.8
35810.9
32586.9
31350.7
27888.7
29275.5
26653.5
28358.5
33222.1
31196.7
30622.5
29357.4
31501.5
25899
33353.9
23832.9
30599.7
31753.5
30183.4
32406.4
28032.1
29330.3
28763.9
23970.1
32770.7
33306.1
28712.5
29010.6
27811.8
30368.8
23929.4
27028.7
35896
35296.7
30338.7
33360.4
34312
28624.4
31583.6
28195.3
31762.7
32054.9
34250.1
28570.7
31815.7
30506.9
31761.7
21608.7
32271.4
37590.8
34088.1
30259.4
33114.4
26986.9
25983.1
22666.8
32829.7
29150.5
34248.3
31369.9
30662.4
26904.2
28365.1
29580.1
35073.4
31562.5
29106.1
30038.2
28489.1
28026.7
24267.6
35285
35804.5
35105.7
36142.5
34531.1
28084.4
32400.4
27636.7
22036.6
33162.9
32001.7
36451.4
29139.4
33512.9
31018.6
32821.9
31132.6
23687.6
30380.4
28218.9
31772.4
27370
28368.8
27357.8
29189.1
34921.4
29154.2
24979.5
31248.3
29525.2
31285.7
30280
29411.3
36073.4
36319.5
32228.4
32944.2
30191.1
27563.8
27796.5
24772.4
34328.2
31574.4
30862.1
34381.9
30219.3
32720.4
32652.2
34696.2
29174
34625.4
34372
28875.1
31236.6
29393.7
28485.3
30659.5
34337.8
28789.8
30176.3
28846.8
27950.9
29298.7
24603.5
24551.7
32142.8
37416.3
32722.1
35540.4
28739
30977.6
28236.8
28808.6
30583.6
30680.8
34616.4
34954.8
30551.6
27893.6
28938.9
27204.2
32158.9
35251.9
31832.6
35076.8
36223.9
32025.7
31958.8
26881.6
17231
16749.2
16804.5
16489.9
15919.2
14689.3
13795.4
13189.9
18434.9
17043.6
15248.6
16989.3
14596.3
15361.5
15526.3
14200.1
18343.6
16998.8
17893.7
16289.9
15430.4
16118
15404.9
14011.1
17414
16253.6
16613.2
16212.8
15750.1
14743.5
12063.1
10907.6
16745.8
17581.8
17354.1
15760.6
14380.3
16228.1
14132.8
13308.5
18030.6
16663.7
15912.8
17521.4
15383.8
15618.4
14624.7
11841.9
16296.8
16963.2
15688.2
16295.7
15061.3
16850.2
14302.9
14306.8
17875.6
15747.4
15114.9
16610.7
14668.4
15563.9
13349
16956
16483.5
17920.7
15885.7
15326.8
15244.8
13723.2
13230
16093
18298
17078.3
16972.5
16195.9
14180.9
15098.2
14029.2
15512
19967.9
16009
17270.3
15613.1
16603.5
14754.7
15763.9
18439.2
13607.6
17491.8
17696.2
16997.2
15968.7
14960.4
15465.8
17078.9
18971
17890.3
18147.5
14470.3
16145.2
15611.4
15084.5
16199.1
16449.6
17535.3
15495.1
15996
14620.1
15098
13545.5
12336.5
14975.1
16222.1
17865.7
17520.3
15810.1
14411.4
15647.1
14188.5
18701
14690.2
15331.9
13842.9
14860.6
15759
13427.4
14393
18286.8
16375.4
16760.5
17116
17475.3
17528.4
16429.5
15079.5
15501.3
17297.4
16931.8
17859.8
16500.5
15821.4
13646.3
14046.9
17830.8
17202.4
17110.1
17717.4
14537.1
15632.8
15107.3
13850.3
13198.3
18602.2
16525.5
15457.5
14383.2
14382.1
14770.3
13060.4
17105.5
18398.8
17275.6
14766.4
17845.6
15934.6
15156.3
14274.2
15939.8
17371.3
14968.8
16672.5
15835.2
16862.6
15461.9
14682.8
15797.8
17294.6
17286.3
15053.1
15352.8
14389.8
13723.5
13210.3
17603.1
16858.5
17608.9
15563.4
17015.9
15802.9
15271.2
13110.9
16668.4
17440.3
15577.1
14655.4
14434
13291.9
16307.7
14200.4
16164
18015.4
15821.8
15706.5
12294.7
14667.8
14376.2
12824.4
16600.8
17419.8
15844.7
16394.3
17366.7
17268.8
16974
14261.2
17450.8
16035.7
18216.8
15410.4
15767.1
14719.7
13237.9
15012
15766.5
15444.8
16056.8
14979.4
14271.8
15875.3
14953.9
13738.1
18172.8
16943
17888.8
17412.4
14194.4
15481
15790
13233
16221.9
18263.5
16574.1
15954.7
14299
15082
13600.7
14402.7
16928.4
15811
15502.3
15218.8
15943.7
13260.3
17144
12089.1
15613.9
16455.7
15447.5
16541.5
14265.9
14926.2
14683.5
12018.1
16912.2
16802.4
14778.1
14481.6
14267.9
15412.6
12063.6
13607.1
18551.7
18183.4
15588.1
17271.5
17367.2
14563.6
16141.2
14382.9
16247.3
16216.5
17268.7
14655.1
16256.5
15555.2
16230
11020.2
16418.5
19266.2
17257.5
15503.7
16930.1
13795.9
13212.4
11528.6
16621.7
14975
17664.6
15969.9
15827
13544.9
14548.3
15179.1
18261.6
15972
14774.3
15442.5
14663.6
14282.8
12289.7
18286.8
18253.6
17877.6
18210.1
17647
14253.5
16347.2
14074.1
11363.1
16869.9
16330.3
18750.5
15078.4
17192.5
15844.8
16921.8
15912.5
12096.1
15607.1
14553.7
16204.5
14012.7
14297.7
13896.1
14951.6
17972.1
14824
12709
15796.2
14991
15944.4
15463.2
14823.6
18347.4
18729.1
16298.9
16952.8
15185.9
13995.7
14367.1
12569.8
17246.1
15970.9
15783.3
17759
15619.7
16726
16547.5
17784.6
15049.1
17819.3
17431.6
14853.6
15886.9
14994.2
14649.1
15593.7
17480.2
14966.1
15485.1
14821.9
14454.3
14994.8
12597.9
12526.7
16399.4
19092.3
16636
18148
14523.8
15744.9
14282
14600.6
15673.3
15777.1
17713.3
18085.2
15534.3
14100.1
14716.6
13740.9
16392.2
17965.7
16004.6
18216.9
18505
16427.2
16421.4
13702.1
11651.1
11221.1
11232.8
11121.8
10590.5
9902.93
9241.48
8795.85
12360.5
11398
10201.6
11377.5
9842.46
10304
10451.2
9507.15
12320
11405.8
12007.6
11010.5
10358.9
10837.8
10356.1
9384.88
11609.1
10833.1
11163.1
10876.8
10667.4
9893.8
8164.78
7323.9
11316
11785.9
11567.4
10546.1
9677.42
10881.7
9512.91
8977.39
12108.8
11154.1
10672.5
11773.8
10282.4
10520.6
9764.84
7967.13
11028.1
11434.7
10572.6
10887.3
10184.7
11313.5
9608.75
9566.4
11945.1
10559.8
10148.3
11077.4
9862.09
10484.4
8986.87
11352.5
11089.1
11963.8
10667.9
10233.5
10186.7
9162.82
8885.1
10780.5
12309.5
11445.9
11479.3
10848.5
9542.36
10160.2
9386.68
10375.2
13436.4
10706.4
11551.4
10542.7
11102.5
9951.87
10581.4
12419.1
9130.39
11733.1
11893.9
11300.1
10743.2
10072
10374.5
11441.2
12771
12068.2
12263.9
9701.64
10892
10487.5
10082.6
10866
11035.8
11818.8
10363.9
10699.1
9786.88
10174
9113.27
8303.49
10079.1
10906.4
11984.3
11761.4
10593.6
9702.21
10555.1
9497.06
12550.8
9869.89
10273.8
9320.14
9955.55
10582.2
9014.82
9660.28
12259.8
10930.8
11279
11414
11793.2
11807.5
11074.2
10071.2
10464.2
11614
11490.9
12063.8
11031
10603.5
9252.62
9369.69
12010.3
11524.4
11504
11862
9727.78
10541.8
10035.9
9297.01
8856.4
12474.5
11061.3
10419.3
9640.14
9624.93
9939.08
8742.46
11537.9
12369.6
11578.5
9924.26
11993.8
10710.1
10160.8
9528.7
10661.6
11686.4
10097.4
11208.3
10649.8
11310.8
10426.6
9886.95
10568.5
11643.2
11663.4
10159.2
10247
9652.12
9223.5
8934.8
11771.3
11382.2
11849.6
10389.2
11421.2
10566.1
10245.8
8758.08
11162.9
11643.9
10463.9
9849.08
9740.26
8888.09
10928
9533.02
10824.9
12123.6
10651.4
10525.3
8178.27
9844.82
9609.38
8708.03
11084.4
11755.8
10563
11058
11691.2
11566.9
11401.8
9592.31
11770.1
10759
12188
10292.4
10574.5
9854.64
8843.44
10067.3
10526.5
10383.2
10819.8
10135.5
9592.12
10645.8
9985.22
9207.42
12211.3
11429.2
11981.6
11768.5
9480.11
10376.4
10626.7
8876.03
10926.4
12284.8
11115.9
10724.6
9645.86
10079
9075.28
9651.83
11350.9
10615.5
10441.5
10243.6
10639.4
8957.14
11579.4
8066.6
10446.5
11024.3
10365.4
11081.9
9552.46
10016
9778.97
8052.94
11371.2
11290.8
9855.41
9758.05
9540.71
10348.1
8080.55
9177.45
12599.7
12244.3
10478.7
11517.5
11637.4
9836.61
10786
9592.75
10949.1
10943.1
11640.8
9805.08
10855.9
10366.9
10913.7
7396.46
11036.7
12986
11573.8
10349.5
11311.6
9235.84
8871.16
7717.82
11223.8
10062.5
11865.7
10635.4
10558.1
9152.86
9701.47
10148.2
12159
10675.6
9962.7
10343.9
9830.76
9550.5
8209.3
12298.6
12345.3
12039.8
12292.7
11838.5
9577.52
10964.4
9471.5
7556.7
11344.7
10979.3
12635.5
10109.9
11656.9
10630.9
11375.8
10690.8
8068.17
10375
9712.7
10870.8
9331.74
9601.26
9351.85
9983.12
12046.6
9892.08
8534.95
10544.8
10015.4
10708.7
10365.6
9951.48
12360.1
12522.4
10921.2
11405.6
10165.4
9435.74
9641.2
8442.71
11608
10728.5
10629
11895.3
10480.6
11265.1
11198.3
11945.9
10099.1
11885.9
11759.9
10008.4
10698.4
10122
9818.54
10431.8
11748
10032.3
10432
9908.98
9710.89
10050.7
8382.32
8380.49
10929.1
12847.7
11182.3
12207.3
9798.83
10553.1
9514.63
9854.73
10504.3
10581.6
11895.9
12063.4
10456
9498.42
9914.17
9293.77
10993.5
12004.9
10716.6
12247.9
12482
11065.6
11041.7
9218.52
2
131072
393216
3
1
3
32768
163840
327680
1
2
3
400
10.6566
10.4956
10.9836
11.0917
11.0675
11.1197
11.175
11.7466
10.3883
11.0489
10.8327
11.9256
11.9664
11.3141
14.0507
13.01
10.7595
10.9284
10.5676
10.1876
11.3879
13.5042
12.1452
13.7436
10.9776
10.9142
11.946
12.0518
10.94
11.4623
12.6955
13.4794
11.2729
11.4714
12.3301
10.5315
12.5071
11.7195
13.7369
16.5929
9.72751
10.949
10.4417
11.6808
10.6715
12.283
10.9439
13.0565
10.1875
11.5975
11.2877
12.3389
12.3587
12.9913
13.612
12.4598
10.3425
10.6291
11.1779
11.7864
12.4231
12.5579
14.2038
10.9866
11.8463
9.9696
11.2842
11.7761
12.5642
10.4761
12.2773
15.7136
11.9985
11.7843
10.7849
12.0818
13.4315
11.4022
11.983
11.5022
10.4494
11.9068
11.834
11.1928
12.7433
12.6431
15.0111
13.596
11.4331
11.174
11.1104
12.2573
12.3905
11.7504
11.6332
15.0936
10.9373
10.3372
11.0111
10.7885
11.0449
10.6868
12.3069
14.3688
10.3029
10.1898
11.1526
11.2832
11.774
11.5337
12.6324
13.6814
12.7386
10.75
10.3811
11.7899
11.3631
12.5163
13.1851
10.9477
12
11.211
11.4165
11.9542
11.7278
12.3267
13.0822
11.0334
12.9236
11.4796
10.7459
11.6923
11.2534
12.0457
13.2406
10.5369
10.952
11.6457
10.4493
11.8687
11.1677
12.2793
12.2686
13.1825
16.14
10.2389
11.6402
11.8879
11.4739
10.0577
14.1365
11.7868
11.7716
9.79055
10.8136
12.4181
11.9043
11.858
13.9012
11.8261
18.7721
9.93707
11.6433
11.3725
10.4469
12.0384
12.9966
14.103
12.3242
10.825
10.8658
13.6211
11.9673
12.3821
16.5006
11.5729
12.5456
10.9068
12.0873
12.5185
13.9314
14.8711
11.0519
12.0059
12.3386
12.8222
12.5952
12.9215
10.7682
11.0266
11.1622
10.5607
11.0857
12.5624
12.2007
12.024
13.2748
14.5669
13.5861
15.517
15.0824
10.7266
10.4469
11.4375
10.9464
10.2429
11.6092
13.603
13.3545
11.0812
11.6499
12.5315
12.5601
11.3076
11.6622
14.2994
14.8139
10.9065
10.6288
11.7025
15.184
12.6069
12.5912
12.1707
13.3956
9.98374
12.9764
13.7019
11.9315
12.1836
12.3929
12.6767
13.7191
11.3703
14.6661
11.716
11.7437
11.3619
12.0358
11.6758
12.0978
10.8626
10.5723
11.4486
12.122
12.6089
12.5065
13.4019
13.7344
11.1682
11.3367
10.1185
11.8832
12.3234
12.0846
12.2391
13.9311
10.38
10.9827
11.0316
11.6312
12.4857
10.6753
13.2885
15.4178
11.9775
11.9868
12.4988
11.0666
12.9902
10.6254
12.5015
13.6347
10.5412
12.7229
11.0508
12.12
11.3304
11.5074
11.4816
13.9562
10.5686
11.4663
11.7655
11.7761
10.7301
13.3509
14.1364
14.6535
10.6466
10.9019
11.8159
12.4237
12.8712
12.8531
13.6498
14.9406
10.1371
12.7286
11.5216
12.3951
12.7334
12.8618
11.2877
13.9696
11.2863
10.669
10.2896
11.6093
11.8059
11.8462
11.8447
12.9005
10.7173
10.7242
10.251
11.0824
12.1311
12.2578
12.1346
15.046
10.4784
10.9748
10.7498
11.721
12.9725
11.8577
12.0832
12.8777
11.1089
11.764
11.2494
12.059
11.5959
13.7223
14.5597
12.2288
12.0391
11.9334
10.5107
11.1097
12.5769
11.0654
14.321
13.2263
10.2604
11.5085
10.8389
10.9841
11.5564
12.9646
12.9339
14.1384
10.3106
10.922
10.9455
11.8189
12.9825
12.8977
12.5794
12.9352
11.9005
11.2247
13.9861
12.8648
12.4677
13.7988
12.357
14.3085
11.2559
11.3211
10.9949
11.4278
11.441
11.9986
12.9675
14.3156
9.66416
10.7269
12.757
10.9141
12.6693
14.2494
13.8409
16.6774
10.624
10.5014
11.4886
10.4057
12.3554
13.4103
10.6722
13.5451
12.7265
12.8032
11.2262
12.0822
12.23
15.2625
13.135
29.6058
29.1084
30.7521
30.8311
30.7078
30.9808
31.2018
33.0453
28.7867
30.856
30.2246
33.3766
33.4577
31.7275
39.7051
36.8504
29.9035
30.3484
29.593
28.3402
31.7112
38.4639
34.2363
38.8463
30.6219
30.2916
33.4432
33.7761
30.5411
31.9739
35.8393
38.0666
31.2485
32.1784
34.7125
29.3995
35.1409
32.873
39.0606
47.1901
26.7502
30.6135
29.026
32.657
29.796
34.5939
30.4384
37.0329
28.2913
32.428
31.5815
34.8893
34.7922
36.5903
38.6541
34.9549
28.8569
29.5962
31.1615
32.9447
34.8958
35.5112
40.4505
30.6794
33.1384
27.6705
31.4942
33.2041
35.4197
29.0308
34.4781
44.9023
33.5799
33.0926
30.0847
33.9115
37.9321
31.7637
33.4425
32.2176
28.8754
33.4491
33.1093
31.0989
35.796
35.5851
42.8797
38.374
31.9398
31.2616
30.9276
34.5535
35.0316
32.8933
32.6914
43.0371
30.3717
28.5186
30.8426
30.1498
30.8376
29.7726
34.7557
40.7897
28.468
28.2688
31.1489
31.5565
33.1135
32.1412
35.7094
38.7687
35.9124
29.7701
28.9159
32.9262
31.717
35.1536
37.2442
30.6789
33.7239
31.2668
31.8091
33.5903
32.8515
34.5707
36.985
30.9176
36.3194
32.2402
29.8095
32.8803
31.2666
33.6868
37.5466
29.3345
30.447
32.6916
29.2237
33.5016
31.2042
34.5117
34.6654
37.1638
46.477
28.3117
32.724
33.4966
32.038
27.9184
40.0651
33.1401
33.0615
26.9831
30.3142
34.9063
33.3554
33.2854
39.3517
33.2299
53.8385
27.4342
32.7275
31.7646
29.1265
33.8148
36.6052
40.2041
34.545
30.2046
30.3012
38.4532
33.7548
34.9157
47.3956
32.4089
35.1605
30.5133
33.9706
35.3581
39.4696
42.3716
30.8451
33.7844
34.5641
36.2275
35.475
36.2518
29.9444
30.7354
31.1389
29.2875
30.8709
35.3312
34.2487
33.595
37.5316
41.3141
38.3717
44.4008
42.8221
29.8797
29.0568
32.0668
30.549
28.4492
32.5722
38.7164
37.9402
30.9593
32.5667
35.4017
35.2003
31.4941
32.6977
40.4334
42.1517
30.2865
29.5232
32.7871
43.4987
35.3191
35.5287
34.1343
38.0001
27.6713
36.8132
38.6843
33.5776
34.3246
35.0408
35.7599
38.8423
31.8198
41.5977
32.8458
32.9149
31.7605
33.7784
32.6715
34.0225
30.1962
29.528
32.0528
34.0283
35.5133
35.1885
37.8931
39.0715
31.1695
31.8332
27.9884
33.5573
34.5318
33.8107
34.3633
39.3667
28.7461
30.5742
30.8769
32.642
35.178
29.722
37.5799
43.8377
33.5375
33.7428
35.2602
30.8645
36.4739
29.5824
35.3185
38.4937
29.3466
35.7383
30.9078
34.0543
31.7279
32.1681
32.1109
39.3923
29.4589
32.1037
33.1418
33.1034
29.8141
37.6877
39.8724
41.8248
29.705
30.3374
33.1647
35.1048
36.5682
36.2778
38.6512
42.5896
28.0851
35.8162
32.3366
34.8426
35.8312
36.5133
31.3655
39.4189
31.648
29.7231
28.4697
32.3749
33.1735
33.3211
33.4427
36.3025
30.0244
29.9229
28.325
31.0093
33.9831
34.2738
34.0775
42.817
28.983
30.6008
29.9278
32.7408
36.6526
33.1514
33.6579
36.3572
30.9636
33.005
31.3513
33.9602
32.5417
38.7362
41.135
34.4259
33.7255
33.4523
29.2317
31.0064
35.391
30.9224
40.5214
37.4672
28.3127
32.0838
30.1277
30.3666
32.4584
36.7371
36.4501
40.1239
28.6209
30.4868
30.4836
33.1843
36.5138
36.2423
35.2097
36.3876
33.5402
31.3413
39.627
36.2265
34.9702
39.0917
34.7551
40.7067
31.4903
31.7474
30.5638
31.97
32.0703
33.8128
36.5521
40.5741
26.8632
29.7903
35.9977
30.6375
35.7354
40.4456
38.9876
47.5064
29.4147
29.2975
32.2509
28.9558
34.9099
37.7175
29.6075
38.1149
35.9847
36.1262
31.4622
33.9804
34.5401
43.5349
37.1709
63823.5
64742.1
61793.3
61775
62334.2
61172.2
60999.5
58107.8
65692.7
61300.7
62338.5
57150.1
57043.3
59998.6
48388.9
52074.2
62940
62206.8
64042.1
66385.3
60135.6
50007.6
55707.5
49198.7
61974.9
63012.8
57036.4
56273.9
62577
59555.9
53226
50736.5
60649.5
59448.4
55300.4
64453.3
53988.8
57807.2
49395.2
41176.7
70455.8
61969.4
64868.4
58255.6
64024.2
54928.5
62014
51655
66840.9
59085
60054
54858.4
55132.5
52559.1
49766.3
55067.3
65412.3
64295.3
61057.3
57700.7
54720.3
53828
47589.5
62447.7
57268.5
68417.9
60382.9
57530.9
54314.9
65121.7
55878.9
43488.3
56999
58066.7
63278.7
56938.6
50881.8
60037.6
56792.9
58680.2
64802
57408.6
57044.1
60636.7
53558.7
53339.2
45113
50008.3
59669.1
60960.7
61061.3
55429.2
55066.4
58145.5
57811.5
44320
62260.1
65730.3
62129.6
62878.2
61904.1
63452.1
55274.7
47351.2
65956.9
66793.5
60789
59778.8
57855
59096.6
53889.1
48742.9
53452.1
63166.8
65286.5
58057.7
60074.7
54049
51335.5
62082.8
57326.9
60707.3
59936
56914.2
57862.6
55900.1
51908.2
61845
52780.8
58761.7
63250
57561.1
61053.9
56942.1
51309.7
64877.1
62586.4
58885.3
64758.5
57821.9
60829.9
56058.8
55030
51437.7
41927.6
66774.4
58487.6
57210.6
59109
67580.8
48025.6
57256
57787
70015.9
62194.1
54947.9
57610.5
57486.1
48900.7
57445.1
36521.5
69461.5
58749.6
60088.1
65145.9
56904.2
52315.8
48002.7
55634.5
63013
62438.2
50059.8
56866.9
54851.2
40908.8
58556.2
54226.3
62177
56479.5
53761.4
48854.4
46031.8
61626.3
56253.4
55225.2
53508.8
54484.8
52865.9
63317.6
61947
60640.9
64948
61813.4
53544.8
55779.7
56620.9
51307.8
46571.5
49874.8
43615.5
45035
63313.6
65089.2
59381.9
62210.2
66883.7
58370.3
49823.7
51173.9
61073.8
58305
53895.1
54083.9
60014.2
57037.9
47225.6
45598.2
62414
64353.1
57974.1
44623
54402.9
53925.1
55799.9
50221.9
67927.2
52020.1
49177.1
56729.3
55702.1
54613.7
53524
49641.4
59685
46392.5
57856
57981.9
59498.8
56578.3
58601.3
56184.4
62351.8
64429
59219.8
55746.5
53776.3
54244.6
50593.9
49793.5
60717.6
59926.4
67749.5
57090.5
55559.4
56592.7
55512.6
48746
65300.4
61778.8
61387.7
57808.1
55022
63505
51098.3
44020
56826.7
56275.5
54550.8
62060
52500.6
64035.2
54331.1
49982.3
65077.1
53615.1
61393.9
56065
60399.1
58870.3
58758
48795.6
63820.3
59770.8
57777.9
57248
62698.2
50751.3
48269.4
45991.5
64090.8
62706.3
57072.2
54146
52953
53153
49607.8
44922.7
66762.9
53348.5
58580.6
54877.4
53345.6
52465.7
61384.8
48987.6
59873.3
63711
66546.5
58875.6
57803
57013.9
57094.9
52858.5
63278.9
63674.1
67106.7
61407.8
55810
56200.8
55895.9
45086.4
65780.1
61839.5
63321.2
57968.1
52067.5
57428
56543.8
52507.2
61717
57692.5
60392.8
56330.7
58107.8
49390.2
47213.7
55639.4
56504.8
57577.1
65050.1
61114.6
54282.4
61279.7
47877.9
51135.4
66731.7
58837.7
63314.8
62278
58734.7
52403.3
51993.7
48287.8
65570.3
61904.7
62175
57537.4
52171.7
52802.5
54841
52689.2
57236.2
61417.5
48327.8
52774.4
54503.8
49441.2
54883.4
47348.4
60574.5
59757.1
61750.2
59698.9
59418.7
56781.3
53025.1
47640.6
69999.7
63490.2
52927.6
62332.3
53700.9
47776
49474.7
40852.1
64702.2
64781.6
58719.9
65796
54524.9
50765.4
64391.3
50086.7
52872.4
52223.8
60058.3
56641
55021.5
44186.4
51583
32623.3
33114.1
31573.2
31411.9
31430.6
31180.6
31059.3
29409
33612.2
31272
31988.5
29135
29120.8
30672.1
24595
26536
32270.1
31996.4
32656.2
34216
30506.7
25307.1
28459.7
25138.5
31639.8
31896.3
29139.4
28850.6
31832.5
30304.9
27211.8
25652.9
31048.4
30178.3
28074.6
32814.6
27839.2
29436.4
25054.9
20770.8
35996.6
31806.9
33403.8
29730.9
32608.7
28294.5
31760.7
26462.9
34124.3
29953.9
30746.4
27919.9
27983.3
26620
25258.3
27773
33639.5
32685.8
31091.6
29421
27884.4
27437.8
24267.2
31601.6
29273.6
35012.8
30803.2
29348.6
27404.9
33379.7
28255.9
21905
28850.5
29492.9
32205.2
28639.8
25698.6
30617.6
29024
30264.2
33448.5
29129.3
29397.1
31193.3
27295.9
27492
22934.9
25522.8
30609.7
31190.1
31378.1
28189.1
27690
29625.2
29738.1
22740.6
31943.1
33725.6
31531.4
32163
31415.7
32553.2
28171.8
24074.4
33994
34138.2
31041.3
30752.6
29358.5
30089.5
27338.3
25246.3
27260.1
32489.5
33437.7
29617.5
30682.4
27749.2
26289.5
31587.3
28851.5
30984.4
30513.2
28969.4
29623.9
28010.8
26465.5
31494
26803.8
30203.1
32536.8
29647.6
31083
28723.7
25974.2
33001.5
31890.9
29644.7
33286.2
29127.8
31026.2
28180.9
28081.9
26369.3
21127.5
34011.8
29574.3
29076.5
30315.2
34605.8
24454.6
29408.2
29296.2
35806.2
32011
27830.8
29161.3
29119.9
24791.1
29185.7
18242.8
35027
29689.8
30564.6
33231.7
28981.5
26654.1
24450.2
28127.1
32005.9
31970.5
25401.1
28855.7
27952.7
20790.6
30043.8
27700.4
31841.5
28710.3
27500.1
24749.6
23091.9
31417.6
28815.1
28108.7
26926
27414.5
26837.1
32309.7
31586.4
31202.6
33097.7
31525.1
27722.7
28405.9
28868
26050.5
23617.2
25344.3
22191.3
22899
32469.9
33244.4
30351.4
31755.6
33908.1
29976.8
25165.5
25795.8
31386.1
29735.4
27648.4
27744.6
30776.9
29699
24114.4
23187.2
32037.9
32771.3
29676.4
22598.6
27494.5
27509.9
28491.7
25602
34895.7
26523.7
25202.6
28884.2
28462.2
27916.2
27256
25115.8
30602.6
23611.7
29524.7
29527
30412.6
28795.9
29818.3
28635.2
32095.1
32974.4
30360.4
28582.1
27523.6
27802.7
25852.1
24944.1
31099.3
30495
34434.7
28986
28281.4
28764.3
28296.6
24881.8
33583
31578.6
31394.4
29851.9
27703.8
32654.2
25946.3
22409.7
28963.9
28819.4
27657.1
31408.7
26624.4
32720.4
27611.9
25334
32857
27341.7
31321
28576.6
30593.7
30259.1
30112.4
24817.4
32878.6
30201.4
29403.5
29342.5
32560.5
25889.8
24459
23406.3
32564.7
31863.6
29237.4
27794.4
26667.1
26894.3
25453.2
22993.5
34444.8
27200.7
29994.8
27989.3
27111
26723.8
30939.9
24776
30684.3
32572.3
34052.3
30027.1
29370.3
29115.4
29157.7
26778
32314.7
32343.1
34128.1
31331.4
28612.3
28423.4
28395.6
22923.2
33408.3
31742.6
32357
29662
26582.3
29216
28763.4
26884.9
31476.4
29513.5
30909.2
28637.1
29894.1
25217.3
23795.9
28316.9
28892
29008.9
33050.3
31188.1
27633.3
31313.7
24143
26144.9
34114.9
30336.2
32121.8
31762.3
30031.9
26472.9
26826.6
24372.7
33826.8
31906.5
31673.1
29241.8
26642.2
26836
27608.6
26793.9
29062.7
30960.2
24687.6
26977.7
27806.3
25099.9
28000
24055.2
30870
30562.1
31751.4
30238.6
30336.2
28818.2
26765
24065.2
35946.8
32425.5
27049.1
31617
27203.9
24127.9
25121.3
20716.3
32981.8
33067.7
30212
33364.1
27981.8
25873.7
32768.1
25617.4
27112.6
26915.1
30858.6
28663.1
28214.4
22458.7
26313.8
21956.9
22263.7
21266.9
21065.6
21106.6
21036.4
20828.6
19734.7
22554.3
21111.7
21515.7
19532.9
19455.5
20585.6
16492.9
17727.7
21745
21347.3
22019.8
22922
20503.7
17077.7
19041.4
16913.8
21216.4
21437.1
19549.2
19307
21316.6
20402.2
18206.1
17177.5
20758.7
20250
18804.8
22119
18548.4
19864.1
16789.5
13947.1
24139.6
21303.3
22371.5
19976.2
21844
18903.3
21359.9
17689.5
22976.2
20064.3
20614.7
18752.6
18788.2
17779.8
16945.4
18649.7
22531
21904.8
20904.5
19783
18753.5
18420.9
16265.5
21219.4
19676.9
23399.7
20696.9
19652.8
18444.7
22308.1
18952.4
14650.2
19385.6
19712.3
21633.7
19191.6
17233.1
20461
19510.1
20209.5
22455.1
19513.7
19695
20908.6
18296.1
18354.5
15311
17053.6
20407.2
20875.9
20968.2
18860.5
18661.9
19799.9
19947.9
15266.5
21401.9
22717
21135.2
21581.9
21137.7
21845.2
18809
16065.6
22694.3
23018.9
20886.6
20591.9
19746
20243.6
18235.3
16919.6
18204.7
21701.4
22441.1
19800.2
20543.9
18575.7
17560
21247.3
19360.1
20813.8
20428.3
19462.8
19801.2
18878.8
17734.5
21097.3
18008.2
20236.6
21762.4
19836.6
20797
19346.4
17427.6
22151.6
21264.2
19924.7
22270.7
19549
20865.7
18818.5
18845.9
17598.8
14231.3
22953.7
19954.8
19504.3
20342.9
23290.8
16342.9
19673.5
19722.5
23924.9
21513.3
18713.4
19539.1
19614.3
16626.7
19665.6
12228.1
23610.9
19922.5
20491.8
22355.4
19311.2
17867.6
16355.1
18852.6
21531.3
21459.1
16998
19339.5
18699.6
13905.2
20051.6
18594.3
21415.8
19283.7
18463.8
16595.8
15541.1
21111.4
19380.1
18827.2
18064.7
18434.9
18039.4
21729.5
21144
20945.2
22164
21061.5
18507.6
19086.9
19436.5
17462.7
15892.3
17044.2
14832.7
15314.9
21748.7
22348.4
20331.6
21293.5
22828.2
19986.6
16901.4
17215.6
21048.2
20000.3
18459.7
18574.2
20599.9
19922.9
16206.2
15632.3
21350.3
22010
19961.9
15128.6
18505.1
18416.5
19135.3
17240.4
23523.9
17779.4
16888.5
19484
18996.5
18638.4
18236.8
16816.3
20426
15779.6
19849.9
19816
20542.7
19342.6
19903.6
19240.7
21546.1
21993.8
20257.1
19183.8
18433.1
18580.2
17274.4
16822.3
20920.4
20499.2
23113.7
19415.7
18870.5
19300.4
18937.8
16626.2
22553.4
21327.5
21103.6
19964
18575.8
21839.5
17393.5
14993.6
19480
19386.5
18533.1
21088
17885.9
22040.6
18558.2
17016.9
22130.1
18263.9
21068.7
19143
20561.3
20208.9
20321.1
16647.4
22042.3
20328.3
19729.8
19690.5
21762.1
17359.8
16435.5
15709.4
21896.4
21373.9
19642.2
18603.4
17842.6
18042
16951.4
15436.6
23144.4
18165.7
20157.3
18723.5
18185.4
17957.6
20659.2
16630.6
20555.2
21890.1
22796.7
20040.2
19674.8
19599.2
19575.1
17973.9
21650.9
21702.4
22932.6
21048.3
19142.3
18979.7
19260.8
15327
22411.9
21208.3
21757.5
19883.1
17869.5
19681.7
19329
17951.4
21022.3
19793.9
20680.3
19193.3
20033.5
16955.4
15862.5
18953.3
19248.3
19423.7
22304.8
20955.9
18499.1
21080.7
16141.3
17456.2
22909.5
20241
21572.3
21301.5
20107.3
17807.1
17919.3
16343.8
22667.1
21343.3
21379.5
19667.5
17870.3
17998.6
18544.7
17983.9
19495.4
20771.1
16529.2
18017.9
18723.4
16777.3
18755.7
16037.4
20691.2
20546.1
21297
20337.6
20334.5
19303.2
17926.2
16190.1
24104.3
21868.7
18171.1
21325.7
18287.8
16224.6
16744.8
13823.6
22000.6
22214.9
20195.5
22452.4
18680.2
17351.1
21868.4
17174.7
18183.4
18130.8
20667.6
19161.5
18909.1
15090
17619.3
