2
300
700
3
1
1
990
1
1000
299
291
295
300
300
301
300
299
301
301
292
301
301
298
298
293
256
287
300
298
301
286
301
293
301
301
291
298
301
300
294
293
299
299
296
293
301
296
301
290
294
284
290
301
300
291
295
299
301
301
299
292
297
297
301
291
276
287
295
287
289
291
301
291
300
300
299
293
294
300
301
299
301
300
299
284
296
293
301
301
278
292
280
297
300
277
298
298
301
298
300
292
298
286
287
298
288
292
298
300
276
301
301
300
294
291
299
294
295
296
288
293
292
301
294
298
301
301
301
296
298
296
296
294
289
301
300
297
299
301
295
290
296
300
291
301
295
264
291
301
301
299
297
295
297
301
282
301
299
301
288
301
295
300
300
294
285
286
296
298
300
291
297
296
277
297
291
264
297
298
283
276
299
285
301
298
301
297
299
288
294
297
301
301
297
297
301
295
295
299
300
298
301
299
299
301
301
301
301
300
296
296
297
291
282
300
296
292
297
297
299
298
301
292
291
299
285
299
298
300
278
292
272
294
301
300
301
293
292
289
297
296
301
295
297
300
301
299
294
298
301
292
292
298
300
291
266
296
301
300
293
281
275
289
295
294
297
301
301
301
278
294
287
287
301
301
300
295
301
301
294
290
301
277
285
286
300
290
298
294
287
292
288
301
294
298
290
273
300
298
296
299
297
295
284
301
295
288
300
286
301
300
295
295
296
301
294
297
300
300
288
286
297
297
290
291
299
298
294
301
287
281
289
301
298
288
289
297
294
301
280
296
290
301
296
272
301
299
298
299
300
276
291
282
301
292
301
301
297
298
300
301
299
300
297
296
296
293
282
295
294
298
295
296
299
301
294
298
300
299
297
299
301
291
295
301
286
298
296
283
294
287
299
300
292
297
286
289
279
301
301
299
301
301
296
299
294
290
300
296
299
301
301
299
291
296
299
295
286
290
298
298
300
301
300
301
300
292
294
284
293
293
290
299
300
298
297
290
290
299
301
298
297
293
299
282
273
291
301
298
297
298
298
295
282
298
283
296
299
290
296
293
285
300
297
299
296
299
289
292
299
294
295
292
293
289
297
295
301
301
267
286
301
297
257
301
293
292
295
298
291
294
300
292
288
289
292
297
301
292
301
282
295
295
300
275
300
301
301
294
301
291
296
297
301
301
301
293
298
289
301
301
291
292
297
296
294
295
291
298
295
285
293
296
298
301
290
296
289
300
287
274
298
299
296
293
290
271
290
291
285
301
299
298
293
289
290
301
300
301
300
283
287
300
300
300
301
300
292
300
300
301
301
300
300
299
267
290
294
281
286
301
296
295
288
301
290
288
301
293
292
290
288
298
288
294
298
300
292
297
296
296
299
294
301
296
300
279
298
293
298
297
295
299
289
292
293
293
298
300
295
300
289
300
298
298
297
289
301
299
294
298
298
296
301
300
292
298
297
297
301
294
283
296
296
289
301
299
299
296
299
296
299
294
294
300
298
280
298
300
277
301
301
297
296
282
291
301
289
293
301
285
299
295
298
286
280
285
287
299
301
297
301
297
299
293
294
279
298
300
267
282
298
296
300
301
279
300
301
301
294
301
301
301
286
297
298
301
297
301
297
296
300
296
290
298
287
295
289
294
288
285
296
301
298
297
300
298
301
300
294
289
297
297
297
294
299
273
288
298
297
299
298
296
296
289
300
295
291
301
289
300
292
301
296
298
301
296
297
301
298
285
299
301
297
298
297
272
290
287
300
301
293
292
296
298
293
298
300
293
295
301
296
301
281
293
273
295
299
297
294
291
301
299
300
290
300
298
301
294
301
278
278
299
297
301
301
299
295
295
287
296
287
279
286
294
299
300
283
299
296
290
290
298
301
301
301
299
294
291
285
295
294
301
292
294
298
287
293
294
301
300
301
250
292
300
290
298
286
294
293
301
300
294
296
300
297
300
298
300
300
293
283
296
294
298
299
298
299
293
300
301
296
301
301
291
297
299
292
297
293
294
299
295
301
299
299
296
298
292
295
300
301
292
298
285
300
291
283
297
300
295
298
284
300
300
287
291
298
295
297
296
299
288
290
271
287
296
301
291
289
300
295
292
300
292
300
294
293
296
297
299
283
298
301
279
293
301
301
297
297
287
300
283
296
299
283
298
296
298
298
301
297
292
291
300
300
299
298
281
282
300
292
293
299
292
299
297
301
285
291
300
296
299
295
293
295
300
287
290
296
297
299
293
301
300
286
296
291
296
298
283
287
294
287
299
298
298
299
293
296
293
286
289
290
300
278
298
288
301
689
671
666
689
685
688
690
691
691
691
673
691
691
685
684
670
580
657
690
688
688
659
688
668
691
685
670
685
687
685
672
681
686
687
684
674
691
681
691
666
679
660
672
689
686
675
677
682
691
689
685
676
684
680
691
668
651
666
672
658
672
679
691
673
685
684
691
676
663
685
688
686
691
687
689
659
677
677
691
691
631
669
657
682
683
651
676
682
689
688
688
676
681
664
655
667
673
678
687
690
649
691
674
685
672
664
687
678
677
687
666
667
674
691
679
668
687
691
691
684
684
677
678
683
669
687
687
686
689
691
673
649
678
681
677
691
681
620
658
691
691
684
683
684
688
691
654
691
685
689
662
688
680
688
690
667
665
658
690
687
685
665
685
685
632
679
676
623
686
678
655
648
689
656
691
686
689
686
681
665
688
685
687
688
686
688
691
681
672
680
683
688
689
680
682
689
691
691
688
683
683
686
681
660
656
689
675
663
681
689
681
682
691
679
684
685
652
678
687
690
646
681
661
675
686
689
691
665
666
662
681
674
689
676
684
686
691
682
658
685
691
674
666
691
690
668
620
681
691
683
667
632
623
668
681
679
689
687
691
691
647
674
656
666
691
689
688
678
683
688
668
659
691
662
636
657
689
676
689
679
656
678
661
689
683
691
672
652
689
678
679
685
686
672
657
691
678
677
687
658
689
686
672
677
682
687
678
687
689
690
668
667
685
680
673
680
682
682
674
688
667
655
668
691
680
667
669
684
668
687
654
678
651
686
683
626
683
689
686
685
689
632
668
652
691
673
689
691
678
682
690
687
688
689
689
684
678
677
648
676
670
684
676
685
686
691
673
687
679
684
686
683
691
679
676
691
641
682
668
645
671
667
682
680
669
687
660
662
644
686
685
688
674
691
663
678
687
671
680
685
687
691
691
687
679
679
691
685
643
677
672
681
689
691
682
691
689
669
682
667
683
654
674
687
684
684
689
673
672
681
691
682
682
680
687
653
612
653
691
686
674
685
678
684
641
685
659
681
677
668
682
685
659
685
678
691
683
685
671
666
688
677
672
666
671
665
679
682
691
684
620
668
691
677
595
683
677
673
670
688
666
661
682
680
637
672
678
685
691
656
691
662
682
681
690
635
690
691
686
680
691
668
668
679
691
691
691
681
680
675
691
691
681
670
675
691
677
679
661
676
680
650
663
680
679
691
669
683
661
685
649
644
686
682
679
672
668
627
673
680
669
691
684
674
680
679
668
691
687
691
687
666
665
687
688
690
691
690
676
688
689
691
691
687
679
678
632
662
670
655
650
691
681
669
678
691
668
656
691
676
674
658
658
687
671
682
688
688
682
679
678
677
684
676
681
686
686
642
688
683
678
678
687
689
663
661
681
657
675
688
681
690
653
688
686
684
684
665
691
685
680
689
685
684
691
683
672
681
689
674
688
683
640
683
684
675
686
681
689
687
678
673
689
664
677
688
690
654
688
689
630
691
691
685
676
646
678
691
661
677
691
658
689
682
680
654
640
665
659
686
691
686
691
685
686
658
670
647
675
687
630
652
684
681
686
691
652
689
691
687
684
689
691
691
667
683
684
689
682
691
680
685
690
679
679
680
658
682
682
681
663
662
680
691
683
681
690
683
691
687
677
671
680
690
682
668
685
653
672
689
688
686
684
676
683
675
688
680
672
691
671
687
676
691
687
689
691
678
687
691
681
665
688
691
682
683
683
610
670
660
683
691
671
680
684
686
670
687
690
683
658
691
683
689
663
673
621
680
691
686
679
676
691
688
679
668
685
688
691
673
691
631
660
679
665
691
688
677
676
682
662
680
661
651
665
673
688
690
661
685
685
659
675
687
691
691
691
684
681
668
658
679
668
686
655
678
685
660
675
671
691
690
688
597
668
681
682
689
647
662
677
689
684
676
680
687
688
689
685
683
684
680
658
679
677
677
687
681
688
674
685
691
680
689
691
670
685
689
666
676
678
680
683
676
691
685
688
687
679
663
683
683
691
681
673
639
687
672
656
679
687
680
684
653
688
687
653
661
684
677
686
685
686
674
662
632
672
680
689
671
667
682
673
675
686
674
684
676
665
680
679
687
663
686
691
649
676
689
686
674
676
662
683
665
683
685
650
688
692
683
689
691
683
676
673
687
687
688
682
652
658
688
675
666
691
666
688
685
691
673
671
685
683
688
686
670
680
689
650
663
679
665
690
658
691
687
659
670
664
684
688
668
658
682
669
691
689
674
688
672
680
674
652
662
653
687
639
688
668
691
2
300
700
3
1
1
995
1
1000
277
301
300
297
287
263
297
293
293
263
299
288
294
293
298
294
290
298
286
295
294
298
297
296
301
301
299
293
301
295
279
281
299
299
283
294
300
291
300
268
300
291
297
285
289
273
300
291
283
301
300
293
284
300
300
300
292
298
270
291
300
273
301
267
278
299
261
289
301
296
295
296
291
295
296
276
293
274
300
297
287
287
293
301
273
300
295
288
282
294
279
298
297
298
300
259
295
260
297
296
300
282
273
285
287
300
301
301
280
295
276
280
280
280
297
300
291
289
273
291
299
293
295
280
280
280
285
297
299
284
301
298
301
301
293
273
293
301
268
294
294
286
285
278
294
297
301
279
291
296
299
289
269
295
295
301
280
284
281
276
239
288
301
292
300
299
298
295
301
292
278
246
299
291
297
295
282
280
297
295
283
299
289
284
301
288
292
261
267
297
280
294
292
255
300
278
299
272
282
301
299
301
291
296
295
297
301
294
301
290
293
287
262
299
292
280
289
297
269
270
288
294
293
284
296
288
295
298
299
274
278
275
300
298
295
296
290
293
294
295
301
299
299
283
298
299
299
286
297
292
301
272
283
297
301
276
291
296
291
297
286
270
271
295
284
290
291
286
294
288
254
295
296
288
299
299
298
299
291
282
276
301
285
292
292
292
285
296
295
280
293
298
282
276
300
301
290
296
295
296
300
299
295
297
229
291
297
278
262
295
294
298
221
249
301
293
301
301
289
301
300
297
275
295
276
259
296
287
294
286
288
276
296
287
301
298
291
277
282
299
293
297
301
285
277
248
300
288
285
298
298
289
300
301
289
301
281
293
277
290
292
278
301
274
287
291
300
298
295
280
287
300
288
295
273
301
290
278
301
294
301
289
286
276
283
297
300
301
295
290
289
274
290
286
294
280
300
292
295
299
289
268
300
289
250
300
301
301
299
299
268
288
263
295
284
297
300
294
301
280
301
288
266
283
295
300
300
301
294
301
299
295
289
298
270
292
261
277
301
276
288
288
290
284
282
282
298
298
273
269
265
299
300
298
296
291
301
292
288
280
300
294
267
293
265
294
282
300
271
281
255
288
295
261
289
253
294
280
293
300
297
295
287
297
297
291
280
299
298
301
292
279
299
282
283
283
288
278
292
301
270
292
290
268
301
236
282
289
301
289
298
286
296
295
297
276
299
295
287
269
301
287
293
301
294
301
295
289
299
294
260
295
283
297
298
297
299
300
301
288
301
297
290
298
295
297
296
300
301
301
292
296
291
279
298
301
279
292
290
280
296
296
300
282
276
272
288
300
290
283
293
290
300
299
298
300
270
288
285
286
295
288
281
282
295
293
297
293
278
294
301
279
300
283
300
291
299
301
283
258
295
299
283
290
282
297
300
299
299
299
287
296
291
297
272
295
241
283
299
300
264
274
298
281
289
301
301
274
296
223
296
297
295
296
292
294
299
287
291
285
300
299
284
296
301
292
283
285
268
279
226
288
301
296
273
295
288
301
294
272
286
290
267
284
291
300
301
301
295
251
267
292
281
296
285
288
293
286
293
294
301
293
296
297
289
285
292
297
275
294
267
293
284
295
301
296
301
299
301
264
288
275
272
299
289
285
295
299
298
299
263
294
297
299
291
301
281
300
294
283
286
292
301
291
277
298
300
277
299
298
282
268
282
287
292
297
281
273
301
291
280
300
292
279
294
257
296
301
294
278
300
291
287
296
259
251
299
298
274
287
299
293
301
273
296
298
297
300
301
285
299
297
301
245
300
290
292
300
292
297
287
299
268
293
301
282
300
298
296
299
276
297
280
292
295
299
294
291
298
301
288
266
296
293
301
282
293
299
289
295
282
292
291
296
290
279
299
267
278
291
301
300
284
300
293
285
299
301
301
296
294
293
298
296
301
297
294
301
278
299
269
263
286
299
281
293
299
291
276
300
277
280
278
301
283
301
295
299
278
299
269
294
293
294
275
287
295
294
255
300
281
293
300
269
294
291
285
298
298
278
299
299
269
287
293
294
300
301
291
289
286
285
275
287
297
298
297
294
292
301
301
294
290
263
299
280
289
299
292
291
292
291
288
281
285
301
269
275
284
282
287
301
286
284
273
288
280
292
298
290
283
297
288
264
286
290
301
293
299
262
297
288
293
294
291
298
267
280
300
294
301
301
284
298
301
301
299
271
290
299
261
293
284
301
283
284
293
300
286
301
278
300
295
299
289
301
298
298
299
301
279
293
283
301
289
298
301
293
299
288
295
270
240
295
296
300
299
296
279
261
654
692
695
681
637
591
686
675
689
608
691
670
685
675
685
689
677
694
671
673
683
696
691
685
696
696
690
671
696
691
658
664
688
691
661
685
690
672
692
640
685
685
687
674
672
645
691
674
647
696
694
685
653
690
689
691
678
682
632
680
693
636
691
627
648
689
635
665
696
677
688
685
686
690
678
633
687
625
691
689
670
652
680
696
652
693
679
674
656
676
656
694
686
680
695
586
677
626
688
681
694
670
635
651
674
694
696
696
656
685
661
644
655
663
692
688
675
678
619
687
696
666
687
630
653
673
677
683
681
667
696
691
696
696
654
648
680
696
630
676
683
677
677
660
688
686
693
655
668
660
687
681
641
664
686
691
622
670
661
629
577
665
696
678
692
693
689
677
696
669
642
552
687
659
693
688
673
643
683
689
638
691
667
648
696
680
677
603
639
685
650
663
680
581
689
647
683
645
657
696
696
696
672
682
668
693
696
688
696
660
690
678
622
694
671
658
676
683
629
627
673
687
685
649
684
654
686
687
692
633
637
661
693
690
677
678
687
684
669
686
696
692
692
662
687
695
682
667
688
679
696
656
678
683
689
650
679
676
677
692
642
641
601
669
659
676
683
664
683
668
596
668
678
674
686
679
692
671
651
650
637
696
668
672
682
665
643
680
683
649
677
688
669
638
687
696
678
684
687
691
692
691
686
689
522
681
672
655
618
680
672
692
503
599
696
676
694
696
672
696
693
686
631
681
640
577
676
671
665
656
669
655
666
679
696
687
674
648
653
696
682
693
696
660
643
590
695
668
641
690
684
678
694
696
654
696
655
677
633
668
662
648
696
648
674
680
695
688
675
658
650
695
660
670
628
696
669
646
694
681
694
675
676
650
657
691
692
696
675
682
676
630
673
655
681
663
691
672
684
691
680
618
688
668
600
692
691
696
688
693
611
675
608
683
677
689
693
683
696
655
696
680
622
670
684
684
695
696
683
690
690
686
665
689
623
673
623
621
696
645
655
658
686
638
646
639
690
685
637
627
628
692
690
693
683
674
688
679
657
642
688
679
613
671
629
687
669
693
626
647
573
682
686
614
663
564
690
662
674
693
690
680
650
692
694
675
664
691
675
696
680
641
692
638
635
637
668
630
677
693
632
679
678
639
692
553
615
677
693
669
689
652
659
689
692
649
690
682
676
603
696
671
677
694
676
696
682
659
694
674
597
666
646
679
691
696
693
690
696
661
696
691
680
684
670
676
678
695
696
691
670
680
663
648
688
696
648
667
674
661
693
684
689
650
641
643
682
692
672
647
666
682
694
692
690
691
603
665
673
672
684
654
651
648
685
674
678
676
650
682
688
631
693
653
693
659
688
694
671
605
679
679
644
686
652
683
695
688
682
688
658
693
674
693
649
681
579
635
691
691
612
629
689
656
666
696
693
629
674
545
688
695
675
687
670
677
689
677
674
661
688
686
647
672
696
675
648
645
635
648
543
674
696
689
638
686
677
696
670
656
670
682
621
648
690
694
694
696
681
599
604
682
654
671
664
675
656
664
665
690
696
682
683
684
673
653
666
690
637
671
631
689
678
678
696
686
694
692
693
597
673
645
650
692
665
668
684
692
682
690
610
687
672
696
677
696
658
694
685
662
672
655
696
683
650
686
695
655
683
694
664
635
660
662
677
685
652
639
692
668
636
695
687
668
686
612
690
693
681
645
687
682
679
678
596
620
693
688
646
674
688
683
691
623
683
680
695
687
696
656
687
695
691
528
694
665
673
695
672
680
676
692
634
678
696
671
689
685
688
680
658
687
669
668
677
694
688
676
687
696
666
626
687
684
694
667
675
686
682
689
662
694
678
688
663
662
690
603
628
682
694
688
653
695
686
660
682
696
696
691
675
664
684
687
696
681
685
692
652
688
640
623
667
690
665
687
686
675
639
687
646
654
622
696
651
696
677
693
663
683
613
680
685
670
646
671
693
689
579
690
620
677
690
616
681
666
654
688
685
669
691
690
637
668
689
676
695
694
677
670
651
670
632
651
677
693
683
676
681
696
696
686
664
632
689
657
647
681
679
686
685
676
656
643
656
694
647
647
662
638
661
696
665
665
639
672
658
677
667
672
653
692
678
653
666
665
696
690
694
564
688
658
681
679
675
688
648
642
688
675
696
696
659
681
694
694
686
640
686
689
615
671
669
692
659
664
674
695
671
696
641
685
685
690
651
696
685
690
694
696
651
678
641
696
664
690
686
674
688
675
678
639
574
683
682
695
692
685
650
605
2
300
700
3
1
1
998
1
1000
249
291
284
249
284
299
292
291
294
256
282
298
286
295
283
294
283
232
263
297
295
282
286
277
292
300
264
262
277
262
292
275
261
296
267
298
298
280
286
285
289
265
292
289
296
292
282
249
299
246
286
293
300
281
273
276
294
246
294
287
298
268
300
276
294
297
263
301
267
285
300
270
295
263
286
275
266
186
268
299
298
278
249
240
277
296
298
277
285
277
293
261
296
234
301
276
276
296
299
287
263
301
235
284
268
296
296
294
298
294
300
288
291
287
267
296
295
223
295
299
271
298
269
267
301
279
284
284
298
279
285
294
301
298
293
292
282
228
292
254
298
230
301
292
277
293
294
292
246
265
283
278
267
295
301
273
290
238
272
269
298
270
282
279
297
271
301
301
288
293
287
298
285
290
283
269
255
280
263
292
277
266
282
281
199
295
283
298
282
296
294
287
300
286
285
292
298
266
272
294
288
280
265
272
246
265
294
277
290
276
257
294
298
294
300
270
288
285
247
295
239
265
301
289
300
299
294
278
287
272
233
277
282
301
294
301
292
276
272
301
273
298
241
280
301
294
278
270
279
293
291
287
289
288
297
287
296
289
299
295
301
296
270
296
300
267
252
269
283
288
287
264
294
294
299
301
287
291
223
272
261
269
288
286
249
296
294
271
300
256
275
260
300
260
298
291
293
248
289
288
258
259
295
281
270
278
269
290
274
283
275
299
231
280
263
290
295
279
282
220
293
261
278
279
284
288
299
263
271
296
291
282
295
258
244
295
265
270
273
284
299
284
271
281
285
301
283
223
268
220
290
296
294
278
299
298
298
296
283
273
295
301
268
301
292
299
294
243
290
290
299
279
221
280
296
295
301
300
263
291
291
291
265
277
291
265
300
268
291
278
232
267
297
265
297
291
261
290
275
271
300
292
296
298
254
246
257
254
281
266
298
301
219
293
287
286
289
255
298
242
299
298
295
293
283
301
297
224
265
278
259
255
299
281
300
257
282
294
298
255
280
287
267
295
298
292
301
280
294
282
269
255
289
296
257
258
294
279
290
257
299
246
300
219
280
294
282
296
236
292
283
249
271
299
283
296
288
297
271
299
294
273
265
262
294
298
300
219
285
291
277
273
276
283
297
268
296
260
295
294
270
299
295
288
290
269
293
278
257
296
286
292
301
285
260
276
287
284
287
287
297
281
287
283
273
282
287
294
257
297
239
248
291
297
301
288
299
279
242
293
299
268
278
300
265
293
280
288
265
271
255
269
242
275
290
251
231
279
279
292
301
237
300
301
282
297
272
289
277
290
292
232
269
282
286
299
253
297
246
289
275
265
292
284
285
252
270
300
285
296
299
289
285
298
271
275
299
297
297
292
296
264
267
249
301
243
301
288
282
291
267
258
281
301
294
234
256
296
268
259
255
289
288
295
296
267
263
291
301
280
286
294
238
288
295
278
294
255
245
287
250
284
296
287
301
299
258
275
260
283
263
252
293
287
291
272
300
260
286
300
299
259
297
284
294
240
297
262
289
290
263
293
291
282
292
279
292
286
238
295
290
294
288
298
291
293
277
294
290
233
266
253
254
271
292
253
292
236
281
288
266
301
261
280
269
299
291
296
287
301
298
270
300
272
285
276
261
294
263
265
258
300
293
237
280
288
300
291
270
275
298
226
227
270
301
290
278
298
299
300
274
285
275
227
250
290
287
301
279
291
291
300
258
282
293
246
283
265
285
296
292
252
289
300
301
301
229
285
250
275
269
267
256
222
293
273
295
269
298
297
282
272
283
295
296
286
234
297
277
299
299
286
288
274
232
295
293
292
288
299
295
295
271
279
299
267
291
236
285
263
276
253
296
239
270
300
286
274
285
290
290
294
271
270
276
297
284
299
298
301
273
265
284
264
301
283
267
284
276
283
283
300
281
255
271
284
259
300
295
249
280
252
280
267
282
288
292
210
191
250
293
282
293
295
294
292
270
289
297
290
273
300
265
300
282
295
250
294
294
278
280
258
287
260
267
298
291
301
288
232
265
243
260
285
297
298
297
277
268
300
289
294
232
281
281
274
296
274
245
265
280
291
293
301
293
288
296
296
293
255
281
288
298
282
278
209
301
246
297
281
256
283
260
301
277
263
282
294
301
276
281
280
215
293
231
272
296
297
247
301
260
293
267
295
299
271
264
279
296
281
271
279
291
269
279
290
300
265
265
270
250
257
251
235
262
256
283
280
273
263
292
287
282
284
270
213
292
272
289
301
298
286
282
285
257
273
300
297
269
301
591
671
620
569
650
697
680
679
675
576
649
692
671
678
658
685
655
564
631
679
681
656
645
652
683
696
586
604
631
598
682
628
607
686
633
689
691
651
653
671
667
619
679
672
696
653
666
567
690
553
670
681
693
670
638
656
689
559
688
675
696
625
698
649
661
694
621
699
626
662
693
627
686
644
648
624
636
490
648
696
683
655
586
583
641
677
688
650
658
605
690
595
693
527
697
637
638
686
694
657
623
697
527
673
630
689
687
685
681
683
696
664
667
670
633
678
687
530
690
693
634
686
610
598
699
643
659
651
689
664
648
684
697
695
678
673
656
504
680
583
682
545
695
680
617
676
689
683
568
592
649
641
622
679
693
629
680
531
632
629
689
636
659
656
678
651
699
699
672
678
662
691
665
657
668
629
601
649
590
669
655
618
652
607
474
677
660
698
667
682
679
670
695
659
676
683
690
623
634
685
650
652
639
655
573
624
680
616
677
633
621
694
695
679
691
630
649
666
570
679
585
631
699
670
694
695
676
652
670
636
580
647
637
699
651
699
684
642
630
693
644
694
557
666
697
673
653
630
648
693
670
651
687
659
695
665
667
669
696
685
699
687
648
681
698
637
594
625
676
675
661
621
690
670
688
699
671
665
487
632
636
618
658
665
583
693
684
628
698
607
655
607
693
621
696
664
667
571
653
671
570
608
688
667
635
642
628
673
640
662
645
688
559
669
630
662
689
651
659
569
677
599
660
645
658
662
687
614
629
684
673
633
684
595
564
672
626
628
615
657
696
655
613
654
668
699
661
509
639
500
682
691
680
632
695
696
693
672
663
620
691
697
641
697
673
696
680
524
679
683
699
650
517
652
683
680
697
698
610
678
682
660
589
654
682
630
698
651
672
623
553
632
687
608
677
682
606
665
649
615
693
673
679
697
612
560
588
570
654
626
681
699
505
678
658
653
678
580
696
575
696
685
677
691
678
696
690
526
607
617
584
600
696
639
687
593
661
689
692
583
663
652
628
688
690
681
699
648
691
645
639
606
675
690
623
587
680
646
666
594
688
578
696
522
658
685
656
692
531
675
660
574
643
698
640
690
663
694
624
696
677
632
611
611
694
694
696
533
669
682
652
631
651
647
687
631
697
605
688
690
627
698
689
669
666
620
681
651
595
679
656
692
699
655
588
649
660
655
654
640
693
660
664
652
637
637
656
688
606
673
562
557
678
691
699
675
695
623
564
687
693
610
639
692
593
675
668
689
635
637
577
621
558
642
675
597
549
664
637
665
692
547
686
699
667
679
641
669
635
676
658
547
618
669
678
694
588
693
578
687
656
628
661
653
649
583
623
697
675
683
695
685
665
693
621
638
699
686
682
682
685
622
618
571
699
590
699
672
656
673
600
581
626
699
682
533
591
685
640
615
587
679
644
677
694
610
616
683
699
662
664
686
548
673
690
646
684
597
569
688
584
652
690
653
699
692
585
656
607
648
611
558
666
663
667
637
688
618
672
698
690
572
696
659
680
559
688
586
680
674
627
696
659
652
679
621
662
636
512
679
671
688
663
686
671
671
604
685
666
561
617
570
598
628
674
572
669
585
631
666
615
697
610
645
621
691
681
676
666
689
691
627
688
620
663
634
603
692
611
639
592
692
678
533
639
677
697
661
613
670
695
531
564
632
697
679
639
687
694
698
652
682
649
538
560
679
673
699
642
681
664
692
626
654
675
582
660
608
647
688
675
609
677
694
699
699
530
657
574
640
618
578
581
532
668
635
688
632
687
690
656
645
660
691
692
660
568
675
642
692
693
653
667
643
506
693
668
682
672
695
696
691
616
662
689
653
674
585
667
624
640
569
695
574
633
697
656
627
651
675
688
684
627
643
658
691
650
691
693
699
635
609
669
629
694
650
620
657
650
664
654
694
637
580
635
667
607
695
682
550
643
590
653
653
654
664
679
471
450
567
668
664
685
680
679
678
630
684
679
652
630
695
641
698
648
692
603
696
672
648
642
622
664
618
619
693
682
685
664
528
607
584
616
676
686
694
672
639
634
696
654
694
492
648
655
643
697
652
579
607
660
665
668
697
689
673
686
673
661
590
669
675
687
671
619
511
699
572
698
654
610
648
590
699
637
631
667
656
699
648
637
643
485
687
555
641
694
698
581
699
599
684
637
676
687
606
599
658
687
654
638
639
676
625
651
662
690
630
641
616
610
596
597
553
635
611
645
637
608
602
672
682
626
671
628
520
687
613
656
694
694
676
639
654
592
629
698
680
627
693
2
300
700
3
1
1
999
1
1000
228
270
300
296
270
271
295
297
256
296
299
261
238
278
202
282
240
232
299
298
252
298
269
245
278
290
175
297
301
298
268
277
249
261
299
280
285
301
287
247
286
230
268
298
239
296
286
294
298
277
267
221
278
269
293
295
287
269
278
258
295
259
189
270
168
284
248
298
244
257
274
292
233
283
286
297
236
274
295
279
276
278
243
281
266
232
177
271
278
287
256
289
213
248
291
275
266
265
242
279
272
205
276
274
292
237
292
251
298
211
226
218
230
288
245
271
273
279
292
278
294
277
193
282
238
294
256
293
263
192
296
280
298
292
279
297
283
271
281
184
232
295
277
282
226
280
263
248
289
256
288
246
283
259
193
292
293
279
299
299
285
256
301
226
282
284
295
219
256
283
295
295
221
287
131
293
270
262
245
280
218
273
259
282
241
297
277
265
256
250
292
296
235
254
291
170
259
300
192
272
259
288
266
257
291
291
258
255
270
173
268
267
213
274
249
245
279
299
211
274
284
256
277
294
295
208
299
260
297
292
291
256
248
268
292
286
294
236
289
276
215
286
278
254
267
281
256
271
301
294
270
243
253
288
293
268
269
300
285
238
283
219
291
236
268
267
246
268
187
297
287
276
281
258
275
280
263
263
284
292
190
184
251
228
271
257
279
219
184
292
257
269
284
301
225
293
301
295
265
238
289
272
283
243
263
299
241
301
300
276
255
297
260
236
226
286
285
252
298
272
293
260
252
282
233
175
300
219
229
285
206
228
163
301
293
299
284
277
183
259
268
230
262
255
278
256
257
254
274
283
276
270
269
273
212
298
239
262
285
284
283
294
256
295
281
263
301
295
298
235
296
296
274
246
285
286
287
231
269
262
279
288
210
249
282
223
256
285
241
262
298
293
290
247
271
254
286
245
215
268
258
279
295
253
280
285
257
214
245
266
274
280
269
263
255
288
287
251
222
243
261
288
301
280
262
301
263
295
277
251
295
185
294
289
258
277
287
300
263
293
298
286
301
288
301
255
297
237
276
208
299
268
261
217
204
272
293
290
270
284
189
250
252
233
268
239
236
233
198
290
153
288
192
277
281
267
294
215
274
267
287
223
228
285
191
275
209
272
195
272
289
257
271
285
276
207
278
274
224
276
298
273
281
263
259
266
214
298
217
286
298
284
290
182
277
299
220
233
283
300
246
298
272
284
247
217
285
127
284
242
239
294
259
298
301
287
188
295
287
255
284
209
296
289
277
301
293
261
295
283
204
284
237
256
298
266
235
278
280
285
257
281
274
295
267
273
265
275
270
294
294
260
153
281
278
273
271
282
284
272
257
285
300
220
295
301
217
241
277
301
295
298
270
239
253
206
254
291
267
259
277
231
227
269
215
296
294
247
240
253
250
282
272
206
237
289
271
212
264
249
291
298
277
229
257
286
237
301
255
242
299
284
296
264
276
234
213
152
193
180
249
213
292
288
301
251
261
268
290
292
295
292
283
299
261
249
231
254
296
298
232
193
269
278
260
255
291
266
224
259
281
262
293
225
283
242
231
256
223
277
277
268
249
261
288
301
272
143
243
256
215
280
285
291
222
279
289
194
284
282
260
261
281
268
257
278
248
186
284
281
282
298
270
258
289
234
208
282
201
233
249
258
260
275
232
289
243
280
286
289
277
248
252
179
253
217
266
217
273
287
235
270
299
282
266
229
251
292
298
274
276
288
261
256
227
263
283
230
267
255
269
260
259
262
259
219
248
301
240
260
244
300
246
265
275
264
251
292
290
299
233
279
298
249
219
212
228
301
207
233
271
245
251
263
289
203
290
252
220
301
265
250
236
258
267
245
172
241
270
300
212
255
200
270
297
290
294
252
288
287
280
281
260
276
223
263
248
282
298
284
295
235
257
275
290
295
226
299
264
284
292
204
190
204
208
264
215
290
282
255
225
286
290
240
299
291
296
267
289
259
283
261
297
254
255
262
293
263
269
300
276
292
216
300
286
250
288
218
219
238
276
283
238
269
298
284
293
283
237
233
267
264
209
286
281
270
287
270
285
266
292
279
278
277
296
238
246
297
291
234
270
301
257
253
245
295
197
255
177
260
279
245
209
292
280
270
301
231
209
276
272
284
278
278
274
288
200
243
282
191
277
249
221
210
268
248
227
231
186
281
195
241
269
268
280
192
269
288
295
239
298
266
295
299
229
222
283
277
299
251
276
296
285
279
283
224
279
289
278
185
301
230
291
264
237
192
243
253
278
298
283
223
298
285
296
254
292
284
273
261
547
633
699
671
648
630
665
687
606
680
696
626
542
654
494
663
558
524
676
693
590
684
639
587
636
688
399
698
700
689
630
630
579
616
695
671
674
700
668
601
661
544
641
689
556
690
666
678
686
661
616
482
655
631
687
690
659
601
653
626
689
583
462
638
370
679
573
696
550
577
642
686
572
631
662
676
542
655
690
636
622
649
583
637
614
539
455
590
639
661
635
666
502
588
672
651
628
618
537
647
639
485
634
620
681
545
678
588
694
480
505
537
531
662
585
631
636
644
681
631
676
660
465
646
524
678
568
669
606
470
686
639
689
684
627
687
626
624
663
456
525
685
650
648
532
662
621
583
672
615
680
571
660
587
451
672
667
649
699
694
672
602
700
550
650
661
684
507
602
650
693
669
498
654
332
678
642
585
572
637
520
633
584
678
570
697
639
611
583
600
674
683
569
595
688
361
583
696
456
629
613
676
626
584
665
680
599
578
598
425
652
621
483
643
556
550
613
692
502
642
655
585
649
685
693
469
693
605
683
683
683
565
577
643
685
666
674
542
678
622
484
675
631
616
648
664
604
619
698
666
638
568
583
687
661
607
633
699
636
559
665
523
694
555
620
608
581
618
403
697
663
658
665
599
634
639
602
604
662
671
436
489
550
548
624
626
645
463
407
688
595
646
664
696
545
675
698
685
603
511
662
634
654
560
614
689
526
700
689
642
588
693
567
569
501
672
669
588
694
621
679
607
566
646
534
390
691
522
524
679
518
536
415
698
664
694
642
640
417
621
633
527
585
614
645
607
610
586
635
638
652
650
611
615
512
697
572
641
629
661
656
688
602
680
640
598
697
678
690
550
691
677
639
580
651
665
664
518
606
593
675
664
496
561
657
500
620
667
568
605
697
663
671
569
634
626
654
543
511
627
568
652
689
569
653
652
585
500
581
609
641
648
618
621
590
683
647
584
536
561
617
672
698
665
636
695
602
695
632
591
689
431
687
677
591
645
669
698
569
663
693
674
700
673
692
583
689
555
632
472
690
597
602
492
532
615
681
689
647
675
388
542
571
571
648
569
570
546
435
681
380
670
469
650
671
643
672
492
643
624
669
514
514
671
437
648
482
661
467
633
668
605
626
654
643
510
641
640
537
653
689
645
648
603
609
622
509
696
501
665
690
668
652
471
621
697
499
510
663
688
563
695
626
664
624
481
665
329
625
527
591
677
618
696
698
652
398
687
682
599
644
459
680
662
666
700
684
585
682
653
443
639
532
582
692
631
541
616
630
658
611
639
635
685
635
646
628
620
650
677
675
624
340
653
642
655
614
665
660
613
615
670
697
574
687
696
498
565
650
700
675
691
612
554
605
465
601
674
614
583
656
553
543
608
458
682
676
568
593
577
587
660
638
493
546
653
640
462
592
554
671
693
641
559
578
665
542
687
598
581
688
666
686
603
617
519
533
345
463
458
583
488
673
659
700
616
557
586
680
667
680
684
669
693
601
510
570
615
687
699
512
451
624
633
632
599
684
623
505
578
625
615
680
536
645
573
525
616
507
635
652
602
597
625
656
700
639
340
542
584
501
680
656
669
482
630
676
449
658
664
596
599
658
613
606
652
571
439
658
622
664
697
605
614
657
533
493
655
451
564
536
587
574
627
532
664
563
660
667
682
659
559
576
428
569
517
615
483
638
661
539
643
676
649
598
529
588
687
682
620
641
680
609
588
539
607
669
537
632
595
640
585
607
621
581
500
589
700
565
605
587
692
574
628
651
642
573
676
656
699
529
638
688
594
518
497
548
698
512
532
623
592
565
604
664
494
661
578
461
700
608
598
536
620
636
584
356
568
635
695
507
581
448
612
693
674
682
599
673
669
648
656
613
654
540
620
560
656
685
669
676
545
602
645
687
679
531
690
616
664
651
468
420
488
475
605
485
665
665
628
525
667
682
569
700
673
683
641
665
583
656
638
696
600
628
622
680
622
636
699
650
679
503
693
668
576
656
534
509
563
649
638
546
619
687
663
679
632
545
550
581
636
525
671
657
630
676
653
658
610
670
665
642
634
694
564
599
683
678
549
618
698
630
605
601
682
454
620
441
619
654
599
470
671
638
609
698
546
508
633
629
666
665
645
628
652
496
551
655
464
637
602
528
508
591
607
549
521
436
661
477
556
604
618
653
462
634
659
685
563
690
620
685
698
577
546
637
652
699
573
611
685
671
656
661
544
656
663
652
416
696
524
675
605
549
460
574
612
639
695
666
525
679
662
688
612
673
664
651
599
2
300
700
3
1
1
1000
1
1000
22
26
27
21
20
15
14
24
29
25
33
17
21
28
37
17
23
18
25
25
19
29
34
19
16
21
24
20
21
30
21
20
20
28
21
18
29
15
19
23
17
31
18
15
21
21
19
21
22
30
18
39
43
29
16
21
23
38
20
32
27
26
20
59
26
22
26
20
22
24
20
19
36
21
23
23
20
38
28
18
23
21
31
17
28
30
23
20
21
30
15
24
28
31
19
26
14
18
33
23
25
16
28
16
27
18
20
15
20
26
30
26
27
16
23
19
28
23
23
23
19
19
24
35
22
29
35
31
21
24
34
18
39
29
32
39
13
27
22
21
14
19
26
25
22
15
14
39
30
36
11
24
23
15
26
21
26
16
35
26
22
16
22
25
24
20
26
23
19
26
25
46
24
22
30
14
15
27
23
22
21
23
22
18
32
22
25
16
20
36
36
21
25
27
31
23
39
38
27
19
22
26
26
23
41
24
33
17
23
24
37
25
54
22
28
21
23
22
25
16
21
18
23
17
22
20
24
21
18
21
29
26
18
21
32
16
30
37
17
27
21
27
25
16
11
30
16
30
21
22
20
34
27
24
15
29
16
29
30
29
21
14
28
28
35
17
36
19
15
23
22
25
18
39
29
27
21
17
28
25
25
34
30
16
22
15
23
19
23
27
17
34
24
29
18
27
24
24
24
38
29
24
28
22
19
16
19
20
19
20
18
20
29
14
33
33
22
19
21
24
18
24
35
34
34
28
23
37
21
19
38
17
23
16
33
28
26
19
33
26
37
17
21
30
35
16
18
27
14
21
23
25
39
18
30
28
15
21
24
27
21
17
30
24
24
25
22
35
30
30
22
22
17
25
27
18
21
37
25
18
24
24
13
28
25
20
17
29
30
18
30
18
32
21
18
36
30
26
23
19
20
18
11
31
34
20
20
16
26
17
19
31
26
17
22
26
35
32
27
24
27
24
41
27
23
32
18
24
42
37
21
24
24
13
24
13
27
20
30
24
34
31
29
17
19
14
24
52
18
27
31
31
18
34
19
18
20
30
17
28
19
25
31
22
22
26
28
25
24
24
25
30
13
17
23
32
26
32
14
20
22
31
21
21
27
23
23
24
25
21
36
23
23
26
23
24
32
30
19
25
28
25
44
37
16
27
19
23
20
31
44
23
23
30
22
25
19
39
22
32
29
24
26
19
22
24
26
19
23
11
26
20
28
19
16
21
29
30
12
21
33
24
20
35
23
22
23
32
27
36
22
22
22
42
18
35
23
21
19
16
23
21
23
25
26
18
21
34
18
18
24
19
20
27
11
24
28
19
27
35
30
30
17
16
19
22
26
21
26
18
22
30
22
21
11
24
23
26
33
15
25
16
23
17
36
30
31
21
33
21
21
27
16
18
22
16
27
18
18
17
29
21
25
21
29
21
19
45
17
22
23
22
22
16
24
20
26
25
23
23
26
28
14
23
38
27
24
29
21
19
23
30
22
22
22
24
32
15
27
31
30
27
22
21
27
40
39
24
25
20
20
29
18
22
26
26
30
26
21
34
15
22
34
31
45
25
21
47
22
22
19
19
20
16
40
23
22
28
22
27
36
16
38
20
30
24
24
25
28
34
17
34
22
17
19
20
37
28
19
23
22
31
18
22
16
14
18
27
40
27
20
22
27
25
21
21
20
28
26
24
24
27
26
31
32
35
38
31
28
23
28
28
19
28
20
28
24
26
15
22
26
15
14
39
29
27
37
21
30
27
20
19
24
15
26
21
21
28
31
23
20
31
36
21
29
28
30
34
39
45
25
16
18
40
37
35
14
27
24
24
24
32
28
27
28
19
34
36
28
24
25
23
29
52
37
22
22
24
24
28
16
30
27
22
39
39
29
25
25
23
30
24
18
20
31
32
15
28
28
31
33
20
36
33
18
10
36
38
18
16
21
23
27
25
21
15
22
16
20
16
19
24
35
35
18
21
14
17
28
15
21
15
26
37
20
24
26
29
25
34
15
34
20
16
30
33
20
20
19
27
16
30
24
21
29
30
25
17
26
19
27
23
16
30
24
33
17
19
21
18
20
22
25
21
28
24
28
22
20
20
21
32
11
22
17
15
18
26
17
20
28
25
32
25
22
27
38
22
14
17
12
24
27
17
23
36
40
24
20
17
31
28
26
28
14
22
19
20
23
22
38
30
33
31
24
20
30
32
41
25
19
40
11
20
17
30
30
41
27
34
22
24
25
29
35
17
21
27
37
20
25
19
35
25
29
41
19
19
32
20
45
40
48
52
31
34
21
27
49
56
50
20
42
60
62
40
34
43
46
38
39
51
71
51
29
35
46
28
38
43
31
38
33
42
48
38
53
61
48
36
30
45
32
28
40
33
49
39
49
46
41
58
64
49
36
47
32
65
38
41
61
34
31
134
54
50
44
45
38
55
36
34
60
36
38
35
27
42
54
45
45
42
57
33
54
36
44
52
41
46
38
49
45
57
44
36
36
47
60
16
35
42
44
28
34
29
29
28
28
33
60
51
44
30
38
36
37
54
57
39
34
32
32
65
49
34
65
48
37
58
58
34
74
61
24
69
27
70
43
62
33
34
56
49
54
42
31
71
37
62
64
50
44
40
55
36
37
38
58
42
28
37
28
35
36
39
50
41
46
38
42
75
42
48
44
29
49
65
49
42
41
44
41
34
37
60
54
20
27
57
55
34
31
47
65
62
56
67
57
37
41
59
37
55
68
53
47
32
36
57
66
45
75
48
53
37
37
38
43
35
35
47
35
47
37
34
43
49
47
44
45
39
29
32
62
35
33
46
39
49
31
43
26
36
24
58
32
45
33
44
35
75
42
44
36
49
42
40
34
54
44
42
54
47
48
29
48
23
36
39
41
52
38
69
39
42
48
44
51
42
56
58
41
30
40
37
59
41
51
34
32
74
46
48
38
51
25
55
45
66
36
46
49
30
39
42
41
36
37
31
41
49
47
34
39
78
39
33
39
60
35
44
56
52
84
45
39
56
48
24
39
32
35
28
68
58
31
44
60
62
77
30
37
55
43
37
29
61
29
39
50
43
58
62
51
38
30
50
54
46
38
39
54
33
53
36
41
57
49
58
35
25
36
38
34
48
34
53
33
40
41
44
21
53
34
38
43
52
60
33
45
48
58
41
33
71
54
41
54
52
38
34
30
49
54
39
50
45
67
48
47
46
43
33
49
45
47
41
57
49
47
45
66
44
50
46
40
64
77
55
62
41
30
33
55
26
58
37
40
35
48
66
47
28
31
44
41
89
33
62
47
73
43
37
51
31
28
53
36
27
44
54
58
40
36
42
35
51
44
40
47
50
31
47
54
71
50
47
41
33
28
57
41
46
53
45
44
50
56
27
53
41
40
40
50
38
55
35
54
30
43
51
69
57
31
74
27
51
32
37
77
33
30
69
35
36
30
43
48
29
57
29
56
40
51
50
76
27
66
27
45
42
39
38
39
41
54
85
27
61
55
32
51
45
45
37
50
39
43
57
55
42
42
78
42
77
35
50
44
33
32
58
45
45
45
29
40
77
35
31
49
33
33
55
29
49
27
36
33
58
41
66
26
20
26
40
46
48
46
38
36
50
49
28
28
42
42
70
36
38
73
38
34
37
70
65
60
41
60
31
48
69
44
27
53
35
43
52
25
50
41
30
44
44
58
26
31
82
37
56
35
39
46
31
32
31
53
52
45
43
40
42
42
55
73
40
34
44
30
31
39
45
44
44
37
40
50
22
42
44
57
38
43
34
60
54
73
40
43
48
52
55
36
43
44
76
63
41
32
54
26
42
45
33
76
48
67
56
42
49
55
40
27
50
71
60
25
62
50
43
55
36
51
45
50
42
43
43
65
59
41
42
40
42
40
40
65
46
42
49
44
50
45
38
45
35
42
55
51
40
59
58
41
56
36
43
34
47
34
45
58
46
41
46
41
44
82
59
49
46
51
38
24
61
54
47
39
60
43
48
37
42
43
74
34
37
53
47
59
44
54
41
63
39
50
34
46
40
58
44
46
51
46
49
43
54
46
61
59
81
40
37
26
57
64
64
38
55
47
38
53
58
41
58
51
36
71
62
44
49
42
35
52
96
50
35
37
29
59
56
26
40
45
39
51
53
47
43
39
38
67
55
38
37
53
71
27
64
47
35
57
45
61
63
44
33
53
69
40
37
38
33
59
43
47
45
49
42
31
23
43
44
58
52
36
33
38
53
31
32
35
37
47
57
25
45
41
67
39
65
35
75
44
30
50
63
42
42
32
38
43
63
49
40
46
46
43
26
37
55
31
29
28
71
39
40
26
34
41
62
41
45
62
43
57
32
57
51
29
41
51
40
33
41
39
44
37
56
48
30
36
47
61
36
45
33
56
58
43
23
28
49
33
46
67
53
62
47
27
30
59
57
43
55
52
55
26
51
37
35
60
52
66
68
42
43
59
54
59
49
36
73
40
34
46
39
60
85
57
56
47
43
56
57
47
30
33
44
42
53
46
34
60
59
50
80
42
33
46
41
2
300
700
3
1
1
1001
1
1000
199
264
297
264
289
301
295
256
283
291
301
296
265
300
245
277
239
192
274
261
280
289
271
213
278
265
244
284
279
301
290
297
267
279
259
245
167
287
278
299
250
239
280
282
251
267
255
245
279
219
295
292
255
278
260
235
281
287
300
285
227
265
289
260
293
268
282
272
295
301
301
242
268
301
288
264
265
255
297
278
297
264
254
247
275
295
272
295
269
295
300
299
297
290
299
286
269
294
286
189
281
288
276
252
259
216
296
285
264
253
300
290
275
265
300
295
300
245
230
298
285
257
289
289
282
298
270
280
265
286
291
209
293
290
284
283
245
298
286
272
268
293
298
272
248
278
263
301
268
288
281
263
292
189
237
283
255
286
266
282
208
201
252
238
250
276
290
225
278
278
226
301
275
299
301
276
294
301
278
282
284
299
283
294
264
220
288
295
262
292
240
280
297
227
264
290
299
301
290
300
298
295
277
247
293
290
235
299
255
301
282
273
283
262
295
239
241
267
285
287
258
275
259
292
286
290
249
259
195
294
280
301
290
300
280
278
294
241
301
268
220
292
237
280
289
277
268
272
272
266
274
216
270
278
293
231
283
226
247
277
218
271
281
279
299
223
292
286
264
264
293
299
253
293
295
270
271
301
276
268
207
297
277
289
274
285
252
267
300
262
155
269
279
295
297
276
248
290
225
213
212
300
281
265
293
278
292
300
257
264
300
295
296
242
246
257
291
284
254
296
231
226
254
297
293
284
242
254
295
222
295
288
289
283
262
279
276
271
290
170
277
264
286
276
286
292
265
283
228
282
291
270
271
278
296
224
291
295
290
288
290
283
235
274
291
281
291
265
299
287
301
211
243
263
262
233
244
283
241
244
251
269
292
296
249
297
250
296
285
297
252
297
231
222
274
299
252
300
271
256
270
275
223
249
293
251
252
301
273
280
281
295
279
267
295
287
257
298
271
292
283
250
288
243
264
203
241
294
265
274
232
297
295
258
264
283
260
253
290
273
295
300
212
295
292
284
290
301
262
233
260
296
274
299
292
301
233
294
297
295
258
239
178
296
299
266
270
262
247
265
266
288
274
283
288
256
267
275
297
290
272
294
286
248
299
299
300
249
249
283
301
294
269
294
260
260
256
282
277
297
293
295
281
279
295
261
294
257
279
279
216
273
272
250
210
262
290
261
225
268
248
295
299
257
295
281
298
258
271
286
256
266
294
269
301
274
274
257
278
280
256
285
293
289
230
288
275
176
270
264
277
276
292
249
285
269
236
300
290
281
301
250
260
267
287
292
257
296
285
297
287
266
274
208
226
265
301
283
295
274
246
290
298
204
261
296
254
290
280
278
275
295
299
278
293
278
283
234
283
292
276
301
291
273
301
291
282
300
243
255
292
247
300
295
249
289
227
297
190
270
224
290
295
288
274
244
285
220
301
252
299
245
238
265
221
283
295
223
216
209
267
237
298
279
293
285
274
206
288
200
222
221
271
213
285
292
299
301
296
267
274
292
281
273
299
219
289
276
297
259
300
298
269
301
268
265
266
267
294
284
277
263
237
260
281
257
297
250
301
274
290
219
287
265
289
293
270
262
245
289
238
290
298
284
301
278
266
298
300
290
285
266
293
266
288
236
272
287
294
293
297
282
287
298
298
301
291
228
280
264
278
282
299
278
267
299
293
264
278
298
287
274
297
300
242
289
298
284
295
301
276
228
292
272
272
259
226
300
242
286
299
289
284
257
278
274
272
290
291
276
301
258
291
281
296
247
260
299
268
299
298
246
279
291
289
292
292
250
300
289
245
233
275
273
275
293
274
287
288
274
272
300
244
217
220
263
288
277
295
266
245
266
223
284
224
252
257
287
283
289
299
263
286
220
292
298
292
299
279
282
299
256
264
201
289
279
293
271
281
237
286
225
278
244
290
295
292
294
276
288
292
240
267
253
284
289
301
270
299
282
253
271
284
252
267
270
300
274
296
290
229
291
300
269
259
280
232
263
275
298
273
300
286
255
285
298
283
263
296
265
301
274
274
267
271
259
269
299
287
278
300
170
268
284
274
291
291
238
273
294
296
298
277
267
244
277
232
166
246
265
272
288
291
292
280
236
268
261
288
267
228
285
279
218
300
298
292
293
279
271
283
299
288
298
290
251
291
221
291
265
260
298
277
292
287
278
299
281
237
232
169
259
272
299
286
296
271
256
252
301
264
271
299
251
250
252
294
301
282
268
227
243
203
280
259
277
279
230
295
233
294
279
301
198
205
253
298
300
272
293
442
595
684
570
651
701
690
557
637
671
699
693
587
698
519
616
503
385
634
580
661
678
599
498
618
598
533
665
639
701
637
677
616
637
560
535
382
652
635
687
597
498
634
639
529
593
539
559
615
432
685
662
623
639
584
530
635
666
692
628
473
557
663
578
673
589
645
569
684
697
699
518
624
701
655
576
577
533
671
610
690
592
561
543
613
674
611
660
617
677
696
682
682
674
687
664
597
665
644
384
658
673
613
544
567
462
684
648
569
572
687
672
623
604
690
683
696
511
519
685
646
580
671
669
645
686
625
607
636
678
670
403
682
658
655
628
558
691
646
586
558
666
678
588
539
589
602
701
595
672
645
599
680
362
527
640
575
661
606
643
406
471
556
523
548
643
672
479
629
649
469
701
643
696
699
635
681
701
657
648
643
689
650
674
554
507
652
675
598
667
501
642
692
480
586
661
694
698
673
696
694
681
627
519
669
659
478
680
567
701
636
592
646
560
671
495
511
593
646
640
500
619
560
646
643
662
513
599
422
677
652
701
658
697
646
626
667
546
701
563
494
663
523
645
672
625
582
589
599
626
616
447
588
601
691
487
648
433
530
646
480
634
597
595
698
516
681
641
613
596
678
696
584
686
674
600
608
701
617
586
431
688
601
664
636
614
499
583
691
596
323
629
604
664
683
616
503
679
498
439
479
699
634
597
663
613
652
698
581
552
698
673
674
531
571
613
654
657
570
685
530
468
580
685
670
675
533
593
684
461
681
659
655
638
582
613
641
600
669
378
635
587
658
624
617
676
597
653
490
667
661
597
605
643
682
494
657
687
675
622
682
620
530
617
659
640
671
596
691
645
699
457
532
595
582
558
574
640
514
576
528
608
684
688
519
691
593
683
670
680
574
694
532
466
609
700
582
677
614
548
596
610
533
533
675
513
531
701
591
615
646
679
608
565
679
653
571
695
633
647
680
569
657
516
558
391
497
674
589
611
492
692
679
590
569
646
575
546
674
608
675
698
445
673
673
662
654
701
593
496
530
691
617
693
660
701
505
682
695
691
553
504
328
692
677
598
614
616
552
564
599
656
637
629
660
553
575
616
686
670
605
668
662
546
697
700
697
569
526
621
699
656
608
668
573
584
559
617
637
685
650
674
636
629
690
584
686
577
645
660
484
614
618
530
432
569
670
570
475
617
543
687
692
556
686
605
691
581
620
645
583
580
676
612
701
620
597
584
626
615
577
665
686
668
483
665
623
378
640
620
630
607
666
555
630
602
487
700
680
619
701
507
580
591
638
659
578
695
670
699
631
608
604
463
454
623
701
620
664
660
527
649
692
493
603
691
588
649
655
618
615
677
696
649
675
633
651
501
614
647
636
701
680
598
701
670
650
699
504
544
685
548
691
677
547
673
529
695
423
636
504
674
672
670
626
509
670
462
699
551
689
533
528
583
494
648
669
457
524
478
616
554
692
640
648
643
645
430
663
395
482
449
601
452
657
679
696
699
690
593
611
675
646
619
689
515
670
617
687
512
697
693
642
699
616
617
609
608
675
630
612
559
501
600
639
566
687
574
701
613
668
461
656
583
680
675
574
589
550
660
519
686
700
671
701
641
601
687
693
663
661
596
676
607
657
504
609
634
677
676
666
634
647
695
685
696
667
512
621
591
624
623
686
633
604
693
658
593
635
699
634
605
688
694
537
684
678
633
692
701
629
514
691
632
570
573
483
693
541
626
697
651
634
549
630
621
629
661
677
639
686
590
668
652
677
519
572
698
619
689
690
529
638
671
664
666
663
579
694
673
546
513
600
625
610
682
613
672
667
621
628
698
541
495
479
554
661
627
682
606
573
613
459
652
473
566
577
654
628
660
700
574
671
485
663
694
661
700
645
643
693
550
617
394
655
640
693
615
624
503
654
489
622
547
644
695
672
660
611
640
682
524
581
560
647
666
701
598
691
647
564
617
638
539
574
617
695
650
686
667
459
679
696
605
578
637
547
562
631
695
624
700
675
587
657
698
661
600
683
589
696
606
574
583
602
550
618
694
633
636
695
288
602
634
627
677
670
482
582
674
686
690
651
608
538
615
522
377
528
595
630
670
635
674
582
524
615
599
645
582
494
650
634
449
700
683
667
668
658
590
671
695
656
677
675
566
648
490
674
580
586
690
604
675
664
642
695
660
520
487
342
600
618
698
679
687
602
517
588
701
574
639
686
551
536
564
647
690
638
621
490
521
436
640
583
626
631
454
661
491
658
606
701
446
474
559
691
699
639
673
2
300
700
3
1
1
1002
1
1000
273
270
299
257
297
292
300
299
296
241
266
267
296
297
278
298
227
294
290
262
290
272
277
296
275
300
297
258
280
289
291
289
282
287
293
288
278
293
301
280
244
266
280
295
286
299
263
288
288
261
279
266
300
291
275
299
300
301
275
265
290
296
301
282
268
291
280
289
280
288
288
291
256
289
296
301
300
242
289
287
284
296
260
249
262
297
281
276
301
297
291
292
282
228
299
300
264
282
287
281
296
297
298
273
286
281
274
299
292
272
252
285
280
268
272
273
280
278
301
264
296
296
275
299
301
294
298
296
293
259
301
295
250
293
254
270
299
296
301
276
276
273
298
286
283
280
299
299
297
295
280
294
288
283
294
220
288
294
299
296
255
300
247
292
282
296
298
289
290
297
272
285
301
298
294
300
274
290
299
280
286
291
301
298
299
300
300
271
294
295
274
290
231
287
293
295
291
298
272
297
301
284
301
286
298
299
285
276
295
289
298
298
267
301
269
299
299
282
295
286
293
259
290
288
285
297
275
290
293
271
300
293
276
279
208
289
289
289
300
289
301
300
301
301
257
293
298
280
301
295
278
275
292
299
262
286
254
288
294
285
285
300
261
271
300
292
284
297
299
292
296
296
264
301
282
287
293
281
275
282
273
273
301
297
286
301
295
244
300
299
299
301
269
298
301
283
292
281
275
283
301
292
290
288
301
267
276
284
253
297
271
301
261
291
296
296
290
286
295
253
301
300
263
271
300
285
299
290
297
296
296
266
278
283
295
287
299
292
240
288
252
272
300
286
268
294
298
269
282
293
277
251
275
290
278
282
301
290
301
270
287
300
301
293
281
296
274
253
280
272
298
223
252
281
262
298
291
300
301
251
291
266
285
291
284
287
299
264
271
292
291
298
296
298
283
289
280
289
299
288
298
280
301
268
299
296
265
279
287
300
294
226
284
296
287
301
268
273
269
289
277
283
280
289
227
294
299
296
288
290
299
290
300
277
300
286
283
297
293
298
279
287
296
297
288
301
289
291
300
277
299
277
284
295
282
299
301
293
275
266
294
283
269
272
260
298
283
296
270
300
270
284
290
240
301
296
279
282
301
291
276
294
298
295
293
298
298
263
296
266
264
230
251
296
285
268
295
284
245
265
301
301
292
274
242
297
286
301
262
253
285
283
299
301
290
281
295
267
237
295
262
260
301
291
294
264
286
287
298
301
261
297
284
280
298
291
237
291
301
299
267
292
270
243
291
244
300
296
268
298
286
291
300
292
284
286
281
278
266
298
276
290
281
270
289
277
251
282
285
278
294
294
297
301
285
255
290
286
269
295
301
300
279
283
256
280
301
288
295
299
292
288
288
284
296
299
301
274
291
255
301
294
301
289
289
259
293
298
290
300
298
267
293
259
299
272
298
281
297
274
271
300
301
244
297
296
294
294
283
277
301
243
290
298
288
285
262
298
300
299
301
301
282
296
301
291
278
279
297
274
290
299
292
298
285
301
280
295
295
283
296
278
265
296
282
281
297
296
276
288
288
289
291
299
300
290
286
286
299
270
273
298
294
285
301
299
246
288
295
299
290
298
283
280
271
295
270
279
301
282
288
242
281
284
287
292
249
295
300
243
279
243
274
292
296
294
283
280
299
300
266
298
288
282
287
293
274
268
298
291
290
300
294
299
273
260
301
284
291
281
299
271
287
289
265
292
300
282
300
279
286
301
294
263
294
263
266
295
298
294
280
288
292
292
294
286
301
273
296
271
266
296
251
264
301
278
282
301
268
276
286
273
293
280
299
224
275
263
266
299
292
254
283
274
288
280
288
297
286
273
296
291
299
275
299
257
298
269
301
294
294
300
293
294
301
299
258
257
243
277
280
252
244
282
281
299
296
287
298
285
271
292
296
293
297
295
300
295
269
230
277
283
300
296
282
295
263
263
276
298
292
292
297
271
249
279
297
281
299
269
289
275
291
289
284
301
268
299
295
299
299
254
268
298
298
299
270
273
272
285
301
297
273
301
284
288
300
288
293
289
272
288
292
272
295
296
281
287
288
301
298
282
252
254
288
290
282
279
300
295
256
296
298
287
290
294
279
294
297
265
268
283
297
294
252
301
301
289
290
293
271
292
252
289
301
298
295
298
301
260
293
275
274
293
288
298
289
287
284
280
296
285
279
245
281
293
263
290
259
253
270
290
275
298
296
274
290
301
297
296
290
291
289
272
279
281
283
290
285
271
299
292
254
272
281
298
297
301
281
300
301
296
298
290
298
293
277
288
266
285
624
620
692
599
699
665
694
683
688
554
587
613
687
669
625
689
453
686
650
587
663
623
625
692
597
695
680
573
616
653
665
665
618
649
676
649
664
669
699
618
511
605
619
678
641
690
583
678
658
574
641
608
698
681
604
693
696
698
631
594
673
684
701
638
584
666
652
664
632
661
654
654
545
658
689
701
692
528
654
655
672
684
564
544
614
685
610
621
698
692
681
690
643
482
694
700
578
652
652
650
675
683
690
632
671
657
593
695
672
614
593
662
639
630
626
601
644
656
701
583
683
679
634
692
701
661
686
678
651
577
699
673
573
685
538
576
689
670
698
616
638
605
687
677
633
639
700
693
686
681
621
663
668
643
692
473
664
693
683
680
582
693
563
678
657
688
699
666
670
676
626
674
701
687
686
700
638
648
694
627
664
676
701
693
699
698
699
623
680
673
611
657
477
652
665
664
648
694
632
689
701
647
698
650
682
694
666
644
678
673
677
685
593
695
633
692
681
646
671
665
680
588
650
626
639
680
611
674
668
641
694
682
589
619
427
681
644
667
694
673
697
692
698
696
578
672
698
653
701
694
635
616
682
693
568
615
604
675
674
640
647
698
602
596
693
679
656
688
676
682
673
694
572
699
628
665
666
646
612
632
619
624
701
689
652
701
676
515
695
691
685
701
567
686
699
652
683
672
637
670
691
663
666
659
701
616
595
653
549
674
631
699
583
675
680
695
668
646
682
532
699
699
600
609
696
662
701
653
694
691
695
606
629
612
688
646
698
661
524
668
566
615
693
656
604
685
699
572
638
678
611
587
633
659
632
649
699
667
701
625
649
700
691
655
646
685
624
562
654
619
682
474
522
629
602
692
677
699
701
527
667
588
658
672
640
650
694
604
605
686
669
698
692
679
652
644
645
667
678
652
693
644
701
587
693
683
599
634
654
699
665
504
649
690
634
696
616
581
630
672
632
625
659
653
511
668
688
669
660
664
689
670
700
649
692
663
654
685
671
689
646
677
669
696
631
697
655
665
698
625
692
630
643
670
655
687
701
675
649
630
692
635
567
600
577
695
655
677
590
694
610
651
673
519
699
675
671
619
701
664
633
666
685
678
669
682
689
619
676
584
565
520
581
687
642
600
691
645
521
632
701
699
668
628
511
685
642
699
579
583
665
653
699
701
660
621
671
591
522
676
592
611
701
670
681
602
639
660
694
701
589
667
621
626
696
661
513
662
693
688
587
685
592
519
662
525
700
689
615
697
631
666
694
677
661
646
629
645
617
686
636
664
639
617
664
648
565
630
650
642
686
675
688
698
639
617
662
664
613
665
696
690
618
657
559
638
699
649
666
684
656
664
646
650
695
692
696
624
668
578
701
684
699
646
657
577
667
682
672
700
695
560
672
556
690
628
663
619
688
625
613
698
701
567
691
690
675
675
666
638
701
548
670
688
682
670
611
686
679
694
697
697
634
678
698
689
634
610
693
604
672
695
682
697
628
699
643
686
675
640
659
608
578
682
645
639
689
688
625
664
684
665
655
694
695
647
658
664
701
603
607
688
680
650
701
694
554
634
679
700
675
699
666
623
585
671
597
616
701
654
652
467
673
642
646
685
559
667
700
549
607
562
603
666
685
662
654
648
701
699
611
698
655
620
659
685
624
585
689
659
673
689
669
695
617
591
701
645
677
658
692
632
669
674
595
681
699
644
698
627
636
701
677
538
680
607
594
690
693
689
656
666
649
669
682
638
692
606
689
635
616
676
591
596
701
633
646
701
614
639
661
634
681
651
691
482
641
599
562
697
679
591
618
604
670
644
652
682
633
624
685
650
697
616
693
545
684
631
701
672
684
700
663
679
695
698
609
582
542
636
640
574
547
632
648
698
682
650
688
662
591
688
688
658
677
679
696
681
599
535
643
609
699
698
651
681
608
602
604
677
677
689
691
589
545
645
693
645
683
624
679
606
667
664
624
693
587
686
684
694
692
527
620
699
694
701
581
627
646
655
701
686
611
701
639
656
699
671
683
647
626
658
689
601
687
690
647
657
679
688
692
652
498
581
672
670
631
627
693
688
573
682
688
674
673
665
623
663
688
587
597
643
675
676
564
699
701
667
653
672
616
660
521
665
698
686
680
694
697
603
684
618
601
670
674
699
652
659
631
667
683
641
609
510
652
682
581
657
594
551
621
675
623
687
690
614
683
701
694
671
678
647
672
587
637
628
668
665
636
620
685
672
582
655
666
688
692
699
642
698
686
678
698
659
695
682
597
657
591
650
2
300
700
3
1
1
1005
1
1000
255
301
299
301
298
295
290
301
296
298
297
301
278
292
290
297
298
293
299
300
265
294
301
289
296
301
297
280
281
298
287
301
295
284
296
299
283
290
296
289
278
300
291
299
296
292
301
298
282
297
293
263
290
289
298
283
263
295
293
284
301
295
298
298
282
298
296
292
299
296
287
301
296
301
291
291
300
290
295
291
301
298
295
300
295
292
301
287
296
299
297
301
290
291
301
292
291
299
278
298
301
297
299
283
289
297
290
294
293
299
293
294
300
300
289
295
294
300
284
296
301
294
301
296
293
291
295
296
289
298
292
285
296
301
299
297
297
299
299
289
299
301
298
301
283
285
300
301
289
291
289
292
301
298
298
301
287
293
281
294
298
299
292
298
289
258
293
294
299
275
301
297
299
294
291
284
300
296
301
290
292
296
275
285
301
301
292
290
298
300
300
290
301
295
299
294
299
298
288
299
292
297
285
284
300
298
301
290
300
299
299
282
300
287
294
300
295
300
276
278
298
300
291
300
295
295
299
301
295
295
299
298
296
299
293
301
297
283
300
292
295
299
292
295
275
293
301
301
300
293
299
301
294
295
300
285
296
299
301
296
271
283
301
286
296
290
292
297
292
295
293
300
291
301
296
292
301
299
301
292
295
300
289
279
284
301
283
301
291
299
301
286
297
295
292
301
300
292
300
271
288
299
296
295
297
297
298
283
299
291
278
294
300
283
299
297
295
298
297
289
297
301
286
277
296
299
300
299
298
261
301
298
299
285
297
259
293
300
301
295
301
289
294
297
298
276
295
300
299
301
298
295
301
297
289
286
290
295
291
242
294
301
298
293
299
289
295
301
290
301
300
297
298
298
293
301
290
299
301
289
289
289
293
299
301
289
284
300
300
293
299
298
298
298
286
300
287
281
290
274
298
297
296
301
297
275
294
297
294
301
301
300
301
291
286
290
297
292
299
296
299
299
299
288
294
299
285
301
301
292
291
296
292
299
284
301
285
289
301
293
260
279
300
257
301
282
290
289
291
301
300
297
294
301
292
299
298
285
300
298
287
287
292
300
293
289
292
283
299
286
300
268
298
299
288
293
277
297
289
296
299
298
292
301
301
296
282
298
298
292
295
298
277
293
299
286
293
292
281
293
288
296
300
285
273
284
293
297
280
300
278
279
299
297
292
287
296
297
291
295
292
295
301
280
288
279
280
290
297
265
270
290
301
297
288
294
294
287
301
298
293
284
299
301
288
272
296
297
301
299
296
290
301
290
299
298
276
293
300
295
301
298
294
295
285
296
265
300
300
289
295
286
298
294
290
283
298
295
291
295
299
265
277
299
299
293
299
273
295
297
292
297
301
301
294
290
293
284
296
296
301
299
298
262
301
301
299
301
301
299
292
297
290
293
276
296
301
301
299
300
301
301
297
297
301
301
299
300
294
277
293
279
294
287
300
289
294
301
298
292
278
301
300
301
286
289
298
284
285
292
286
297
300
275
297
294
280
297
300
291
278
301
301
298
294
297
292
289
299
295
279
294
300
296
292
293
295
299
286
279
292
294
290
297
301
297
282
300
298
297
301
301
296
299
300
296
293
293
300
300
287
299
300
297
297
294
285
286
298
296
299
291
300
296
300
285
280
290
293
295
274
293
299
296
284
286
297
289
295
294
301
294
292
287
294
289
296
298
291
296
292
294
295
301
299
301
295
297
301
290
288
299
300
300
298
278
292
296
266
293
301
295
276
297
288
291
273
293
299
301
299
296
281
294
267
301
286
301
286
294
301
296
291
287
297
300
293
289
294
294
294
286
283
298
292
292
299
297
301
290
286
299
300
295
271
295
291
289
291
298
300
299
289
294
290
301
282
294
282
289
297
294
292
299
301
279
280
283
280
298
295
294
300
270
301
287
298
281
280
283
286
298
293
295
269
298
301
281
286
285
300
301
301
295
285
297
287
287
301
297
289
281
300
291
301
293
291
295
301
289
293
263
288
301
288
297
286
287
301
288
293
286
294
301
282
293
290
301
300
301
292
301
300
294
299
295
300
282
295
299
296
294
289
286
278
297
284
280
296
299
294
296
292
270
293
301
294
291
293
287
301
287
283
300
301
301
301
299
298
292
280
298
293
300
294
296
301
293
298
290
299
301
297
299
279
296
298
296
296
298
277
297
294
301
299
291
300
276
301
300
295
286
299
279
293
299
295
300
292
293
270
270
301
287
287
301
286
298
299
301
265
299
292
276
290
299
296
295
301
298
295
301
297
300
300
291
298
287
287
299
575
701
697
692
692
675
665
699
687
673
696
701
647
682
678
684
696
686
700
700
568
668
699
656
690
692
695
635
622
675
637
701
673
637
668
691
639
669
688
674
640
697
669
688
694
670
698
695
658
695
675
567
647
650
689
646
558
671
654
658
695
687
690
687
612
694
670
677
689
695
646
695
692
701
674
672
697
667
674
664
701
688
678
700
682
682
699
668
689
692
695
699
684
656
688
675
667
676
619
695
699
689
690
629
669
681
651
670
666
691
688
681
697
694
672
684
672
696
647
676
701
686
699
676
684
673
683
690
653
682
652
631
671
701
696
678
668
682
696
663
688
701
695
695
652
669
700
698
650
668
674
688
699
698
686
699
661
681
654
686
687
680
672
655
660
559
683
684
686
596
699
693
689
683
646
635
697
672
696
682
681
691
643
658
695
701
650
675
693
685
693
686
699
670
689
670
691
684
667
697
650
678
664
651
687
693
699
639
700
695
699
628
696
676
694
695
682
691
632
622
680
687
672
695
693
685
689
699
676
685
698
686
681
690
673
701
699
651
688
681
690
694
678
680
612
685
698
699
700
671
696
695
685
679
695
607
691
683
694
676
615
658
701
659
676
652
682
675
670
683
677
697
671
696
680
683
699
694
694
651
678
696
671
646
651
701
650
701
669
692
698
657
688
680
681
696
686
649
691
596
611
691
684
696
669
683
689
639
699
677
625
668
687
611
696
681
675
675
688
639
690
699
648
635
682
680
698
686
679
580
699
694
694
630
680
532
682
700
698
681
696
670
681
675
681
592
681
700
697
698
680
685
701
675
673
631
648
676
676
527
676
701
690
695
695
656
686
701
653
699
700
687
685
695
680
701
663
695
701
664
689
663
671
699
697
671
643
696
693
688
689
688
692
683
650
694
675
630
662
635
693
692
691
701
683
586
682
691
687
694
701
700
701
673
657
673
687
685
688
672
698
692
690
674
679
691
620
701
701
687
670
689
677
698
633
701
648
657
701
677
587
620
699
641
696
654
675
673
666
697
696
686
674
701
666
683
689
658
695
685
658
668
676
700
671
668
656
660
693
639
700
585
696
688
677
682
641
648
666
680
684
689
678
701
701
698
662
693
674
684
681
692
627
677
695
631
663
678
640
685
653
697
693
668
618
653
683
687
635
699
659
580
696
690
669
673
696
686
669
691
658
683
701
614
658
639
618
667
694
602
586
673
699
688
651
687
683
674
701
688
665
657
700
695
665
603
686
667
701
684
667
654
691
657
699
693
646
693
689
668
695
694
682
677
635
676
575
692
688
660
678
662
688
684
677
634
682
674
684
689
692
600
630
700
698
673
698
597
668
689
690
685
701
701
673
677
678
660
686
687
699
697
689
598
701
701
691
701
701
698
684
692
663
687
636
684
701
701
676
685
696
697
691
666
696
699
695
700
674
638
668
654
693
667
686
652
687
701
692
667
646
698
692
701
652
678
695
659
652
672
663
696
700
616
683
680
623
693
696
674
637
701
699
691
683
677
688
667
694
671
635
688
689
694
677
688
687
698
635
636
651
680
653
691
701
682
646
694
694
688
699
698
693
684
698
689
681
691
696
699
645
696
692
693
690
681
644
660
692
689
698
661
682
692
693
637
649
667
677
683
640
673
694
686
662
648
689
668
668
681
694
662
667
657
666
649
686
692
667
692
671
661
688
701
683
697
690
681
701
681
652
683
690
694
697
652
689
689
579
691
701
658
608
696
671
675
608
675
687
701
685
688
628
657
598
698
646
694
650
693
699
682
674
665
695
696
670
661
688
690
662
626
669
690
663
681
692
681
701
667
663
690
695
678
605
680
662
661
669
700
695
694
686
685
675
701
606
675
628
668
690
678
669
693
701
635
649
634
647
686
684
664
698
612
698
671
694
661
604
652
651
689
662
683
598
687
696
649
674
648
699
701
701
681
630
680
650
653
701
683
681
641
682
692
701
651
664
696
698
657
687
581
647
699
651
676
650
659
694
671
671
669
675
695
630
672
675
692
688
701
677
691
692
678
699
700
687
629
680
697
674
682
662
651
635
687
649
639
684
690
662
698
665
634
684
701
689
664
667
651
701
632
600
686
695
698
697
698
689
672
645
695
668
700
671
665
697
675
697
661
691
701
683
695
623
677
682
694
690
684
643
682
694
701
700
676
700
624
694
700
677
648
699
636
662
690
692
696
671
684
650
583
696
657
649
701
665
694
692
697
594
694
657
623
668
701
689
689
698
696
675
698
688
697
690
682
688
646
671
698
2
300
700
3
1
1
1010
1
1000
298
301
298
281
299
297
300
298
300
291
293
296
290
300
296
296
297
293
296
291
299
295
301
295
291
301
296
301
301
301
295
296
299
297
293
299
301
300
294
299
295
290
295
291
290
295
298
299
290
292
300
286
300
301
301
301
289
301
296
300
300
298
299
301
296
295
300
301
298
290
300
299
285
299
301
293
301
301
301
300
294
299
298
299
292
300
301
299
299
292
301
287
300
292
301
299
297
298
300
297
298
298
301
298
299
301
300
301
298
301
299
293
301
276
300
289
301
301
297
301
300
294
297
294
298
299
298
299
297
298
291
301
300
299
297
298
293
286
299
291
300
287
297
289
301
300
300
300
299
299
301
298
296
301
300
301
294
298
301
288
299
300
298
301
301
288
292
296
301
297
300
300
298
296
301
293
301
300
296
296
294
298
295
300
300
294
298
285
297
298
297
299
300
300
301
294
295
301
301
293
301
298
297
296
300
296
300
301
301
299
298
297
299
280
301
299
301
297
300
297
299
298
296
300
301
298
290
301
298
292
297
301
298
301
299
300
294
285
301
300
290
301
301
298
298
292
293
280
290
300
301
297
295
295
290
283
295
295
294
301
296
288
300
301
300
300
301
296
290
287
301
298
300
296
298
300
301
293
298
295
301
293
301
295
301
300
297
300
298
300
296
297
301
298
298
300
297
300
300
294
295
295
297
301
298
297
298
297
295
296
300
288
294
301
292
297
299
291
301
301
300
300
297
285
294
298
293
294
301
296
301
286
290
299
298
278
301
281
301
301
301
300
290
298
293
301
297
290
296
301
299
301
301
295
301
301
297
300
291
296
298
280
300
297
291
301
287
275
298
293
296
289
297
301
301
297
298
287
296
299
300
295
300
300
286
284
299
299
285
298
297
293
292
298
291
301
301
293
297
290
301
301
301
295
296
300
282
298
299
298
299
293
298
287
299
298
300
301
283
300
300
301
274
301
298
301
292
301
291
300
295
288
301
286
295
301
296
301
301
297
285
296
299
296
283
295
291
298
293
294
301
301
295
299
294
299
301
299
288
287
301
294
299
295
300
282
300
300
301
300
292
299
294
299
297
298
294
292
295
289
296
301
301
297
301
299
295
301
300
292
300
301
301
299
301
295
294
301
297
287
297
300
292
294
297
300
296
298
297
286
292
300
271
300
299
284
300
301
297
299
299
298
297
296
301
301
301
298
292
301
291
301
285
296
295
300
289
297
290
290
297
301
301
301
301
297
300
297
300
297
299
301
299
296
300
301
295
301
298
299
300
301
301
295
299
301
300
296
300
299
298
298
301
300
301
291
299
301
301
297
301
290
297
301
298
301
301
297
291
301
300
293
301
295
299
301
297
299
297
299
292
299
295
293
296
301
299
298
295
301
299
296
278
296
298
301
300
298
301
300
297
293
287
296
282
301
294
300
295
299
298
296
299
294
301
300
299
300
299
298
288
301
290
301
301
299
299
292
294
296
294
299
294
300
299
300
298
301
301
289
301
296
298
301
299
293
294
298
292
290
295
299
294
300
293
301
298
301
299
294
291
299
301
296
301
287
289
301
297
294
299
295
298
300
298
300
300
290
301
301
298
301
300
295
301
284
295
293
297
298
295
294
295
299
297
299
298
297
299
298
299
298
301
301
295
278
298
282
299
300
289
301
298
298
298
299
301
297
301
298
300
294
296
301
290
295
290
291
292
297
293
297
300
301
299
300
293
297
300
301
295
289
296
298
296
301
301
286
300
301
298
290
300
301
301
301
294
299
301
300
298
301
294
300
292
299
294
297
301
296
296
296
298
296
301
300
295
301
297
300
293
301
296
301
299
291
300
292
293
301
296
300
299
300
294
283
300
301
298
285
294
298
297
301
294
298
301
298
294
301
295
300
289
301
299
294
293
301
299
287
288
298
299
295
299
279
298
299
295
295
297
301
293
297
299
300
301
297
295
301
297
299
299
298
298
297
286
301
288
296
287
298
301
301
300
300
298
299
300
296
300
288
300
301
293
300
300
301
299
301
299
297
295
291
291
300
300
287
300
298
301
299
293
298
301
297
301
298
296
299
295
292
298
297
297
295
300
287
297
295
293
299
291
299
297
297
299
301
300
298
301
297
297
301
298
294
298
297
295
301
301
298
294
301
300
287
301
297
298
301
298
296
300
299
299
301
301
300
294
296
297
301
299
299
300
297
301
297
299
286
297
299
283
297
296
301
301
299
293
296
291
290
297
299
300
297
291
301
298
301
297
297
301
298
297
298
301
299
300
297
690
701
690
637
669
695
690
684
692
654
674
679
676
691
680
685
681
687
693
665
693
661
699
688
684
701
699
698
699
699
668
690
701
686
673
686
701
694
682
700
658
675
689
677
661
678
698
692
680
676
689
667
697
701
699
701
683
701
692
697
699
688
693
701
676
665
699
701
693
655
695
686
674
699
701
678
701
701
697
700
660
698
695
694
672
697
697
701
689
672
696
655
695
675
701
696
678
687
699
684
690
693
701
694
691
697
697
698
681
701
682
676
701
629
695
669
699
701
664
701
693
677
676
664
696
701
672
690
694
686
668
699
694
692
687
693
667
653
691
662
696
644
686
673
701
700
695
686
696
698
697
694
682
701
697
701
687
697
698
661
695
698
694
701
701
670
681
692
698
692
698
699
694
690
698
676
701
700
683
684
683
689
687
694
688
678
691
659
693
694
686
686
690
692
692
682
691
701
699
685
698
694
688
685
693
685
697
694
701
692
694
676
686
642
701
696
696
689
700
694
695
686
682
692
699
693
675
699
700
675
688
697
696
701
687
689
678
638
701
700
672
699
692
697
686
662
674
656
683
694
699
682
687
694
676
659
683
685
684
689
680
662
697
701
692
697
701
679
670
646
701
695
687
675
694
694
701
680
695
681
697
664
697
678
701
699
689
693
692
698
685
690
694
689
686
696
688
692
692
687
673
694
699
701
689
674
686
685
670
677
697
655
671
701
668
686
691
663
701
701
695
675
697
654
682
682
671
665
701
683
699
649
657
696
693
634
694
646
697
701
701
689
682
688
682
696
698
647
684
697
692
701
699
688
701
696
682
694
654
689
700
650
692
695
683
701
673
628
695
684
682
667
687
701
699
685
694
660
683
680
691
685
699
689
632
659
695
683
651
693
697
676
678
688
684
696
698
677
695
664
701
701
698
683
682
700
666
695
690
692
689
686
696
653
690
689
698
698
651
694
698
699
622
699
689
692
674
701
664
698
687
672
701
666
685
701
682
701
701
684
656
672
690
682
666
677
665
696
669
685
696
701
688
689
689
694
697
697
663
651
698
688
689
686
691
633
696
695
701
687
680
688
686
694
686
688
684
661
680
675
681
696
701
695
697
696
660
701
698
654
699
701
699
689
701
691
684
699
683
657
694
699
668
662
683
699
688
699
676
671
696
697
649
686
686
642
699
701
683
698
684
681
689
681
698
701
695
695
683
701
666
701
634
695
680
695
674
691
660
671
687
701
701
701
697
690
685
685
692
686
687
697
697
683
700
701
688
701
700
676
694
698
701
689
682
693
685
692
697
687
686
696
699
692
701
687
692
701
691
695
699
677
696
701
677
695
701
692
677
701
698
666
701
680
694
701
691
693
695
698
662
689
678
685
672
701
689
694
686
701
695
696
620
676
695
701
700
680
701
695
693
676
664
684
647
701
686
699
680
700
693
690
694
673
701
695
688
697
696
669
670
701
677
698
696
690
698
685
663
687
683
694
682
700
687
700
683
696
699
653
701
676
698
701
695
674
660
695
673
674
690
691
675
695
668
699
696
701
689
664
662
697
701
680
697
669
674
699
686
690
690
682
691
698
679
694
690
675
696
701
696
697
696
692
695
654
689
686
685
694
678
678
680
692
696
686
685
685
691
688
695
687
701
701
672
649
695
658
693
696
665
701
698
694
689
697
699
684
697
690
695
682
690
701
669
690
657
677
681
690
677
685
685
701
694
696
670
675
698
701
662
661
687
692
683
694
691
643
698
701
686
672
699
701
701
698
674
683
699
696
690
701
683
698
658
696
687
690
697
681
692
697
690
685
699
691
676
701
679
695
668
699
690
701
697
671
698
680
684
701
682
700
697
698
683
620
698
701
695
655
685
690
691
699
684
674
701
692
684
701
698
697
672
691
696
658
677
693
698
667
667
680
683
668
693
650
693
699
678
685
685
699
674
679
699
689
697
689
677
701
691
682
694
684
697
682
658
701
641
695
671
698
701
698
699
692
692
699
691
679
697
670
698
701
647
698
700
701
683
701
693
686
679
657
682
697
695
657
697
688
701
689
690
686
701
699
701
680
696
682
685
672
674
684
690
681
700
645
689
683
688
695
667
696
689
696
693
701
691
692
701
690
694
701
697
680
689
689
668
699
696
682
661
701
699
654
699
693
694
701
699
686
691
690
693
699
696
697
674
691
687
701
697
691
694
687
699
697
698
675
681
690
633
689
676
698
701
696
667
676
671
662
655
693
687
700
671
696
688
696
684
695
696
689
698
678
701
689
699
672
