2
32
32
4
1
2
64
64
3
1
80
1.25
1.34375
1.375
1.21875
1.4375
1.21875
1.25
1.40625
1.46875
1.1875
1.3125
1.0625
1.28125
1.375
1.09375
1.15625
1.46875
1.28125
1.28125
1.625
1.53125
1.46875
1.40625
1.53125
1.03125
1.21875
1.15625
1.125
1.28125
1.28125
1.34375
1.25
1.25
1.28125
1.28125
1.1875
1.15625
1.28125
1.34375
1.28125
1.5
1.09375
1.15625
1.34375
1.4375
1.3125
1.375
1.21875
1.125
1.3125
1.1875
1.5
1.15625
1.5
1.21875
1.40625
1.4375
1.21875
1.4375
1.15625
1.3125
1.25
1.34375
1.25
1.53125
1.15625
1.40625
1.375
1.3125
1.25
1.5625
1.28125
1.25
1.375
1.09375
1.21875
1.34375
1.34375
1.34375
1.53125
1.6875
1.90625
2.0625
1.78125
1.75
1.90625
1.875
1.71875
1.625
2.03125
1.625
1.5
1.6875
1.78125
1.375
1.84375
1.65625
1.3125
1.59375
2
1.59375
1.5
1.6875
1.75
1.46875
1.59375
1.71875
1.375
1.78125
1.65625
1.96875
1.40625
1.46875
1.78125
2.5
1.625
1.8125
1.59375
2.21875
1.6875
2.15625
1.71875
1.5625
1.625
2
1.53125
1.90625
1.46875
1.53125
1.875
1.59375
2.15625
1.9375
2.09375
1.625
2
1.34375
1.6875
1.4375
2.0625
1.75
1.53125
1.625
1.78125
1.6875
1.5
1.53125
1.5625
1.53125
1.6875
1.9375
1.84375
1.65625
2
1.40625
2.0625
1.75
1.875
1.53125
2.21875
27.7317
27.4
24.3409
25.1111
29.1818
26.9787
32.7778
24.3864
31.55
28.1778
26.2766
27.7556
32.0476
28.5652
28.8
30.8333
27.2791
29.7292
28.6818
23.3478
28.3778
26.5349
25.9556
27.5
31.2727
22.5
30.5952
30.65
28.3696
29.5814
26.5
32.8837
28.4524
24.878
29.0976
31.225
29.2
27.025
25.7209
27.4419
24.0667
28.7317
31.2927
27.3182
28.0435
30
29.0952
24.2381
29.234
30.7143
29.6818
25.5208
26.2143
23.1556
25.2955
28.5714
28.0976
31.122
27.2821
23.8936
29.1905
23.2326
28.0455
28.0455
24.9783
32.2045
27.8409
26.9535
23.8293
30.119
22.878
28
30.1277
29.2326
26.2927
26.9762
27.2889
29.2045
27.381
22.413
36.6522
35.7895
31.65
33.1579
38.85
29.6471
29.4211
42.15
29.25
34.9474
41.8824
31
34.0455
26.6667
32.4211
34.2273
27.2857
28.9375
25.95
28.0556
28.0526
33.3333
28.7895
37.45
23.7
32.5
24.9091
24.6667
30.9444
32.0952
31.0909
36.0476
32.3182
29.7826
24.7391
33
40.0833
28.6667
29.4286
36.1905
28.9474
31.3913
23.6522
26.9
35.0556
35.1905
32.4091
34.0909
28.1176
32.1364
35.75
31.375
32
33.6316
34.65
34.3333
26.913
31.4348
32.32
31.2941
32
35.7619
24.4
31.4
36.3333
35.5
37.45
36.9048
34.3913
35.6818
33.6087
32.9444
32.4706
30.381
34.6957
26.2727
33.6842
34.35
29.1364
33.2778
2
64
64
4
1
2
96
96
3
1
80
1.59375
1.76562
1.71875
1.59375
1.5
1.64062
1.70312
1.67188
1.57812
1.59375
1.64062
1.60938
1.65625
1.79688
1.17188
1.6875
1.57812
1.4375
1.34375
1.53125
1.78125
1.64062
1.5
1.45312
1.5
1.51562
1.48438
1.375
1.67188
1.5
1.42188
1.89062
1.54688
1.54688
1.53125
1.45312
1.53125
1.48438
1.51562
1.32812
1.57812
1.4375
1.48438
1.5625
1.51562
1.51562
1.90625
1.26562
1.48438
1.65625
1.4375
1.6875
1.54688
1.79688
1.625
1.53125
1.6875
1.53125
1.625
1.28125
1.59375
1.46875
1.51562
1.78125
1.60938
1.53125
1.625
1.46875
1.57812
1.59375
1.5
1.59375
1.4375
1.53125
1.57812
1.42188
1.6875
1.59375
1.59375
2.04688
1.96875
2.39062
2.04688
2.10938
2.32812
2.15625
2.0625
2.625
2.25
2.6875
2.09375
2.03125
2.4375
2.60938
2.0625
2.01562
2.54688
2.48438
2.23438
2.67188
2.78125
2.34375
2.53125
2.54688
2.25
2.09375
2.14062
2.5
2.39062
2.125
1.90625
2.15625
1.875
2.4375
2.5
2.59375
2.0625
1.85938
2.28125
2.28125
2.20312
1.95312
2.46875
1.90625
2.34375
2.34375
2.45312
2.26562
2.25
2.45312
2.82812
2.21875
2.17188
2.34375
2.21875
2.14062
2.40625
2.76562
2.76562
2.10938
2.10938
2.32812
2.67188
2.125
2.14062
2.375
2.15625
2.21875
2.39062
2.20312
2.42188
2.5
2.375
2.4375
2.45312
2.6875
1.92188
2.25
2.35938
2.34375
46.881
43.2118
47.1348
44.3704
47.1807
48.3086
42.9634
43.1047
48.7439
47.869
52.0595
50.2625
41.6627
44.3908
48.4634
48.3929
42.679
46.4458
52.141
40.2073
46.593
53.9753
46.4706
47.9398
56.9529
50.0235
42.05
47.4217
48.5357
51.7805
46.7011
41.1765
47.0723
41.3902
51.1316
45.4756
53.8333
49.6506
45.9615
51.3875
44.2346
49.1519
46.7949
49.2911
56
52.2805
41.5976
52.7439
47.9302
45.1667
40.0706
46.9877
52.2588
38.0366
40.2785
53.8049
44.7229
46.4483
44.439
52.3
44.5176
50.6104
40.7215
47.7412
46.1882
45.6625
46.2588
46.3095
51.5375
40.2439
45.3452
47.0375
45.1235
49.9878
47.8391
45.4096
50.925
44.443
50.7765
42.2941
65.9091
52.907
62.1795
65.8936
67.5778
65.4681
59.913
56.4524
64.3913
52.6136
64.0909
61.4167
66.9778
49.8049
67.0217
58.8636
60.0851
65.6222
61.68
68.087
52.2857
52.7447
58.9302
60.1778
62.8837
53.093
53.1458
63.5778
63.75
59.8478
60.2927
63.907
70.9333
65.1304
56.5769
66.8261
60.56
69.3556
58.94
65.7708
64.3191
61.7551
61.58
61.449
65.25
63.1522
63.8478
58.8696
54.8333
67.4773
68.2093
60.234
63.6744
63.6957
64.551
57.3913
59.7778
56.6098
60.8696
62.625
53.9302
66.2549
60.9592
60.7442
70.4884
47.3542
66.3953
64.3409
64.75
61
53.9545
56.5833
64.0426
58.9783
60.1463
60.1778
71
65.5714
51.5814
60.9302
2
128
128
4
1
2
160
160
3
1
80
1.76562
1.85156
1.90625
2.0625
1.91406
1.66406
1.66406
1.78125
1.72656
1.91406
1.74219
1.98438
1.80469
1.82812
2.08594
2
1.9375
1.70312
1.84375
1.70312
1.84375
1.92188
1.8125
1.85938
2.0625
1.85156
1.8125
1.8125
1.82031
1.91406
2.07031
1.78125
2.01562
1.875
1.72656
1.94531
1.92969
1.80469
1.625
2.03125
1.74219
1.76562
1.71094
1.63281
1.875
1.83594
1.91406
1.84375
2.05469
1.70312
1.80469
1.63281
1.64844
1.8125
1.75
1.95312
1.85156
1.89844
1.78125
1.82812
2.03906
1.79688
2.04688
1.875
1.72656
1.96094
2.09375
1.95312
1.61719
2.11719
1.6875
1.89844
1.91406
1.75
1.75781
2.01562
1.85156
2.01562
1.75781
1.57812
3.07812
2.83594
3.03906
3.5
3.24219
2.78125
3.22656
3.25
2.83594
3.36719
3.39844
3.60156
3.1875
3.17188
3.73438
3.49219
2.98438
3.24219
3
3.22656
3.20312
2.89844
3.75
2.99219
3.04688
2.9375
2.85156
2.9375
3.17969
3.28906
2.77344
3.13281
3.34375
3.10938
4.0625
3.05469
3.10156
2.78125
2.875
3.57812
2.82031
3.21094
2.70312
3.07812
2.85938
3.88281
3.48438
3.05469
3.4375
3.17188
3.19531
3.89844
3.46094
3.26562
3.40625
3.27344
3.125
3.46875
3.03125
3.46094
3.76562
3.64844
3.25
2.96094
3.39062
3.54688
3.60938
3.25781
3.33594
3.83594
2.94531
3.4375
3.42969
3.36719
3.03906
3.82031
3.39062
3.8125
3.42188
2.88281
82.34
90.9804
78.0196
75.2632
67.068
84.1959
79.4211
75.5
85.7134
78.6309
74.9586
75.1391
80.1987
85.52
71.3961
68.0194
83.7134
82.4868
82.3241
80.2692
84.5762
95.5584
71.2949
83.4079
77.0066
78.2185
87.0195
79.0417
75.7208
81.4706
79.0067
80.7778
74.7613
77.1111
73.2895
82.7532
75.98
85.2288
92.0662
74.7436
89.5034
74.82
84.298
78.7727
81.7815
78.4351
72.6424
74.5519
75.471
82.5065
74.9605
78.1039
81.8645
86.6078
81.0897
81.8013
80.2368
75.2
78.4803
81.3974
72.6259
75.729
72.4539
85.0195
88.2517
80.7516
75.1513
72.5882
73.7697
75.4314
88.0892
72.0443
80.3117
81.9871
85.125
78.7677
83.9477
74.9671
79.3553
88.4564
122.877
114.019
119.534
127.635
111.817
125.194
120.856
118.863
114.616
125.757
107.55
96.9333
113.743
122.538
124.451
120.04
116.626
119.769
119.351
122.2
112.943
106.794
117.43
126.692
117.59
109.41
128.529
121.214
111.833
119.583
124.198
114.699
126.485
122.689
109.731
111.157
129.915
124.35
112.81
116.25
116.752
115.019
121.21
123.059
122.448
118.324
127.038
112.824
118.802
118.922
118.202
115.98
120.723
114.718
121.15
131.257
117.567
110.66
135.404
125.79
117.321
138.554
103.933
117.059
110.543
122.141
112.683
108.728
115.394
119.689
109.949
107.786
114.392
112.04
103.644
113.733
122.01
116.538
120.288
114.664
2
256
256
4
1
2
298
298
3
1
80
2.23047
2.3125
2.16016
2.08594
2.34766
2.17578
2.01562
1.96094
2.03125
2.17578
2.05859
2.125
2.19141
2.42969
2.125
1.86328
2.06641
2.24609
2.05859
2.04297
2.25781
2.16797
2.12109
2.13281
2.19141
2.13672
2.10547
2.19531
2.16016
2.29688
2.26172
2
2.30469
2.17969
2.16016
2.15625
2.18359
2.12109
2.23047
2.14062
2.37109
2.28906
2.28906
1.86328
2.03906
2.17578
2.06641
2.50391
2.07031
2.48047
2.17188
2.13281
2
2.24219
2.32031
1.93359
2.15625
2.10938
2.12109
2.05078
1.91016
2.12891
2.18359
2.16797
1.9375
2.125
2.21094
2.32812
2.07422
2.35156
2.11719
2.16797
2.04297
2.20703
2.13672
2.05859
2
2.07031
2.26562
2.00391
4.00391
4.17578
3.95703
4.51562
4.42578
3.97266
3.70703
4.47266
3.91797
3.98828
3.88672
3.76172
4.07422
3.84766
3.87891
3.73438
3.92969
3.46875
4.23047
3.84375
3.83594
4.23047
3.69141
4.17188
3.96484
4.07031
4.34375
3.86328
4.28516
4.03125
4.18359
3.96094
4.04297
3.84766
3.98828
3.64844
4
3.50391
3.98438
4.24609
4.07422
4.5
4.41406
4.05078
3.73438
3.99609
4.12891
4.25781
3.92578
4.39062
4.14062
3.84375
3.79297
4.5
4.35938
3.42578
4.09766
4.64453
3.85156
4.03125
3.95312
3.8125
4.49609
4.07812
4.07422
3.79297
4.20312
3.99219
3.98828
4.11328
4.125
4.22656
4.09766
4.26172
3.96484
4.21875
4.09375
4.26953
4.35938
4.16016
127.493
127.222
144.724
133.416
134.231
133.769
140.126
147.488
129.728
145.765
142.559
134.51
137.939
128.193
133.912
148.615
145.605
141.951
135.839
138.15
138.644
137.231
133.473
134.901
129.531
140.622
135.356
123.149
130.803
133.837
134.692
152.812
125.708
145.718
143.347
140.119
144.225
148.238
134.514
133.949
126.258
122.427
129.305
146.341
137.628
135.003
135.442
126.376
140.61
126.59
135.567
137.078
134.264
129.649
125.245
145.316
135.928
140.203
135.35
144.729
141.235
138.712
134.832
130.182
145.254
128.39
138.539
128.339
138.663
135.117
141.134
139.956
132.993
134.955
144.068
139.911
135.395
118.353
130.014
129.341
221.127
233.014
227.216
215.566
222.885
209.189
230.813
222.333
221.599
236.091
209.387
225.581
220.488
230.631
216.078
224.819
228.629
222.902
241.991
236.425
213.803
241.585
233.165
222.873
212.656
222.397
241.576
231.777
219.023
227.977
232.728
220.493
227.194
212.367
221.759
230.17
223.946
220.951
238.355
230.279
218.701
227.092
232.097
215.329
234.59
216.165
228.641
227.7
225.345
226.309
223.339
210.767
241.359
218.477
224.913
223.199
223.873
211.361
226.055
225.41
244.95
223.036
235.927
212.982
232.118
230.488
237.214
238.477
214.756
232.716
218.882
223.228
219.596
233.118
228.289
214.416
234.335
237.495
208.95
225.493
2
512
512
4
1
2
576
576
3
1
80
2.02734
2.08789
2.27734
2.37305
2.29102
2.29492
2.42969
2.37109
2.46094
2.29297
2.13281
2.33789
2.23242
2.28516
2.30859
2.2207
2.32031
2.24609
2.33203
2.36719
2.25977
2.28906
2.17773
2.20312
2.24023
2.44922
2.44531
2.26758
2.36523
2.05273
2.18164
2.51562
2.30273
2.33594
2.41406
2.32422
2.21484
2.35742
2.17578
2.3125
2.45312
2.44141
2.26953
2.25977
2.26758
2.20117
2.25781
2.30664
2.15039
2.24023
2.41797
2.23438
2.15625
2.25586
2.39648
2.26562
2.31055
2.44727
2.20898
2.25391
2.22656
2.26758
2.44531
2.48242
2.30859
2.20703
2.41211
2.28516
2.14453
2.36719
2.38867
2.32227
2.30469
2.14648
2.49219
2.64453
2.0957
2.2207
2.31055
2.41602
4.5625
4.01953
4.67578
5.14844
4.93555
4.375
4.89453
4.69922
4.41992
5.25781
4.59961
4.74609
4.80664
4.80664
4.78711
4.48828
4.86523
4.87305
4.71484
4.86914
4.66016
4.43555
4.72461
4.49414
4.29883
5.14062
4.59375
4.52539
4.62109
4.23633
4.52734
4.91992
4.29688
5.14844
4.58398
4.15625
4.92969
4.70312
4.48633
4.60742
5.24805
4.75195
4.70312
4.53711
4.39453
4.29688
4.66016
4.78125
4.19531
4.50195
5.10352
4.70117
4.67578
4.65039
4.9082
4.66992
4.58203
5.00781
4.35156
4.39453
4.64062
4.55469
5.19922
4.47266
4.18945
4.56445
4.43164
5.30469
4.58008
4.24609
4.67383
4.54492
4.86523
4.52539
4.62891
5.06641
4.37891
4.16992
4.65625
4.83008
264.262
275.848
255.451
237.399
234.779
266.388
221.755
252.377
250.267
237.085
253.909
258.805
243.212
246.3
235.071
269.045
236.776
256.649
251.268
233.907
235.577
253.235
263.051
263.384
261.83
240.342
234.643
257.138
246.15
269.996
255.814
236.609
263.881
234.747
254.205
252.285
239.561
241.382
265.446
251.07
240.395
220.325
263.302
246.438
255.742
277.155
258.261
245.342
278.315
247.859
232.955
254.886
256.9
259.054
231.026
260.032
257.611
230.659
254.899
246.542
245.854
259.558
233.655
239.104
260.462
264.152
259.478
240.248
256.128
267.961
241.855
247.586
250.9
251.327
234.115
226.126
292.164
260.124
245.49
233.056
445.469
439.324
435.677
444.754
424.784
437.551
438.21
435.126
432.643
430.38
432.175
433.291
436.47
426.369
435.717
418.682
457.393
443.514
429.513
449.658
441.538
418.958
447.991
428.628
444.219
446.795
423.057
413.829
429.039
445.511
424.692
444.284
413.238
434.148
419.989
428.596
457.874
430.353
436.963
437.654
431.437
431.121
421.491
427.095
437.831
421.987
452.619
424.8
428.122
452.417
446.962
445.748
463.407
409.725
432.679
427.134
421.225
425.132
441.473
435.423
432.163
458.615
430.609
455.316
432.126
425.347
441.075
431.264
435.257
432.105
426.197
416.947
418.363
465.493
423.446
437.185
440.37
439.074
445.792
406.558
2
1024
1024
4
1
2
1126
1126
3
1
80
2.36621
2.36328
2.47363
2.44922
2.4668
2.40332
2.4873
2.51758
2.39746
2.40527
2.49707
2.51465
2.4209
2.50586
2.38574
2.57227
2.55371
2.33301
2.47363
2.56543
2.51367
2.59082
2.56543
2.46582
2.4248
2.46289
2.48047
2.40723
2.37891
2.4375
2.46484
2.4541
2.55664
2.5332
2.46484
2.52246
2.50781
2.41309
2.31348
2.54785
2.42871
2.4209
2.375
2.36426
2.49902
2.52148
2.48828
2.39746
2.55762
2.50684
2.43652
2.44336
2.44531
2.45996
2.50293
2.39355
2.4834
2.5
2.62793
2.46582
2.42773
2.41309
2.45703
2.45117
2.48047
2.39355
2.2998
2.42383
2.32422
2.34375
2.5752
2.43164
2.50977
2.33301
2.45508
2.44824
2.4248
2.62207
2.51172
2.41016
5.01465
5.30371
5.19922
5.3252
5.23047
5.07324
5.61133
4.74609
5.03906
5.04004
5.79688
4.92578
5.36523
5.48145
5.16211
4.89062
5.03516
4.9502
4.81543
5.37988
5.53809
5.37891
5.2627
5.15527
5.31738
5.16699
5.2959
5.2373
4.88965
5.16113
5.18262
4.99512
4.99023
5.46191
4.96875
4.98047
4.90039
5.01758
5.15332
5.44043
5.22363
5.0625
5.03125
5.22363
5.11426
5.25781
5.54688
5.25879
5.40723
5.24414
5.06543
5.06738
4.8252
5.10547
4.92285
4.7666
4.94043
5.17188
5.47266
5.2998
4.98047
5.02344
5.00586
5.29785
4.9043
5.14941
4.76074
5.1377
5.03516
4.96484
4.96777
5.01465
5.48145
5.13867
5.15625
5.11328
5.31055
5.41406
5.47852
5.35352
482.029
459.839
452.012
456.213
443.571
479.671
431.517
457.854
446.744
453.257
422.272
475.05
458.761
459.067
473.162
456.569
455.08
472.764
478.23
431.621
442.514
449.424
418.028
464.909
436.417
459.497
440.441
493.93
478.959
454.576
448.274
474.095
444.526
449.262
477.344
476.197
465.993
471.447
464.986
453.176
439.662
454.49
470.12
470.899
440.113
460.485
444.706
463.123
425.28
447.411
476.546
462.205
478.62
465.905
465.01
474.792
458.769
439.466
432.938
442.973
476.746
465.671
463.018
455.113
468.003
446.5
510.873
472.02
470.549
457.883
443.385
474.215
455.89
478.16
460.087
466.658
443.563
441.657
457.48
449.368
826.924
865.89
836.047
849.284
838.925
862.267
825.252
893.871
837.285
854.941
858.872
851.136
836.311
827.137
831.466
853.942
813.46
826.65
863.693
813.311
852.203
785.03
831.642
869.436
838.169
859.64
861.386
844.2
867.456
840.443
863.616
826.834
851.436
851.249
851.68
831.039
884.065
861.946
856.745
820.918
868.963
861.907
860.151
857.583
834.747
861.536
834.622
826.659
851.218
863.124
819.419
834.349
834.856
849.514
860.643
865.442
873.323
832.145
806.722
862.123
814.943
861.476
845.74
836.056
857.295
875.699
856.868
855.004
833.763
837.652
858.176
840.249
866.72
846.037
837.737
870.339
817.79
845.541
809.044
818.028
2
2048
2048
4
1
2
2218
2218
3
1
80
2.55664
2.5542
2.5918
2.50586
2.60986
2.59229
2.66309
2.56689
2.56934
2.57764
2.65186
2.62354
2.46826
2.65918
2.64014
2.64502
2.63916
2.58203
2.58398
2.52344
2.53564
2.55225
2.60889
2.47949
2.73145
2.6167
2.66943
2.6543
2.60547
2.6958
2.56006
2.69775
2.5249
2.63086
2.60791
2.56885
2.61475
2.72607
2.60498
2.64941
2.52393
2.5498
2.61182
2.5957
2.5415
2.53662
2.51514
2.58984
2.53809
2.5249
2.50732
2.63232
2.55029
2.56836
2.5249
2.49854
2.49902
2.68701
2.61865
2.46387
2.70068
2.61133
2.62354
2.60254
2.56006
2.5957
2.59814
2.58398
2.60205
2.53662
2.77686
2.52832
2.68359
2.65283
2.56592
2.56152
2.57031
2.54639
2.45361
2.65576
5.50732
5.60303
5.84131
5.55615
5.64404
5.82178
5.82666
5.65381
5.4292
5.70068
5.44775
5.58203
5.40381
5.8501
5.8335
5.60645
5.38672
5.53711
5.82275
5.61523
5.40625
5.72949
5.74609
5.30078
5.81494
5.43311
5.73828
5.39893
5.86426
5.48291
5.69043
5.57568
5.71924
5.72949
5.47949
5.50928
5.60547
5.90283
5.58545
5.60547
5.25537
5.44043
5.6626
5.67188
5.53174
5.55811
5.7373
5.31299
5.46387
5.52588
5.45312
5.71777
5.44531
5.6709
5.5835
5.5
5.64697
5.40088
5.75732
5.26172
5.68262
5.43115
5.61328
5.88184
5.20557
5.61279
5.66699
5.71729
5.66553
5.59912
6.03613
5.52051
5.57861
5.80859
5.68066
5.59424
5.5918
5.4375
5.60596
5.62451
865.226
859.394
836.604
867.947
859.674
841.183
815.744
889.058
858.963
870.586
856.623
857.496
870.854
837.478
833.256
853.341
875.515
852.179
856.083
890.254
865.848
840.068
848.423
905.116
814.433
868.786
853.875
816.421
833.234
826.297
877.492
837.435
869.138
840.401
863.782
872.019
871.308
784.295
858.113
874.717
884.349
877.32
849.256
859.932
880.693
850.804
872.405
887.256
886.282
869.641
897.359
840.357
881.014
870.629
875.74
915.367
880.686
843.432
840.736
885.21
814.719
865.34
840.186
832.558
900.695
875.916
854.603
854.727
855.468
868.787
802.219
862.642
850.333
835.375
835.981
861.199
873.64
883.248
880.159
829.003
1644.25
1691.22
1659.73
1591.46
1628.77
1642.21
1585.91
1640.09
1657.08
1618.38
1697.35
1624.27
1685.84
1647.16
1633.74
1681.96
1681.89
1635.94
1667.57
1682.89
1628.84
1713.47
1603.2
1688.26
1642.72
1707.05
1617.62
1652.92
1607.44
1662.25
1666.44
1642.89
1660.29
1592.98
1624.05
1650.15
1708.69
1615.21
1660.85
1644.58
1647.58
1652.61
1603.49
1669.38
1639.61
1672.49
1630.63
1667.19
1647.39
1661.92
1677.53
1551.57
1697.57
1631.29
1676.58
1708.92
1656.89
1661.13
1670.28
1698.13
1626.65
1633.6
1660.42
1633.74
1658.97
1672.65
1657.64
1623.77
1680.75
1630.64
1617.26
1653.17
1616.75
1678.64
1669.42
1592.89
1662.6
1681.75
1656.09
1642.77
2
4096
4096
4
1
2
4388
4388
3
1
80
2.75635
2.71167
2.7251
2.81421
2.69653
2.64673
2.6665
2.80029
2.78516
2.72998
2.66113
2.63892
2.65576
2.77197
2.74438
2.61523
2.65479
2.70801
2.67212
2.71118
2.73291
2.68726
2.71631
2.75391
2.71558
2.66821
2.64575
2.65308
2.68774
2.75708
2.71045
2.75977
2.75391
2.6936
2.63623
2.66724
2.67114
2.71069
2.67456
2.70898
2.70752
2.77051
2.65015
2.70654
2.67578
2.7373
2.70898
2.6731
2.78735
2.66357
2.78247
2.771
2.64502
2.75122
2.58423
2.69312
2.71338
2.7395
2.6604
2.75586
2.67847
2.64771
2.72437
2.70654
2.69775
2.6521
2.76611
2.73169
2.69873
2.65771
2.80103
2.69971
2.65869
2.73633
2.70874
2.6792
2.70776
2.64062
2.7168
2.72827
6.08813
5.86499
6.1311
6.25757
6.13647
5.80078
6.07568
6.14355
6.12354
6.05542
5.94556
6.04663
5.99976
6.10156
6.1394
5.8186
5.97827
6.02319
5.92725
5.88647
6.27905
6.0061
6.02734
5.9563
6.12622
6.05029
6.00195
5.97046
5.97705
6.14307
6.2439
6.04712
6.0271
5.67847
5.7124
5.82764
5.9082
5.82227
6.05566
6.12207
6.04883
6.06543
6.0105
6.26196
6.08838
5.8103
5.85107
6.01489
5.86157
5.85181
5.76514
6.07642
5.9292
6.02246
5.80933
6.17261
5.92114
6.12476
5.89917
6.1416
6.08691
6.0354
6.07642
6.15503
5.99146
6.12231
6.07495
6.00586
5.94507
5.88184
6.17139
5.75854
5.91724
5.97656
6.0022
5.92334
5.979
5.93359
6.31372
6.05469
1572.39
1627.76
1631.6
1573.82
1596.07
1635.1
1629.57
1591.16
1585.95
1617.7
1667.2
1646.08
1657.21
1592.49
1571
1647.46
1621.87
1591.95
1620.32
1638.45
1603.46
1653.03
1606.86
1661.91
1580.96
1630.81
1638.53
1639.77
1586.95
1610.41
1629.73
1615.34
1596.25
1664.58
1673.24
1667.81
1634.21
1634.38
1640.28
1590.05
1614.56
1597.64
1653.67
1599.71
1615.21
1649.2
1636.05
1632.95
1577.4
1623.17
1649.22
1586.72
1626.54
1569.78
1702.71
1609.43
1642.43
1570.82
1630.48
1594.7
1609.21
1625.49
1594.3
1619.17
1654.32
1633.48
1569.3
1598.79
1672.14
1646.21
1539.08
1685.47
1633.61
1619.02
1616.15
1667.99
1648.85
1651.45
1600.23
1587.51
3204.1
3205.41
3197.47
3205.89
3271.23
3242.29
3218.23
3243.91
3182.67
3190.18
3247.98
3225
3243.7
3209.9
3183.32
3253.9
3292.55
3191.53
3207.87
3323.88
3216.11
3203.03
3167.74
3193.29
3291.59
3213.81
3205.46
3291.52
3195.67
3199.17
3213.14
3233.65
3195.37
3278.01
3260.19
3239.37
3247.74
3237.19
3280.8
3192.82
3206.81
3240.48
3192.18
3197.39
3243.74
3281.62
3275.76
3249.23
3267.43
3255.31
3223.36
3223.46
3231.65
3185.65
3299.48
3208.28
3196.51
3268.98
3265.07
3224.19
3286.32
3245.21
3229.26
3186.8
3246
3227.57
3193.35
3269.04
3162.3
3235.61
3214.82
3244.42
3224.63
3232.57
3198.95
3247.69
3238.41
3278.4
3204.71
3250.17
2
8192
8192
4
1
2
8704
8704
3
1
80
2.7998
2.7937
2.84082
2.84216
2.80383
2.86658
2.78833
2.87805
2.75647
2.85828
2.81213
2.83264
2.77405
2.78516
2.78601
2.74768
2.84863
2.75024
2.78528
2.88159
2.82373
2.80811
2.78711
2.83594
2.77246
2.80017
2.82288
2.78357
2.72559
2.74475
2.89624
2.80762
2.80225
2.75293
2.85071
2.75122
2.80115
2.81665
2.81946
2.8197
2.75269
2.78247
2.81091
2.81433
2.7334
2.77966
2.83252
2.7406
2.73962
2.79504
2.82642
2.87048
2.80005
2.78613
2.75012
2.82788
2.81445
2.7489
2.80432
2.8125
2.81787
2.87085
2.79089
2.78845
2.82129
2.72314
2.78662
2.74805
2.83154
2.79089
2.75293
2.81506
2.76587
2.84363
2.84302
2.84851
2.7616
2.84277
2.76892
2.81531
6.42163
6.41626
6.53992
6.40027
6.38599
6.4895
6.3833
6.55957
6.19958
6.50134
6.47583
6.41479
6.32092
6.44788
6.32666
6.31201
6.4165
6.11755
6.29529
6.53076
6.30945
6.47253
6.41748
6.30566
6.27466
6.41638
6.34045
6.31042
6.20496
6.33252
6.58655
6.36328
6.35889
6.2041
6.54175
6.21985
6.36926
6.37292
6.37231
6.53064
6.31506
6.29883
6.37537
6.49451
6.17639
6.35693
6.44629
6.30762
6.28967
6.34705
6.19922
6.52307
6.38745
6.33142
6.36438
6.31177
6.42261
6.27734
6.45581
6.40979
6.40601
6.32446
6.35815
6.28625
6.5614
6.26343
6.29224
6.21216
6.53809
6.22546
6.39124
6.35388
6.20813
6.43787
6.30908
6.505
6.26782
6.49902
6.45667
6.46448
3109.31
3055.15
3082.48
3088.59
3141.37
3041.07
3092.69
3031.35
3146.12
3045.89
3050.51
3077.44
3124.2
3088.63
3106.73
3166.94
3081.81
3173.02
3123.61
3044.68
3109.7
3068.86
3072.53
3072.94
3110.39
3044.64
3040.8
3112.47
3226.76
3149.58
2993.81
3063.26
3067.3
3159.4
3056.91
3122.87
3067.01
3106.13
3082.88
3078.98
3135.78
3169.46
3135.97
3056.4
3184.56
3089.29
3099.7
3145.13
3144.51
3098.5
3080.41
3023.59
3083.11
3120.03
3167.5
3097.47
3087.95
3187.05
3063.33
3060.79
3053.88
3074.84
3089.42
3157.18
3103.06
3129.19
3133.27
3179.82
3037.27
3105.33
3121.1
3104.39
3160.55
3124.11
3087.49
3063.03
3154.35
3057.78
3092
3071.79
6326.33
6386.13
6186.53
6283.71
6310.59
6259.9
6260.88
6301.37
6503.76
6242.01
6301.71
6326.82
6363.37
6255.99
6354.85
6395.65
6234.31
6355.91
6387.42
6227.3
6376.09
6303.59
6347.33
6409.65
6297.61
6335.5
6357.88
6358.68
6376.38
6319.18
6233.04
6432.52
6419.49
6426.43
6210.01
6392.58
6353.39
6275.85
6185.41
6246.77
6357.82
6381.53
6254.52
6270.05
6454.73
6292.26
6292.49
6389.76
6337.6
6350.22
6395.11
6225.82
6379.88
6329.56
6365.78
6188.71
6272.91
6411.36
6328.99
6329.02
6369.59
6297.07
6319.18
6368.43
6241.49
6410.7
6294.11
6351.99
6346.64
6341.31
6367.22
6311.42
6358.64
6300.67
6393.83
6301.77
6424.16
6308.62
6266.27
6328.51
2
16384
16384
4
1
2
17294
17294
3
1
80
2.88318
2.87958
2.86078
2.86725
2.85254
2.89447
2.89532
2.8739
2.90564
2.88013
2.88062
2.91791
2.89929
2.87848
2.86938
2.89075
2.89941
2.87524
2.87408
2.8786
2.85913
2.86987
2.8952
2.86884
2.87341
2.89301
2.88214
2.84735
2.92743
2.85754
2.87305
2.87817
2.83582
2.90411
2.90253
2.92133
2.86676
2.88794
2.86816
2.90869
2.91101
2.90582
2.86578
2.90869
2.93512
2.89325
2.90344
2.87634
2.87848
2.87366
2.88043
2.83258
2.85236
2.89423
2.86877
2.89136
2.82971
2.90558
2.89008
2.86206
2.89661
2.84644
2.91229
2.88928
2.9173
2.90997
2.88965
2.88165
2.88867
2.84656
2.8764
2.86768
2.91699
2.9303
2.84955
2.87262
2.90503
2.86725
2.88019
2.90454
6.58099
6.77148
6.55804
6.58698
6.67865
6.7323
6.58698
6.66058
6.66034
6.68878
6.70331
6.71277
6.72485
6.71838
6.67511
6.62799
6.59521
6.55627
6.67065
6.73431
6.65173
6.6604
6.62952
6.65222
6.70923
6.72638
6.61322
6.55579
6.60083
6.57361
6.62433
6.7099
6.61719
6.63989
6.61823
6.61548
6.698
6.59558
6.65552
6.67279
6.71716
6.68292
6.5838
6.82135
6.83722
6.67609
6.70148
6.75684
6.63684
6.65448
6.65521
6.62958
6.60449
6.68903
6.62939
6.71735
6.59698
6.7041
6.68152
6.61774
6.78955
6.50452
6.77075
6.69879
6.70776
6.75647
6.7912
6.67358
6.67902
6.68085
6.68842
6.69373
6.71271
6.83026
6.55365
6.61749
6.58789
6.64447
6.66327
6.74512
5974.16
5926.99
6036.6
6065.78
5980.71
5899.88
5944.89
5995.04
5920.25
5997.28
5951.87
5859.61
5914.08
5922.2
5928.78
5957
5960.79
5959.27
5906.75
5938.7
6015.25
6024.36
5941.81
6008.1
5982.92
5977.99
5969.35
5988.87
5953.81
6053.65
6028.19
5906.85
6023.73
5969.57
6006.05
5985.79
5941.95
5988.75
5950.15
5933.72
5941.89
5875.25
6037.92
5936.42
5812.28
5873.38
5891.73
5952.39
5979.31
6022.75
5900.93
5988.45
5989.67
5955.66
5956.94
5927.28
6095.48
5975.73
5917.2
6002.56
5905.52
6068.59
5846.37
5986.29
5849.82
5887.95
5894.43
5961.18
5985.1
5976.94
5903.33
5958.94
5850.38
5843.56
6029.13
6014.95
6001.78
6015.34
6038.56
5966.06
12563.9
12470.3
12559.6
12439.8
12500.4
12441.4
12385.1
12425
12525.2
12434.3
12425.3
12394.1
12496.3
12506.4
12486.3
12448.2
12456.4
12538
12475
12213.5
12576.8
12343.3
12553.8
12451.9
12444.3
12291.6
12533.8
12491.6
12345.5
12570.5
12523.8
12446.8
12496.7
12461.1
12392.8
12493.1
12429.8
12586.3
12465.3
12438.6
12479.6
12394.1
12593.9
12327.9
12447
12409
12450
12351.6
12546.7
12488.7
12381.8
12507
12612.2
12435.1
12450.7
12481.2
12699.7
12393.2
12490.9
12533.7
12344
12468
12360.6
12410.2
12514.3
12504.3
12381.3
12374.8
12530.3
12481.3
12432.4
12568.1
12375.6
12348.1
12478.6
12535
12602.2
12372.1
12329.7
12468.3
2
32768
32768
4
1
2
34406
34406
3
1
80
2.95657
2.96246
2.92111
2.9646
2.95142
2.96677
2.93558
2.96469
2.98312
2.97958
2.96381
2.95609
2.96838
2.98007
2.95953
2.93942
2.96716
2.97372
2.9881
2.94049
2.9281
2.95242
2.96326
2.95529
2.9498
2.95557
2.96786
2.9567
2.92288
2.9646
2.95694
2.94385
2.97098
2.97644
2.9487
2.91299
2.95309
2.97586
2.95358
2.96863
2.95898
2.94724
2.9426
2.96094
2.92386
2.96094
2.95969
2.95758
2.95114
2.97073
2.99091
2.96375
2.99295
2.9415
2.92194
2.94147
2.96704
2.92252
2.92883
2.99185
2.9433
2.94934
2.96469
2.94608
2.97266
2.95206
2.9425
2.97586
2.98343
2.98611
2.97934
2.97501
2.94504
2.95956
2.95822
2.95581
2.99002
2.95743
2.9985
2.91483
6.97498
6.91501
6.85336
7.00394
6.93799
6.92911
6.8869
6.87061
7.08856
6.95062
6.90695
6.94354
6.98514
7.03204
6.87823
7.0173
7.00504
7.01462
6.92566
6.87778
6.88654
6.93762
7.02396
6.87689
6.91544
6.96231
6.95999
6.91351
6.81805
6.96906
6.99167
6.87881
6.95844
6.94403
6.95862
6.91467
6.92255
6.91
6.99884
6.99246
6.98618
6.92749
6.96332
6.8699
6.8562
6.99179
6.93179
6.92859
6.90186
6.93307
7.03339
6.93164
6.98969
6.89325
6.86566
6.91086
6.99417
6.87521
6.92267
7.11133
6.97433
7.00433
6.92108
6.9115
6.91653
6.92563
6.991
6.98856
6.952
7.08682
6.9516
6.98715
7.01047
6.88556
6.91119
6.8891
7.00262
6.9263
7.03281
6.87628
11595.2
11617.7
11791.2
11522.3
11539.8
11500.4
11656.5
11520.6
11336.7
11520.5
11508
11557.5
11524.2
11404.1
11624.2
11484.7
11503
11450.6
11480
11580.8
11684
11605.6
11384.1
11521.9
11527.8
11546.3
11574.2
11627.8
11733.2
11458.2
11495.9
11623
11475.8
11431.4
11451.6
11686.3
11525.7
11533.7
11439.2
11504.2
11441.8
11521.2
11573.1
11709.7
11753.1
11495.4
11449.3
11568.8
11594.7
11499.6
11425.2
11550.4
11419.4
11671.2
11707.3
11552.4
11411.7
11636.9
11558.3
11421.1
11609.9
11534.8
11500.7
11565.1
11405.2
11530.1
11495.1
11546.9
11455.1
11392.5
11432.1
11418.9
11498.9
11681.6
11500.8
11488.4
11357.7
11483
11409.4
11664.1
24518.6
24511.6
24505.5
24504.4
24582.5
24529.4
24661.8
24635.9
24292.2
24527.9
24655.1
24463.1
24535.9
24473.8
24426.3
24588.1
24476.3
24430.9
24294.6
24565.2
24647.8
24517.7
24407.3
24602.3
24534.4
24455.5
24496.9
24712.4
24645
24563.2
24518.8
24550.7
24538.4
24662.6
24545.8
24806.5
24574.4
24516
24567.9
24564
24538.9
24477.5
24462.1
24442.4
24714.4
24561.8
24623.3
24662
24542.1
24560.3
24408.5
24516.9
24522.5
24682.4
24630.4
24606
24436.6
24525
24555.3
24440
24553.3
24611.1
24480.8
24683.6
24617.3
24464.1
24482.3
24591.3
24614.3
24372.1
24455.1
24590.6
24541.4
24447.8
24717.6
24481
24409.9
24655.5
24417.9
24604.8
2
65536
65536
4
1
2
68514
68514
3
1
80
3.03386
3.03
3.03551
3.02501
3.03525
3.00285
3.03839
3.04088
3.03372
3.03842
3.04269
3.01976
3.02533
3.02776
3.033
3.00945
3.0593
3.03342
3.05379
3.03615
3.04561
3.01181
3.02583
3.06313
3.02452
3.04155
3.03412
3.01953
3.0139
3.02466
3.05296
3.04018
3.05449
3.03513
3.02318
3.03998
3.00941
3.03279
3.04388
3.02232
3.0332
3.01852
3.02267
3.00621
3.04166
3.04439
3.04591
3.02931
3.05247
3.03653
3.01318
3.03162
3.01967
3.01945
3.04007
3.05272
3.03407
3.03564
3.02687
3.04845
3.02338
3.03439
3.01018
3.04489
3.01785
3.017
3.03192
3.05031
3.03429
3.03178
3.06125
3.04021
3.03149
3.04526
3.05022
3.01126
3.03625
3.01256
3.02467
3.03001
7.22681
7.19334
7.24402
7.16281
7.21953
7.23015
7.21837
7.23688
7.21584
7.21657
7.15994
7.19336
7.17032
7.20718
7.24394
7.17096
7.19829
7.20674
7.22194
7.16571
7.23755
7.19472
7.25465
7.19781
7.22296
7.20607
7.15686
7.23723
7.20409
7.25493
7.27762
7.22452
7.27231
7.22896
7.19861
7.21445
7.19868
7.18704
7.23222
7.15324
7.243
7.21149
7.25237
7.20164
7.20842
7.2332
7.24356
7.24934
7.22726
7.19385
7.15031
7.20609
7.15839
7.1871
7.29858
7.22931
7.2475
7.2413
7.12923
7.20045
7.24965
7.18469
7.17667
7.22461
7.28302
7.21544
7.25517
7.27444
7.21069
7.20349
7.20309
7.19038
7.20461
7.28954
7.20454
7.19604
7.15398
7.19835
7.231
7.27046
22355.6
22401.8
22424.7
22518.4
22426.8
22375.6
22211.5
22257.1
22338.3
22257.7
22400.9
22464.9
22488.9
22424
22301.2
22495.1
22258.1
22344.6
22299.8
22448.2
22335.1
22498.5
22243.5
22328
22332.1
22252.1
22468.7
22273.1
22457.8
22364.7
22119.9
22259.2
22202.5
22333.1
22423.4
22385.9
22359.7
22504.5
22237.1
22588.9
22329.2
22570
22323.1
22426.3
22429.3
22316.7
22242.1
22343.7
22273.2
22409.7
22570.3
22213.3
22467
22483.6
22073.1
22203.3
22199.5
22254.1
22394.5
22287.3
22386.2
22401.8
22445.3
22199.1
22341
22487
22398.5
22270.2
22227.7
22317.7
22265.2
22226.9
22479.8
22174.4
22479.3
22322.8
22508.6
22544.7
22272.6
22364.1
48435.1
48502
48229
48111.2
48317.9
48552.7
48492.4
48452.5
48419.1
48304.4
48415.5
48352
48530.6
48510.4
48519.7
48440.2
48376.9
48473.2
48485.1
48380.5
48307.2
48506.4
48387.8
48663.7
48414.6
48377.7
48688.3
48589.9
48656.7
48542.3
48062.1
48469.2
48116.5
48282.7
48568.8
48510.2
48217.1
48344.4
48286.3
48532.8
48331.4
48406.1
48270
48498.3
48363.1
48326
48257.7
48323.5
48235.3
48556.7
48415.1
48564.3
48557.5
48371.4
48225.1
48216
48384.1
48310.2
48354
48401.5
48453.9
48321.5
48491.7
48343.5
48390.5
48271.5
48261.4
48156.2
48354.9
48469.1
48483.3
48435.1
48656.4
48558.3
48404.2
48530
48432.6
48339.8
48493.8
48081.7
2
131072
131072
4
1
2
136533
136533
3
1
80
3.09727
3.09377
3.09289
3.09846
3.08727
3.10165
3.09147
3.08631
3.11176
3.09865
3.10161
3.09055
3.08302
3.09694
3.07613
3.08105
3.08467
3.08716
3.08587
3.10654
3.09943
3.10117
3.0943
3.0861
3.10078
3.10043
3.10054
3.09946
3.10476
3.07636
3.11691
3.08825
3.09842
3.09391
3.10088
3.10686
3.10247
3.09944
3.08298
3.08881
3.09742
3.09335
3.09528
3.09897
3.08951
3.10227
3.09444
3.09659
3.09773
3.0992
3.09464
3.0974
3.10471
3.08671
3.09946
3.10764
3.0819
3.10653
3.08834
3.1018
3.11042
3.07571
3.10145
3.09279
3.09641
3.08634
3.10098
3.11063
3.11182
3.1117
3.0909
3.08733
3.09295
3.09148
3.09242
3.09277
3.08846
3.10865
3.0955
3.10767
7.45992
7.47891
7.41957
7.45789
7.43916
7.47667
7.44047
7.43291
7.45887
7.4231
7.45127
7.46642
7.46184
7.46158
7.43564
7.40977
7.45687
7.43246
7.42168
7.47669
7.4686
7.41971
7.45982
7.46339
7.41844
7.45902
7.45827
7.47021
7.45329
7.42818
7.47903
7.44841
7.44138
7.44611
7.48302
7.44675
7.44524
7.45914
7.41904
7.42547
7.48451
7.43838
7.43648
7.4852
7.44839
7.4224
7.45248
7.36641
7.42995
7.45247
7.42791
7.47419
7.44468
7.43258
7.5047
7.48431
7.41904
7.49077
7.43528
7.47699
7.46935
7.43869
7.48829
7.4201
7.451
7.44547
7.43927
7.50208
7.48387
7.46312
7.46479
7.40786
7.46183
7.46038
7.46078
7.44288
7.44242
7.48202
7.44828
7.45468
43370
43510.1
43778.6
43316.9
43628.7
43551.7
43420.5
43443.9
43187.3
43725.4
43357.3
43444.3
43571
43269.8
43894.9
43641.3
43420.3
43562.6
43744.9
43225.1
43382.6
43605.9
43598.4
43684.3
43778.8
43430.3
43590.8
43433.8
43631.1
43737.2
43399.2
43571.1
43509.3
43566.4
43312.8
43467.3
43421.8
43570.8
43626.6
43635.1
43356.3
43694.6
43559.1
43304
43462.2
43370
43330.1
43666.7
43465.4
43434.6
43456
43447.2
43492.9
43646.6
43150.1
43432.4
43722.5
43487
43597.2
43353.1
43345.5
43686.6
43660.7
43558.2
43578
43719.6
43544.1
43194.4
43098.9
43316.8
43638.4
43723.7
43466.8
43620
43569.7
43454.5
43621.6
43294.9
43581
43385.7
95792.1
95623.3
95232.9
95429.2
95741.4
95126.5
95990.9
95748.3
95408
95472.2
95249.1
95499.4
95527.9
95474.3
95582.3
95716.4
95786.2
95381.1
95536.4
95704.1
95893.3
95303.7
95367.2
95339.3
95807.6
95332.5
95378.7
95144.8
95407.6
96020.5
95279.5
96006.2
95455.4
95528
95628.5
95556.5
95743.2
95425.3
95537.2
95711.9
95177.3
95720.1
95535.8
95634
95429.2
95704.1
95616
96359.5
95644.4
95575.8
95794.9
95803.1
95408.7
95503.7
95505.6
95601.5
95401
95108.5
95639.8
95428.3
95033.7
95592.5
95199.9
95848.7
95664.7
95395.3
96056.7
95263.4
95288.8
95422.5
95525.7
95832.5
95728.5
95715.9
95767.9
95868.8
95318.3
95304.6
95775
95378.3
2
262144
262144
4
1
2
272226
272226
3
1
80
3.14289
3.15748
3.13966
3.16025
3.1476
3.16582
3.15377
3.15668
3.15483
3.1506
3.15028
3.154
3.1503
3.14597
3.15507
3.15149
3.16703
3.15521
3.15421
3.16536
3.15462
3.15093
3.15258
3.14027
3.16325
3.15638
3.15735
3.15002
3.14109
3.15833
3.15969
3.15039
3.17371
3.1482
3.15493
3.14442
3.15573
3.15096
3.16698
3.16554
3.14702
3.1601
3.15117
3.1592
3.13952
3.14944
3.15636
3.15993
3.15532
3.16757
3.15367
3.16132
3.16029
3.17078
3.15127
3.15797
3.15896
3.16002
3.16363
3.15753
3.14791
3.15549
3.16212
3.15117
3.15789
3.15478
3.16454
3.14921
3.13818
3.16076
3.16469
3.1532
3.16167
3.15143
3.16244
3.1549
3.14563
3.16211
3.15849
3.16407
7.65262
7.69737
7.64394
7.67038
7.66036
7.68257
7.64087
7.67045
7.70548
7.69348
7.63627
7.64325
7.66964
7.66335
7.65671
7.63456
7.68335
7.67041
7.66511
7.68024
7.67171
7.65205
7.66824
7.64098
7.68724
7.68122
7.66191
7.66798
7.64528
7.65968
7.66993
7.67647
7.68235
7.67126
7.65755
7.65126
7.67852
7.64344
7.72203
7.70283
7.65999
7.6796
7.65847
7.67043
7.63829
7.66389
7.69204
7.67812
7.69013
7.69315
7.63887
7.65577
7.66894
7.72343
7.66122
7.67429
7.66649
7.70652
7.71518
7.68619
7.599
7.67325
7.68712
7.65439
7.70559
7.65791
7.69012
7.67282
7.6425
7.69879
7.65717
7.69595
7.66317
7.70539
7.70725
7.67303
7.64285
7.67871
7.66902
7.64985
85251.3
84513
84896.4
84831.8
85061.3
84552.7
85008.4
85038.1
84553.7
85005.3
85110.7
85024
85064.5
85055.1
84858
85265.3
84772.8
85149.8
84941.7
84802.2
85029.6
85314.4
84873
85248.7
84916.1
84862.2
84830
84994.3
85290.2
84994.6
84902.5
84783.5
84635.2
85039.3
85098.2
85071.4
85022.4
85133.9
84542.2
84381.6
84955.6
84961.6
85220.2
84776
85481.5
85138.7
84841.7
84624.4
84869.9
84950.5
85024.7
84947.8
84950
84535.5
84973.2
84936.3
84974.4
84773.2
84790.8
84740.9
85213.4
85127.2
84949.6
85023.7
84987.9
85095.4
84772.1
85083.9
85262.9
84507.8
84929.4
84801.1
84914.1
84851
84636.1
84881.3
85127.2
84857.6
84929.9
84801.4
189106
188337
189388
188515
188768
188699
189311
188674
188514
188537
189019
188624
188812
188982
188897
188932
188408
188778
189338
188704
188764
189170
189364
189125
188228
188986
188332
188621
189305
187960
188653
189034
188544
188967
188920
189104
189085
188574
188103
188349
189197
188674
188952
188561
189527
189316
188702
189024
189028
188472
189059
188949
188603
188259
188811
189283
188925
189054
188596
189050
189409
188980
188628
188967
188729
189157
188593
189112
189498
188504
188876
188487
188771
188609
188442
188770
189157
188581
188870
189266
2
524288
524288
4
1
2
543012
543012
3
1
80
3.21962
3.20728
3.20373
3.21498
3.21859
3.20891
3.21534
3.21688
3.22305
3.21102
3.21798
3.21849
3.21501
3.21601
3.21872
3.21847
3.21207
3.20987
3.22444
3.20886
3.2187
3.21255
3.20836
3.20915
3.20391
3.21102
3.2155
3.21759
3.19901
3.21532
3.20605
3.21895
3.21223
3.20785
3.20599
3.21361
3.20551
3.20546
3.2136
3.21562
3.21477
3.20705
3.21739
3.21789
3.22039
3.21601
3.20589
3.20681
3.22288
3.20453
3.21612
3.21462
3.21382
3.21098
3.21483
3.20531
3.21329
3.21137
3.21264
3.21402
3.22421
3.20496
3.22363
3.20683
3.21411
3.21347
3.19935
3.21957
3.21849
3.22088
3.2132
3.2116
3.20099
3.21681
3.21391
3.20019
3.20855
3.21452
3.20717
3.21679
7.88401
7.88841
7.88059
7.89626
7.90568
7.87523
7.89178
7.88797
7.9119
7.87978
7.91013
7.89113
7.88188
7.89663
7.89158
7.91988
7.86502
7.87818
7.927
7.87945
7.89832
7.89975
7.89063
7.8825
7.88572
7.88232
7.90909
7.86554
7.8718
7.8876
7.88941
7.89841
7.89769
7.89019
7.88005
7.88545
7.86983
7.85328
7.90699
7.89323
7.88818
7.86281
7.899
7.87255
7.88173
7.88975
7.8598
7.8837
7.88723
7.87465
7.89977
7.88017
7.88814
7.86198
7.88378
7.87113
7.89705
7.88516
7.9141
7.8416
7.91969
7.89641
7.90282
7.89265
7.89393
7.90329
7.88128
7.87922
7.93156
7.88592
7.89035
7.87348
7.87913
7.88452
7.87935
7.89196
7.88283
7.88504
7.86681
7.89615
165812
165941
166135
165712
165385
166447
165955
166205
165715
166157
165446
166212
165648
165830
165664
165378
166033
166318
165521
166295
165998
165881
166099
166159
166462
166368
165845
166194
167049
166029
166313
165707
166113
166687
166182
166219
166174
166312
165979
166025
165972
166176
165895
165840
165755
165885
166489
166233
166127
166080
165693
166155
165947
166813
165903
166124
166023
166452
165671
166678
165441
166154
165270
165905
165942
165593
166257
165829
165235
165579
165893
166119
166567
165902
166082
166343
166266
166349
166396
165850
372548
373384
373614
372897
372647
373595
372181
373012
373142
373355
373014
373656
372709
373129
372934
373188
373482
373134
372695
373255
372997
373048
373400
373060
373342
374177
373236
373495
374336
373883
374026
373006
372751
372860
373801
373371
374123
373779
373225
373653
373135
373641
373604
373866
373809
373574
373661
373398
373337
373859
373275
373540
372499
374111
373382
373942
373439
372932
372779
373681
373206
372700
373762
373640
373125
372729
373974
373022
373112
372445
373822
373851
373982
373227
373347
373300
373414
373145
373423
372636
