1
64
1
2
64
64
3
1
80
44
45
43
45
43
48
46
43
41
45
46
45
41
48
44
42
40
49
39
42
43
48
42
46
43
46
49
43
39
41
50
45
45
41
45
45
43
44
45
41
47
45
43
43
42
48
42
47
44
44
46
42
45
46
43
46
41
42
42
41
40
44
38
42
44
45
44
45
43
46
47
46
41
46
49
44
46
40
44
47
1
128
1
2
96
96
3
1
80
83
86
78
86
85
87
84
83
80
83
82
87
83
81
81
82
85
83
84
84
82
85
83
84
85
81
84
85
78
78
85
82
79
81
83
80
79
78
83
84
81
78
72
82
83
81
84
83
82
78
90
80
82
84
85
85
82
78
82
81
80
83
83
86
83
84
86
83
85
80
83
87
86
82
86
84
85
82
82
76
1
256
1
2
160
160
3
1
80
155
154
155
155
152
154
153
157
153
154
151
154
154
152
154
154
151
151
155
154
157
152
152
155
155
152
152
151
153
154
150
153
149
151
150
153
154
150
152
152
153
156
148
148
153
149
150
151
151
152
152
152
151
151
154
152
152
157
152
152
157
150
152
157
155
153
153
154
152
153
156
156
158
155
153
153
155
152
156
149
1
512
1
2
298
298
3
1
80
290
295
292
289
293
295
295
293
289
295
291
294
296
291
294
293
295
296
294
297
292
293
293
290
296
295
291
292
292
297
293
291
296
293
290
290
294
293
290
295
294
293
295
293
293
291
294
296
294
294
294
294
294
291
295
294
293
296
293
290
294
294
293
287
294
295
294
290
292
293
293
292
293
291
290
293
289
290
291
288
1
1024
1
2
576
576
3
1
80
571
573
567
569
575
571
570
571
569
571
573
568
567
573
565
573
571
568
569
569
572
572
568
571
566
566
567
571
568
569
571
570
571
569
570
568
566
571
574
571
572
571
573
569
566
570
569
569
574
576
570
565
570
568
567
572
569
571
569
572
571
569
565
572
570
565
572
575
575
572
575
572
568
572
572
570
567
574
568
570
1
2048
1
2
1126
1126
3
1
80
1121
1120
1122
1116
1122
1124
1120
1124
1121
1124
1115
1112
1124
1116
1118
1122
1117
1119
1123
1120
1124
1119
1114
1122
1118
1122
1118
1122
1118
1122
1121
1119
1118
1120
1116
1113
1120
1114
1123
1120
1119
1119
1116
1122
1116
1119
1118
1124
1118
1121
1124
1120
1123
1120
1120
1119
1118
1121
1123
1117
1125
1116
1116
1117
1123
1123
1119
1119
1116
1118
1120
1122
1121
1121
1121
1120
1120
1112
1118
1118
1
4096
1
2
2218
2218
3
1
80
2207
2207
2211
2211
2214
2211
2210
2211
2216
2207
2209
2215
2211
2210
2207
2209
2213
2211
2214
2212
2214
2213
2210
2211
2215
2209
2210
2213
2211
2215
2213
2209
2216
2211
2214
2213
2214
2211
2211
2213
2208
2211
2213
2208
2208
2209
2212
2212
2212
2210
2213
2213
2207
2210
2207
2210
2207
2213
2210
2211
2211
2216
2216
2208
2207
2207
2206
2209
2212
2211
2211
2213
2210
2212
2213
2210
2215
2211
2212
2207
1
8192
1
2
4388
4388
3
1
80
4371
4377
4379
4380
4377
4374
4378
4383
4378
4376
4384
4375
4378
4382
4378
4374
4374
4380
4380
4374
4380
4377
4383
4371
4379
4383
4380
4384
4375
4374
4376
4381
4376
4381
4380
4375
4374
4379
4380
4380
4375
4377
4376
4373
4378
4375
4381
4379
4381
4377
4377
4386
4383
4379
4377
4379
4381
4382
4374
4378
4375
4372
4373
4379
4379
4378
4378
4372
4378
4378
4382
4379
4381
4378
4371
4375
4376
4381
4380
4375
1
16384
1
2
8704
8704
3
1
80
8693
8692
8696
8692
8685
8693
8693
8695
8686
8689
8694
8692
8692
8690
8685
8689
8695
8696
8686
8688
8693
8686
8692
8695
8686
8686
8691
8691
8689
8692
8689
8690
8683
8693
8692
8686
8691
8684
8691
8692
8692
8692
8689
8686
8691
8693
8686
8694
8690
8691
8687
8694
8693
8687
8689
8688
8688
8686
8694
8691
8694
8685
8689
8687
8690
8689
8690
8693
8691
8689
8684
8696
8693
8690
8695
8693
8688
8692
8687
8687
1
32768
1
2
17294
17294
3
1
80
17273
17277
17275
17277
17267
17282
17280
17281
17279
17273
17276
17274
17275
17270
17279
17274
17272
17276
17272
17276
17282
17277
17275
17272
17278
17275
17277
17284
17279
17279
17276
17273
17267
17270
17269
17270
17274
17270
17271
17270
17278
17274
17281
17271
17276
17273
17278
17278
17273
17272
17277
17267
17267
17263
17275
17275
17274
17281
17277
17281
17281
17276
17275
17282
17269
17278
17271
17273
17278
17273
17278
17268
17276
17278
17271
17274
17280
17279
17277
17271
1
65536
1
2
34406
34406
3
1
80
34381
34372
34367
34370
34372
34373
34371
34384
34370
34362
34365
34369
34371
34384
34375
34379
34382
34374
34375
34376
34380
34377
34374
34375
34371
34382
34376
34372
34373
34369
34380
34380
34373
34371
34374
34386
34376
34367
34383
34381
34387
34380
34379
34379
34376
34381
34376
34384
34380
34378
34375
34378
34387
34381
34374
34374
34374
34377
34377
34382
34381
34371
34381
34365
34369
34372
34380
34380
34383
34381
34385
34382
34377
34379
34384
34371
34385
34371
34375
34372
1
131072
1
2
68514
68514
3
1
80
68477
68467
68467
68479
68470
68481
68464
68460
68469
68474
68466
68471
68475
68468
68478
68473
68476
68471
68471
68469
68467
68472
68492
68479
68483
68472
68466
68460
68470
68474
68481
68482
68463
68461
68474
68482
68460
68469
68490
68464
68452
68472
68469
68472
68467
68464
68485
68468
68469
68474
68468
68454
68479
68473
68466
68471
68465
68474
68471
68474
68471
68454
68458
68473
68471
68469
68483
68464
68467
68466
68469
68474
68468
68478
68481
68464
68471
68466
68475
68469
1
262144
1
2
136533
136533
3
1
80
136468
136467
136468
136468
136459
136467
136451
136466
136469
136445
136466
136452
136477
136455
136482
136460
136467
136456
136468
136482
136449
136451
136472
136465
136471
136467
136455
136462
136450
136461
136440
136470
136466
136469
136465
136469
136467
136466
136456
136466
136454
136459
136477
136469
136473
136479
136467
136463
136464
136471
136451
136471
136463
136457
136448
136460
136475
136459
136458
136466
136449
136457
136465
136462
136466
136458
136469
136467
136469
136473
136467
136467
136465
136477
136464
136466
136463
136455
136466
136453
