1
256
1
2
256
256
3
1
80
1.5
1.44531
1.58594
1.63672
1.47656
1.47266
1.51953
1.60938
1.42578
1.54688
1.54688
1.51953
1.51953
1.61719
1.60156
1.54297
1.51172
1.50391
1.52344
1.57031
1.44531
1.44141
1.46094
1.54688
1.5
1.54688
1.53516
1.64062
1.54688
1.55859
1.56641
1.57812
1.49219
1.49609
1.48438
1.44922
1.54297
1.5
1.46484
1.48828
1.63672
1.44922
1.5
1.46484
1.52344
1.48828
1.53125
1.57031
1.45312
1.38281
1.73438
1.4375
1.45312
1.5
1.63281
1.61328
1.50391
1.38672
1.58203
1.55078
1.52734
1.48438
1.46484
1.55859
1.46875
1.54297
1.41406
1.57422
1.46875
1.42578
1.53516
1.48438
1.48047
1.53125
1.47266
1.54688
1.38672
1.52344
1.65625
1.53125
109.15
105.875
96.5434
100.202
112.456
104.806
110.616
93.1886
99.8068
102.736
100.173
103.611
112.494
105.926
102.071
103.017
101.299
98.064
106.851
93.3133
108.249
109.209
113.751
105.117
102.464
110.47
102.411
99.5509
94.9218
105.663
109.075
95.8434
104.11
99.4942
108.863
108.631
104.682
104.198
112.951
105.247
114.684
105.315
112.924
110.58
106.838
104.978
102.167
98.6011
112.633
111.831
93.0575
103.128
110.846
111.742
97.3895
88.7076
106.556
111.683
103.21
104.184
91.9837
105.539
105.147
102.04
102.911
99.4368
107.77
97.8563
105.434
116.185
96.5814
114.789
103.828
102.051
107.422
112.18
105.669
102.945
102.209
106.523
136.934
109.83
121.723
106.548
114.776
129.349
137.952
122.309
120.775
114.829
118.687
106.978
101.341
119.313
123.276
115.179
117.11
114.167
144.341
115.356
141.405
130.152
123.734
128.624
112.705
126.789
112.239
122.719
129.429
120.467
116.348
109.178
119.217
117.583
121.148
130.775
123.638
112.43
120.108
110.5
107.405
120.739
124.581
112.787
103.675
131.28
121.293
129
134.291
114.726
109.963
122.891
123.037
128.771
112.333
110.965
114.494
109.711
126.88
108.052
114.694
114.404
115.221
121.244
130.989
118
121.167
112.488
116.79
121.141
111.964
119.074
131.356
118.253
111.723
121.064
127.103
105.081
132.095
130.012
1
512
1
2
512
256
3
1
80
1.83789
1.73242
1.94336
1.86133
1.91992
1.76172
1.85742
1.94531
1.86523
1.75
1.76953
1.79297
1.88672
2.05273
1.76172
1.84766
1.76367
1.81055
1.83008
1.8418
1.73828
1.87695
1.78516
1.8457
1.8125
1.79688
1.92188
1.90625
1.8418
2.00391
1.81445
1.83789
1.99219
1.95312
1.89648
1.83008
1.83594
1.73242
1.88867
1.85742
1.84375
1.98633
1.86719
1.88672
1.82617
1.73047
1.83984
1.82227
1.86328
1.78516
1.86914
1.82227
1.74805
1.91016
1.77148
1.87305
1.75977
1.82617
1.72852
1.79883
1.82812
1.75
1.75391
1.87695
1.73438
1.92578
1.83398
1.82617
1.84375
1.77344
1.74219
1.94141
1.81641
1.80273
1.86523
1.85742
1.80664
1.88867
1.74219
1.87109
190.993
195.372
191.909
187.616
189.8
198.2
185.345
189.61
185.701
210.704
202.348
192.336
184.859
187.55
198.835
177.831
201.037
187.465
195.443
193.411
211.516
188.775
190.272
188.346
181.091
191.818
190.351
202.549
194.2
179.409
205.516
195.054
188.998
188.566
181.343
195.054
191.042
186.311
190.725
195.313
199.829
182.74
190.644
191.098
200.407
191.837
189.189
189.528
194.053
195.069
188.28
200.376
194.136
184.631
190.041
186.604
200.498
202.187
202.879
190.403
202.267
201.146
190.003
182.93
197.366
181.104
184.358
186.246
206.198
198.723
195.552
190.118
205.246
200.34
194.592
192.799
196.695
188.482
212.396
185.021
227.658
223.973
226.734
223.333
231.612
206.49
267.592
225.127
243.98
259.935
224.416
207.692
235.574
227.634
243.189
230.476
247.447
215.213
229.539
247.398
236.979
221.981
257.429
249.973
240.086
244.036
232.735
223.892
212.257
213.117
217.619
219.816
211.62
228.225
217.673
256.981
223.381
199.587
257.851
215.41
227.798
221.009
215.729
231.951
239.835
221.578
217.694
245.545
229.319
231.579
257.548
228.34
241.645
229.146
233.376
242.816
248.407
228.689
218.99
227.809
212.816
227.519
234.434
229.714
253.645
262.475
271.769
235.197
218.333
261.333
264.396
227.429
221.151
246.239
226.67
227.156
219.571
252.263
232.574
243.682
1
1024
1
2
1024
256
3
1
80
2.12988
2.24512
2.25
2.29883
2.12598
2.31152
2.30664
2.22168
2.18945
2.22461
2.17969
2.18457
2.24219
2.3252
2.36035
2.18164
2.19824
2.12695
2.16797
2.23047
2.22363
2.28516
2.37012
2.39551
2.20312
2.23633
2.28027
2.33789
2.28223
2.18457
2.28711
2.27441
2.18457
2.09766
2.37305
2.22168
2.04297
2.30762
2.21777
2.28125
2.13574
2.29688
2.23633
2.34375
2.14844
2.2373
2.24707
2.2832
2.17969
2.32324
2.22461
2.17676
2.2168
2.25195
2.25879
2.32812
2.2959
2.32812
2.29004
2.26367
2.2666
2.18457
2.27539
2.1709
2.37988
2.23633
2.24414
2.13184
2.25391
2.19434
2.27539
2.22949
2.30078
2.22949
2.31934
2.22852
2.19824
2.14453
2.25977
2.22656
361.024
356.235
354.012
335.466
352.404
349.191
348.457
348.06
350.619
345.955
346.445
371.031
347.527
343.639
337.73
346.388
360.993
335.243
355.592
361.104
365.706
358.736
327.185
329.129
352.349
353.727
347.558
336.246
341.171
344.823
350.353
348.954
359.759
361.212
347.849
343.56
367.773
344.001
352.858
340.598
362.18
331.914
343.81
332.013
354.715
342.049
351.368
337.724
357.337
340.09
358.251
353.845
347.337
342.048
342.874
336.909
342.58
335.964
343.734
346.989
344.571
347.925
334.714
378.193
342.374
331.875
343.686
361.618
349.839
352.327
325.934
334.267
338.418
348.121
339.113
354.002
347.518
350.32
346.768
334.851
445.634
472.189
405.905
449.452
471.411
461.338
449.136
427.421
460.124
438.16
486.792
477.467
486.627
458.727
388.146
460.554
432.186
499.265
494.686
425.227
453.388
438.915
466.172
408.418
465.164
471.688
463.295
484.52
422.752
412.159
443.089
463.838
482.832
447.275
450.529
478.754
440.18
423.513
432.488
443.702
432.008
444.25
449.56
461.278
488.773
434.923
494.977
448.109
448.06
442.06
469.189
461.212
456.72
456.444
483
472.315
428.286
426.893
455.722
442.687
471.94
500.754
481.297
455.294
455.831
443.985
446.317
500.808
430.504
458.782
460.147
447.813
477.022
443.979
454.156
420.727
495.273
496.725
409.069
481.58
1
2048
1
2
2048
256
3
1
80
2.76953
2.8877
2.74854
2.60059
2.64404
2.77148
2.6709
2.73438
2.68799
2.66406
2.7793
2.86035
2.8291
2.71582
2.67432
2.73486
2.80469
2.7334
2.69092
2.65332
2.76172
2.83691
2.72559
2.81299
2.81982
2.82178
2.81152
2.74219
2.71729
2.80225
2.7085
2.78857
2.63428
2.8125
2.7793
2.68066
2.81689
2.74219
2.66113
2.72168
2.85742
2.73438
2.69775
2.80078
2.6748
2.72363
2.69775
2.88477
2.85693
2.62012
2.69238
2.91064
2.76123
2.69238
2.67334
2.74658
2.74707
2.70264
2.89648
2.66992
2.73389
2.70459
2.66895
2.6582
2.69189
2.74854
2.80762
2.70947
2.64941
2.74219
2.72314
2.75439
2.69971
2.63574
2.85059
2.74316
2.76172
2.62158
2.66064
2.62256
624.678
593.958
638.003
654.226
628.545
608.432
619.861
622.041
640.475
631.055
619.856
598.979
604.524
633.736
628.515
634.018
606.32
615.188
609.75
633.821
621.567
609.194
615.393
611.61
609.471
602.512
609.98
615.803
620.243
611.246
644.503
609.548
637.81
609.167
601.819
629.92
605.736
630.312
628.658
623.593
611.778
624.602
629.291
590.05
638.399
620.672
628.284
609.841
598.836
620.587
635.866
585.775
606.285
630.566
626.519
606.007
618.546
618.003
596.425
622.93
616.37
619.416
636.127
617.621
594.322
608.477
607.583
637.03
642.29
626.546
613.364
610.431
622.85
622.502
597.722
627.852
630.842
632.174
625.15
640.951
830.832
873.255
937.92
856.671
925.503
863.246
811.457
810.859
891.409
902.463
870.96
876.07
885.422
935.618
827.943
910.172
733.957
842.874
926.745
856.718
921.263
822.161
838.15
862.407
893.04
883.681
788.274
883.207
906.113
916.951
858.813
839.035
848.5
920.171
806.289
859.907
898.979
900.355
912.354
914.676
812.961
968.481
885.614
894.762
899.126
805.019
839.252
949.571
832.27
894.319
883.185
854.53
940.466
916.423
870.258
821.742
889.455
897.958
821.908
874.167
1006.13
879.297
935.095
878.694
866.021
893.235
906.149
859.43
914.55
828.261
848.108
852.343
952.66
926.937
962.745
851.155
881.85
926.769
935.092
888.611
1
4096
1
2
4096
256
3
1
80
3.21191
3.3042
3.30933
3.39697
3.10864
3.19385
3.28296
3.16528
3.37183
3.24512
3.26831
3.17188
3.3606
3.19971
3.30225
3.19434
3.302
3.24634
3.24243
3.34375
3.2666
3.20898
3.31641
3.29785
3.28882
3.29297
3.35864
3.2478
3.23413
3.36182
3.24243
3.26636
3.27832
3.12354
3.41235
3.22729
3.31689
3.29004
3.20068
3.07715
3.17456
3.25537
3.29175
3.20947
3.29492
3.2793
3.24146
3.2124
3.1416
3.12305
3.27124
3.19165
3.14478
3.23535
3.15405
3.17847
3.33325
3.23608
3.19507
3.2085
3.11182
3.41528
3.26978
3.15186
3.24292
3.14746
3.21436
3.15576
3.26489
3.27588
3.2583
3.35205
3.2627
3.28979
3.21338
3.18848
3.36035
3.37524
3.21533
3.26294
1143.29
1093.35
1080.47
1086.12
1155.15
1128.38
1101.04
1123.53
1087.95
1102.72
1123.79
1127.69
1094.56
1129.42
1083.18
1105.18
1110.55
1109.62
1113.9
1078.45
1089.04
1132.03
1107.99
1072.31
1091.08
1104.53
1078.92
1091.82
1109.34
1092.04
1092.42
1122.44
1090.86
1126.43
1070.21
1109.63
1105.59
1099.76
1128.19
1152.94
1114.9
1105.86
1107.7
1113.15
1099.89
1093.36
1119.04
1133.03
1139.72
1155.87
1119.16
1128.55
1159.93
1120.06
1141.83
1131.63
1102.9
1112.22
1134.05
1131.21
1150.14
1073.08
1112.02
1138.83
1085.36
1122.21
1115.68
1134.71
1139.05
1111.67
1098.54
1071.43
1088.08
1112
1125.84
1132.77
1093.89
1085.85
1142.42
1089.87
1578.9
1767.57
1616.95
1640.29
1780.28
1595.66
1673.34
1802.96
1724.86
1578.41
1710.62
1653.64
1642.14
1678.93
1755.51
1815.09
1727.96
1729.68
1826.74
1729.65
1638.09
1527.42
1601.08
1565.72
1767.52
1757.93
1652.72
1822.43
1432.7
1610.04
1650.1
1833.16
1792.77
1830.61
1664.93
1566.72
1604.25
1728.79
1626.51
1721.23
1749.8
1819.03
1617.93
1624.27
1674.68
1550.92
1752.83
1557.01
1906.37
1805.41
1633.95
1718.15
1775.22
1796.67
1582.84
1689.04
1670.99
1492.3
1865.47
1667.38
1791.38
1671.56
1613.82
1676.07
1661.85
1644.29
1642.58
1778.5
1727.83
1678.98
1723.71
1743.96
1712.35
1512.7
1671.23
1666.45
1671.74
1830.39
1862.2
1652.98
1
8192
1
2
8192
256
3
1
80
3.84229
3.71521
3.80493
3.80896
3.85938
3.87
3.89258
3.74072
3.84204
3.79028
3.89856
3.91406
3.76086
3.78992
3.89514
3.8009
3.73901
3.80725
3.776
3.78113
3.86597
3.80542
3.97559
3.86414
3.77319
3.75549
3.92725
3.86914
3.76514
3.76208
3.83313
3.93347
3.78857
3.76758
3.88635
3.86169
3.71631
3.84802
3.79993
3.85693
3.88855
3.78394
3.85754
3.9845
3.75366
3.79907
3.83215
3.67468
3.7948
3.66797
3.82422
3.79907
3.83289
3.76721
3.83301
3.83582
3.78552
3.77087
3.84277
3.81396
3.84326
3.89331
3.85974
3.82837
3.85571
3.85156
3.79285
3.68701
3.86243
3.73035
3.84009
3.73633
3.82251
3.98218
3.65698
3.70239
3.81836
3.85278
3.96045
3.92261
1969.66
1982.44
1969.54
1989.96
1976.08
1948.97
1915.87
2015.46
1964.88
2024.43
1931.05
1955.64
2026.8
1990.33
1929.65
1996.55
2029.84
1987.16
2015.91
2009.62
1944.42
1988.67
1926.33
1948.59
1994.58
1984.06
1919.7
1967.17
2007.62
2006.55
1984.61
1967.93
1957.58
1976.73
1972.29
1975.53
2003.03
1951.91
1986.97
1939.47
1933.9
2001.01
1937.08
1912.81
1988.65
2013.39
1955.08
2051.57
1966.84
2034.37
1951.95
1998.65
1960.16
2015.02
1945.31
1983.09
1975.52
1994.39
1963.56
1984.84
1957.39
1950.8
1987.98
1933.63
1929.7
1964.16
1991.3
2012.03
1933.07
2033.74
1937.99
2006.04
1973.22
1933.45
2039.83
2039.68
1979.82
1972.54
1899.11
1901.02
3523.19
3244.17
3126.47
2776.59
3166.21
3538.43
3198.09
3444.39
2950.32
3147.98
3063.19
3184.17
3490.07
3086.47
3281.07
3323.84
3548.81
3148.01
3374.32
3508.12
3508.25
3198.14
3274.1
3339.64
3208.97
3276.07
3031.33
3093.04
3458.9
3335.07
3209.25
3049.57
3244.97
3175.95
2995.7
3312.19
3381.13
3143.49
3342.41
3293.89
3167.46
3319.31
3070.75
3211.48
3034.65
3469.82
3089.28
3239.95
3388.26
3358.09
3201.05
3214.84
3213.63
3348.93
3405.88
3040.73
3400.66
3248.45
2944.95
3138.47
3375.67
3337.63
3519.72
3223.88
3057.47
3318.74
3286.81
3234.93
3254.68
3032.89
3193.43
3424.7
3243.38
3013.91
3822.57
3273.13
3232.4
3523.85
3309.25
3137.69
1
16384
1
2
16384
256
3
1
80
4.39728
4.41028
4.4588
4.40112
4.33673
4.47186
4.49878
4.51379
4.42664
4.46844
4.45471
4.49139
4.46161
4.38824
4.44989
4.4046
4.4635
4.41534
4.44427
4.45984
4.42963
4.50049
4.38007
4.46899
4.44397
4.42279
4.39667
4.45197
4.45856
4.62036
4.44867
4.4519
4.52277
4.36084
4.41925
4.47546
4.44226
4.36212
4.31763
4.45453
4.45532
4.45233
4.40521
4.48651
4.54138
4.53931
4.42517
4.46948
4.50452
4.44635
4.29431
4.32947
4.62433
4.38629
4.46515
4.52661
4.43976
4.47089
4.36475
4.41034
4.50684
4.48462
4.54004
4.4118
4.40533
4.54755
4.35016
4.36749
4.52844
4.48059
4.40735
4.5733
4.39734
4.49481
4.53009
4.37244
4.44836
4.35291
4.41797
4.33838
3551.94
3533.93
3474.12
3531.59
3583.21
3474.19
3461.32
3449.79
3482.24
3494.79
3465.5
3463.59
3487.5
3572.94
3499.65
3535.54
3526.85
3495.55
3509.07
3514.1
3526.94
3459.26
3585.8
3460.83
3505.1
3532.87
3527.49
3515.32
3515.1
3380.39
3520.24
3492.69
3414.33
3556.24
3512.81
3493.46
3511.42
3550.42
3592.07
3493.1
3489.38
3498.77
3547.87
3488.86
3446.63
3420.79
3500.17
3514.7
3465.36
3462.32
3629.86
3598.9
3417.15
3489.85
3455.68
3454.7
3516.69
3484.75
3557.01
3528.31
3503.63
3493.69
3415.81
3470.37
3532.77
3403.76
3566.25
3554.86
3479.28
3513.73
3545.56
3444.39
3520.18
3465.27
3452.98
3547.94
3493.64
3566.81
3555.01
3578.79
5920.79
6069.05
6746.71
6103.81
6778.86
6201.15
5702.3
6085.78
6630.39
6546.62
6319.69
5744.54
6129.58
5920.68
5901.08
6194.14
6504.13
6157.96
6297.91
5935.8
6167.69
6895.53
6114.32
6248.88
6538.3
6922.56
6361.08
6329.86
6448.78
5845.23
6997
6651.77
6281.47
6326.68
6326.46
6695.53
6157.89
6379.76
6382.65
5970.05
6519.85
6181.1
6107.32
5805.78
5744.47
5814.62
6502.19
6512.9
6500.31
5921.03
6372.87
6432.9
6518.75
6501.01
6227.15
6012.39
5901.18
6533.43
6835.68
5958.14
5424.17
6004.2
6531.66
5949.31
6206.04
6891.21
6203.67
6490.18
6188.18
6510.4
6319.89
6568.13
6258.16
5860.71
7063.95
6671.97
6083.46
6655.67
6199.98
6780.7
1
32768
1
2
32768
256
3
1
80
4.95715
5.10641
5.07587
5.13281
5.07339
5.10437
5.12646
5.01035
5.18079
5.06522
5.17599
5.04514
5.03299
5.01382
5.09369
5.03293
4.97632
5.03607
5.02835
4.99442
5.06622
5.06876
5.2233
5.1676
5.09933
4.92435
5.04245
5.09946
5.03577
5.08316
5.15067
4.9686
5.08069
5.01669
5.13177
5.08847
5.06146
5.05161
5.05154
5.01093
5.09531
5.08716
4.95593
5.02597
5.05179
5.04257
4.96097
5.05612
5.10382
5.0061
4.99945
5.00699
4.99023
4.9856
5.08215
5.03766
4.96396
4.96722
5.13422
5.18134
5.15741
5.06702
4.95795
5.095
5.16214
5.02115
5.1485
5.10776
5.07059
5.04202
5.0567
5.1098
5.06113
5.08194
5.10092
5.04672
4.99344
5.09299
5.07242
5.06683
6374.44
6245.52
6272.94
6230.87
6297.42
6234.67
6191.88
6383.8
6155.22
6278.05
6127.66
6258.19
6363.77
6292.2
6225.61
6341.67
6330.26
6335.02
6286.51
6366.3
6279.65
6267.05
6070.18
6208.49
6188.49
6417.42
6301.43
6293.32
6343.13
6262.39
6155.24
6389.19
6275.71
6347.74
6216.53
6259.44
6226.08
6275.55
6273.47
6377.41
6217.85
6287.7
6413.27
6389.39
6298.16
6314.95
6413.07
6276.65
6200.13
6302.16
6338.54
6360.71
6387.87
6366.94
6288.3
6306.03
6448.59
6400.66
6251.37
6175.04
6199.66
6273.41
6390.25
6234.04
6141.84
6328.58
6222.92
6215.05
6246.54
6316.5
6268.63
6234.98
6313.6
6258.99
6263.38
6269.79
6380.57
6242.74
6240.04
6306.68
13301.3
12556.3
12714.2
11764.1
12512.4
12033.7
11895.2
12327.2
12387.8
11908.3
12445.2
13109.9
11835.6
12169.2
11865.3
11236.1
11909.3
12400.7
12351.6
12661.2
11376.2
11822.6
12490
11131.6
11986.5
12267.1
12576.8
11085.9
11995.1
11052
11620.9
12190.3
12038.6
11075.2
11802.6
11181.8
12149.6
13206.3
11403.5
12321.9
11411.9
11702.1
12418.3
12176.2
12470.4
12422.2
13088.3
10669.5
11822.3
11935.1
11596.4
12066.8
11820.2
11833.1
11904.7
12318.9
11854.1
12547.6
11273.8
11662.4
12333.7
11556.9
11954.3
12538
12564.1
10839.4
11578.5
11871.8
11506.2
12348.2
12695.9
13256.7
11628.5
11834.8
12265.5
12022
11944
11812.3
12195.5
11849.5
1
65536
1
2
65536
256
3
1
80
5.69391
5.7178
5.69159
5.67314
5.67868
5.78156
5.73523
5.70491
5.79257
5.79074
5.7597
5.7804
5.68855
5.7374
5.83392
5.72852
5.68318
5.62689
5.76979
5.65784
5.70087
5.72693
5.72246
5.7737
5.75055
5.76178
5.81017
5.63222
5.65282
5.71939
5.79192
5.75203
5.71831
5.71146
5.70996
5.68283
5.69054
5.65051
5.77965
5.70309
5.66145
5.66016
5.75101
5.73737
5.6217
5.80727
5.77515
5.71313
5.8542
5.7892
5.71786
5.60388
5.7719
5.66988
5.66255
5.59615
5.76257
5.59047
5.68411
5.73952
5.81119
5.64801
5.66263
5.67072
5.71144
5.68726
5.7989
5.52109
5.75945
5.67715
5.78123
5.81985
5.71719
5.68243
5.7254
5.72247
5.59882
5.7007
5.72443
5.63164
11319
11284
11309.7
11317.8
11264.6
11077.9
11214.9
11234.2
11135.9
11078
11225.9
11138.4
11322.3
11153.6
11031.1
11276.2
11432.3
11425.9
11182.4
11362.7
11221
11214.8
11223.1
11157.5
11254.9
11188.8
11120.7
11371.2
11392.4
11256.3
11123.3
11185.7
11275.6
11248.3
11252.6
11306.6
11356.9
11378.9
11108.8
11254.3
11324.2
11355.2
11174.2
11197
11415
11060.7
11131.1
11228.5
10990.6
11101.6
11293.4
11532.7
11118
11343
11415.4
11478.2
11134
11499.4
11267.6
11214.7
11119.1
11377.2
11337.6
11357
11269.3
11334.7
11052.3
11671.1
11261.5
11392.5
11160
11080.2
11236.8
11378.9
11312
11259.9
11464.2
11320.5
11209.1
11415.3
23326
21161.6
22920.5
23963.5
22365.9
23068.9
25219
23510.9
22014.7
22564
22777.6
24306
22711.3
22348.3
22528.1
24142.6
22163.2
22923.5
21260.1
23515.1
21908.1
23444.1
23734.4
21835.9
22426.9
23571.9
22700.6
23169.8
23689.8
23323.9
22238.4
23932.9
22703.2
20883.5
24750
21893.2
24579.5
22781.3
21812.7
25166.4
25584.1
25249.1
21622.2
24937.1
24304.5
22447.9
21833.1
22009.3
20260.1
22108.9
22317.3
21769.4
21990.2
22378.3
21976.5
22977
23945.1
22579.7
20852.4
24221
24062.7
21264.2
22482.9
21884.4
24149.3
20798.1
23842.1
22984.3
24877.4
23994.6
23288.4
22233
23229.1
22895.2
23634
21400.5
22170.5
24327.9
21107.9
22804.6
1
131072
1
2
131072
256
3
1
80
6.32357
6.37077
6.32481
6.23264
6.33171
6.42493
6.37658
6.43405
6.32118
6.37581
6.2761
6.36417
6.36726
6.30312
6.42449
6.3956
6.25036
6.49432
6.32036
6.38958
6.31036
6.37654
6.43524
6.39661
6.33115
6.30825
6.425
6.39577
6.36176
6.35389
6.36932
6.36379
6.33447
6.33621
6.36281
6.45926
6.41524
6.42429
6.31779
6.28305
6.41726
6.26543
6.39784
6.27103
6.30013
6.42657
6.49464
6.40657
6.3559
6.39551
6.32776
6.38343
6.49548
6.43629
6.33546
6.54451
6.33619
6.39474
6.4199
6.34255
6.36568
6.3563
6.29579
6.48363
6.30422
6.42206
6.34492
6.33543
6.31541
6.43564
6.29935
6.32525
6.41782
6.34981
6.48847
6.34218
6.41473
6.40423
6.30215
6.30865
20459
20415
20423.4
20850.3
20388.2
20208.2
20368
20177.2
20612.3
20423.3
20644.7
20376.4
20376.7
20551
20206.9
20311
20767.9
19974.9
20422.7
20334.3
20585.2
20342.4
20187.6
20298.9
20499.6
20507.9
20115.9
20295.3
20426.1
20421.9
20401.6
20396.8
20461.9
20540.1
20337.2
20049.8
20210.1
20130.9
20555.6
20620.2
20220.2
20627.2
20387.4
20695.3
20629.9
20247.7
19888.4
20290.6
20387.6
20344
20397.8
20382.9
20083
20142
20503.7
19821.3
20421.3
20309.1
20210.4
20491.3
20370.7
20281.5
20715.9
20025.9
20506.4
20215
20526.5
20516
20523
20157.8
20561.4
20465.8
20180.5
20410.8
19964.2
20446.3
20192.7
20327.5
20573.4
20536.3
44344.4
45818
44194.3
44940.8
43183.9
47444.3
43271.4
46989
41482.1
42124.4
45251.3
45837.4
43720.1
45010.2
46991.9
43002.4
43637.8
44253.1
43118.2
41883.4
44956.4
40629.5
44591.1
43124.7
44366.5
46232.6
44343.6
44467.1
43444.7
44995.7
39823.3
47798.3
41592.9
46028.9
46620.3
45650.4
43950.8
46821.4
44511.9
43825.3
41353.8
44312.8
44676.7
46779.5
44906.8
38755.4
42744.1
41508.2
38190.8
43530.1
46723.1
43370.4
42982.4
43586.7
48490.5
41387.1
42633.7
42521.6
48234.5
43402.4
45091.8
43039.4
43780.5
46910.6
42784.3
43345.2
47956
46118.2
41183.3
41441.3
45904.9
46041.1
44859.1
41046.9
38877.6
45818.5
47885.5
46867.5
43881.1
44283.7
