1
256
1
2
256
256
3
1
40
1.45703
1.49219
1.61719
1.57812
1.5
1.4375
1.58984
1.45703
1.48828
1.46484
1.48047
1.55859
1.40234
1.55859
1.49609
1.57812
1.48438
1.51172
1.5625
1.51172
1.57031
1.46484
1.61719
1.51172
1.69531
1.46094
1.55859
1.42969
1.68359
1.57812
1.63281
1.28516
1.50781
1.39844
1.52344
1.64062
1.5625
1.5
1.61719
1.5
118.644
100.137
103.416
106.924
113.287
110.108
100.249
106.08
101.503
107.994
107.892
98.661
109.855
108.563
100.801
94.3293
99.9828
110.292
104.163
108.298
94.5116
110.229
111.393
117.206
97.9891
102.247
97.3103
108.613
93.4946
105.093
97.9579
110.661
103.528
101.406
99.0872
98.3616
100.663
102
96.0235
106.313
99.8415
108.364
119.373
124.417
128.337
136.025
123.949
107.889
118.202
129.774
110.978
101.329
132.956
119.195
124.558
124.598
126.793
124.557
117.762
113.64
116.524
121.086
109.205
133.198
109.959
131.654
125.439
124.053
112.542
138.726
117.833
141.376
113.57
105.185
116.25
111.152
116.619
119.11
108.349
126.456
1
512
1
2
512
256
3
1
40
1.87891
1.82227
1.82617
1.9707
1.97656
1.77148
1.75195
1.88867
1.83594
1.92578
1.80273
1.86719
1.71484
1.80273
1.83594
1.86133
1.83203
1.81055
1.875
1.80469
1.79102
1.75195
1.89844
1.86328
1.96484
1.79297
1.83008
1.82812
1.77539
1.80859
1.77539
1.87695
1.84375
1.91992
1.89453
1.79102
1.88867
1.79688
1.87305
1.76562
184.521
187.516
191.689
183.639
182.648
193.931
209.164
198.094
194.998
189.054
199.306
186.167
209.038
187.514
188.252
189.533
196.887
196.275
185.459
194.276
189.066
186.713
188.333
203.029
184.814
191.272
198.273
200.286
204.214
196.577
188.557
186.673
188.646
191.917
190.46
198.087
200.139
194.14
201.222
195.278
235.321
242.053
216.255
226.733
215.368
234.632
213.817
247.187
223.858
232.34
225.732
235.194
220.328
236.898
218.906
223.327
261.274
209.861
195.267
230.621
231.58
223.704
244.884
231.874
225
221.583
242.733
239.32
233.16
244.604
226.463
248.167
233.629
221.524
243.165
235.546
234.663
234.189
230.953
246.383
1
1024
1
2
1024
256
3
1
40
2.21289
2.21289
2.23535
2.44141
2.30469
2.33594
2.32812
2.41895
2.31934
2.2041
2.3291
2.18359
2.21973
2.37891
2.27148
2.13184
2.30078
2.20898
2.2168
2.17285
2.23535
2.2334
2.22559
2.2959
2.38184
2.2998
2.31445
2.39648
2.20898
2.25488
2.21875
2.35547
2.27637
2.24609
2.1123
2.14941
2.33105
2.30176
2.21484
2.22852
351.04
349.305
348.629
333.964
347.18
336.832
324.155
341.274
356.438
339.388
346.98
352.275
340.158
336.427
356.175
361.592
341.319
343.143
348.138
350.815
356.79
332.507
348.464
343.42
330.637
345.233
340.645
325.656
340.327
336.825
355.534
324.06
339.106
360.448
355.76
368.402
342.283
357.471
336.292
353.483
452.852
435.472
507.134
434.661
487.151
465.472
449.89
476.548
447.047
465.259
468.882
486.061
475.538
469.915
444.957
417.552
473.761
500.35
451.032
499.992
492.903
509.056
457.54
461.328
440.338
470.653
477.448
477.256
459.299
481.373
441.984
470.908
414.85
441.045
485.244
426.551
426.135
446.082
427.29
399.265
1
2048
1
2
2048
256
3
1
40
2.64014
2.77441
2.69189
2.76611
2.64551
2.68066
2.8335
2.68018
2.53711
2.75732
2.62598
2.73389
2.81787
2.57422
2.7334
2.59717
2.73877
2.7207
2.67139
2.65674
2.73291
2.75
2.77539
2.73291
2.64111
2.74365
2.63721
2.80469
2.73291
2.70117
2.60596
2.6875
2.70459
2.68311
2.70947
2.74756
2.69775
2.62939
2.68799
2.71631
635.736
610.742
625.991
629.572
628.735
624.435
608.489
615.617
670.944
609.767
639.629
617.494
596.808
630.526
607.956
648.222
609.336
618.543
661.885
619.903
613.366
616.655
616.369
621.965
647.833
631.37
639.08
615.358
602.36
632.552
639.096
612.598
616.446
629.438
621.234
617.152
632.76
624.819
632.96
615.252
896.461
899.875
923.291
858.522
876.774
891.588
907.129
813.737
962.675
820.454
826.196
872.06
882.637
892.047
829.507
871.828
933.182
941.48
896.877
896.753
833.524
915.167
869.267
869.936
919.476
844.066
906.291
863.907
884.979
894.865
875.264
913.973
873.21
899.517
902.26
864.208
827.369
803.852
834.834
902.902
1
4096
1
2
4096
256
3
1
40
3.3252
3.26807
3.14795
3.38159
3.23608
3.30908
3.24902
3.35962
3.3501
3.2356
3.37915
3.28101
3.34912
3.14429
3.3396
3.2749
3.16553
3.11548
3.26196
3.3103
3.26172
3.39014
3.23755
3.23608
3.27441
3.18701
3.28833
3.26953
3.18408
3.2854
3.28442
3.17188
3.27905
3.16699
3.32153
3.16528
3.2771
3.24268
3.23853
3.27197
1082.33
1101.5
1150.47
1087.26
1100.12
1095.21
1110.36
1068.36
1098.47
1128.74
1060.95
1093.72
1097.95
1146.72
1072.8
1107.01
1133.34
1159.99
1111.06
1107.45
1105.38
1100.58
1102.38
1112.75
1084.44
1129.33
1101.95
1108.42
1151.26
1102.04
1099.29
1138.84
1097.1
1126.78
1080.52
1137.75
1105.51
1133.4
1113.2
1106.44
1655.22
1646.26
1822.79
1762.63
1697.51
1623.42
1643.79
1703.85
1587.12
1667.46
1671.63
1680.04
1630.29
1653.98
1657.65
1689.17
1689.56
1670.06
1872.62
1837.25
1678.22
1586.86
1664.73
1777.94
1649.94
1690.24
1774.2
1792.04
1706.04
1681.96
1730.86
1638.22
1799.27
1753.3
1687.47
1735.14
1739.68
1680.04
1693.37
1626.58
1
8192
1
2
8192
256
3
1
40
3.79724
3.70105
3.85168
3.93201
3.81494
3.88062
3.75464
4.03687
3.79199
3.96448
3.80212
3.99207
3.80005
3.89661
3.94092
3.7644
3.77661
3.7832
3.75134
3.87073
3.73608
3.71387
3.79163
3.81909
3.79346
3.77722
3.83374
3.92993
3.82434
4.01086
3.75757
3.86292
3.83228
3.86145
3.91235
3.72986
3.87451
3.93127
3.85583
3.62146
2001.45
2022.87
1962.9
1927.02
1959.45
1945.92
2002.85
1886.32
1968.51
1933.42
1981.1
1900.49
1976.32
1964.67
1940.96
2000.19
1991.21
2001.84
2003.89
1932.71
1986.02
2021.26
1997.89
1977.46
2019.81
2028.14
1974.64
1935.76
1968.79
1903.53
2012.32
1954.28
1982.81
1975.35
1959.21
2038.57
1945.58
1923.79
1982.64
2075.9
3197.1
3291.48
3284.44
3099.6
3490.72
3207.78
3233.36
3032.58
3252.39
3333.93
3261.13
3122.46
2986.7
3233.33
3278.74
2942.87
3428.07
3204.29
3253.35
3368.54
3343.65
3243.72
3229.06
3264.2
3302.98
3178.44
3212.89
3045.79
3263.63
3208.12
3092.21
3399.85
3004.09
3388.72
3072.92
3470.55
3325.17
3424.42
3325.31
3385.02
1
16384
1
2
16384
256
3
1
40
4.41492
4.36255
4.4201
4.45844
4.50037
4.37518
4.49524
4.4801
4.36981
4.44568
4.49207
4.44666
4.32953
4.38312
4.48566
4.40448
4.43286
4.34644
4.30298
4.39282
4.36542
4.41229
4.42303
4.50775
4.57489
4.45587
4.42902
4.37427
4.5033
4.29034
4.58466
4.45514
4.57062
4.41998
4.55243
4.38757
4.35498
4.49304
4.38141
4.40717
3537.66
3529.06
3508.99
3518.16
3455.44
3554.59
3485.87
3490.69
3569.84
3523.57
3475.53
3500.22
3578.21
3540.9
3465.87
3524.29
3549.46
3555.45
3646.36
3542.79
3524.76
3544.29
3495.02
3497.96
3414.1
3537.23
3527.53
3557.06
3480.89
3602.34
3441.72
3495.99
3436.58
3536.62
3417.95
3533.29
3517.24
3530.46
3545.57
3524.78
6309.69
6295.64
6563.94
5853.24
6414.18
6694.87
6086.19
6511.06
6816.75
6066.41
5351.49
5918.33
6088.91
6673.66
5633.87
5787.81
6675.57
5928.78
5740.63
6202.55
6425.15
6170.55
6653.9
6041.11
6145.94
6233.66
6842.83
6108.42
6225.2
5927.06
6184.83
6524.25
6579.26
6573.98
5779.16
6605.68
5995.94
5943.3
6630.81
6053.64
1
32768
1
2
32768
256
3
1
40
4.92371
5.08786
5.17694
5.0798
5.07523
5.09613
5.0632
5.01071
4.97656
5.01917
5.02399
5.00403
5.17175
5.08331
5.09262
5.00357
5.01474
5.19818
5.11011
5.07416
5.16229
5.01239
5.06049
5.11484
5.14999
5.05762
5.02728
4.99286
5.06784
5.11685
5.09
5.12512
5.02042
5.1347
5.15662
5.00903
4.99384
5.0249
5.09232
5.16858
6493.53
6243.22
6146.97
6234.27
6280.69
6195.45
6236.15
6341.67
6382.69
6328.07
6304.1
6316.22
6129.07
6269.9
6263.18
6305.84
6315.59
6111.69
6197.77
6266.18
6159.33
6325.34
6279.71
6250.26
6227.8
6301.98
6358.77
6338.91
6293.23
6253.55
6217.34
6208.72
6321.13
6189.08
6173.8
6335.03
6380.75
6336.24
6252
6141.3
11750.8
11582.9
12075.8
11964.1
11682.3
12045.3
12638.2
11834.3
12076
10822.1
11667.5
12431.9
12006.7
11040.6
12935.9
11452.5
11548
12108.7
11500.1
12243.9
11751
12514
12658.8
13386.4
11948.1
12242.3
12200.1
12027.3
11186.4
11472.7
12608.7
12144.2
12070.2
12517.8
11857.1
11754
11172.7
12047.8
10783.8
13118.8
1
65536
1
2
65536
256
3
1
40
5.83774
5.80801
5.80484
5.71581
5.71098
5.8089
5.75073
5.64093
5.70018
5.85457
5.78363
5.79984
5.69728
5.79024
5.66447
5.71472
5.68378
5.7012
5.66341
5.70105
5.72865
5.72285
5.67061
5.64804
5.72705
5.63809
5.72189
5.63968
5.65181
5.72789
5.76953
5.76671
5.74876
5.67384
5.69572
5.81529
5.88069
5.701
5.65262
5.72768
11065.4
11146.3
11128.1
11272.2
11304.8
11040.8
11188.4
11389.6
11285.3
10987.6
11144
11074.9
11270.7
11206.9
11351.2
11253.9
11298.2
11234.5
11365.9
11264.5
11189
11277.9
11342.2
11364.3
11179.9
11429.8
11328.5
11420.8
11397.1
11239.7
11225.9
11201.3
11157.7
11318.4
11285.5
11046.3
10955.3
11256.5
11424.8
11299.1
23432.1
23450
22270.6
21730.1
21508.8
24255.2
21793.8
23268.2
22789.1
23864.1
22984
23990.9
23541.4
21437.5
25350.3
21637.5
22907.6
21953.2
22925.5
23162.3
22540.8
24427.6
22957.4
23079
20718.4
21526.9
23884.7
24650.5
21389.6
23910.9
22989.6
23841.6
23814.7
23579.9
23765.1
23845
21533.4
22460.5
24997.1
22421.9
1
131072
1
2
131072
256
3
1
40
6.35106
6.32754
6.30208
6.43133
6.21984
6.36542
6.31048
6.3699
6.39565
6.50397
6.29197
6.47699
6.35658
6.2972
6.47027
6.42534
6.44287
6.26993
6.37671
6.29236
6.4109
6.34841
6.33477
6.44067
6.35075
6.47291
6.40659
6.41007
6.37961
6.49346
6.33772
6.27621
6.34036
6.41055
6.3904
6.4696
6.29545
6.34966
6.44873
6.37358
20440.1
20482.1
20587.6
20136
20925.4
20422.4
20544
20407.1
20248.2
19914.7
20596.8
20015.6
20352.1
20606.8
20007.6
20192.1
20148.5
20649.2
20355.6
20610.4
20307.3
20371
20501
20155.6
20505.9
20031.5
20332.9
20274.3
20298.1
20100
20460.3
20555.8
20378.1
20173.9
20344.5
20004.9
20576.7
20375.9
20110.8
20363.6
45781.9
41154.8
42817.1
44129.8
44832.7
47581.6
42036.1
43152.1
39854.3
43798.3
42210.5
44449.5
46082.9
45925.6
42903.2
43196.8
45535.2
44728.1
42410.2
47165.7
41373.1
46545.6
42836.3
47417.8
42623.3
46849.5
42091.6
42249
49348.1
43218.6
41337.5
43468.9
41876.2
49104.2
37774.2
44112.6
44697.2
43229.2
43882.6
46523.7
1
262144
1
2
262144
256
3
1
40
6.96913
6.93723
6.9866
7.0535
7.1026
6.95941
6.9662
6.98675
6.9754
6.92395
7.10422
6.93673
7.13448
7.02698
6.98696
7.03245
7.03249
7.01878
7.0497
6.94392
6.9507
7.03119
7.04514
6.99865
6.99978
7.1639
6.97416
7.13047
7.15571
7.05228
7.02703
7.11897
7.07499
7.04423
6.98129
6.94883
7.07123
7.0126
6.97292
7.06112
37424.4
37403.7
37248.9
37013
36717.3
37520.8
37261.6
37196.7
37345.6
37683
36736
37615.1
36577.5
37025.8
37342.8
37047.3
37155.2
37151.9
37041.4
37568.5
37542.8
37124.1
37018.3
37205.2
37271.5
36425.8
37369.3
36512.2
36351.8
37009.2
37132.9
36631.3
36793
36991.8
37399.1
37477.1
36822.3
37230.8
37386.8
36954.1
76997.1
85298.6
80639.3
78580.8
83630.4
82776.8
84405.8
95128.4
84002.8
90333.6
82765.7
80910.1
81679.3
85186
84069.9
82663.8
81069.3
87031.6
80984
84288.8
85225.2
86834.3
79942.2
78067.1
88592.8
91935.4
78280.1
84014.6
85972.7
87390.9
89703.6
80206.2
79468.8
81223.9
84838.5
83655
81418.9
83440.6
86211.9
85936.6
1
524288
1
2
524288
256
3
1
40
7.61638
7.63441
7.70409
7.72498
7.67684
7.75139
7.72615
7.72886
7.65382
7.74153
7.78884
7.61988
7.67614
7.67639
7.6212
7.6497
7.66059
7.65306
7.82281
7.74922
7.7121
7.66374
7.70448
7.78487
7.65426
7.6743
7.59613
7.75304
7.59552
7.75139
7.70182
7.73083
7.65865
7.71461
7.62525
7.69372
7.46211
7.81243
7.65655
7.66796
68663.1
68278.4
67681.6
67474.5
68049
67300
67637.5
67677.3
68132.5
67447.6
67057.8
68646.2
68066.1
68180.1
68651.3
68386.4
68241.8
68235.7
66772.3
67585.8
67751
68198.7
67820.4
67124.2
68269.1
68124.1
68764
67339.4
68905.5
67391.3
67859.9
67580.3
68301.3
67700.5
68480.3
67830.6
69970.7
66873.9
68249.4
68122.5
165756
158146
160284
158183
161448
152983
155662
156406
165836
165918
160307
175515
147761
148982
155567
155006
165732
154246
157857
156068
162093
161621
151038
163376
145837
160902
161705
164582
159721
150593
167533
159197
164303
155431
164191
156731
170924
165427
159422
155742
1
1048576
1
2
1048576
256
3
1
40
8.33602
8.2851
8.36451
8.37136
8.38658
8.34987
8.4691
8.50794
8.37019
8.28703
8.40869
8.30634
8.47997
8.36583
8.27094
8.36625
8.41714
8.40144
8.33359
8.3716
8.49644
8.33122
8.40413
8.46921
8.32688
8.32909
8.41179
8.24083
8.47155
8.45857
8.49475
8.41236
8.22878
8.31479
8.17203
8.35455
8.30495
8.37216
8.3304
8.42048
125521
126447
125054
125155
124834
125378
123571
123159
125040
126155
124459
126113
123423
125017
126515
125026
124440
124540
125564
125215
123139
125573
124488
123533
125604
125833
124399
127049
123338
124035
123324
124515
127228
125935
128056
125415
125900
125047
125682
124212
281137
313564
294587
302478
317253
310726
312194
285245
284783
313597
314331
311836
276666
321851
307144
322293
305916
288611
296651
318407
299268
292793
290291
280297
313443
316847
300988
316423
301246
308022
315131
300980
311447
300369
313253
298879
297659
321973
293565
297966
1
2097152
1
2
2097152
256
3
1
40
9.00389
9.01707
9.0261
9.20038
9.04636
8.95111
8.96225
9.06681
9.06587
8.93884
9.08432
9.0194
9.01813
8.97459
9.04086
9.06372
9.07029
9.04958
9.06322
9.17509
9.06959
9.16173
9.19788
9.06334
9.18812
9.00683
9.04823
8.98797
8.93502
9.05076
9.00391
9.04079
9.12235
9.02812
9.06659
8.99576
9.09733
9.03629
9.03188
8.90593
232515
232372
232172
227967
231460
233799
233740
231083
231206
234228
230453
232087
232388
233418
231643
231025
231066
231807
231194
228001
231122
228713
227929
231255
228151
232770
231331
233092
234158
231482
232726
231857
229745
232253
231073
232935
230564
231932
231989
235301
562263
604306
603423
536771
585925
603335
617774
598470
557238
600200
578585
568970
571827
588908
597295
579050
592224
568133
633095
553350
603935
580908
548272
585155
551563
522699
601057
579650
565861
569309
594012
546973
596675
590750
585421
591438
525645
618238
591605
564293
