2
32
32
4
1
2
64
64
3
1
80
21
23
25
24
26
19
24
23
20
21
24
16
25
22
27
21
20
22
20
23
21
25
22
25
22
18
20
20
24
23
23
22
21
22
18
19
21
20
21
21
25
21
20
23
23
21
20
22
25
20
25
28
20
27
21
24
18
16
22
22
21
25
22
23
26
23
22
21
23
21
22
21
22
24
25
24
24
22
20
25
20
22
20
23
18
26
20
21
20
24
23
26
21
23
18
21
23
26
24
23
24
18
23
19
22
20
22
20
22
20
19
21
21
19
23
21
19
20
22
22
20
20
21
21
23
22
22
20
22
22
19
20
22
18
23
25
23
25
17
25
21
18
22
21
20
21
22
22
18
21
19
25
25
19
16
18
21
22
22
21
2
64
64
4
1
2
96
96
3
1
80
39
49
40
45
44
43
46
44
42
41
40
48
42
43
41
43
38
46
39
46
42
38
47
42
44
44
40
43
43
47
53
47
45
43
40
47
38
45
46
46
46
43
39
40
46
44
45
44
41
47
47
45
47
44
47
45
44
45
48
44
42
43
41
48
50
45
46
47
42
45
46
47
44
45
45
40
45
44
48
42
45
40
45
36
39
38
36
42
40
43
40
36
41
44
41
41
43
37
39
36
44
43
38
41
41
41
40
40
41
35
34
38
38
39
36
35
40
38
32
34
35
36
39
39
38
38
37
38
45
37
38
36
38
38
32
37
39
42
34
36
43
34
38
37
35
35
39
37
38
37
38
33
37
37
42
43
35
35
37
43
2
128
128
4
1
2
160
160
3
1
80
86
77
85
83
81
84
83
91
85
89
84
81
83
83
84
83
85
87
80
88
80
80
89
81
85
83
77
83
78
83
83
87
88
86
88
81
85
86
76
83
75
83
79
88
83
88
82
88
87
84
80
86
86
78
87
91
77
79
87
86
85
87
89
86
81
83
88
87
75
85
89
86
85
81
84
82
82
89
88
77
64
76
68
69
66
64
69
63
72
60
61
70
68
67
70
72
72
65
65
68
71
74
67
71
66
68
77
61
76
70
67
66
67
67
64
73
65
67
75
73
72
67
72
66
68
66
69
66
68
70
72
68
69
75
69
60
75
71
65
70
62
68
63
68
70
74
64
66
77
68
68
72
69
74
68
73
71
63
64
72
2
256
256
4
1
2
298
298
3
1
80
156
163
166
162
162
152
166
157
167
159
152
158
156
160
162
165
164
154
155
164
153
166
167
164
166
157
160
160
172
158
167
161
167
158
162
161
170
156
172
165
166
169
171
151
162
157
163
160
158
166
158
161
162
161
171
160
158
162
153
158
158
153
174
166
168
169
168
156
151
175
161
155
158
168
159
151
164
168
160
163
136
134
124
131
132
138
127
136
123
134
143
132
141
130
133
126
127
134
137
129
136
129
127
128
128
131
135
128
122
136
128
132
128
133
126
133
119
130
120
132
125
126
124
145
128
137
129
135
134
129
133
132
130
135
123
131
134
134
141
137
136
135
118
125
123
126
129
136
140
115
131
138
136
124
135
142
127
124
131
130
2
512
512
4
1
2
576
576
3
1
80
329
322
331
312
317
303
347
310
310
313
310
313
315
323
326
321
313
323
323
321
313
311
326
307
330
322
309
309
301
314
307
317
308
324
309
319
318
311
301
313
310
318
315
312
323
313
325
322
317
309
328
331
332
305
324
322
317
317
318
302
319
311
318
324
316
321
326
321
329
319
318
310
301
325
327
307
317
302
317
316
243
245
235
260
254
267
224
260
260
261
262
257
256
240
249
253
255
250
251
247
254
260
246
260
242
249
257
265
267
254
262
256
262
248
257
252
254
260
264
255
265
251
255
261
246
260
242
251
255
259
246
241
237
268
245
247
249
252
256
270
251
261
256
244
257
251
243
252
240
246
254
258
271
247
246
264
256
261
256
255
2
1024
1024
4
1
2
1126
1126
3
1
80
619
623
631
625
615
641
619
638
622
636
637
632
628
624
639
622
623
625
627
621
627
606
648
632
624
613
609
634
634
607
648
615
646
632
621
637
659
622
629
632
641
633
624
610
633
622
624
629
624
637
623
635
612
634
639
630
625
634
633
631
622
635
627
638
612
638
606
627
618
619
631
596
627
629
616
612
619
626
625
610
500
498
485
495
505
481
502
478
501
483
483
489
492
500
479
499
496
496
494
503
494
513
475
484
497
511
513
488
484
515
472
503
467
492
497
486
457
499
489
487
483
489
498
508
486
499
490
490
498
479
498
481
505
488
482
490
491
490
488
493
498
486
489
484
505
484
508
493
499
496
490
523
495
493
503
510
503
497
496
512
2
2048
2048
4
1
2
2218
2218
3
1
80
1214
1234
1224
1224
1202
1248
1234
1231
1213
1232
1235
1218
1274
1247
1220
1278
1227
1219
1260
1231
1244
1239
1243
1235
1253
1239
1226
1242
1224
1233
1244
1262
1226
1226
1224
1229
1251
1217
1239
1247
1229
1245
1222
1254
1251
1262
1208
1211
1227
1247
1208
1215
1239
1228
1225
1240
1240
1252
1247
1264
1234
1227
1223
1256
1231
1260
1245
1230
1239
1224
1274
1231
1252
1247
1222
1247
1244
1235
1264
1229
995
979
983
985
1010
954
979
975
999
978
972
990
931
968
991
930
986
990
950
976
966
969
971
973
958
975
983
966
987
975
967
945
983
986
981
978
959
995
973
964
980
967
987
958
958
950
1000
992
987
966
1004
995
973
981
986
968
969
958
964
946
980
986
983
959
979
949
964
979
969
990
937
976
957
966
988
961
967
972
951
984
2
4096
4096
4
1
2
4388
4388
3
1
80
2436
2428
2413
2487
2464
2438
2484
2441
2447
2428
2451
2442
2442
2455
2476
2489
2484
2422
2465
2478
2454
2442
2452
2459
2427
2458
2471
2477
2478
2470
2461
2449
2441
2475
2434
2446
2429
2443
2431
2429
2448
2463
2473
2441
2466
2446
2442
2463
2485
2442
2448
2460
2475
2463
2474
2410
2460
2482
2458
2465
2470
2468
2461
2410
2459
2466
2476
2458
2443
2426
2475
2447
2463
2488
2429
2449
2471
2471
2458
2456
1941
1952
1963
1891
1912
1941
1891
1941
1928
1952
1928
1936
1938
1922
1905
1886
1893
1955
1913
1894
1928
1937
1923
1919
1957
1919
1911
1906
1902
1911
1917
1933
1940
1901
1941
1925
1944
1929
1951
1947
1931
1921
1904
1943
1918
1926
1936
1915
1898
1929
1933
1921
1904
1913
1895
1974
1914
1895
1922
1914
1904
1910
1911
1968
1914
1912
1903
1921
1922
1948
1904
1929
1911
1890
1945
1929
1909
1903
1920
1921
2
8192
8192
4
1
2
8704
8704
3
1
80
4793
4864
4798
4868
4905
4860
4872
4891
4897
4869
4818
4887
4892
4842
4864
4864
4846
4834
4908
4833
4883
4879
4911
4819
4828
4846
4864
4861
4820
4835
4879
4909
4933
4904
4811
4897
4867
4831
4801
4852
4854
4826
4877
4845
4872
4866
4846
4912
4911
4849
4839
4912
4874
4885
4946
4867
4858
4819
4866
4864
4880
4863
4891
4911
4841
4834
4867
4822
4893
4855
4877
4835
4857
4853
4866
4909
4888
4822
4837
4850
3903
3832
3889
3819
3794
3836
3817
3800
3784
3823
3875
3807
3798
3850
3822
3833
3846
3855
3783
3861
3807
3819
3781
3866
3867
3845
3824
3831
3867
3855
3821
3783
3764
3786
3878
3790
3826
3860
3888
3846
3835
3863
3817
3846
3812
3826
3849
3779
3783
3850
3852
3782
3818
3808
3746
3827
3828
3869
3822
3827
3811
3826
3790
3777
3846
3853
3819
3864
3793
3829
3812
3857
3835
3839
3820
3785
3799
3867
3861
3842
2
16384
16384
4
1
2
17294
17294
3
1
80
9645
9696
9723
9653
9674
9708
9711
9640
9620
9703
9685
9636
9633
9687
9649
9638
9659
9664
9673
9663
9636
9620
9719
9716
9695
9645
9745
9641
9705
9719
9721
9552
9690
9721
9623
9706
9668
9707
9699
9612
9635
9691
9720
9655
9640
9697
9717
9644
9625
9666
9640
9621
9732
9684
9667
9754
9711
9712
9651
9634
9631
9659
9657
9735
9713
9652
9639
9649
9686
9652
9621
9753
9692
9703
9706
9750
9702
9671
9612
9698
7621
7582
7545
7628
7609
7574
7566
7635
7655
7570
7585
7639
7643
7589
7625
7632
7610
7611
7602
7611
7641
7657
7555
7560
7586
7621
7518
7633
7573
7546
7545
7721
7588
7559
7654
7566
7608
7569
7577
7668
7646
7584
7560
7618
7633
7581
7562
7640
7650
7612
7638
7653
7537
7594
7611
7523
7557
7568
7628
7633
7644
7615
7611
7535
7563
7626
7633
7620
7591
7620
7657
7519
7574
7576
7569
7524
7574
7606
7660
7582
2
32768
32768
4
1
2
34406
34406
3
1
80
19280
19262
19230
19264
19084
19190
19376
19355
19239
19197
19336
19264
19214
19239
19223
19346
19238
19368
19225
19347
19240
19287
19247
19268
19163
19234
19174
19286
19288
19309
19285
19156
19299
19355
19263
19090
19347
19289
19241
19175
19297
19131
19227
19164
19295
19224
19333
19156
19134
19264
19280
19128
19238
19266
19128
19214
19214
19276
19224
19344
19112
19364
19296
19226
19173
19218
19319
19281
19221
19232
19144
19297
19218
19185
19370
19315
19199
19220
19237
19243
15095
15115
15136
15116
15288
15182
15015
15023
15138
15174
15043
15121
15163
15142
15152
15038
15145
15011
15147
15028
15139
15089
15133
15111
15221
15134
15204
15099
15079
15067
15096
15230
15075
15021
15118
15287
15032
15087
15144
15209
15076
15249
15157
15216
15080
15149
15044
15213
15246
15113
15098
15255
15146
15107
15246
15163
15166
15096
15153
15029
15267
15014
15080
15141
15202
15160
15056
15093
15154
15151
15240
15083
15169
15197
15006
15057
15183
15160
15150
15137
2
65536
65536
4
1
2
68514
68514
3
1
80
38356
38300
38154
38146
38161
38236
38375
38363
38125
38142
38254
38310
38414
38207
38296
38252
38351
38295
38465
38277
38204
38360
38172
38355
38217
38421
38422
38178
38350
38429
38252
38297
38267
38260
38275
38294
38345
38175
38166
38224
38303
38157
38245
38389
38343
38322
38170
38247
38326
38345
38150
38321
38122
38254
38231
38297
38287
38224
38460
38303
38366
38261
38329
38204
38337
38168
38192
38208
38321
38450
38193
38161
38400
38519
38579
38449
38309
38289
38325
38240
30111
30168
30317
30319
30315
30244
30083
30107
30347
30333
30212
30174
30052
30267
30169
30213
30119
30180
30022
30194
30271
30110
30294
30115
30257
30050
30052
30286
30118
30046
30219
30183
30192
30214
30192
30182
30136
30305
30299
30248
30187
30310
30227
30073
30133
30154
30295
30231
30151
30124
30316
30159
30349
30213
30244
30182
30181
30247
30005
30157
30098
30191
30137
30271
30133
30295
30290
30260
30152
30023
30280
30306
30078
29956
29899
30028
30172
30177
30155
30230
2
131072
131072
4
1
2
136533
136533
3
1
80
76307
76264
76464
76218
76396
76319
76408
76524
76412
76138
76381
76264
76125
76451
76319
76207
76436
76325
76304
76464
76169
76138
76177
76252
76204
76311
76378
76150
76251
76336
76132
76775
76405
76496
76327
76209
76276
76330
76194
76064
76114
76290
76299
76284
76166
76079
76338
76508
76133
76422
76267
76260
76357
76399
76277
76347
76282
76094
76176
76246
76205
76191
76166
76497
76386
76417
76223
76411
76333
76115
76274
76516
76412
76503
76445
76469
76144
76302
76435
76237
60148
60199
60003
60243
60058
60171
60059
59928
60051
60314
60091
60192
60348
60012
60156
60263
60028
60135
60169
60021
60300
60334
60281
60218
60257
60142
60093
60306
60211
60131
60344
59692
60060
59986
60133
60243
60177
60121
60260
60396
60359
60173
60164
60178
60298
60384
60123
59951
60313
60046
60193
60191
60107
60065
60191
60127
60172
60365
60295
60216
60250
60276
60301
59969
60079
60047
60241
60053
60123
60342
60193
59943
60058
59962
60020
59986
60307
60163
60034
60226
2
262144
262144
4
1
2
272226
272226
3
1
80
151976
152147
151845
151982
152164
152154
152014
152123
152016
151944
152126
151832
152196
152168
151970
152186
151941
151987
151974
151784
152089
152517
152034
151912
152012
152264
151684
151745
151869
152072
152026
152095
152223
152208
152327
151697
152166
151562
151843
151751
152080
152096
151923
152087
152258
152203
152393
152002
152380
151820
152351
151832
152098
152104
152280
152152
152214
152439
151862
152067
152256
152019
151929
152426
152471
152127
151784
152106
152040
152002
151903
152209
152210
151813
152033
151857
151927
152204
152222
152365
120128
119977
120270
120137
119945
119959
120075
120007
120119
120178
119987
120298
119929
119946
120143
119910
120195
120122
120131
120337
120022
119608
120079
120201
120122
119854
120434
120371
120230
120037
120088
120029
119886
119894
119803
120414
119952
120550
120281
120370
120038
120014
120197
120024
119877
119899
119713
120132
119741
120283
119761
120276
120020
120016
119834
119971
119894
119682
120264
120065
119859
120096
120196
119699
119646
119991
120343
120010
120068
120117
120217
119917
119902
120325
120094
120264
120187
119902
119904
119735
2
524288
524288
4
1
2
543012
543012
3
1
80
302887
303229
303269
302940
302885
302892
302517
302911
303003
302752
303087
303725
302906
303086
302973
303346
303330
302786
303200
302868
303171
303166
303288
302903
303000
303318
303244
303508
302814
303345
303284
303039
302705
303075
303607
303048
303105
302962
302721
302927
303094
303077
303082
303287
303726
303161
302617
302986
303521
303167
303273
302985
302933
303629
303027
303433
303154
302965
303251
302865
303165
303068
303656
303569
303264
303105
303153
302746
303551
303084
303277
303385
303057
302871
303237
303082
303076
303065
302985
302904
239942
239616
239556
239890
239961
239934
240303
239931
239857
240086
239750
239090
239916
239749
239852
239467
239511
240035
239656
239951
239666
239682
239547
239940
239820
239505
239609
239343
240024
239495
239539
239802
240155
239768
239226
239775
239746
239861
240105
239884
239740
239778
239756
239551
239117
239661
240214
239852
239308
239659
239578
239856
239910
239205
239792
239402
239667
239886
239577
239954
239656
239762
239212
239273
239565
239728
239674
240092
239294
239761
239572
239447
239780
239957
239600
239763
239763
239786
239866
239942
