1
256
1
2
256
256
3
1
40
174
168
173
172
164
176
177
175
167
172
166
177
166
174
161
164
174
168
172
181
172
175
178
170
183
178
174
181
184
183
190
171
163
175
172
177
172
174
170
166
1
512
1
2
512
256
3
1
40
403
417
402
396
398
406
397
405
406
409
415
419
393
414
416
405
406
404
392
417
412
404
417
409
408
397
411
409
406
416
404
404
407
409
409
415
411
406
405
418
1
1024
1
2
1024
256
3
1
40
896
897
897
897
898
901
897
900
897
889
905
893
894
906
909
899
890
884
900
892
900
898
900
899
891
906
899
895
897
898
900
894
904
891
889
886
898
890
900
888
1
2048
1
2
2048
256
3
1
40
1896
1896
1890
1910
1893
1900
1909
1892
1888
1896
1900
1899
1902
1898
1906
1891
1894
1896
1893
1898
1901
1904
1898
1891
1905
1897
1900
1897
1904
1907
1889
1900
1891
1901
1894
1904
1888
1893
1897
1905
1
4096
1
2
4096
256
3
1
40
3935
3932
3928
3933
3926
3918
3927
3927
3941
3927
3940
3922
3923
3917
3918
3925
3920
3917
3938
3925
3915
3929
3924
3915
3923
3939
3939
3930
3938
3929
3930
3925
3931
3928
3919
3920
3928
3930
3929
3938
1
8192
1
2
8192
256
3
1
40
8004
8009
8010
8008
8012
8013
8005
8019
8014
8012
8004
7995
8015
8009
8018
8012
7997
8011
8006
7999
8000
8012
8002
8012
8002
8011
8015
8016
8008
7992
8004
7994
7994
8003
8012
7995
8021
8007
8011
8003
1
16384
1
2
16384
256
3
1
40
16187
16177
16175
16192
16194
16191
16193
16187
16188
16191
16186
16194
16173
16186
16189
16185
16195
16192
16181
16177
16193
16184
16183
16190
16185
16192
16187
16186
16182
16184
16181
16179
16201
16183
16186
16189
16181
16185
16179
16190
1
32768
1
2
32768
256
3
1
40
32554
32561
32567
32560
32564
32566
32562
32564
32554
32562
32556
32561
32561
32566
32553
32570
32550
32569
32567
32558
32563
32572
32557
32563
32553
32558
32561
32560
32564
32563
32557
32562
32557
32547
32563
32561
32554
32543
32557
32566
1
65536
1
2
65536
256
3
1
40
65317
65321
65321
65317
65319
65311
65321
65317
65319
65324
65323
65317
65315
65314
65327
65317
65323
65315
65320
65326
65314
65308
65311
65323
65329
65312
65317
65322
65322
65325
65315
65317
65316
65315
65317
65322
65319
65313
65315
65310
1
131072
1
2
131072
256
3
1
40
130845
130841
130851
130837
130840
130853
130843
130846
130854
130844
130848
130848
130843
130838
130838
130848
130849
130846
130845
130843
130847
130838
130844
130848
130839
130853
130843
130848
130843
130842
130847
130843
130847
130846
130851
130844
130838
130846
130845
130843
1
262144
1
2
262144
256
3
1
40
261905
261913
261910
261913
261913
261910
261912
261910
261907
261909
261922
261914
261910
261916
261915
261912
261910
261911
261915
261907
261908
261919
261914
261917
261916
261913
261910
261916
261908
261913
261911
261908
261904
261901
261907
261907
261908
261908
261908
261907
1
524288
1
2
524288
256
3
1
40
524055
524048
524053
524057
524050
524048
524050
524049
524048
524058
524054
524056
524054
524052
524046
524056
524044
524050
524053
524056
524052
524046
524049
524050
524054
524051
524048
524053
524057
524050
524051
524052
524060
524046
524047
524045
524047
524049
524045
524052
1
1048576
1
2
1048576
256
3
1
40
1048332
1048333
1048339
1048335
1048333
1048338
1048334
1048331
1048334
1048332
1048338
1048333
1048336
1048336
1048331
1048335
1048336
1048332
1048337
1048340
1048336
1048338
1048335
1048338
1048334
1048342
1048337
1048338
1048337
1048342
1048334
1048328
1048334
1048334
1048338
1048337
1048331
1048335
1048337
1048340
1
2097152
1
2
2097152
256
3
1
40
2096910
2096905
2096902
2096907
2096907
2096906
2096903
2096910
2096906
2096904
2096905
2096901
2096910
2096906
2096912
2096913
2096907
2096915
2096910
2096906
2096909
2096908
2096910
2096909
2096911
2096908
2096905
2096906
2096907
2096906
2096915
2096905
2096915
2096903
2096908
2096909
2096910
2096913
2096909
2096909
