1
64
1
2
64
64
3
1
80
1.3125
1.5
1.32812
1.5625
1.57812
1.48438
1.39062
1.35938
1.53125
1.5
1.45312
1.5
1.54688
1.5
1.60938
1.25
1.64062
1.59375
1.57812
1.4375
1.46875
1.40625
1.625
1.67188
1.39062
1.51562
1.45312
1.4375
1.4375
1.375
1.35938
1.42188
1.32812
1.26562
1.45312
1.64062
1.64062
1.40625
1.48438
1.28125
1.51562
1.64062
1.4375
1.32812
1.45312
1.53125
1.54688
1.46875
1.53125
1.59375
1.53125
1.64062
1.5
1.64062
1.39062
1.51562
1.4375
1.5
1.57812
1.45312
1.4375
1.82812
1.59375
1.59375
1.60938
1.45312
1.67188
1.42188
1.5625
1.35938
1.34375
1.73438
1.67188
1.26562
1.48438
1.35938
1.70312
1.3125
1.64062
1.60938
29.4783
30.5682
29.8333
26.619
24.625
26.2727
23.4091
29.6842
28.175
21.6739
27.7708
25.4222
27.1951
27.0238
27.6087
35.6
26.913
27.3409
25.8182
25
27.2045
26.0465
25.5116
24.7609
28.8
28.9231
29.1111
25.3878
22.1538
30.0435
29.4048
31.5333
25.8095
27.55
28
28.3478
26.5778
29.3111
27.4222
27.2143
26.0889
25.8333
26.2093
26.4762
21.0244
30.5417
27.0222
29.3256
26.1556
28.6383
26.8537
28.2222
21.8372
25.6364
23.275
26.5814
31.5263
26.5532
24.9583
29.9
28.7826
25.587
25.4545
26.6
27.4444
20.5366
29.7143
28.6279
27.0222
27.12
29.7333
19.9796
26.7317
32.4651
21.439
28.8049
23.7273
24.7105
27.1707
22.8958
28.7222
29.7
27.7273
35.7727
32.1667
28.45
26.05
26.2308
31.9583
25.6667
32.125
31.2105
23.3478
29.8636
25.1667
35.3684
35.3333
27.4
33.2
33.3684
32.75
19.9524
24.1429
19.7778
26.1053
34.56
35.8421
27.2667
26.56
35.9444
33.8182
28.6316
31.1364
31.6667
33.1667
27.8333
31.9474
34.4737
32.4737
38.5
30.5789
31.875
33.8095
25.7273
34.8261
26.9375
34.1053
37.1429
26.8947
27.3529
28.3913
38.9474
27.2381
31.8
30.875
27.8095
28
20.4118
24.3125
27.0833
31.1667
22.5556
22.55
25.7857
29.1053
27.7826
28.0909
30.5238
30.0526
32.7857
33.5789
24.7333
27.0435
28.5238
27
35.913
27.85
27.1154
28.913
22.9375
1
128
1
2
96
96
3
1
80
1.76562
1.97656
1.75
2.11719
1.88281
1.8125
1.85938
1.82812
2.05469
2.10156
1.84375
2.17188
1.85938
2.13281
1.9375
1.98438
1.92188
1.96094
1.97656
2.05469
1.91406
1.92969
2.17188
2.11719
1.77344
2.00781
1.84375
1.90625
2.16406
1.6875
1.99219
1.77344
1.51562
1.64062
2.1875
1.80469
1.85156
1.86719
1.78906
1.95312
2.0625
2.14062
1.73438
2.09375
1.97656
2
1.78906
1.80469
1.79688
2.24219
1.99219
1.92969
1.92188
2.01562
2.00781
1.90625
1.79688
2.11719
1.91406
1.83594
1.85938
1.92188
1.77344
1.84375
1.88281
1.85156
1.96875
2.15625
1.8125
1.95312
1.88281
2.07031
2.10156
1.85938
2.11719
1.6875
1.9375
2.05469
1.55469
1.90625
47.9114
43.7927
43.3425
41.3793
39.2
45.679
46.2821
41.9759
40.4545
48.0805
45.3671
41.9059
49.069
46.3086
48.7209
48.0602
46.9512
44.3704
43.8395
42.7294
46.7284
43.7722
43.6977
41.3896
45.012
42.6296
55.3462
44.5238
36
50.5
42.4444
45.0814
59.1852
51.9367
37.8333
42.6951
48.0824
49.9268
48.2222
47.2674
41.3827
45.9524
49.4337
42.5233
47.0361
43.0769
47.481
47.6047
42.3671
44.9111
46.1325
43.725
50.1235
46.2235
44.8659
43.3059
47.6463
36.131
39.0641
48.3827
45.5
49.3537
50.3816
46.8148
35.1279
50.5244
39.9114
42.2976
49.1538
47.3614
48.6977
35.4051
37.0886
45.1358
42.5301
51.675
47.325
39.1235
47.3077
49.3125
63.3878
63.6522
51.3091
49.6341
66.1042
57.3404
65.4
55.1556
55.0784
62.3659
61.3265
56.5581
60.561
56.1489
54.2619
58.3333
71.2391
51.4468
63.234
60.6279
54.1277
53.7755
55.6667
53.5098
57.5111
50.2766
56.06
55.75
58
57.2115
50.234
66.9762
61.2979
63.9796
59.5682
57
64
58.6087
63.0213
62.2619
57.234
52.5227
65.8
48.9286
62.7111
58.58
60.6327
60
61.9592
45.5526
49.4667
50.6042
49.8085
55.4419
54.7826
57.3023
61.2391
50.2045
56.76
57.8085
52.9545
52.9783
58.0962
51.6809
73.0714
58.1304
60.551
44.6818
59.14
63.4667
56.6905
56.6939
49.5918
49.5745
49.2667
59.4583
62
53.8298
65.12
66.4583
1
256
1
2
160
160
3
1
80
2.38672
2.38281
2.74609
2.35938
2.50391
2.85547
2.28125
2.44922
2.54297
2.72266
2.45312
2.52344
2.41406
2.45703
2.69141
2.34766
2.72266
2.66406
2.31641
2.52344
2.5
2.55078
2.62109
2.66016
2.34766
2.51953
2.90234
2.52734
2.58984
2.79688
2.53516
2.50391
2.62891
2.46094
2.51562
3.125
2.55469
2.5
2.66016
2.58594
2.53516
2.48828
2.38281
2.53906
2.63672
2.42188
2.49219
2.44531
2.42578
2.23438
2.4375
2.625
2.52344
2.50781
2.53125
2.41016
2.53125
2.10938
2.76953
2.31641
2.26953
2.5
2.51172
2.85547
2.55469
2.61719
2.6875
2.55859
2.66016
2.51172
2.58594
2.41406
2.85547
2.375
2.48828
2.66797
2.49219
2.71484
2.51953
2.35547
76.7226
78.8968
66.9533
77.3399
71.3092
71.4774
79.0533
75.8831
72.6732
64.9744
74.7347
73.3571
77.6471
74.9408
65.1921
79.7303
64.6258
73.1667
70.9733
76.3506
70.0705
69.6667
71.1484
64.7059
71.973
68.0592
62.891
71.7867
71.8636
66.5823
70.125
80.7226
70.0743
70.5779
71.5946
58.6275
71.5894
68.4145
64.6711
74.1961
69.2885
70.7297
73.4238
64.732
72.7756
70.6803
72.5097
72.4379
71.7067
81.0395
76.8141
69.9673
70.4183
74.1842
72
79.6284
71.6908
81.7881
66.1579
84.8158
77.0132
67.2895
68.9615
63.7843
73.4803
69.3007
69.9211
57.5197
72.9613
65.7452
75.0903
73.9079
60.961
77.8323
71.4238
72.9536
67.2095
64.4867
73.1503
74.2763
114.624
114.574
99.9528
105.272
113.462
110.842
108.764
101.686
100.029
104.08
109.697
94.8333
97.3689
105.481
102.41
111.683
105.99
88.34
104.575
106.559
114.43
109.049
106.564
114.262
100.546
117.51
96.78
109.557
102.971
111.959
123.51
112.396
102.944
110.255
107.046
103.32
105.467
97.9615
108.065
100.524
111.35
111.991
106.505
115.592
92.16
102.606
108.871
111.951
114.434
107.894
111.98
105.796
106.641
97.4423
105.019
111.741
103.894
122.981
102.692
105.683
114.894
116.346
109.6
104.32
109.394
101.107
107.875
100.221
100.218
122.192
98.901
105.337
101.441
108.634
98.219
118.19
109.102
106.925
114.971
102.048
1
512
1
2
298
298
3
1
80
3.06641
2.88281
3.4043
2.77148
3.50195
3.20898
3.29688
2.98242
2.82422
3.46094
2.9082
2.80664
3.13477
3.24805
2.93555
3.1543
2.78711
2.96484
2.84766
2.86719
3.07227
3.25781
2.85352
3.22461
3.28711
2.98047
3.12891
3.3125
2.88672
3.36719
3.09766
3.39453
2.99609
3.26367
3.14844
2.85938
2.83398
2.96094
3.36914
2.83203
3.00195
2.98828
2.91602
3.2207
3.10547
2.8125
2.99219
3.23438
2.97266
2.90625
3.29492
3.38672
3.36133
3.17578
3.02539
3.0293
3.09375
2.78711
2.99609
2.86719
2.95703
3.10547
2.95703
3.30664
2.87891
2.83398
2.94336
2.85742
3.05859
2.8457
3.05469
2.88867
3.04297
3.16406
2.84961
3.04102
2.86523
3.0293
3.06445
3.07812
119.904
119.969
105.308
119.285
107.654
114.014
103.742
117.368
122.799
96.5986
124.024
121.055
116.515
123.485
117.065
119.364
128.653
120.135
133.588
120.4
117.976
118.976
128.127
114.769
110.524
121.903
115.116
111.25
123.655
109.376
116.255
95.1356
128.898
106.655
118.816
121.429
128.087
128.645
103.661
132.956
112.405
113.206
122.495
106.451
117.722
128.471
114.858
109.62
119.526
127.395
106.668
112.588
108.268
119.003
119.4
134.612
125.459
133.251
131.451
146.295
115.304
113.631
122.347
114.034
135.939
127.834
123.271
128.397
124.661
127.689
120.288
126.278
122.124
125.679
128.689
116.407
137.378
113.617
118.786
121.091
193.484
201.566
201.829
210.848
199.023
195.096
211.392
195.625
200.969
189.147
208.579
206.79
194.667
209.949
198.434
193.921
196.805
188.072
185.283
200.95
217.581
186.13
205.778
204.197
202.792
207.719
196.482
194.838
209.041
199.516
190.117
182.834
207.461
196.749
192.164
191.493
206.96
190.187
177.6
208.516
188.027
209.827
208.466
194.806
206.424
220.175
199.074
191.101
204.79
218.179
194.911
218.624
202.928
207.583
202.682
200.726
194.761
210.467
219.991
206.75
213.193
201.088
224.724
178.849
228.193
192.234
198.438
194.655
202.484
199.097
212.159
208.857
205.059
196.868
208.589
192.493
212.757
211.05
201.468
208.972
1
1024
1
2
576
576
3
1
80
3.55664
3.23047
3.5166
3.56152
3.48047
3.61719
3.61621
3.39746
3.42383
3.41699
3.43066
3.56055
3.62402
3.22559
3.11426
3.72266
3.43457
3.5957
3.41602
3.64746
3.36328
3.52832
3.58984
3.24707
3.36914
3.46289
3.5127
3.30469
3.51367
3.63184
3.38184
3.51953
3.41113
3.72949
3.69434
3.6582
3.61328
3.45508
3.56348
3.46387
3.15723
3.48633
3.65039
3.50195
3.46777
3.49414
3.53418
3.34668
3.40918
3.7666
3.66211
3.29102
3.63086
3.66992
3.25098
3.41211
3.46973
3.7168
3.47559
3.44238
3.62793
3.49707
3.51465
3.43066
3.30371
3.49512
3.4541
3.26855
3.72168
3.50488
3.58594
3.27148
3.47559
3.44922
3.51367
3.59082
3.25879
3.32812
3.53906
3.37793
196.905
219.119
214.706
209.24
213.266
208.049
204.968
209.168
225.571
209.143
212.567
219.749
205.152
237.889
244.457
189.014
218.275
211.864
208.569
199.002
216.692
207.807
195.12
216.133
214.105
218.433
201.937
225.708
196.588
203.284
216.21
210.373
224.033
202.091
188.737
200.221
202.855
215.928
209.864
221.634
222.376
206.52
197.363
207.784
217.733
205.093
198.552
219.875
223.409
192.36
196.791
216.541
203.45
210.365
227.175
203.559
220.715
194.97
217.88
200.038
199.549
225.133
216.888
210.167
215.952
202.266
199.061
216.35
195.729
214.1
192.11
233.963
205.193
220.198
207.311
205.885
209.605
217.8
212.354
218.739
392.481
377.276
367.313
384.055
393.759
369.446
392.676
391.203
379.868
380.554
374.443
391.647
397.582
391.561
381.352
373.722
403.231
382.477
383.336
382.662
404.969
395.011
398.521
380.195
389.704
369.875
350.663
397.325
391.252
394.144
398.921
395.246
408.705
371.851
394.28
383.396
395.199
386.733
378.695
388.111
388.469
388.503
371.335
396.471
365.689
381.861
381.331
394.709
371.302
367.169
380.656
391.545
372.357
402.321
399.792
377.429
385.331
387.323
397.803
370.051
360.206
373.783
419.029
371.022
427.042
394.234
395.17
413.233
368.216
406.443
388.708
403.454
368.488
407.827
403.741
383.88
405.838
397.486
384.854
362.857
1
2048
1
2
1126
1126
3
1
80
3.63232
3.68408
3.69824
3.81787
3.84619
3.98779
3.99512
3.78662
3.78809
3.90771
3.64502
3.99023
3.82568
3.75195
3.66699
3.85303
3.84033
3.78857
3.79199
3.8999
3.96631
3.74561
3.80469
3.56055
3.81641
3.81934
3.5083
3.9082
3.82764
3.92969
3.68896
3.76123
3.6709
3.73828
3.72119
3.604
3.59131
3.91357
3.71387
4.08936
3.63721
3.78857
3.73389
3.79443
3.75293
3.66504
3.98682
3.60742
4.02539
3.92139
3.875
3.61816
3.90039
3.90625
3.6709
3.80615
3.95947
3.84375
4.0166
3.76953
3.92285
3.65186
3.67969
4.06836
3.79883
3.77148
3.68848
3.74756
3.96436
3.61377
3.92578
3.66895
3.83545
3.84131
3.71094
3.81592
3.59717
3.77539
3.77979
3.71777
404.863
409.686
398.004
373.195
402.54
359.809
353.366
401.239
393.12
371.475
399.84
362.562
372.484
389.063
391.634
401.912
377.491
384.436
372.23
370.651
362.33
405.503
399.93
404.484
381.517
374.651
422.874
363.434
385.006
372.867
385.663
368.241
404.654
378.761
402.065
408.21
410.122
368.014
392.343
349.535
408.092
375.952
391.305
387.644
387.387
398.687
355.199
402.634
353.017
358.04
385.233
395.462
346.832
378.075
381.688
392.193
374.5
374.473
360.159
376.021
375.187
408.206
401.01
358.114
388.782
382.119
406.369
409.512
360.456
426.633
369.225
403.998
377.465
381.244
382.944
378.701
406.544
399.379
389.342
383.466
758.707
749.454
751.772
729.101
743.666
748.276
712.868
748.983
766.488
751.658
739.113
738.987
769.994
755.068
736.235
782.379
723.286
776.011
756.131
785.433
752.542
744.653
703.359
718.488
732.827
731.682
757.18
707.661
750.671
732.845
737.66
760.702
746.879
723.689
744.41
764.139
778.223
745.209
742.331
734.148
757.296
712.804
739
742.429
741.251
781.629
730.573
750.655
722.797
708.857
741.315
738.273
750.07
733.906
751.292
733.405
695.354
727.739
751.74
752.859
738.172
759.811
730.474
719.626
772.048
734.204
731.788
737.599
736.448
770.056
735.636
759.192
714.97
741.598
745.468
728.939
736.196
717.464
725.235
742.095
1
4096
1
2
2218
2218
3
1
80
3.9834
3.93921
4.04419
4.19556
4.1665
4.23853
4.3606
4.21558
4.02344
4.09302
4.17163
4.08862
3.87769
3.99902
4.14893
4.18823
4.01074
4.25757
4.0498
4.22241
4.23462
4.09033
4.20605
4.0293
4.05957
4.06738
3.97363
4.18579
3.83179
4.19067
4.15503
4.17603
3.99121
3.90942
4.03491
3.93726
4.1897
4.09253
3.92896
3.94727
3.95972
4.00708
3.89258
4.13721
4.073
4.10791
4.18066
4.00391
4.03638
4.2334
4.05396
4.08105
4.03809
4.12207
4.15186
4.10986
3.97266
3.88281
4.09424
4.17139
3.98657
4.10718
4.15137
3.98071
4.04956
4.02637
3.98657
4.00146
4.18848
3.94604
4.07715
4.06128
3.91235
4.02393
4.03906
4.13062
4.13916
4.32471
4.16602
4.11792
705.518
726.588
745.716
673.923
685.684
666.739
647.467
689.862
736.478
698.952
691.468
696.429
751.006
702.997
695.665
690.558
732.593
679.288
720.132
676.194
687.651
704.282
677.906
736.371
725.464
703.389
729.719
675.977
755.223
690.066
695.192
707.698
715.836
737.184
704.924
732.049
687.124
725.838
733.072
747.765
722.629
699.028
748.884
692.954
713.794
690.709
684.842
713.197
742.91
670.851
720.933
703.561
714.29
688.801
708.276
697.098
738.892
747.07
705.576
701.895
720.173
714.695
714.117
721.641
732.251
723.811
724.146
729.52
703.595
729.351
699.645
736.338
769.795
712.318
714.815
682.135
713.805
679.301
711.873
699.945
1481.57
1510.41
1465.92
1432.07
1410.06
1359.22
1363.31
1477.18
1459.17
1404.08
1485.41
1396.65
1444.92
1455.49
1451.14
1412.96
1431.33
1407.16
1460.89
1439.48
1434.42
1436.39
1413.78
1409.07
1436.74
1448.09
1459.24
1474.51
1469.19
1377.52
1428.57
1500.63
1478.09
1496.44
1480.91
1483.85
1387.48
1431.13
1421.79
1489.9
1503.77
1483.28
1454.52
1444.84
1409.31
1463.36
1466.73
1423.72
1431.13
1446.36
1462.21
1413.73
1461.61
1508.36
1434.93
1428.18
1421.64
1455.28
1445.24
1417.72
1458.28
1448.6
1340.29
1418.57
1414.01
1461.87
1482.21
1457.82
1428.12
1437.53
1474.69
1430.38
1435.5
1471.08
1445.74
1436.2
1410.1
1429.42
1426.52
1409.24
1
8192
1
2
4388
4388
3
1
80
4.19861
4.38013
4.4635
4.36536
4.49426
4.35022
4.18164
4.53503
4.27527
4.22278
4.54968
4.26367
4.42065
4.34741
4.27917
4.3573
4.27808
4.45251
4.46204
4.45984
4.34802
4.37817
4.39282
4.27039
4.35266
4.45032
4.39539
4.35913
4.31104
4.23706
4.43518
4.19495
4.21521
4.49133
4.27258
4.41455
4.23352
4.45764
4.41736
4.46118
4.37683
4.34814
4.39368
4.21216
4.35901
4.38464
4.24902
4.31934
4.31177
4.27429
4.34436
4.43872
4.29651
4.40393
4.51599
4.36584
4.43103
4.42456
4.46594
4.3761
4.27197
4.37964
4.30591
4.3418
4.31445
4.45337
4.23706
4.32812
4.32214
4.31165
4.27551
4.32886
4.3634
4.38672
4.26123
4.29077
4.44189
4.35706
4.3446
4.4137
1396.83
1311.68
1268.92
1312.05
1299.05
1318.58
1383.51
1285.71
1332.48
1342.47
1272.77
1344.04
1296.78
1329.26
1372.85
1338.98
1349.22
1285.77
1276.23
1312.88
1323.39
1325.22
1316.2
1308.66
1312.34
1285.27
1333.74
1354.02
1335.76
1340.5
1308.23
1356.17
1350.55
1311.02
1390.81
1315.45
1326.54
1301.56
1321.99
1239.74
1288.3
1306.39
1337.04
1359.83
1319.44
1298.26
1340.05
1349.76
1308.67
1354.8
1329.46
1287.45
1351.96
1275.88
1292.28
1328.28
1271.55
1306.26
1314.24
1325.18
1339.94
1323.55
1355.85
1309.7
1335.12
1295.08
1369.24
1323.63
1359.35
1346.13
1367.39
1343.18
1315.22
1327.26
1379.76
1344.32
1279.7
1322.67
1324
1323.36
2859.84
2757.4
2850.73
2773.28
2786.58
2861.14
2832.91
2730.49
2782.6
2852.66
2691.14
2783.7
2825.44
2776.82
2809.87
2806.66
2806.21
2818.42
2695.63
2763.79
2788.48
2786.42
2804.2
2819.55
2699.81
2819.78
2852.11
2752.12
2777.57
2841.66
2728.75
2882.92
2841.27
2745.65
2849.88
2811.41
2902.94
2728.86
2817.04
2841.94
2768.86
2797.44
2814.36
2870.74
2811.08
2731.19
2800.91
2809.81
2803.42
2768.38
2809.62
2748.01
2822.8
2779.97
2717.91
2787.03
2730.67
2753.83
2734.51
2783.63
2849.65
2739.64
2815.95
2817.32
2812.94
2770.52
2842.36
2773.6
2788.66
2786.59
2723.83
2783.19
2795.89
2750.92
2846.75
2783.6
2781.01
2763.32
2804.3
2744.27
1
16384
1
2
8704
8704
3
1
80
4.5954
4.44122
4.53864
4.57062
4.63025
4.61926
4.6488
4.6629
4.63623
4.55823
4.521
4.54486
4.56342
4.65375
4.60413
4.58612
4.45184
4.62604
4.53918
4.633
4.49756
4.52002
4.63434
4.68652
4.51501
4.51434
4.60138
4.49152
4.71558
4.48401
4.62616
4.60803
4.62695
4.65637
4.57184
4.56213
4.53821
4.69
4.58801
4.65271
4.59869
4.6358
4.56549
4.59735
4.55835
4.52228
4.53015
4.74194
4.61493
4.57037
4.57281
4.55664
4.61444
4.64124
4.55731
4.50604
4.56384
4.51459
4.53961
4.53485
4.64465
4.55664
4.52289
4.52765
4.4884
4.53961
4.51373
4.57141
4.51257
4.48468
4.69421
4.57635
4.52722
4.63953
4.51385
4.56598
4.53735
4.56403
4.56049
4.60626
2477.28
2627.93
2537.61
2539.32
2488.42
2473.06
2522.29
2467.86
2480.3
2505.3
2543.65
2548.67
2518.2
2494.37
2464.47
2486.89
2606.12
2461.84
2552.6
2510.31
2528.82
2571.39
2503.2
2434.39
2536.01
2579.14
2507.38
2537.13
2439.8
2578.38
2487.85
2508.76
2506.07
2445.53
2567.36
2512.87
2505.96
2444.21
2498.19
2425.34
2512.8
2471.01
2489.09
2457.77
2518.35
2508.18
2529.66
2445.3
2506.94
2514.22
2478.37
2552.25
2501.36
2508.12
2493.32
2584.62
2554.42
2609.79
2531.3
2537.68
2437.12
2486.37
2528.52
2542.67
2598.05
2551.76
2558.31
2546.78
2546.9
2607.66
2441.64
2515.73
2547.49
2464.94
2539.41
2542.37
2515.07
2508.79
2515.19
2488.21
5364.06
5556.46
5458.12
5471.83
5431.3
5375.57
5484.44
5379.6
5417.35
5486.38
5480.68
5516.95
5492.99
5429.9
5518.47
5361.52
5480.79
5389.79
5505.08
5414.67
5479.17
5524.11
5442.98
5458.76
5495.91
5476.5
5393.45
5461.91
5339.72
5533.91
5449.85
5414.39
5412.44
5396.83
5481.2
5415.95
5535.62
5363.21
5406.05
5406.52
5428.93
5439.05
5448.57
5337.47
5461.76
5439.26
5364.64
5334.99
5422.22
5475.43
5507.09
5488.63
5454.03
5427.82
5574.32
5445.24
5503.13
5466.16
5433.41
5407.89
5374.92
5454.18
5440.32
5482.24
5500.01
5460.82
5361.17
5529.48
5476.48
5571.5
5425.25
5532.37
5507.1
5498.31
5538.54
5462.59
5485.76
5434.62
5450.84
5450.07
1
32768
1
2
17294
17294
3
1
80
4.73755
4.74533
4.75485
4.77838
4.78894
4.82129
4.77609
4.71021
4.73413
4.82944
4.73291
4.71548
4.72736
4.74872
4.76379
4.73132
4.7562
4.76996
4.81659
4.73227
4.79047
4.74323
4.74188
4.80557
4.80637
4.79132
4.85025
4.82764
4.73859
4.65268
4.71875
4.83307
4.83075
4.79837
4.74139
4.80414
4.7439
4.72897
4.79926
4.76703
4.83463
4.77902
4.73669
4.75415
4.78445
4.83734
4.79694
4.73932
4.78494
4.75375
4.77029
4.73596
4.80634
4.77109
4.77478
4.68115
4.83066
4.73627
4.79996
4.75897
4.77832
4.78564
4.73529
4.69089
4.76193
4.86392
4.81696
4.74551
4.71683
4.87308
4.78781
4.70319
4.73389
4.73242
4.7164
4.78134
4.81909
4.83344
4.76508
4.80121
4878.56
4843.77
4815.4
4843.61
4732.36
4724
4813.1
4855.34
4901.54
4754.78
4835.93
4824.08
4842.17
4811.05
4818.74
4832.59
4817.52
4792.82
4766.74
4858.02
4770.68
4858.38
4872.4
4805.31
4778.18
4736.84
4773.52
4742.6
4874.14
4927.98
4767.77
4728.06
4714.96
4743.39
4888.27
4798.57
4789.22
4768.32
4737.68
4808.42
4765.65
4793.69
4843.48
4806.59
4805.17
4699.42
4785.32
4865.61
4754.92
4826.41
4816.69
4768.44
4772.06
4777.26
4774.82
4884.65
4744.7
4846.75
4754.15
4799.15
4793.11
4782.88
4835.37
4870.18
4804.68
4780.55
4747.38
4816.19
4887.67
4685.05
4840.47
4883.76
4766.29
4830.96
4896.51
4772.45
4732.26
4720.21
4787.08
4725.85
10642.2
10786.5
10589.5
10664.9
10620
10686.7
10652.8
10682.9
10732.6
10638.6
10691.2
10661.7
10737
10635.6
10661.8
10809.7
10696.8
10691.9
10627.3
10695.7
10654.8
10824.8
10764.9
10487.6
10717.1
10693.4
10577.2
10615.7
10684.1
10768.7
10795.1
10580.8
10472.9
10661.9
10673.6
10760.4
10642.4
10774.9
10503.5
10683.6
10714.4
10703.5
10758.6
10716
10543.3
10707.8
10708.7
10736.5
10487.7
10692.3
10664.1
10694
10798.3
10701.8
10616.8
10824.4
10585.8
10735.5
10695
10706.7
10647.5
10673.1
10685.2
10793.3
10669.3
10549.3
10693.2
10623
10783.3
10518.9
10802.1
10847.1
10813.1
10812.4
10746.5
10712.6
10636.3
10633.4
10637.3
10651.1
1
65536
1
2
34406
34406
3
1
80
4.95615
4.99382
4.99229
4.93349
4.96243
4.99751
4.96133
4.9873
4.98004
4.95763
4.97993
4.951
4.96109
4.92372
4.98088
4.94876
4.92664
4.92746
4.99727
4.95934
5.0166
4.96097
4.97313
4.9949
4.98764
4.98227
4.97272
5.01776
4.98065
4.85014
4.97934
4.9453
4.96518
4.94402
4.97333
5.01067
4.95377
4.95374
4.91762
4.97179
4.92413
4.95697
4.96198
5.01752
4.93974
5.00215
4.96611
4.97653
5.00328
4.94957
4.95515
4.92189
4.92746
4.90321
4.95074
4.93799
5.02899
5.0027
4.87122
5.02237
4.89584
4.94749
4.92729
4.92468
4.98956
4.93475
5.01492
4.90291
4.97208
4.93694
4.99474
4.98117
4.97684
4.97572
5.02664
4.98421
4.95135
4.9671
4.94745
4.93127
9252.01
9152.42
9147.16
9200.64
9177.07
9096.89
9220.44
9145.69
9115.86
9184.22
9159.83
9331.86
9173.81
9246.84
9018.54
9119.5
9230.38
9317.62
9150.28
9176.35
9104.87
9241.65
9116.97
9151.59
9173.96
9156.45
9144.69
9088.79
9148.2
9530.33
9059.7
9210.17
9171.54
9277.93
9171.33
9083.73
9191.24
9202.68
9285.51
9109.85
9243.59
9184.95
9164.56
9122.96
9262.05
9119.74
9200.49
9202.5
9181.52
9275.37
9102.01
9171.12
9230.39
9378.76
9197.11
9246.52
9058.87
9067.79
9328.2
9047.14
9273.38
9250.82
9232.84
9273.22
9163.74
9309.74
9127.24
9365.56
9182.42
9238.11
9133.9
9086.38
9128.79
9150.42
9038.61
9187.81
9295.3
9179.24
9192.67
9253.92
20898.2
20910.4
20872.4
21015.8
20795.9
20819.8
20842
20866.2
20850.3
21031.4
20961.2
20930.1
20974.4
20921
20859.2
20919.9
20727.9
21031
20806.6
20911.4
20785.8
20974.8
20927.7
20736.8
20718.8
20955.2
20920.3
20772.7
20960.7
21060.5
20809.8
20943.9
20803.2
21008.3
20905.8
20996.5
21037.5
20949.4
21140.1
20911
20899.5
20845.3
20918.7
20894
20844.3
20759.7
21009.8
20856.9
20886.1
20776.9
20931
20968.9
20985.6
20763.5
20839.3
20860.8
20748.3
20879.3
21146.2
20835.1
20917.7
21036.1
21022.1
20959.5
20950.2
20729.4
20840
20978
20917.7
21002.3
21065.1
20693.7
20718.8
20922.5
20839.2
20997.3
20992.7
20899.3
20963.4
20885.7
1
131072
1
2
68514
68514
3
1
80
5.15409
5.12702
5.10223
5.13829
5.15816
5.1249
5.0996
5.14064
5.08662
5.07596
5.11726
5.12597
5.06355
5.10549
5.12881
5.12788
5.149
5.09418
5.0647
5.10978
5.15695
5.1196
5.15133
5.08694
5.10905
5.08508
5.14323
5.13636
5.10516
5.13377
5.14423
5.13214
5.1108
5.09449
5.11388
5.13352
5.11378
5.07206
5.11062
5.1334
5.10178
5.14555
5.15196
5.1123
5.12198
5.14488
5.108
5.15845
5.1259
5.1207
5.10722
5.15398
5.11946
5.10448
5.13872
5.15342
5.14097
5.09395
5.16341
5.09344
5.11477
5.11617
5.07851
5.13757
5.12379
5.06185
5.13107
5.13248
5.17892
5.1077
5.13501
5.12068
5.16289
5.11126
5.13861
5.11897
5.12951
5.11663
5.08028
5.12511
17528.2
17757.2
17874.2
17688.4
17593.9
17743.8
17842.9
17667.8
17739.1
17968.4
17821.5
17749.3
17937.6
17824.5
17647
17715.5
17622.6
17712.2
18005
17833.7
17718.7
17877.6
17704.3
18001
17774.7
17776.5
17677.3
17770.1
17873.6
17654.4
17675.9
17732.2
17688.6
17879.3
17756.3
17680.5
17748.6
18039.5
17729.7
17684.1
17890.6
17646.4
17652.8
17765.1
17804.7
17664.7
17702.5
17672.9
17746.3
17725.3
17675.5
17572.3
17669.6
17776.5
17650.1
17666.6
17746.9
17828.8
17604.1
17859.7
17803.3
17843.4
17948.3
17700.6
17805.9
17962.2
17666.3
17735.6
17411.6
17769.5
17507.2
17801.2
17624.6
17743.5
17712.3
17742.1
17820.8
17796
17919.6
17779.6
40977
41121.6
41270.4
40894.6
40933.4
41263.2
41213.9
41154.5
41397.4
41179.3
41200.2
40892.7
41451.1
41139.3
41068
41206.3
41105.2
41148.2
41508.8
41080.6
40996.2
41094.6
41098.5
41166.5
41044.8
41132.3
41100.2
41190.5
41035.1
41225.1
41138
40927.5
41233.4
41462.5
41220.2
41174.5
41274.2
41167.2
41353.1
41065
41324.2
41256.6
41272.4
40831.4
41225.5
41005.7
41221.9
40986.6
41108.5
41045.2
41190.4
41247
41250.1
41023.5
41160.1
41030.8
40987.8
41371.6
40753.7
41299
41200.7
41304.6
41335.3
41159.3
40898.4
41396.1
41298.2
41093.8
41039.8
41348.4
40994.5
41054.9
40950.1
41168
41113.3
41029.3
41099
41269.2
41242
41503.3
1
262144
1
2
136533
136533
3
1
80
5.26091
5.25608
5.29558
5.25193
5.29184
5.29657
5.27572
5.27607
5.26899
5.29735
5.2468
5.30171
5.29525
5.28092
5.26062
5.27852
5.26393
5.24226
5.3024
5.26811
5.29248
5.2468
5.25676
5.26407
5.27449
5.2745
5.29658
5.27961
5.26984
5.27377
5.29552
5.31808
5.24342
5.27765
5.26061
5.2976
5.27114
5.27534
5.25183
5.28548
5.26588
5.27261
5.28188
5.27718
5.25585
5.28298
5.27085
5.30581
5.2973
5.28791
5.28441
5.2747
5.27494
5.28072
5.28238
5.28024
5.28631
5.27216
5.27529
5.23703
5.25475
5.27415
5.29939
5.26986
5.28246
5.25962
5.29128
5.26284
5.26064
5.28758
5.26619
5.27795
5.2753
5.28825
5.29029
5.28625
5.2849
5.2694
5.26128
5.28978
34422.7
34329.2
34183.9
34459.2
34471.1
34209.3
34420.3
34414.6
34453.6
34161.3
34566.7
34129.4
34213.2
34331.1
34406
34427.1
34489
34706.4
34217.7
34457.4
34326.2
34676.7
34502.8
34663.1
34355.6
34429.6
34284.7
34480.2
34329.5
34387.7
34188.7
34152.9
34633.3
34275.7
34362.3
34231.1
34415
34370.5
34510.4
34291.7
34364.4
34426.1
34305.8
34456.2
34508.9
34238.5
34358.1
34070.8
34235.6
34322.2
34418.8
34358.8
34314.2
34284.1
34243.2
34257.5
34335.7
34327.1
34305.3
34708.9
34659.3
34395
34106.2
34346
34513.5
34299.1
34316
34465.4
34516.5
34232.5
34586.4
34307.5
34328.5
34394
34213
34210
34263
34425.5
34636.2
34362.9
81186.5
81137.3
80740.3
80863.2
80606.6
80483.4
80354
81003
81018.2
81110.4
81270.6
80733.6
80818.5
80680.7
81317.8
80977.2
80960.5
81238.6
80665.1
81100.4
80682.8
81455.7
80818.7
81311.9
80717.4
80928
80566.3
80610
80992.4
80694.1
80769.2
80305.3
81363.3
81193.8
81053.3
80859.6
80961
80587.1
80978.6
81008.4
81450.7
80943.5
80769.7
81020.3
80923.1
80828.6
80910.9
80696.6
80879.7
80849.4
81155.1
80729.7
81009.2
80707.1
80904.3
80943.4
80752.5
80928.7
80791.7
81078.5
81031.7
81083.7
81025.7
80672
80710.1
81007.3
80801.9
80971.9
80835.2
80805.6
81028.7
80573.6
80537
80731.8
80788.9
80720.6
81002.4
81374.6
80986.7
80979.5
1
524288
1
2
272226
272226
3
1
80
5.4094
5.40751
5.41449
5.41411
5.40663
5.42293
5.41376
5.42424
5.40813
5.3946
5.41893
5.40268
5.42619
5.3976
5.4058
5.40459
5.41521
5.42402
5.43921
5.43368
5.41349
5.40942
5.40646
5.42526
5.43852
5.4235
5.42052
5.41745
5.43344
5.42471
5.39877
5.41922
5.38235
5.42707
5.39055
5.43031
5.41211
5.42373
5.40844
5.41269
5.43858
5.42068
5.42115
5.40264
5.41457
5.42832
5.41715
5.39375
5.42236
5.42468
5.42118
5.45923
5.4051
5.44499
5.40292
5.41353
5.42895
5.40631
5.42799
5.42832
5.42289
5.43254
5.39044
5.41749
5.40891
5.43336
5.41517
5.39968
5.41327
5.42527
5.42227
5.39828
5.42737
5.42571
5.40917
5.4096
5.41394
5.4149
5.41024
5.4227
66909
66733.3
67030
66695.1
67003.5
66849.6
66862.4
66581.5
67035.8
67114.6
66916.9
67040.9
66829.6
66996.7
67105.2
66989.3
66741.1
66631.7
66413.9
66537.4
66852.1
67019.1
66981.9
66643.7
66762.2
66902.1
66463.2
66710.9
66437.2
66489.8
67025.6
67003.4
67213.2
66640.2
67162.7
66567.4
66721.3
66570.5
66793.6
66841.4
66621.7
66712.5
66795.1
66968.6
66821.3
66570.8
66598.3
67147.3
66891.5
66786
66939.6
66161.9
67198.9
66717.1
66891.2
67249.3
66725.2
66855.4
66659.8
66419.4
66701
66668.4
66928.5
66881.4
66808.6
66585.2
66758.7
66939.5
66873.2
66521.2
66858
67007.2
66646.2
66417
67125.6
66838.6
66740.9
66832.7
66868.5
66736.2
159845
159608
159446
159328
159759
159339
159696
159161
159612
160074
159259
159090
159163
159442
159688
159523
159518
159078
159339
159025
159546
159031
159631
159350
159284
158675
158970
159620
159531
159076
159663
159038
159765
159560
159609
159115
159204
159135
159278
158989
158778
158990
158826
159499
159609
158943
158744
160055
159547
159147
159341
158948
159402
158642
159950
159519
158883
159420
159057
159345
159163
158890
159673
159526
159239
159146
159105
159835
159167
159487
159364
160214
159141
159217
159667
159402
159660
159972
159657
159277
1
1048576
1
2
543012
543012
3
1
80
5.56122
5.54692
5.55232
5.553
5.56019
5.54194
5.5626
5.56042
5.5785
5.53888
5.55881
5.54988
5.5473
5.54195
5.56879
5.5431
5.53384
5.54372
5.54805
5.54078
5.55632
5.55991
5.55359
5.54591
5.53931
5.54128
5.54396
5.53218
5.5716
5.53155
5.54262
5.54095
5.55097
5.55981
5.54525
5.54689
5.5518
5.53743
5.55947
5.56333
5.55551
5.55817
5.54687
5.53238
5.568
5.57008
5.54821
5.55077
5.54478
5.54633
5.54726
5.53205
5.54234
5.54637
5.55906
5.55728
5.55504
5.55276
5.56336
5.54292
5.54402
5.55605
5.56804
5.56478
5.53944
5.54836
5.54844
5.55848
5.55882
5.54552
5.52933
5.53791
5.5619
5.53449
5.53827
5.53969
5.54029
5.53427
5.55707
5.55895
129736
130133
130032
129894
129996
130380
129671
129755
129424
130277
130004
130153
130491
130246
129735
130114
130669
130424
130086
130054
129862
129845
129780
130197
130439
130045
130258
130495
129389
130490
130436
130508
130129
129726
130277
130184
130243
130314
129979
129628
130041
129952
130305
130719
129661
129773
130038
130252
130377
130057
130371
130907
130591
129981
129824
129851
130254
129924
129854
130164
130272
130010
129651
129659
130388
130051
130062
130006
129791
130195
130485
130589
129554
130325
130726
130221
130380
130589
129775
129978
313437
314227
314088
313943
314080
314290
313105
313694
312995
314988
313897
313725
314331
315053
313630
314381
314674
314262
313556
314269
314052
314013
314358
314874
314307
314277
313974
314854
313287
314798
314471
314324
314091
313878
314278
313830
313547
314826
313821
313416
314317
313599
314221
313909
313891
313686
314144
313825
314466
313889
314260
314776
314624
314546
314030
313440
313350
314491
314017
314824
314413
314352
314139
313578
314432
313680
314588
313525
313174
313842
314787
315401
314570
314665
314568
313849
315025
314489
313748
313527
1
2097152
1
2
1083528
1083528
3
1
80
5.66997
5.67661
5.66999
5.66612
5.67382
5.68256
5.69013
5.66553
5.67335
5.67192
5.6731
5.67212
5.66932
5.66632
5.66729
5.67086
5.67099
5.66471
5.67633
5.67887
5.676
5.67434
5.67593
5.66388
5.66874
5.67463
5.66474
5.66132
5.67679
5.67569
5.67452
5.67474
5.67449
5.66775
5.66492
5.66776
5.68247
5.66874
5.67398
5.67417
5.68359
5.65465
5.66508
5.66087
5.67112
5.67898
5.69014
5.6827
5.67298
5.67494
5.67774
5.67346
5.68573
5.67832
5.67069
5.673
5.67008
5.66825
5.68401
5.668
5.67288
5.6645
5.66502
5.66397
5.66619
5.68079
5.67813
5.68677
5.67188
5.67581
5.66747
5.68608
5.65963
5.65946
5.68067
5.6763
5.6682
5.6688
5.66538
5.67459
254489
254303
254385
254395
254359
253222
253704
254136
253959
253876
253722
253914
254701
254412
254685
253968
253913
254178
254108
253540
254305
254412
254090
254442
254097
253951
254327
254613
253817
254023
254331
254142
254045
254684
254038
254531
253491
254520
254078
254248
253694
254966
254574
254597
254008
253611
253000
253715
254237
253787
253721
254147
253736
253731
253991
253841
254289
254280
253619
254321
254163
254728
254728
254378
254464
253741
253817
253593
254294
254100
254460
253904
254756
254911
253856
254137
254147
254185
254459
254368
620106
620356
620943
621091
618902
618975
618713
620442
618879
619527
619992
620539
619957
620136
621228
620826
620208
621077
618669
619063
619455
619976
620196
621373
620907
620621
619923
620548
618995
619879
619970
618519
620139
620130
620377
620267
619504
620549
619052
620895
619547
620927
620856
621348
619760
620110
619235
619665
620496
620714
619313
619868
619694
619329
620112
620280
620461
619774
619819
620248
620552
620472
620854
620988
620921
619739
619483
619512
620479
620282
619365
619061
620995
620240
618814
620370
620582
620167
621485
620017
