2
16
16
1
3
2
16
16
1
5
200
10
10
10
12
12
11
9
11
8
10
9
9
8
9
9
11
9
10
8
9
9
11
12
12
10
11
10
11
12
9
9
10
11
9
9
8
9
10
9
8
9
8
9
10
8
8
9
9
9
9
8
8
11
10
7
12
9
10
11
10
10
10
9
9
8
8
8
10
11
11
9
8
10
9
11
11
9
8
8
9
9
10
8
10
9
10
9
10
11
6
9
10
10
10
10
8
7
9
9
10
10
9
7
12
11
10
9
12
9
8
10
9
11
12
9
8
10
6
8
9
11
8
8
8
10
8
11
8
9
7
9
11
11
9
9
10
8
9
8
9
11
8
10
10
11
8
10
10
10
10
8
9
12
8
10
8
10
9
11
9
9
11
8
9
8
7
8
9
8
12
9
11
11
10
11
10
9
9
8
10
12
9
5
9
11
8
11
10
10
9
8
10
10
12
11
10
9
9
7
9
2
32
32
1
3
2
32
32
1
5
200
18
20
17
19
20
16
14
18
17
17
17
19
16
22
20
17
22
17
16
19
16
18
21
19
18
23
17
20
18
18
20
19
18
18
14
12
17
20
16
19
17
18
21
15
17
19
18
20
21
19
17
16
23
19
18
18
21
17
20
18
18
20
18
22
19
19
16
19
18
17
18
15
19
19
21
21
23
17
18
18
19
16
17
15
16
21
20
20
18
19
18
18
21
18
20
19
18
15
15
18
15
17
18
18
15
23
20
19
19
22
18
18
20
14
16
17
16
18
19
20
20
18
20
18
17
20
19
20
16
20
16
16
20
19
13
20
17
20
18
18
19
18
18
21
22
18
19
16
17
19
20
20
16
19
16
20
20
15
21
19
18
18
17
19
19
17
17
19
21
17
17
17
21
21
21
18
18
20
16
18
19
21
21
19
18
22
17
18
18
20
19
15
20
21
18
22
19
17
19
18
2
64
64
1
3
2
64
64
1
5
200
33
33
36
36
32
40
37
34
32
37
37
41
37
37
38
35
34
39
33
36
38
30
33
33
42
39
35
39
36
38
35
34
41
35
34
32
35
36
29
27
35
34
37
32
31
40
37
38
38
33
31
38
35
37
35
38
31
35
35
34
39
31
40
36
32
35
37
36
34
33
38
39
31
35
35
36
41
33
38
36
34
34
35
40
34
33
40
33
37
33
33
31
31
38
35
36
39
40
36
33
36
34
37
39
38
33
35
29
36
32
37
35
38
38
35
37
37
33
37
30
32
34
34
38
36
35
34
37
38
36
40
30
34
38
35
32
32
38
33
36
34
33
40
35
37
35
39
35
32
42
40
36
37
38
32
32
32
32
33
38
34
36
40
40
39
37
33
40
39
37
35
34
31
31
34
39
35
37
32
33
36
37
38
34
38
39
37
34
33
36
35
37
34
33
28
37
34
35
38
37
2
128
128
1
3
2
128
128
1
5
200
70
72
62
71
71
61
72
61
80
76
72
71
69
67
66
74
73
73
71
73
67
66
72
68
64
60
71
74
66
66
77
64
73
69
62
68
63
72
76
63
72
71
67
68
68
66
74
73
68
62
71
67
65
73
70
73
72
70
74
72
68
62
69
69
75
72
64
67
63
75
66
70
74
70
72
72
73
70
74
70
76
68
68
71
66
70
71
69
73
70
67
65
65
76
71
64
72
67
61
71
71
72
71
69
75
67
71
73
65
70
67
65
72
66
72
65
64
72
71
76
72
64
69
76
65
71
64
81
70
65
74
70
70
71
73
63
67
72
64
74
71
70
64
67
71
81
67
65
67
68
67
70
73
69
70
70
68
69
79
70
67
72
78
68
65
69
75
60
66
70
67
73
63
65
66
64
74
74
63
70
74
69
71
73
71
72
71
68
76
67
68
71
71
69
60
72
71
69
70
61
2
256
256
1
3
2
256
256
1
5
200
142
135
134
143
135
144
139
135
135
134
135
138
146
140
141
137
139
135
137
132
138
133
148
144
137
142
144
138
132
143
141
129
130
142
138
135
137
130
136
139
140
139
133
149
136
146
139
136
130
136
135
152
138
139
142
125
133
133
145
146
138
133
138
132
141
129
146
139
144
134
136
138
128
138
139
134
133
139
133
138
130
138
145
135
138
141
137
139
143
140
137
144
130
136
139
134
135
144
132
130
132
136
132
136
134
132
138
136
139
133
136
127
149
131
146
139
119
138
135
137
144
147
130
131
135
137
147
136
143
134
153
140
148
130
141
135
135
130
136
142
137
141
135
140
135
136
131
133
147
143
136
147
145
135
128
145
136
139
140
131
138
131
124
140
138
138
144
140
133
148
139
132
134
139
134
133
145
139
143
129
139
136
134
142
138
137
142
145
139
140
135
148
141
137
136
131
131
139
134
134
2
512
512
1
3
2
512
512
1
5
200
278
276
264
280
267
278
276
278
280
264
276
269
267
263
268
272
266
251
274
285
278
286
261
273
270
278
263
270
271
267
266
274
279
270
265
270
265
265
279
273
266
261
294
272
267
276
262
283
285
254
260
276
271
279
291
281
280
274
268
287
262
266
269
265
282
276
250
270
267
263
266
263
252
266
263
284
280
279
267
274
253
270
261
275
265
247
281
271
268
267
269
268
261
258
266
265
273
263
271
273
278
257
267
269
267
265
259
271
264
276
269
268
267
265
269
271
278
265
271
267
270
264
272
268
271
278
267
257
267
257
277
260
270
290
273
263
264
276
261
274
264
275
276
262
274
269
267
268
272
262
272
267
259
269
268
277
261
276
264
268
269
264
278
278
279
264
262
276
272
274
284
268
271
273
272
246
263
276
262
263
274
281
289
265
283
276
280
261
265
269
268
260
263
268
262
262
276
268
271
271
2
1024
1024
1
3
2
1024
1024
1
5
200
540
541
535
563
534
539
547
536
541
540
542
534
518
538
534
519
545
533
531
517
530
546
544
534
544
543
550
544
523
540
545
539
544
551
546
543
561
532
540
557
554
527
518
540
530
533
528
527
535
525
539
539
547
538
520
543
537
541
544
532
519
525
533
541
553
509
545
542
534
523
529
535
545
548
543
539
534
520
531
528
534
523
553
547
511
528
535
535
534
560
543
528
530
536
530
541
553
547
535
548
515
509
545
527
536
547
537
551
548
544
538
532
543
526
531
535
545
524
535
548
533
533
541
531
541
540
509
524
532
526
529
535
547
516
527
546
544
521
523
533
535
527
536
541
530
547
527
551
531
548
563
515
544
542
537
526
532
548
529
523
539
540
546
531
529
529
535
528
534
511
532
535
541
543
543
534
521
533
551
546
529
541
542
524
525
535
524
537
538
518
517
538
537
548
522
547
524
535
549
535
2
2048
2048
1
3
2
2048
2048
1
5
200
1045
1056
1086
1053
1060
1049
1066
1059
1097
1076
1087
1072
1087
1064
1086
1063
1068
1087
1044
1071
1055
1053
1076
1066
1088
1088
1095
1089
1052
1079
1068
1057
1080
1061
1044
1053
1055
1066
1044
1045
1077
1064
1055
1037
1056
1074
1057
1058
1077
1057
1048
1087
1094
1063
1076
1040
1061
1072
1082
1072
1063
1076
1092
1073
1058
1048
1050
1092
1062
1060
1056
1059
1054
1073
1078
1088
1063
1096
1055
1063
1074
1049
1063
1059
1061
1068
1064
1078
1077
1068
1084
1098
1073
1047
1052
1045
1062
1050
1095
1039
1029
1060
1081
1075
1064
1069
1048
1068
1083
1076
1069
1079
1058
1082
1039
1054
1059
1095
1094
1057
1064
1064
1061
1067
1070
1074
1056
1071
1059
1068
1069
1048
1080
1059
1100
1016
1085
1106
1063
1076
1071
1055
1081
1063
1071
1058
1055
1061
1061
1093
1065
1052
1066
1088
1069
1041
1056
1062
1081
1063
1038
1055
1046
1087
1097
1075
1080
1088
1053
1064
1047
1098
1099
1073
1044
1080
1053
1056
1083
1058
1045
1083
1095
1067
1074
1071
1083
1081
1067
1034
1067
1049
1066
1073
1063
1054
1060
1058
1069
1039
2
4096
4096
1
3
2
4096
4096
1
5
200
2130
2164
2141
2146
2072
2135
2076
2106
2155
2117
2147
2108
2132
2156
2079
2086
2113
2134
2129
2103
2120
2134
2157
2148
2164
2119
2125
2133
2129
2102
2163
2124
2118
2077
2114
2146
2138
2109
2152
2085
2138
2115
2081
2143
2151
2126
2113
2111
2091
2150
2105
2176
2172
2119
2122
2161
2113
2116
2152
2132
2159
2107
2162
2134
2179
2141
2129
2111
2083
2134
2085
2169
2111
2113
2143
2142
2092
2151
2080
2150
2118
2091
2096
2127
2129
2117
2143
2099
2083
2122
2137
2081
2146
2128
2142
2150
2104
2119
2131
2106
2139
2117
2120
2077
2134
2141
2107
2174
2092
2113
2133
2116
2138
2077
2115
2116
2116
2166
2098
2168
2084
2118
2125
2122
2107
2081
2103
2147
2119
2061
2104
2153
2111
2109
2136
2152
2115
2138
2105
2097
2086
2131
2159
2144
2115
2118
2171
2103
2128
2114
2167
2145
2140
2090
2114
2134
2147
2069
2150
2176
2124
2123
2119
2103
2064
2109
2094
2095
2082
2119
2167
2116
2145
2110
2146
2111
2104
2103
2159
2152
2145
2153
2096
2136
2110
2173
2111
2150
2117
2157
2132
2087
2159
2109
2113
2146
2129
2096
2123
2115
2
8192
8192
1
3
2
8192
8192
1
5
200
4295
4327
4215
4202
4198
4226
4203
4271
4256
4251
4249
4232
4224
4236
4147
4240
4213
4204
4216
4239
4199
4237
4210
4215
4305
4239
4261
4224
4273
4270
4290
4182
4165
4284
4212
4224
4238
4295
4213
4225
4242
4265
4269
4320
4273
4244
4209
4236
4240
4336
4199
4294
4231
4227
4235
4222
4257
4275
4263
4227
4241
4192
4260
4259
4255
4233
4187
4203
4215
4234
4158
4238
4183
4217
4166
4236
4276
4253
4217
4216
4220
4224
4229
4180
4213
4244
4250
4294
4253
4256
4224
4223
4194
4127
4232
4210
4196
4268
4199
4226
4210
4207
4237
4253
4199
4279
4195
4185
4235
4283
4214
4282
4291
4193
4225
4240
4212
4190
4194
4246
4198
4227
4212
4211
4221
4277
4318
4217
4224
4259
4177
4239
4191
4249
4227
4199
4201
4285
4268
4276
4180
4223
4203
4239
4195
4218
4139
4221
4289
4279
4241
4207
4189
4228
4285
4231
4236
4241
4215
4294
4236
4218
4292
4269
4259
4223
4251
4235
4241
4256
4285
4263
4254
4262
4210
4200
4214
4212
4256
4266
4240
4240
4287
4255
4221
4198
4259
4210
4225
4206
4281
4169
4209
4270
4222
4231
4224
4197
4212
4245
2
16384
16384
1
3
2
16384
16384
1
5
200
8590
8440
8493
8444
8378
8464
8427
8368
8339
8468
8417
8434
8436
8440
8428
8408
8522
8393
8471
8528
8438
8454
8461
8327
8513
8500
8463
8505
8385
8405
8344
8381
8508
8559
8530
8407
8502
8429
8366
8271
8497
8463
8400
8422
8479
8415
8475
8476
8370
8433
8359
8520
8426
8477
8433
8521
8514
8440
8371
8455
8438
8387
8374
8533
8380
8437
8420
8363
8493
8290
8483
8508
8392
8451
8396
8551
8365
8492
8430
8388
8343
8456
8435
8438
8395
8510
8431
8473
8538
8478
8258
8416
8364
8394
8489
8440
8305
8434
8426
8458
8414
8491
8525
8407
8396
8394
8489
8504
8595
8517
8462
8401
8379
8473
8529
8483
8432
8378
8535
8366
8361
8501
8449
8501
8482
8430
8470
8404
8468
8390
8376
8520
8503
8428
8479
8437
8373
8439
8543
8507
8428
8471
8520
8531
8514
8470
8542
8453
8500
8397
8503
8510
8438
8508
8474
8490
8501
8414
8392
8504
8533
8444
8414
8365
8386
8513
8513
8483
8415
8509
8431
8460
8425
8452
8496
8427
8356
8409
8458
8438
8421
8453
8328
8506
8447
8517
8522
8482
8419
8430
8452
8483
8445
8482
8496
8383
8383
8477
8379
8455
2
32768
32768
1
3
2
32768
32768
1
5
200
16904
16951
16916
16933
16875
16810
16783
16826
17079
16748
16882
16817
16769
16707
16816
16699
16834
16827
16849
16861
16767
16830
16806
16750
16849
16941
16816
16811
16846
16809
16861
16704
16880
16956
16891
16855
16876
16867
16696
16938
16861
16964
16863
16924
16892
16814
16841
16686
16779
16924
16801
16861
16823
16800
16788
16925
16833
16826
16789
16832
16888
16887
16888
16765
16924
16695
16799
16818
16905
16882
16728
16626
16911
16815
16871
16778
16835
16877
16836
16918
16813
16770
16922
16923
16830
16944
16749
16887
16910
16865
16890
16823
16816
16810
16746
16795
16949
16884
16874
16849
16929
16828
16834
16700
16926
16969
16881
16840
16727
16854
16754
16803
16979
17006
16721
16811
16992
16922
16786
16842
16893
16839
16892
17013
17004
16865
16702
16694
16843
16974
16887
16988
16756
16851
16791
16861
16989
16805
16865
16772
16849
16916
16765
16795
16863
16865
16997
16982
16709
16780
16767
16831
16792
16939
16829
16911
16900
16814
16849
16878
16917
16798
16761
16740
16906
16872
16872
16828
16789
16776
16788
16798
16816
16839
17058
16760
16887
16931
16887
16737
16870
16753
16876
16895
16870
16892
16950
16859
16795
16873
16868
16825
16761
16950
16786
16972
16873
16925
16842
16613
2
65536
65536
1
3
2
65536
65536
1
5
200
33671
33705
33681
33674
33726
33542
33413
33474
33715
33617
33718
33616
33352
33332
33572
33427
33815
33629
33756
33579
33452
33515
33542
33549
33839
33791
33741
33464
33663
33431
33718
33456
33540
33784
33507
33701
33536
33862
33691
33569
33662
33669
33810
33561
33481
33694
33325
33461
33555
33694
33709
33635
33617
33506
33573
33680
33704
33688
33781
33637
33667
33790
33574
33481
33679
33653
33830
33449
33481
33485
33584
33468
33801
33537
33637
33652
33732
33586
33654
33760
33692
33610
33463
33491
33474
33528
33547
33496
33686
33577
33490
33637
33912
33677
33561
33501
33787
33442
33687
33720
33664
33614
33810
33474
33634
33607
33491
33683
33613
33453
33543
33609
33477
33555
33777
33673
33596
33478
33495
33541
33634
33714
33749
33549
33716
33651
33464
33556
33723
33712
33772
33610
33630
33428
33723
33483
33707
33867
33662
33576
33766
33323
33662
33603
33764
33534
33759
33766
33635
33444
33423
33435
33556
33631
33621
33422
33425
33434
33607
33705
33877
33710
33666
33641
33621
33629
33573
33534
33743
33527
33669
33769
33642
33811
33703
33570
33540
33590
33906
33394
33572
33674
33442
33589
33766
33755
33746
33555
33707
33913
33520
33608
34038
33683
33673
33659
33715
33621
33550
33553
2
131072
131072
1
3
2
131072
131072
1
5
200
67548
67459
67192
67314
67408
67284
67126
66829
67403
67476
67376
67074
67114
67263
66803
67067
67448
67389
67229
66934
67147
67603
67066
67213
67290
67103
67461
67251
67212
66946
67091
66954
67568
67358
67386
67147
67082
67150
67138
66426
67538
67321
67593
67367
67371
66933
66783
66788
67213
67328
67290
67037
67063
67018
66979
66700
67288
67178
67170
67111
67231
66808
67219
67192
67105
67498
67229
67252
67349
67260
67206
67315
67214
67214
67140
67390
67365
67443
67249
67009
67439
67072
67371
67286
67109
66855
67113
67479
67176
67190
67279
67101
67031
67266
67080
67190
67235
67171
67572
67225
67030
67060
66751
67224
67254
67599
67580
67485
67575
67122
67454
66776
67117
67271
67480
66994
67242
67282
67021
67308
67348
67229
67019
67247
67208
67213
67014
67290
67203
67264
67305
67333
67185
67132
66981
66945
67380
67283
67132
66902
67062
66945
67004
67240
67321
67359
67257
67202
67173
67046
66729
66930
66895
67328
67220
67312
67142
66538
66840
66787
67231
67097
66790
66928
67048
66768
66966
67229
67402
67112
67234
67068
67281
67137
66933
67270
67118
67058
66976
66863
67026
67159
66960
67069
67296
67349
67262
66815
67213
67057
67435
67225
67358
67433
67089
67052
67219
67010
67195
67583
2
262144
262144
1
3
2
262144
262144
1
5
200
134773
134252
134047
133901
133926
134085
134393
133674
134486
134432
134110
134243
134218
134030
133310
134411
134452
133746
134278
134629
134131
133524
133781
134121
135007
133917
134106
134184
133742
133305
133576
133725
134212
134166
134597
134363
134022
133504
133973
133698
134469
134036
134250
134166
134356
133905
133600
134548
133330
134218
133860
134108
134178
133722
134301
134439
133723
134123
134250
134275
134453
134156
134574
133789
134502
134036
134490
134513
134129
133897
134288
134195
133375
134215
134848
134361
133909
134055
134182
133686
133648
134141
134029
134589
133677
134086
134374
133639
133700
134348
134139
134502
134332
134186
133944
134151
134539
134481
134695
134435
134108
134042
134267
134102
134142
133926
134665
134468
134458
133826
134239
133547
133461
134581
134497
134347
134520
134180
133911
134686
133344
134502
134168
133626
134825
133732
134054
133220
133832
134488
134431
133623
134799
133738
134160
134462
133966
134101
134161
133947
134640
134076
134424
133659
134287
133451
134215
134039
134097
133989
133851
133392
133284
134752
134240
134631
134246
134625
134098
133649
133560
134824
134405
134407
134232
134676
134012
134097
134009
134334
134156
134537
134171
133911
134137
134242
133498
134145
134699
134084
134310
133995
133914
133787
133675
134320
134312
134323
134191
134015
133995
134305
133884
134538
134625
133957
134003
133861
133368
133283
