2
16
16
1
3
2
16
16
1
5
200
12
11
11
9
6
13
11
10
8
7
8
9
9
8
8
11
7
9
9
11
12
10
8
9
10
9
12
11
12
7
10
10
8
12
11
10
8
10
6
12
9
10
11
11
9
9
10
9
7
10
7
9
10
8
10
11
8
9
12
9
11
11
8
10
12
9
6
10
8
9
9
8
8
8
9
9
11
5
10
11
8
8
9
10
12
9
7
10
9
8
8
8
10
10
12
7
7
11
9
9
11
9
10
9
8
9
12
8
11
8
11
6
10
9
9
12
8
5
12
10
9
8
9
8
9
9
10
9
11
10
9
10
11
7
7
9
10
8
11
11
10
9
9
11
10
10
10
7
9
8
10
9
8
10
11
9
10
7
8
8
7
10
8
10
10
8
11
11
8
7
11
10
10
11
10
11
13
11
8
10
10
11
11
10
10
9
8
9
7
7
8
10
9
10
8
6
10
9
11
10
2
32
32
1
3
2
32
32
1
5
200
19
20
16
17
19
17
21
19
19
18
19
20
15
20
18
19
22
16
19
21
18
16
19
22
15
19
16
14
18
21
20
18
18
16
17
21
19
19
21
16
20
15
22
24
18
18
16
20
15
18
16
20
19
23
20
16
14
17
20
19
20
17
19
22
19
15
18
17
19
18
15
18
15
17
18
19
17
17
18
18
18
18
16
22
17
18
19
17
18
20
22
18
18
17
21
18
20
17
19
21
19
20
19
16
15
18
19
14
17
23
22
15
18
19
19
18
19
18
15
21
18
17
15
19
19
23
19
16
17
18
23
20
19
17
16
19
14
17
16
19
19
17
15
18
17
19
18
20
19
19
19
17
16
17
21
20
15
17
18
20
18
18
19
18
21
19
20
17
21
20
17
17
17
23
16
14
15
17
20
17
19
17
19
18
19
15
16
21
15
24
19
18
17
19
18
18
21
21
19
20
2
64
64
1
3
2
64
64
1
5
200
34
37
35
35
38
33
35
34
36
36
37
41
38
31
36
39
31
35
36
36
31
38
37
40
37
37
38
32
39
38
35
33
35
37
34
39
28
40
40
34
34
35
32
36
33
37
34
41
34
29
38
34
38
31
34
34
31
36
36
30
37
38
33
33
40
34
37
34
34
34
32
32
40
37
35
35
34
35
36
36
39
34
31
37
37
34
37
35
36
30
36
39
35
34
33
38
35
41
36
33
39
33
37
39
37
33
33
32
33
38
33
35
32
35
28
39
34
35
38
36
37
34
35
40
35
34
34
33
35
34
35
37
36
33
42
35
35
34
34
35
37
35
32
31
32
35
38
39
31
38
37
35
38
35
36
27
34
38
35
33
34
41
37
40
37
34
33
34
35
34
30
37
37
40
31
35
37
34
40
37
33
40
36
34
35
40
32
37
33
32
39
36
38
33
41
38
37
35
37
31
2
128
128
1
3
2
128
128
1
5
200
62
70
69
68
73
65
69
66
77
63
73
82
74
69
67
65
74
73
74
71
62
71
65
72
80
66
68
64
70
75
68
69
76
67
67
68
73
72
72
65
60
67
73
70
75
72
69
66
72
73
75
67
73
67
73
78
71
70
69
68
67
68
69
76
69
73
65
71
61
71
69
72
79
67
73
66
69
71
69
63
59
69
73
65
63
65
72
75
69
68
69
67
66
67
69
72
67
67
69
73
68
67
61
67
71
71
71
67
73
70
71
66
73
75
64
69
73
72
69
77
70
70
70
68
69
63
71
64
72
73
65
72
70
63
72
73
67
69
63
69
74
69
72
75
71
61
70
72
70
65
68
71
69
78
65
72
74
73
70
68
68
70
77
69
61
74
71
73
76
70
71
72
63
66
64
75
75
66
64
67
72
64
69
70
67
71
66
69
73
69
70
67
80
72
78
65
77
71
67
66
2
256
256
1
3
2
256
256
1
5
200
131
138
139
141
136
141
131
140
127
124
141
134
137
144
134
136
143
140
140
123
142
140
140
146
134
137
132
132
144
143
142
134
138
151
121
129
131
139
136
131
136
136
132
137
144
132
134
134
141
133
136
137
131
136
139
132
133
132
139
135
127
135
137
128
144
137
140
134
139
146
141
143
138
136
138
141
122
134
138
143
133
132
135
136
142
134
136
127
140
137
130
132
131
134
137
137
138
138
130
134
132
128
143
135
137
141
143
139
141
134
127
138
143
136
126
142
141
136
128
138
133
139
134
136
123
152
136
141
135
140
127
130
125
127
130
142
135
144
140
138
123
141
134
145
138
143
146
146
136
129
138
141
145
131
135
134
138
141
143
143
134
139
134
145
126
131
137
135
135
146
138
137
132
138
139
141
134
135
136
140
137
137
131
140
133
130
134
134
140
131
139
133
141
133
136
136
136
138
134
135
2
512
512
1
3
2
512
512
1
5
200
268
264
253
268
271
275
254
284
274
282
266
266
260
275
268
273
270
284
253
280
260
279
275
267
260
272
263
271
283
276
262
260
290
274
255
274
273
277
257
268
269
270
272
254
263
251
264
283
269
265
257
269
274
245
263
267
270
274
275
273
272
265
264
276
272
259
281
267
271
261
282
245
273
282
259
287
260
270
269
263
275
269
282
285
262
280
270
264
269
264
269
271
261
272
267
255
296
259
277
278
270
285
265
274
286
267
261
276
267
288
275
272
268
271
278
282
273
285
279
273
274
272
281
272
257
271
273
281
257
268
276
260
269
267
273
276
273
263
284
272
270
262
278
270
274
270
275
264
274
278
268
276
268
276
265
267
276
282
286
260
268
267
270
271
269
267
264
265
271
263
271
269
265
278
277
278
266
280
275
264
286
283
270
264
275
267
263
278
272
269
261
273
281
269
270
280
272
293
264
272
2
1024
1024
1
3
2
1024
1024
1
5
200
542
537
538
549
536
522
511
551
540
522
530
532
551
509
539
544
535
548
518
551
515
523
541
545
544
528
564
537
552
533
518
533
538
512
536
526
506
552
535
555
528
536
531
529
555
519
552
532
544
532
542
548
540
549
546
544
543
539
534
549
532
534
534
537
534
531
520
527
547
547
555
537
528
532
541
518
541
532
544
546
559
554
528
528
560
552
558
546
537
543
546
539
522
541
544
508
547
531
553
532
520
522
550
533
544
547
514
535
522
521
528
546
531
536
529
543
521
533
556
542
554
525
543
544
543
521
540
543
565
540
554
543
544
533
528
529
530
547
537
548
546
535
542
531
555
543
527
533
535
540
518
564
540
520
549
543
537
530
540
532
524
534
535
538
537
557
523
547
546
530
542
543
549
545
552
542
542
554
561
547
527
537
516
540
552
543
528
547
512
535
549
538
521
538
570
538
531
531
557
550
2
2048
2048
1
3
2
2048
2048
1
5
200
1049
1071
1072
1087
1091
1074
1082
1039
1090
1086
1061
1068
1063
1061
1063
1077
1066
1066
1062
1051
1044
1034
1039
1060
1095
1049
1076
1062
1049
1047
1071
1065
1078
1085
1049
1061
1063
1056
1065
1065
1088
1086
1087
1089
1083
1058
1088
1072
1075
1069
1070
1064
1053
1073
1084
1059
1056
1088
1103
1075
1081
1060
1051
1074
1070
1027
1083
1063
1049
1078
1059
1032
1061
1078
1086
1036
1086
1048
1048
1092
1059
1081
1054
1092
1054
1089
1046
1059
1064
1087
1068
1063
1084
1064
1081
1065
1072
1051
1062
1060
1054
1071
1091
1068
1082
1058
1075
1049
1079
1060
1048
1052
1107
1065
1046
1039
1090
1093
1077
1055
1058
1074
1096
1052
1058
1066
1067
1062
1063
1065
1049
1055
1062
1073
1074
1083
1085
1055
1051
1063
1068
1085
1059
1052
1030
1063
1052
1060
1091
1078
1094
1045
1059
1079
1040
1076
1047
1062
1079
1067
1071
1062
1059
1061
1079
1075
1054
1056
1060
1052
1090
1080
1092
1058
1022
1066
1071
1081
1062
1077
1055
1014
1091
1036
1067
1104
1110
1077
1073
1089
1084
1057
1083
1058
1074
1100
1060
1078
1095
1059
2
4096
4096
1
3
2
4096
4096
1
5
200
2120
2171
2148
2139
2110
2131
2087
2130
2080
2101
2117
2127
2123
2125
2141
2139
2136
2095
2121
2156
2157
2141
2085
2128
2108
2107
2131
2103
2144
2123
2137
2067
2119
2101
2089
2147
2175
2153
2135
2091
2121
2180
2149
2091
2130
2111
2115
2129
2110
2144
2132
2129
2097
2111
2080
2096
2149
2104
2121
2134
2160
2141
2158
2138
2124
2108
2165
2123
2091
2159
2136
2129
2139
2140
2102
2110
2165
2123
2145
2149
2141
2118
2163
2086
2084
2136
2108
2115
2136
2138
2120
2128
2113
2115
2135
2082
2130
2160
2081
2083
2099
2131
2144
2158
2122
2116
2143
2145
2137
2079
2107
2089
2122
2116
2134
2097
2106
2132
2143
2059
2127
2108
2110
2161
2130
2116
2133
2128
2151
2116
2142
2144
2152
2144
2097
2146
2116
2137
2146
2109
2148
2176
2144
2106
2137
2125
2096
2090
2139
2134
2101
2070
2125
2119
2132
2167
2104
2139
2157
2131
2122
2136
2145
2121
2147
2092
2110
2190
2161
2158
2093
2149
2111
2137
2110
2168
2136
2118
2145
2120
2117
2166
2091
2114
2104
2109
2115
2104
2138
2103
2136
2122
2113
2139
2122
2122
2107
2125
2112
2079
2
8192
8192
1
3
2
8192
8192
1
5
200
4237
4226
4269
4246
4228
4252
4218
4243
4189
4218
4259
4267
4270
4138
4234
4163
4231
4294
4260
4237
4263
4227
4299
4195
4320
4241
4222
4222
4219
4313
4248
4222
4224
4265
4211
4260
4263
4284
4236
4287
4232
4266
4233
4264
4208
4286
4222
4184
4244
4226
4287
4274
4232
4247
4210
4257
4258
4159
4247
4173
4302
4187
4223
4285
4246
4212
4246
4289
4220
4301
4168
4237
4235
4233
4266
4254
4213
4308
4230
4280
4189
4252
4223
4190
4212
4221
4218
4263
4237
4195
4292
4230
4306
4260
4203
4285
4207
4273
4238
4237
4237
4233
4220
4241
4278
4244
4250
4254
4299
4245
4207
4254
4192
4233
4293
4288
4311
4242
4229
4285
4143
4194
4248
4227
4198
4208
4203
4264
4278
4234
4222
4223
4288
4242
4274
4222
4293
4223
4201
4205
4222
4277
4245
4253
4303
4209
4171
4226
4241
4190
4220
4237
4221
4289
4173
4209
4253
4218
4252
4217
4287
4193
4258
4181
4197
4222
4267
4254
4307
4276
4232
4205
4239
4214
4184
4269
4184
4221
4189
4248
4276
4229
4256
4287
4222
4233
4211
4198
4232
4328
4222
4209
4281
4226
4173
4191
4200
4301
4292
4229
2
16384
16384
1
3
2
16384
16384
1
5
200
8485
8521
8488
8454
8487
8474
8519
8413
8475
8511
8447
8420
8518
8401
8446
8462
8567
8484
8430
8462
8376
8399
8395
8363
8502
8371
8512
8313
8421
8434
8351
8384
8407
8476
8538
8472
8383
8478
8358
8469
8497
8421
8490
8538
8412
8438
8467
8386
8476
8431
8501
8412
8415
8411
8440
8390
8443
8585
8396
8398
8407
8415
8389
8459
8415
8445
8361
8499
8448
8493
8365
8427
8467
8496
8488
8471
8473
8384
8358
8499
8427
8412
8410
8515
8380
8448
8468
8532
8410
8360
8475
8486
8431
8497
8517
8422
8508
8487
8461
8468
8553
8376
8337
8356
8325
8407
8449
8467
8430
8466
8424
8465
8402
8402
8415
8481
8445
8446
8513
8517
8401
8452
8516
8414
8372
8398
8507
8468
8308
8502
8398
8435
8464
8464
8534
8378
8425
8363
8429
8425
8463
8457
8350
8409
8449
8500
8463
8524
8501
8488
8473
8446
8407
8358
8385
8430
8481
8499
8386
8407
8395
8478
8465
8435
8317
8514
8432
8419
8397
8453
8400
8465
8378
8435
8524
8513
8418
8551
8450
8438
8487
8481
8484
8526
8398
8498
8447
8487
8384
8376
8444
8403
8506
8492
8505
8494
8452
8450
8465
8414
2
32768
32768
1
3
2
32768
32768
1
5
200
16935
16845
16845
16919
16940
16889
16878
16720
17009
17001
16908
16826
16881
16857
16794
16647
17040
16855
17019
16744
16902
16824
16802
16714
16763
16849
16862
16828
16725
16960
16807
16662
16854
16929
16728
16782
16830
16860
16975
16892
16678
16971
16833
16825
16936
16785
16896
16960
16889
16909
16920
16988
16791
16933
17074
16999
16824
16949
16808
16919
17011
16682
16911
17016
16866
16824
16930
16731
16694
16699
16884
16974
16904
16708
16879
16906
16761
16871
16867
16843
16734
16934
16688
16918
16771
16746
16815
16930
16810
17021
17004
16922
16843
16706
17051
17007
16871
16964
16883
16818
16666
16763
16846
16877
16912
16834
16754
16803
16877
16740
16927
16971
16883
16859
16864
16857
16726
16847
16809
16954
16855
16843
16699
16890
16922
16828
16995
16901
16888
16772
16847
16765
16955
17065
16680
16915
16874
16996
16820
16944
16867
16667
16834
16870
16906
16825
17033
17100
16801
16898
16818
16920
16969
17034
16830
16774
17037
16735
16944
16908
16925
16845
16914
16866
16868
16933
16859
16898
16889
16790
16760
16854
16785
16898
16755
16884
16913
16889
16896
16813
16949
16854
16728
16779
17054
16899
16952
16842
16886
16706
16778
16914
16957
16889
16911
16928
16789
16910
16864
16882
2
65536
65536
1
3
2
65536
65536
1
5
200
33916
33745
33651
33714
33716
33577
33625
33553
33826
33439
33679
33709
33768
33768
33485
33405
33690
33488
33951
33813
33829
33527
33613
33638
33908
33727
33760
33729
33829
33667
33654
33293
33701
33662
33704
33696
33663
33591
33677
33557
33593
33751
33596
33511
33552
33545
33338
33539
33642
33550
33822
33695
33517
33550
33725
33389
33863
33771
33602
33893
33573
33390
33643
33655
33654
33632
33662
33676
33403
33485
33527
33576
33730
33490
33625
33677
33659
33483
33720
33481
33624
33862
33540
33694
33570
33682
33406
33816
33841
33750
33742
33493
33554
33713
33619
33537
33803
33903
33782
34056
33865
33364
33396
33593
33740
33585
33751
33698
33778
33655
33716
33528
33637
33806
33507
33588
33861
33561
33824
33721
33745
33646
33754
33664
33668
33450
33383
33661
33630
33600
33752
33903
33549
33315
33516
33697
33864
33671
33743
33655
33691
33639
33436
33530
33667
33751
33669
33413
33634
33597
33585
33577
33764
33880
33650
33739
33471
33688
33501
33480
33581
33847
33643
33619
33841
33487
33608
33574
33863
33559
33743
33664
33516
33912
33431
33647
33432
33895
33874
33560
33641
33527
33550
33598
33724
33500
33678
33889
33954
33490
33599
33550
33676
33581
33697
33574
33680
33516
33528
33759
2
131072
131072
1
3
2
131072
131072
1
5
200
67425
67400
67324
67248
67134
67147
66968
67045
67289
67330
67107
67073
66926
67090
67393
66826
67350
67234
67290
67361
67292
67321
66804
66857
67025
67300
67107
67311
67515
66872
67127
66929
67408
67333
67405
67005
67187
67002
67556
66774
67251
67405
67546
67277
67241
67047
66919
67319
67259
67437
67122
67054
67469
67232
67028
67103
67093
67322
67568
67321
67113
66950
66917
67024
67063
67314
67288
67152
67496
67104
66703
66819
66969
67055
67237
67190
67217
67388
67350
67260
66906
67077
66984
67220
67086
67187
66871
67121
67227
67479
67116
67392
67362
67191
67489
67029
67348
67151
67261
66866
67110
66940
66783
66970
67057
67351
67233
67136
66998
67091
66812
66944
67517
67351
67103
67140
67274
67238
66671
67051
66632
67224
67297
67243
66846
67181
67235
67211
66859
67369
67210
67098
67104
67107
67011
67057
67280
67240
67249
67333
67021
67123
66790
67290
67027
67258
67368
67394
67292
66766
66443
66914
67574
67238
67199
67211
67072
67384
67597
67565
67145
67582
67091
67126
67203
67057
66720
67212
66962
67181
66969
66892
66952
67148
66849
67281
67227
67153
67289
67068
67357
66691
66977
67330
67183
67087
66990
67288
67339
67073
67067
67237
67354
67248
67531
67287
67113
67160
66960
67047
2
262144
262144
1
3
2
262144
262144
1
5
200
134254
134407
134329
133878
134165
133852
134051
133827
134528
134405
134394
133987
134013
134065
133991
133378
134599
134383
134574
134396
134371
134287
134055
133026
134367
134364
134033
134442
133722
133187
134470
133966
134803
134283
134190
134508
134250
134506
134488
134149
134631
134461
134152
134075
134168
133836
133913
134122
134241
133919
133987
133475
133964
133767
133894
134039
133998
134501
134610
133899
133101
134329
133658
133527
134356
134139
133817
134330
134660
134429
134214
133942
134304
134755
134109
134411
134020
134714
133895
134086
134215
134461
134532
134455
134330
134124
133731
133492
134545
134003
134023
133783
134499
134078
134001
134046
134651
134706
134974
134893
134414
133859
133806
134007
134149
134057
133924
133466
134266
134321
134330
133932
134758
134902
134700
134051
133812
133655
133152
133053
134051
133799
134182
133979
134789
133769
133829
134551
134469
133584
134357
134155
134276
134235
133464
134358
134583
134563
134788
134421
134519
134021
134518
133391
133836
134420
134264
134037
134082
133911
134520
133865
133784
134394
134175
134314
133837
134250
134013
134251
134638
133823
134181
134234
134665
134247
133879
133774
134308
134386
134004
134372
134092
133656
133773
133332
134489
134355
133857
134240
133375
133844
133545
133531
133836
134542
134581
133866
134343
134181
133685
133376
134508
134324
134071
134007
133986
134152
133866
133754
