2
16
16
1
9
2
16
16
1
12
200
11
11
12
10
11
12
12
10
13
10
11
12
12
13
12
12
13
12
12
13
12
12
13
12
13
11
11
13
14
13
11
13
13
13
12
13
12
12
13
12
12
12
10
10
11
11
13
10
12
10
13
10
12
11
12
13
12
12
13
12
12
12
8
13
11
10
11
10
14
13
9
12
14
12
11
12
12
11
11
12
11
12
12
13
12
13
12
9
10
11
15
12
11
13
12
11
13
12
14
10
13
12
10
12
11
12
9
10
12
11
13
11
14
11
14
11
12
9
11
13
14
12
11
11
13
11
14
11
11
12
12
10
12
10
12
12
12
13
12
12
13
14
12
12
11
13
10
12
11
14
12
12
12
10
13
12
13
13
10
13
13
11
10
12
13
11
12
12
11
11
14
12
13
10
11
12
12
11
12
11
10
14
10
14
13
10
12
13
11
11
12
14
13
12
13
12
12
11
11
11
2
32
32
1
9
2
32
32
1
12
200
24
23
23
24
22
24
22
22
22
20
23
22
25
24
26
23
24
23
24
25
18
22
23
22
22
21
23
21
22
22
23
21
24
24
22
22
23
24
21
24
23
22
21
23
22
20
22
24
22
23
21
24
22
24
22
22
23
21
21
23
19
23
21
20
25
25
23
24
24
22
23
23
24
21
19
22
25
21
22
22
19
25
22
21
24
22
24
24
22
22
22
23
20
21
22
19
24
24
21
24
24
21
24
21
22
22
23
22
21
25
24
20
25
21
20
23
21
21
22
23
20
23
20
24
23
23
23
22
22
20
23
24
21
20
21
19
23
23
22
25
20
23
24
21
22
25
24
21
23
19
23
22
23
17
22
22
24
21
22
23
23
20
24
20
19
23
22
23
23
23
22
24
21
23
23
21
23
21
25
21
24
23
21
24
21
22
23
24
21
23
25
27
18
22
26
23
25
20
22
22
2
64
64
1
9
2
64
64
1
12
200
40
45
43
44
39
37
38
37
45
44
45
41
43
36
40
43
40
42
46
41
43
43
45
44
48
44
43
45
44
43
44
40
45
43
48
44
39
36
39
44
44
46
41
45
44
40
36
47
47
46
43
41
42
43
42
40
40
42
40
45
39
40
46
42
46
44
43
48
39
46
47
39
39
40
44
39
42
42
44
45
42
44
42
39
45
40
38
40
40
44
39
43
47
44
41
43
38
43
42
36
45
51
40
44
45
42
45
43
43
42
39
40
48
48
45
40
46
49
43
44
47
46
43
43
42
43
46
37
47
46
44
48
42
47
38
42
43
46
41
40
47
40
41
46
44
43
41
41
40
40
40
40
48
41
42
45
42
43
41
42
43
42
44
43
34
42
44
47
44
42
43
44
42
41
44
42
41
41
39
45
37
40
44
45
40
43
46
42
39
44
43
45
43
38
45
45
42
40
42
43
2
128
128
1
9
2
128
128
1
12
200
82
79
80
80
85
83
84
84
86
84
78
87
81
84
85
75
80
82
89
84
80
81
80
87
82
87
86
86
87
80
88
77
84
88
78
81
90
86
89
82
84
78
81
76
77
72
81
77
81
85
76
81
82
84
89
82
79
88
80
87
85
78
78
78
87
82
81
79
80
85
86
84
82
80
84
80
78
81
79
86
77
85
82
76
83
78
77
71
76
84
82
86
85
75
82
89
86
84
86
79
82
81
86
76
83
76
83
88
75
78
83
77
86
84
83
88
85
83
81
88
79
77
81
84
80
71
77
81
84
80
74
80
80
85
80
86
85
79
84
81
83
77
85
80
86
82
79
79
78
86
77
75
81
83
84
80
80
85
83
78
78
86
81
81
76
84
77
77
86
83
76
86
91
77
89
80
76
85
81
78
80
84
89
81
89
85
86
82
84
86
85
83
73
81
82
86
84
79
82
86
2
256
256
1
9
2
256
256
1
12
200
161
161
161
155
163
162
160
175
154
162
151
153
149
148
157
163
162
148
159
150
165
151
158
164
155
147
160
159
162
151
162
154
157
166
159
152
161
161
162
165
154
154
149
163
154
147
147
150
147
156
158
154
155
160
157
156
164
154
160
152
161
157
152
155
162
157
156
138
152
164
156
147
153
145
149
153
161
162
156
167
148
150
161
163
162
152
162
160
147
162
152
159
160
161
166
158
152
154
153
159
166
151
159
159
154
150
159
159
163
151
164
160
146
167
157
162
161
145
147
156
153
159
155
150
157
166
152
150
149
162
154
154
153
154
168
144
159
155
161
160
149
165
162
159
157
153
149
162
156
165
157
161
149
163
160
160
159
161
152
158
152
149
158
154
158
163
170
166
161
164
160
168
153
149
152
153
156
157
163
161
159
150
159
150
149
151
155
167
157
159
148
146
158
170
153
154
155
160
157
154
2
512
512
1
9
2
512
512
1
12
200
327
306
325
299
302
303
310
297
308
303
300
298
306
310
298
317
306
316
312
312
319
305
313
289
304
294
295
294
310
302
302
298
301
305
296
297
299
305
297
318
294
303
303
322
307
307
300
291
303
300
299
295
314
287
327
314
307
316
314
316
286
300
309
305
312
312
302
302
287
308
291
317
314
325
311
307
293
305
288
298
302
299
304
314
299
290
293
304
310
289
315
289
304
306
316
323
292
321
316
288
300
327
318
299
301
295
297
297
315
306
322
303
299
325
319
321
283
297
319
301
304
293
289
293
312
300
295
297
310
297
284
324
294
297
296
301
303
304
295
304
299
294
297
292
315
308
305
291
314
311
317
300
310
306
291
309
305
324
293
295
317
296
304
287
295
304
310
298
297
305
286
311
307
306
299
312
310
291
302
292
314
297
310
309
293
307
301
310
290
306
305
303
296
299
311
302
307
302
290
294
2
1024
1024
1
9
2
1024
1024
1
12
200
619
587
608
587
590
605
589
568
595
609
599
585
611
597
598
585
600
615
584
588
595
618
588
583
600
598
597
590
582
596
619
588
595
623
602
609
580
606
602
588
585
621
589
605
608
610
587
602
562
611
592
590
580
569
599
572
595
595
616
565
621
593
599
612
600
599
629
592
583
603
574
598
601
596
578
628
532
593
627
586
581
587
605
593
586
594
564
583
587
586
565
591
602
615
604
580
591
584
593
602
589
577
608
577
598
595
562
610
618
587
604
572
600
602
595
598
604
600
610
597
583
597
594
595
580
603
600
587
582
585
587
598
596
588
585
604
607
590
589
595
579
582
570
588
604
596
601
579
605
608
607
596
614
570
597
612
611
595
605
600
617
607
608
586
602
577
609
584
600
574
599
580
601
594
584
602
593
616
572
611
597
600
564
614
592
584
590
578
590
583
629
576
637
586
599
570
580
591
576
599
2
2048
2048
1
9
2
2048
2048
1
12
200
1185
1155
1198
1185
1176
1179
1135
1128
1194
1154
1162
1150
1163
1164
1188
1201
1200
1159
1142
1149
1153
1217
1158
1185
1159
1188
1153
1166
1191
1159
1196
1184
1182
1186
1160
1170
1187
1163
1170
1200
1196
1133
1176
1161
1190
1188
1159
1178
1182
1146
1158
1197
1153
1173
1214
1148
1164
1153
1137
1185
1219
1192
1175
1181
1184
1193
1189
1145
1153
1173
1211
1181
1168
1180
1177
1189
1150
1142
1161
1211
1214
1212
1175
1138
1146
1154
1171
1208
1177
1168
1181
1154
1136
1208
1099
1179
1186
1136
1184
1166
1200
1198
1131
1200
1191
1210
1185
1145
1192
1183
1143
1204
1151
1140
1141
1185
1186
1158
1191
1183
1165
1185
1200
1164
1177
1192
1198
1228
1178
1140
1188
1180
1105
1178
1161
1158
1179
1164
1177
1147
1208
1165
1191
1148
1169
1160
1167
1214
1157
1211
1227
1168
1173
1202
1172
1164
1186
1181
1175
1151
1205
1184
1135
1104
1154
1189
1205
1135
1180
1196
1183
1203
1166
1145
1173
1158
1178
1168
1197
1210
1138
1144
1192
1151
1166
1198
1202
1220
1191
1199
1205
1181
1186
1153
1173
1170
1192
1126
1185
1147
2
4096
4096
1
9
2
4096
4096
1
12
200
2403
2321
2330
2333
2305
2318
2277
2281
2375
2288
2307
2302
2371
2380
2257
2326
2344
2414
2307
2301
2297
2259
2324
2326
2371
2354
2389
2302
2308
2338
2355
2237
2268
2366
2288
2384
2272
2334
2309
2293
2294
2358
2313
2352
2307
2269
2279
2380
2276
2393
2288
2341
2310
2357
2262
2297
2276
2329
2309
2341
2273
2300
2337
2262
2312
2358
2317
2310
2348
2252
2350
2310
2336
2365
2355
2348
2310
2321
2282
2251
2265
2329
2369
2319
2343
2250
2332
2286
2317
2428
2336
2324
2287
2298
2231
2295
2333
2291
2251
2279
2273
2303
2260
2367
2340
2341
2295
2357
2268
2326
2343
2378
2319
2324
2301
2374
2323
2284
2362
2330
2225
2338
2340
2256
2303
2329
2274
2295
2330
2283
2240
2327
2344
2353
2326
2324
2212
2337
2343
2312
2350
2326
2286
2306
2389
2287
2337
2326
2328
2266
2324
2262
2365
2342
2323
2339
2378
2237
2304
2372
2334
2316
2256
2341
2395
2329
2357
2284
2318
2298
2267
2320
2350
2315
2273
2337
2303
2296
2308
2357
2291
2342
2345
2294
2392
2261
2323
2346
2313
2314
2368
2374
2300
2346
2294
2333
2331
2319
2372
2356
2
8192
8192
1
9
2
8192
8192
1
12
200
4645
4628
4581
4578
4533
4530
4554
4534
4606
4665
4636
4588
4601
4477
4521
4535
4751
4605
4518
4603
4592
4588
4502
4572
4530
4553
4641
4599
4629
4563
4617
4518
4580
4583
4588
4628
4515
4545
4546
4556
4536
4543
4569
4629
4592
4640
4577
4636
4671
4467
4629
4575
4552
4712
4621
4585
4592
4661
4600
4571
4546
4583
4644
4474
4501
4494
4677
4685
4654
4556
4603
4664
4644
4635
4622
4689
4532
4572
4687
4471
4740
4563
4722
4567
4649
4739
4645
4585
4698
4601
4573
4499
4660
4530
4601
4636
4623
4620
4635
4566
4463
4537
4559
4560
4593
4723
4669
4687
4623
4546
4533
4638
4619
4564
4623
4579
4592
4450
4645
4601
4640
4619
4457
4571
4540
4591
4540
4667
4579
4534
4515
4535
4587
4529
4545
4662
4598
4608
4690
4511
4511
4593
4750
4572
4649
4682
4572
4626
4595
4529
4635
4597
4652
4572
4528
4661
4541
4537
4546
4527
4666
4496
4494
4596
4710
4628
4559
4637
4635
4549
4656
4525
4600
4567
4610
4505
4652
4494
4615
4672
4668
4491
4617
4559
4622
4624
4571
4591
4593
4701
4635
4489
4485
4526
4685
4544
4646
4693
4676
4531
2
16384
16384
1
9
2
16384
16384
1
12
200
9328
9321
9143
9005
9083
9066
9043
9000
9245
9158
9241
9136
9143
9195
9083
9146
9283
9009
9152
9164
9105
9340
8975
9065
9144
9067
9154
9109
9153
9101
9017
9057
9102
8980
9199
9167
9135
9117
9382
9188
9163
9045
9201
9286
9133
8930
9260
9218
9106
9128
9096
9177
9035
9116
9086
9244
9107
9054
9168
9092
9315
9186
9238
8923
9077
9165
9235
9209
9219
9048
9169
9336
8981
9122
9192
9054
9166
9101
9097
9381
9136
9280
9156
9007
9209
9341
9260
9232
9092
9302
8999
9208
9198
9194
9163
9074
9114
9199
9070
9101
8894
8873
9259
9055
9094
9171
9140
9284
8894
9224
9359
9189
9242
8988
9140
8915
9154
9051
9253
9168
8945
9137
9223
9245
9050
9340
9194
9154
9166
8998
8899
9028
8981
9065
9108
9126
9164
9005
9269
9021
8909
9051
9127
9099
9035
9052
9042
9209
9208
8900
9167
9109
8973
9223
9256
9228
9097
9042
9191
9072
9026
8983
9079
9027
9023
9038
9184
9249
9250
9100
9074
9111
8945
9201
9178
9033
8998
9215
9079
9190
9184
9143
9108
9199
9129
9253
9193
9110
9134
8961
8959
9174
9199
9133
9281
9282
8986
9105
8989
9260
2
32768
32768
1
9
2
32768
32768
1
12
200
18262
18304
18190
18153
18140
17996
17864
17668
18210
18203
18107
18071
18172
17905
18283
17998
18024
18017
17804
17873
18010
18143
17855
17733
18116
18287
18155
18127
17897
18080
18155
18170
18141
18187
18180
18380
17782
17889
17966
18011
18159
18060
18412
18421
17717
18187
18098
17859
18147
18104
18418
18003
18199
18088
17932
17768
18207
17801
18124
18167
18144
18305
17655
17909
18028
17796
18435
18321
18085
18274
18354
18082
18417
18428
18011
18283
18373
18060
18268
18289
18049
18312
18364
17970
18217
18021
18254
18288
18197
18121
18209
18258
18358
17911
17790
18291
18247
18311
18025
18073
18388
18267
18186
18106
18302
18415
18108
18108
17849
17647
18037
18142
18091
18160
18320
18074
18040
18221
18042
18146
18481
18283
17999
18328
18063
17982
18033
18001
18014
18179
18190
18340
17971
18221
17946
18006
18247
18321
18055
18419
18130
17983
18007
18156
17930
18388
17771
17947
18202
18150
18263
18327
18097
18228
18288
17743
18039
18274
18160
17946
18174
18084
18146
18396
18337
17634
18148
18255
18166
17895
17956
18320
18174
18211
17881
17663
18124
18190
18056
18110
18063
17881
18197
17960
18407
18284
18313
17892
17788
18133
18174
17854
18184
18022
17986
17542
18208
18331
18141
17672
2
65536
65536
1
9
2
65536
65536
1
12
200
36482
36459
36171
36403
36231
35764
35488
35591
36297
36414
36142
35965
36425
35732
36194
35778
36257
36128
36207
35812
36081
35983
35969
36066
36100
35990
36493
35538
36003
36047
36049
35798
36265
36503
36018
36029
36106
36060
36213
35017
35932
36506
35872
35498
35971
35331
35694
35766
35413
36115
36296
36244
35991
35597
35102
35984
36444
35734
35870
35997
35876
36125
35802
36427
36659
35460
36321
35235
36331
35729
35475
36057
35857
35340
36371
35673
36102
35772
36048
36002
36292
36130
36189
35523
36145
36230
35128
35855
35732
36224
35534
35567
36450
35557
35910
36323
35396
35529
36122
35814
36431
35516
36006
36197
36195
35929
35170
36374
35973
36349
36272
36291
35854
36244
35967
35910
36266
36052
36062
35936
35591
36059
36016
35973
35775
36472
35681
35934
35899
35600
36301
36177
35284
36822
36337
36314
35991
35905
35775
36451
36169
36197
36514
35683
35227
36046
35926
35593
36072
36387
35793
35509
35550
35426
36733
36309
35715
36064
36249
35766
36680
35117
35454
36017
36288
35492
35451
36564
35661
35729
35880
36083
35797
35723
36407
35943
35854
36184
35966
35887
36370
36155
36071
36337
36173
35997
35955
35941
36096
36360
36136
36194
36184
35519
35831
35534
35733
36016
36416
36275
2
131072
131072
1
9
2
131072
131072
1
12
200
72354
71630
71873
71701
71681
71598
70887
70367
72177
71679
72689
71576
71717
70891
72199
70861
72181
71409
71048
71547
71215
71940
71504
70377
72323
71776
71937
71788
71545
70645
71478
70392
71484
71473
70904
72270
71780
71041
70950
71410
72225
72472
70959
72086
71319
71530
71665
72430
72385
71943
72098
70840
72581
71348
70986
72352
71065
72166
71205
71404
70987
71691
71143
72363
71832
72155
71837
71576
70813
70965
71351
70288
71735
72335
70101
71270
71440
72130
72052
70457
71768
72124
73088
71574
72616
71422
71483
72110
72303
71682
71243
72454
71794
71807
71364
70946
71436
70847
71360
71757
71043
72281
71662
71551
70358
72807
71311
71439
71798
72160
70816
71350
71949
72394
71043
71932
72349
71769
71161
71988
71834
71457
71175
71174
71546
71601
71942
71570
71300
72082
72013
71059
71279
71542
71907
70992
71645
71383
70746
71093
71310
71243
72113
72157
70780
71983
71711
71422
71854
72492
70334
70978
71704
71628
72272
71577
72110
73108
71585
71142
71363
72088
72003
70757
71136
71591
70747
71831
71656
71633
71979
72190
71529
71980
72073
72195
71821
71569
70807
70779
72728
71622
70980
71359
71103
71466
71396
71563
72303
71548
72180
71620
71818
70926
71210
71611
71474
72598
70088
70412
2
262144
262144
1
9
2
262144
262144
1
12
200
144292
144072
143676
143724
143632
143339
142001
140658
143173
143760
143446
142534
141861
143580
140980
139590
143922
142059
142487
142102
142908
142403
140609
143801
140996
142601
143175
141831
142152
143839
142182
142987
142698
143129
143416
142325
143061
144784
140078
142493
141906
143170
142847
142026
142192
140977
143260
141084
142608
142636
143953
143430
143027
142553
142882
141782
142547
141422
139271
142935
142346
144276
143385
141439
141706
140729
144103
142427
143424
142884
141623
142527
141374
142994
142767
143804
142508
141757
141227
140832
142655
139894
140465
143827
143858
140648
143486
143250
142412
143731
142375
140756
142958
143909
141670
143383
142047
144202
141253
142422
142614
143611
139858
142029
141974
140566
140816
142119
142842
142119
141174
142865
141875
141383
141612
141174
142678
142254
141009
142651
143421
140786
142543
142176
142912
142880
143026
143857
141969
142021
141513
142485
143164
143094
140880
142756
143016
141778
142105
141686
143568
143063
141888
141199
141014
144057
143084
142241
142571
142225
142721
144257
142313
141162
143286
142367
139935
142660
140685
143003
141874
143087
141096
142237
141990
143975
140171
141864
144435
143588
144086
142840
141426
141066
143845
139850
142741
144256
142991
142100
140384
141382
143016
142296
144163
144555
143203
143763
142538
141482
143187
141622
143788
143000
143622
142176
142817
139082
141583
143850
