2
50
50
3
1
2
50
50
5
1
1
6
6
12
34
2
14
4
3
37
4
2
16
2
4
4
3
8
3
12
5
18
3
5
9
3
6
10
5
6
5
6
1
4
20
3
4
6
10
1
3
4
9
7
6
8
1
3
3
6
1
1
25
3
2
5
1
33
1
12
8
3
30
19
17
30
6
9
4
9
19
9
18
3
21
40
2
32
3
7
1
1
39
24
32
8
13
12
17
63
22
9
16
3
15
23
73
2
6
16
36
14
12
8
16
3
9
10
1
2
12
2
3
3
5
19
3
3
7
3
3
2
4
4
1
4
1
3
1
3
5
7
12
2
2
15
3
10
3
3
13
3
2
9
3
10
7
1
5
15
4
10
26
34
6
71
18
14
10
18
18
42
15
6
19
35
49
40
35
60
17
4
48
3
37
38
19
8
10
1
52
22
2
42
4
8
84
28
81
9
7
1
3
73
4
1
22
11
28
8
30
0.0263706
0.0229991
0.04798
0.137064
0.00311959
0.0456479
0.00517755
0.0114188
0.204497
0.00664416
0.00955137
0.0806139
0.00102238
0.00734961
0.00928235
0.00750747
0.0462114
0.0136327
0.0415733
0.0150772
0.0567909
0.00718864
0.0364909
0.0255599
0.0141114
0.00896804
0.0270283
0.0126325
0.0109624
0.0106244
0.0219195
0.0100364
0.0216427
0.0872489
0.02184
0.00933768
0.0285808
0.0461305
6.69976e-05
0.00368129
0.0110641
0.0221676
0.0284776
0.0101625
0.0288338
0.00300528
0.00466823
0.0190524
0.0304322
0.00057293
0.00203665
0.110673
0.00127547
0.00842097
0.0180116
0.00191144
0.159697
0.000263139
0.0496909
0.0269767
0.0169863
0.122591
0.0591627
0.0367457
0.129414
0.0199619
0.0314009
0.017182
0.0158316
0.074486
0.049989
0.0743546
0.0102818
0.0888096
0.225393
0.00115132
0.141099
0.00752343
0.0238189
0.00466218
0.00313327
0.243908
0.112794
0.150909
0.0208181
0.053546
0.062873
0.0474825
0.498782
0.0787002
0.0314207
0.0834299
0.00928453
0.049231
0.100175
0.904796
0.00630827
0.0288607
0.0646259
0.162652
0.0383446
0.0593231
0.0670648
0.0762567
0.0152834
0.0647998
0.0788374
0.0124502
0.0117432
0.0775502
0.00977142
0.0556386
0.0116463
0.0183106
0.0912321
0.0266052
0.0131956
0.0382167
0.00986741
0.00789265
0.01257
0.0122182
0.0197952
0.000237609
0.0313255
0.00673301
0.0341833
0.0173904
0.0248274
0.0217381
0.0156115
0.0418788
0.00245525
0.015219
0.073487
0.00712972
0.0563173
0.00308644
0.0130549
0.0749859
0.0160014
0.00348326
0.0572154
0.0437686
0.0568862
0.0224392
0.0152733
0.0379558
0.0998079
0.0319142
0.0913336
0.11218
0.229501
0.039273
0.774367
0.112693
0.0835083
0.0497724
0.0988657
0.116695
0.198332
0.0942053
0.0219264
0.0622979
0.257042
0.340457
0.272817
0.228529
0.416931
0.0848605
0.0194762
0.286469
0.014276
0.241725
0.318725
0.116311
0.0261471
0.0443901
0.00220649
0.493334
0.190667
0.00527697
0.300463
0.0132032
0.070475
1.36061
0.158883
1.18791
0.033526
0.0184758
0.00179102
0.00496734
0.823937
0.0113238
0.000334797
0.136802
0.0455807
0.119824
0.0252194
0.201817
2
50
50
3
1
2
50
50
5
1
1
6
6
12
34
2
14
4
3
37
4
2
16
2
4
8
3
8
3
12
5
18
3
5
9
3
6
10
5
6
5
6
1
4
20
3
4
17
10
1
3
4
9
7
6
8
1
3
3
6
1
1
25
3
2
5
10
33
1
12
8
14
30
19
17
30
6
9
4
9
19
9
18
3
21
43
2
33
3
7
1
1
39
24
32
8
13
12
17
63
22
9
16
3
15
23
73
2
6
24
36
14
12
8
16
3
9
10
1
2
12
2
3
3
5
17
3
3
7
3
3
2
4
4
1
4
1
3
1
3
5
7
7
2
2
8
3
10
3
3
13
3
2
9
3
10
7
1
5
15
4
10
26
34
6
27
18
14
10
18
18
42
15
6
19
35
49
40
35
60
17
4
48
3
37
38
19
2
10
1
52
22
2
42
4
8
50
28
81
9
7
1
3
73
4
1
10
11
28
8
30
0.0263706
0.0229991
0.04798
0.137064
0.00311959
0.0456479
0.00517755
0.0114188
0.204497
0.00664416
0.00955137
0.0806139
0.00102238
0.00734961
0.0353426
0.00750747
0.0462114
0.0136327
0.0415733
0.0150772
0.0567909
0.00718864
0.0364909
0.0255599
0.0141114
0.00896804
0.0270283
0.0126325
0.0109624
0.0106244
0.0219195
0.0100364
0.0216427
0.0872489
0.02184
0.00933768
0.0763498
0.0461305
6.69976e-05
0.00368129
0.0110641
0.0221676
0.0284776
0.0101625
0.0288338
0.00300528
0.00466823
0.0190524
0.0304322
0.00057293
0.00203665
0.110673
0.00127547
0.00842097
0.0180116
0.0516908
0.159697
0.000263139
0.0496909
0.0269767
0.0590127
0.122591
0.0591627
0.0367457
0.129414
0.0199619
0.0314009
0.017182
0.0158316
0.074486
0.049989
0.0743546
0.0102818
0.0888096
0.244894
0.00115132
0.144679
0.00752343
0.0238189
0.00466218
0.00313327
0.243908
0.112794
0.150909
0.0208181
0.053546
0.062873
0.0474825
0.498782
0.0787002
0.0314207
0.0834299
0.00928453
0.049231
0.100175
0.904796
0.00630827
0.0288607
0.107038
0.162652
0.0383446
0.0593231
0.0670648
0.0762567
0.0152834
0.0647998
0.0788374
0.0124502
0.0117432
0.0775502
0.00977142
0.0556386
0.0116463
0.0183106
0.0817311
0.0266052
0.0131956
0.0382167
0.00986741
0.00789265
0.01257
0.0122182
0.0197952
0.000237609
0.0313255
0.00673301
0.0341833
0.0173904
0.0248274
0.0217381
0.0156115
0.0138521
0.00245525
0.015219
0.0411051
0.00712972
0.0563173
0.00308644
0.0130549
0.0749859
0.0160014
0.00348326
0.0572154
0.0437686
0.0568862
0.0224392
0.0152733
0.0379558
0.0998079
0.0319142
0.0913336
0.11218
0.229501
0.039273
0.18639
0.112693
0.0835083
0.0497724
0.0988657
0.116695
0.198332
0.0942053
0.0219264
0.0622979
0.257042
0.340457
0.272817
0.228529
0.416931
0.0848605
0.0194762
0.286469
0.014276
0.241725
0.318725
0.116311
0.0127005
0.0443901
0.00220649
0.493334
0.190667
0.00527697
0.300463
0.0132032
0.070475
0.319829
0.158883
1.18791
0.033526
0.0184758
0.00179102
0.00496734
0.823937
0.0113238
0.000334797
0.0583437
0.0455807
0.119824
0.0252194
0.201817
2
50
50
3
1
2
50
50
5
1
1
6
6
12
34
2
14
4
3
37
4
2
16
2
4
8
3
8
3
12
5
18
3
5
9
3
6
10
5
6
5
6
1
4
20
3
4
17
10
1
3
4
9
7
6
8
1
3
3
6
1
1
25
3
2
5
10
33
1
12
8
14
30
19
17
30
6
9
4
9
19
9
18
3
21
43
2
33
3
34
1
1
39
24
32
8
13
12
17
67
22
9
16
3
15
51
73
2
6
24
36
14
12
8
16
3
9
10
1
2
12
2
3
3
5
17
3
3
7
3
3
2
4
4
1
4
1
3
1
3
5
7
7
2
2
8
3
10
3
3
13
3
2
9
3
10
7
1
5
15
4
10
26
34
6
27
18
14
10
18
18
42
15
6
19
35
49
40
35
60
17
4
48
3
37
38
19
2
10
1
25
9
2
42
4
8
50
28
15
9
7
1
3
73
4
1
10
11
28
8
30
0.0263706
0.0229991
0.04798
0.137064
0.00311959
0.0456479
0.00517755
0.0114188
0.204497
0.00664416
0.00955137
0.0806139
0.00102238
0.00734961
0.0353426
0.00750747
0.0462114
0.0136327
0.0415733
0.0150772
0.0567909
0.00718864
0.0364909
0.0255599
0.0141114
0.00896804
0.0270283
0.0126325
0.0109624
0.0106244
0.0219195
0.0100364
0.0216427
0.0872489
0.02184
0.00933768
0.0763498
0.0461305
6.69976e-05
0.00368129
0.0110641
0.0221676
0.0284776
0.0101625
0.0288338
0.00300528
0.00466823
0.0190524
0.0304322
0.00057293
0.00203665
0.110673
0.00127547
0.00842097
0.0180116
0.0516908
0.159697
0.000263139
0.0496909
0.0269767
0.0590127
0.122591
0.0591627
0.0367457
0.129414
0.0199619
0.0314009
0.017182
0.0158316
0.074486
0.049989
0.0743546
0.0102818
0.0888096
0.244894
0.00115132
0.144679
0.00752343
0.169529
0.00466218
0.00313327
0.243908
0.112794
0.150909
0.0208181
0.053546
0.062873
0.0474825
0.644393
0.0787002
0.0314207
0.0834299
0.00928453
0.049231
0.278829
0.904796
0.00630827
0.0288607
0.107038
0.162652
0.0383446
0.0593231
0.0670648
0.0762567
0.0152834
0.0647998
0.0788374
0.0124502
0.0117432
0.0775502
0.00977142
0.0556386
0.0116463
0.0183106
0.0817311
0.0266052
0.0131956
0.0382167
0.00986741
0.00789265
0.01257
0.0122182
0.0197952
0.000237609
0.0313255
0.00673301
0.0341833
0.0173904
0.0248274
0.0217381
0.0156115
0.0138521
0.00245525
0.015219
0.0411051
0.00712972
0.0563173
0.00308644
0.0130549
0.0749859
0.0160014
0.00348326
0.0572154
0.0437686
0.0568862
0.0224392
0.0152733
0.0379558
0.0998079
0.0319142
0.0913336
0.11218
0.229501
0.039273
0.18639
0.112693
0.0835083
0.0497724
0.0988657
0.116695
0.198332
0.0942053
0.0219264
0.0622979
0.257042
0.340457
0.272817
0.228529
0.416931
0.0848605
0.0194762
0.286469
0.014276
0.241725
0.318725
0.116311
0.0127005
0.0443901
0.00220649
0.2104
0.114059
0.00527697
0.300463
0.0132032
0.070475
0.319829
0.158883
0.0681363
0.033526
0.0184758
0.00179102
0.00496734
0.823937
0.0113238
0.000334797
0.0583437
0.0455807
0.119824
0.0252194
0.201817
2
50
50
3
1
2
50
50
5
1
1
6
6
12
34
2
14
4
3
37
4
2
16
2
4
8
3
8
3
12
5
18
3
5
9
3
6
10
5
6
5
6
1
4
20
3
4
17
10
1
3
4
9
7
6
8
1
3
3
6
1
1
46
3
2
5
10
33
1
12
8
14
30
19
17
30
6
9
4
9
19
9
18
3
21
43
2
33
3
34
1
1
39
24
32
12
13
12
17
67
22
9
16
3
15
51
73
2
6
24
52
14
12
8
16
3
9
10
1
2
12
2
3
3
5
17
3
3
7
3
3
2
4
4
1
4
1
3
1
3
5
7
7
2
2
8
3
10
3
3
13
3
2
9
3
10
7
1
5
15
4
10
26
34
6
27
18
14
10
18
18
39
15
6
19
35
49
40
35
60
17
4
48
3
15
38
19
2
10
1
25
9
2
42
4
8
50
28
15
9
7
1
3
3
4
1
10
11
28
8
30
0.0263706
0.0229991
0.04798
0.137064
0.00311959
0.0456479
0.00517755
0.0114188
0.204497
0.00664416
0.00955137
0.0806139
0.00102238
0.00734961
0.0353426
0.00750747
0.0462114
0.0136327
0.0415733
0.0150772
0.0567909
0.00718864
0.0364909
0.0255599
0.0141114
0.00896804
0.0270283
0.0126325
0.0109624
0.0106244
0.0219195
0.0100364
0.0216427
0.0872489
0.02184
0.00933768
0.0763498
0.0461305
6.69976e-05
0.00368129
0.0110641
0.0221676
0.0284776
0.0101625
0.0288338
0.00300528
0.00466823
0.0190524
0.0304322
0.00057293
0.00203665
0.225052
0.00127547
0.00842097
0.0180116
0.0516908
0.159697
0.000263139
0.0496909
0.0269767
0.0590127
0.122591
0.0591627
0.0367457
0.129414
0.0199619
0.0314009
0.017182
0.0158316
0.074486
0.049989
0.0743546
0.0102818
0.0888096
0.244894
0.00115132
0.144679
0.00752343
0.169529
0.00466218
0.00313327
0.243908
0.112794
0.150909
0.0293766
0.053546
0.062873
0.0474825
0.644393
0.0787002
0.0314207
0.0834299
0.00928453
0.049231
0.278829
0.904796
0.00630827
0.0288607
0.107038
0.232295
0.0383446
0.0593231
0.0670648
0.0762567
0.0152834
0.0647998
0.0788374
0.0124502
0.0117432
0.0775502
0.00977142
0.0556386
0.0116463
0.0183106
0.0817311
0.0266052
0.0131956
0.0382167
0.00986741
0.00789265
0.01257
0.0122182
0.0197952
0.000237609
0.0313255
0.00673301
0.0341833
0.0173904
0.0248274
0.0217381
0.0156115
0.0138521
0.00245525
0.015219
0.0411051
0.00712972
0.0563173
0.00308644
0.0130549
0.0749859
0.0160014
0.00348326
0.0572154
0.0437686
0.0568862
0.0224392
0.0152733
0.0379558
0.0998079
0.0319142
0.0913336
0.11218
0.229501
0.039273
0.18639
0.112693
0.0835083
0.0497724
0.0988657
0.116695
0.184675
0.0942053
0.0219264
0.0622979
0.257042
0.340457
0.272817
0.228529
0.416931
0.0848605
0.0194762
0.286469
0.014276
0.0958404
0.318725
0.116311
0.0127005
0.0443901
0.00220649
0.2104
0.114059
0.00527697
0.300463
0.0132032
0.070475
0.319829
0.158883
0.0681363
0.033526
0.0184758
0.00179102
0.00496734
0.0257372
0.0113238
0.000334797
0.0583437
0.0455807
0.119824
0.0252194
0.201817
2
50
50
3
1
2
50
50
5
1
1
6
6
12
34
5
14
4
3
37
13
2
16
2
4
8
3
8
3
12
22
18
3
5
9
3
6
10
5
6
7
6
1
4
20
3
4
24
10
1
3
4
9
7
6
8
1
3
3
6
1
1
46
3
35
5
10
33
1
12
8
14
30
19
17
30
6
9
56
9
19
9
18
3
21
43
8
33
3
34
1
1
39
24
52
42
13
12
17
77
22
9
16
3
15
51
73
2
6
24
52
14
12
8
16
3
6
10
1
2
4
2
3
3
5
17
1
3
7
3
3
2
4
4
1
4
1
3
1
3
5
7
7
2
2
8
3
4
3
3
13
3
2
9
3
10
7
1
5
15
4
10
26
32
6
27
18
14
10
18
18
26
15
6
19
35
49
40
25
60
2
4
48
3
15
38
19
2
10
1
25
9
2
23
4
8
39
28
7
9
7
1
3
3
4
1
10
11
28
8
30
0.0263706
0.0229991
0.04798
0.137064
0.0116975
0.0456479
0.00517755
0.0114188
0.204497
0.0363983
0.00955137
0.0806139
0.00102238
0.00734961
0.0353426
0.00750747
0.0462114
0.0136327
0.0415733
0.0747307
0.0567909
0.00718864
0.0364909
0.0255599
0.0141114
0.00896804
0.0270283
0.0126325
0.0109624
0.017021
0.0219195
0.0100364
0.0216427
0.0872489
0.02184
0.00933768
0.113548
0.0461305
6.69976e-05
0.00368129
0.0110641
0.0221676
0.0284776
0.0101625
0.0288338
0.00300528
0.00466823
0.0190524
0.0304322
0.00057293
0.00203665
0.225052
0.00127547
0.181787
0.0180116
0.0516908
0.159697
0.000263139
0.0496909
0.0269767
0.0590127
0.122591
0.0591627
0.0367457
0.129414
0.0199619
0.0314009
0.320466
0.0158316
0.074486
0.049989
0.0743546
0.0102818
0.0888096
0.244894
0.016955
0.144679
0.00752343
0.169529
0.00466218
0.00313327
0.243908
0.112794
0.28299
0.170265
0.053546
0.062873
0.0474825
1.10977
0.0787002
0.0314207
0.0834299
0.00928453
0.049231
0.278829
0.904796
0.00630827
0.0288607
0.107038
0.232295
0.0383446
0.0593231
0.0670648
0.0762567
0.0152834
0.0458501
0.0788374
0.0124502
0.0117432
0.0193603
0.00977142
0.0556386
0.0116463
0.0183106
0.0817311
0.00822935
0.0131956
0.0382167
0.00986741
0.00789265
0.01257
0.0122182
0.0197952
0.000237609
0.0313255
0.00673301
0.0341833
0.0173904
0.0248274
0.0217381
0.0156115
0.0138521
0.00245525
0.015219
0.0411051
0.00712972
0.0144061
0.00308644
0.0130549
0.0749859
0.0160014
0.00348326
0.0572154
0.0437686
0.0568862
0.0224392
0.0152733
0.0379558
0.0998079
0.0319142
0.0913336
0.11218
0.214957
0.039273
0.18639
0.112693
0.0835083
0.0497724
0.0988657
0.116695
0.0936692
0.0942053
0.0219264
0.0622979
0.257042
0.340457
0.272817
0.124876
0.416931
0.020079
0.0194762
0.286469
0.014276
0.0958404
0.318725
0.116311
0.0127005
0.0443901
0.00220649
0.2104
0.114059
0.00527697
0.0925805
0.0132032
0.070475
0.226272
0.158883
0.0228697
0.033526
0.0184758
0.00179102
0.00496734
0.0257372
0.0113238
0.000334797
0.0583437
0.0455807
0.119824
0.0252194
0.201817
