2
65536
196608
3
1
3
16384
81920
163840
1
2
3
200
9.80223
10.0418
10.2448
10.5777
10.8233
10.8334
12.5613
12.7699
11.5919
10.4709
12.7853
13.1908
12.986
10.3263
13.5279
11.7202
10.5872
11.2438
11.1984
11.4403
11.4736
10.8051
12.8856
13.8663
10.5227
10.6019
11.4807
10.452
10.2849
12.9431
10.6772
11.2633
10.778
9.90732
11.8743
11.6626
11.5781
12.597
12.257
12.7102
10.8551
10.7651
11.3578
8.87637
11.1028
11.5085
9.58272
9.14609
9.72595
11.2275
11.2511
11.7341
12.6313
11.3983
10.7506
18.0856
9.9362
10.9314
12.0882
10.2643
10.9374
11.9144
12.2508
12.4159
10.5634
10.3735
12.8134
15.5953
12.0823
10.6672
11.155
11.1064
10.7841
11.8955
9.83063
10.5846
9.19427
10.5499
12.3316
12.0638
12.0727
9.29997
9.52777
10.6084
10.9711
12.8146
9.97304
10.4691
10.3592
10.5558
9.55562
10.2113
10.9861
10.6501
13.0061
9.73996
10.2371
9.17363
12.253
11.3839
10.1543
12.5993
13.9185
11.7018
10.7578
10.1168
10.3083
11.6556
11.6578
10.2098
9.74673
10.0125
12.6218
9.89447
11.3904
9.319
10.6083
11.081
8.34901
9.73888
11.9419
11.9303
10.9866
12.9978
12.4198
15.2554
12.4289
9.7505
12.3526
10.3463
11.1377
11.4191
12.3742
9.89375
12.3926
10.1817
11.3517
10.6196
10.8532
11.2112
12.1509
10.0707
11.7556
9.39009
10.8374
10.0662
11.0367
11.4701
11.631
12.6041
9.32127
12.1397
11.2924
11.1629
8.96562
12.6928
13.5324
10.821
10.9416
10.6658
12.4601
11.003
12.8374
11.3537
12.6694
11.05
10.6273
9.84247
10.7193
11.1554
12.3125
10.9331
13.0135
11.5304
11.9996
9.75302
10.8493
12.0297
9.82001
10.5477
12.3268
10.0881
11.5866
8.94254
10.0765
9.22678
13.4877
10.359
10.5725
12.6161
9.50346
11.698
10.5679
12.7091
13.5795
10.7254
11.7717
12.9782
11.0319
11.4442
27.1787
27.8772
28.5679
29.2712
30.2033
30.1674
35.5674
35.9589
32.4902
29.1074
36.1398
37.1332
36.6573
28.6914
38.0373
33.0203
29.3892
31.2465
31.43
32.1604
32.0908
30.0856
36.3679
39.3105
29.3045
29.5636
32.0193
29.2051
28.4132
36.2648
29.6883
31.5827
30.0979
27.4033
33.1004
32.5218
32.5289
35.4537
34.5076
35.7567
30.0075
29.9569
32.0161
24.5002
31.1439
32.0964
26.5073
25.1489
26.9279
31.4906
31.54
32.9425
35.5052
32.004
30.04
52.1091
27.4735
30.609
34.0699
28.4366
30.8725
32.9702
34.5795
35.1505
29.4959
28.9402
36.3005
44.6571
34.0928
29.9364
31.2675
31.2124
30.1177
33.5039
27.3138
29.2672
25.1731
29.3581
34.647
33.6585
33.8587
25.5052
26.2331
29.651
30.7438
36.0182
27.7369
29.1147
28.8438
29.391
26.2705
28.1591
30.709
29.5186
36.5649
26.9306
28.6851
25.3348
34.4295
31.6395
28.0105
35.2002
39.634
32.7169
30.1245
28.0182
28.507
32.7085
32.8562
28.2294
26.8596
27.5004
35.5459
27.4621
31.8477
25.4894
29.2543
30.8199
22.6937
26.8821
33.6318
33.6679
30.604
36.6727
34.8463
43.523
34.804
26.8839
34.9636
28.5276
31.2
31.7422
34.8306
27.3926
34.7597
28.198
31.6127
29.4119
30.5601
31.4182
34.3662
27.8695
33.153
25.842
30.2314
27.8237
30.8323
31.9239
32.6649
35.5979
25.7422
34.0718
31.6655
31.1359
24.4319
35.8439
38.4438
30.1374
30.1208
29.6303
35.2349
30.5934
36.0003
31.6257
35.8405
30.9273
29.5308
27.3247
29.6672
31.2175
34.6821
30.482
36.8066
32.3555
33.9593
26.8827
30.2388
33.8976
27.2917
29.4404
34.6751
27.7204
32.3766
24.4549
28.014
25.203
38.0434
28.7786
29.5315
35.5073
26.1222
32.7786
29.2998
35.7227
38.3646
29.8951
33.013
36.6061
30.8765
32.2139
34513
33760.9
33004.3
32344.9
31190.7
31432.4
27345.2
26409.7
29138.3
32333.2
26437.1
25944.1
26486
32603.3
25436.9
29037.8
32147
30758.2
30184.8
29602
29491.8
31731
26467.4
24227.4
32075.8
32313.2
29894.5
32532.5
33098.6
26385.7
31926.4
30716.7
31266.3
34192.8
28959.1
28842.2
29238.8
26789.9
27400.9
26774.7
31320.7
32094.9
30071.3
38435.3
30394
29919.1
35374.2
37522.5
35087.7
30174.1
30166.7
29350.9
27006.4
29839.6
31847.2
18877.8
34111.3
30735.1
27939.6
33111.7
30833.6
28986.8
27588.8
27449.1
31949.1
32617.2
26206.3
21623.9
27956.6
31736.7
30463.2
30486.1
31393.2
28694.3
34182
32492.5
37346.8
32104.6
27192
28141.7
28348.2
36969.1
35393.1
31963.3
30738.5
26864.7
33752.5
32309.5
32965.3
32209.4
35779.9
33424.2
31276.5
32078.1
26491.4
34932.3
32622.4
36972.1
27522.4
29987.3
33500.6
26960.8
24201.1
29006.2
31374.5
33575.1
33067.9
29376.1
29091.9
33416.7
34513.1
34402.1
27032.4
34326.4
29998.1
36534.3
32068.4
31370.9
41377.5
35435.8
28130.2
28665.4
31399.9
26190.8
27567
22328.8
27433.9
34904.2
27472.5
33083.8
30212.4
30006.1
27582.2
34286.6
27517.1
33779.2
30056.1
32422.2
30951.4
30355
27750
34102.4
28917.6
36301.8
31258
33812.4
30786
29963.7
29445.4
27077.9
35991.1
27820.4
30263.4
30573.5
37908.1
26496.8
25374.4
31761.9
31106.1
32155.8
27153.9
31065.2
26395.3
29669.9
26743.9
30330.8
32394.3
34181
31892.8
30388.9
27533.1
30586.3
26158.4
29798.4
28346.8
34809.7
31277.8
28341.8
34388.6
32045.5
27614.5
33955.3
29386.8
38067.6
33394.8
37210
25127.9
32802.7
32046.8
27162.6
35652.2
28868
32518.5
26609.3
25262.7
31751.4
29050.4
26363.1
31444.7
29742.5
17816.3
17292
17089.8
16511
16089.4
16003.6
13791.8
13558.6
14944.3
16526.5
13448
13187.8
13319.1
16765.3
12808.1
14790.2
16419.6
15602.3
15348.3
15121.4
15146.3
16089.9
13437.8
12368
16514.9
16370.1
15089.5
16674.7
17032.8
13525.1
16295.6
15437.4
16032.8
17675.1
14721.1
14945.9
14958.2
13795.8
14129.5
13589.8
16154.9
16210.7
15260.2
19586.8
15654.1
15058.6
18149.4
19158.6
17976.3
15397.7
15340.6
14744.9
13740.4
15150.2
16111.2
9409.64
17633.2
15898
14266
16962.4
15639.5
14636.2
14124.4
13975.8
16391.8
16706.5
13411.9
11067.6
14330.1
16139.5
15468.5
15555.1
16098.7
14608.6
17587.7
16499.5
19013.2
16553.6
14038.4
14443.5
14353
18702.3
18401
16298
15786.2
13514.8
17380
16529.7
16736
16518.2
18251.9
17161.9
15873.4
16394.5
13280.6
17944.7
16935.3
19025.2
14129.4
15443.1
17270
13807.7
12312.9
14859.8
16126.5
17252.8
16936.1
14977.8
14725.6
17068.8
18058.2
17554.1
13677.3
17579.6
15263.2
18891.6
16620.1
15849.8
21123.9
17874.5
14441.2
14560.1
15773.4
13327.5
13982.1
11173.5
13952.9
17894.3
13922.6
16736.4
15550.5
15287.9
13977.6
17685.8
14025.5
17107.7
15361.8
16455.4
15816.7
15490.9
14193.7
17353.7
14702.8
18518.5
16082.3
17385.8
15680.8
15292.1
14918.6
13702.3
18695.2
14198.6
15310.6
15516.4
19719.8
13491.3
12726.8
16092.9
16016.6
16298.3
13809.8
15903
13489.8
15296
13642.4
15727.9
16430.9
17684.6
16309.7
15566.3
14006.9
15915.8
13250.9
14975.1
14343.7
17952.3
15960.3
14379.7
17792.4
16491.2
14048.7
17429.6
14992.5
19566.4
17341.4
19024.2
12884.4
16847.4
16377.8
13688.9
18439.5
14901.7
16541.9
13651.8
12753.3
16254.1
14732.9
13325.8
15633
15133.7
11939.4
11612.5
11370.2
11101
10771.4
10760.4
9211.78
9117.63
10039.8
11153
9034.57
8795.15
8965.61
11334.8
8587.23
9867.22
11039.5
10376.3
10359.6
10160
10126.7
10789.6
8983.01
8324.56
11078.7
10953.1
10146.5
11156.6
11353.6
8998.75
10913.9
10333.4
10827.3
11833
9865.94
10041.5
10046.8
9217.6
9445.28
9122.15
10841.5
10847.9
10169.5
13188.6
10470.8
10135.1
12224.7
12849.1
12052.4
10343.1
10333
9951.56
9176.16
10199.3
10807.9
6351.16
11805.5
10640.6
9615.47
11410.1
10551.6
9863.16
9471.55
9297.53
11013.9
11226
9079.65
7370.27
9556.02
10898.3
10441.1
10464.9
10816.7
9764.43
11894.8
11121.8
12821
11017.8
9432.1
9737.96
9636.69
12681.8
12282.7
11007.2
10544.9
9114.51
11706.4
11155.9
11256.5
11046
12317.2
11483.8
10596.9
11008.1
8908.97
11980
11336.1
12777.2
9465.97
10277.8
11576.4
9265.16
8262.91
9933.42
10805.5
11627.1
11368.1
9950.83
9917.1
11476.4
12014.5
11757.2
9208.84
11852.9
10212.5
12693.7
11124.7
10566.2
14184.1
12134.3
9704.9
9714.26
10663.8
8896.05
9387.74
7547.92
9373.17
12004.5
9306.24
11374.1
10455.4
10262.8
9335.71
11844.5
9387.24
11536.1
10305.6
11051.3
10652.7
10333.3
9529.16
11666.1
9862.33
12438.3
10747.9
11697.1
10557.8
10165.1
9979.94
9153.37
12592
9562.57
10309.2
10474.7
13192.4
9106.59
8513.45
10752.4
10765.8
10943.8
9292.49
10624.4
9082.26
10268.2
9149.32
10534.2
11017.8
11855.3
10955.2
10425.6
9404.99
10697.2
8914.05
10076.5
9649.71
12065.8
10722.3
9625.91
11897
11040.8
9408.61
11670.4
10062.4
13204
11596
12813.8
8588.65
11286.8
11022.9
9164.98
12358.5
9950.69
11102.6
9139.7
8486.17
10849.4
9902.17
8935.97
10554.9
10110.7
2
131072
393216
3
1
3
32768
163840
327680
1
2
3
200
10.5906
10.7443
11.9544
12.7359
12.6513
12.7426
13.1917
14.2942
11.7538
11.9338
11.1797
12.6967
10.6182
12.4799
12.5691
14.1315
13.3937
13.5541
10.9758
11.0682
12.047
13.2515
12.6454
13.2558
11.2264
13.8661
10.593
12.7912
12.7516
11.2513
13.0784
11.9732
10.9764
9.93715
11.8988
12.2375
12.1646
13.8491
13.246
11.1828
12.3448
12.4725
10.1649
11.4172
11.6845
11.3704
10.1499
14.6231
10.2034
10.9567
12.0649
11.0338
12.4487
11.8865
11.2034
12.8462
11.2847
12.7264
12.4277
10.8201
13.3031
11.7189
13.4726
19.3138
12.9388
12.2256
11.1683
12.4454
11.7826
11.2619
13.284
13.7273
11.1078
12.262
10.6819
10.7076
11.1724
12.6503
13.5871
11.9152
10.9123
10.4826
12.8163
11.7918
12.6667
12.4219
11.0198
11.969
10.224
11.8692
12.0714
11.7856
13.826
13.2824
13.782
10.627
11.0218
11.7605
11.7222
10.0899
11.8248
15.102
11.5349
11.7231
11.2478
10.3131
11.4243
12.9685
10.1553
11.6799
17.0615
10.4001
10.7398
10.4087
9.96107
10.6579
10.2099
10.8141
12.8398
10.7761
12.1238
10.2669
13.6637
10.2272
10.5654
13.3697
11.7589
12.0796
11.0543
11.4356
11.0578
11.4237
11.451
11.1099
12.8496
14.1499
10.7409
9.83739
10.9763
11.2453
13.0988
13.933
9.88589
11.8263
11.9025
11.3466
15.1469
11.4917
12.2266
10.5012
12.0167
13.3696
10.919
13.0951
11.4524
10.9839
12.1127
11.1071
11.446
13.918
10.4097
12.2958
10.3578
11.6571
12.5344
11.9123
11.3626
10.639
10.8115
10.206
11.8568
12.4087
10.8944
12.7093
13.6399
12.5932
13.5666
12.8609
11.1617
11.5171
11.4509
11.2213
11.9111
10.5222
10.4326
10.4432
13.1068
11.7935
11.0738
12.3065
10.714
10.259
11.4594
14.2934
13.981
12.2789
11.938
12.9602
12.2943
15.4968
29.3544
30.0163
33.519
35.8971
35.6377
36.0993
37.2423
40.4636
32.8951
33.382
31.0244
35.7827
29.6032
35.2385
35.3763
40.1882
37.7835
38.4798
30.5272
30.7687
33.7836
37.3553
35.6604
37.4674
31.4995
39.2401
29.5126
36.1206
35.9439
31.4441
36.8235
33.3382
30.6654
27.5393
33.1713
34.4882
34.1366
39.4224
37.7181
31.1496
34.5662
35.1461
28.0962
32.0623
32.5808
31.7467
28.2734
41.5128
28.1586
30.528
33.9994
30.7519
34.9813
33.2647
31.1658
36.1221
31.5639
35.7445
34.8095
30.109
37.7856
32.9445
38.1274
55.8835
36.4872
34.3679
31.1485
34.9675
32.9105
31.4926
37.6646
39.0987
30.972
34.2502
29.8399
29.7584
31.041
35.6464
38.4259
33.5649
30.4768
29.0857
36.0621
33.1438
35.7211
34.9553
30.8256
33.7733
28.3165
33.5307
33.8906
33.0363
39.3482
37.2173
39.0978
29.6412
30.6999
32.7542
32.7395
28.0035
33.2063
43.1846
32.2282
32.8039
31.3559
28.4767
31.9191
36.5494
28.0842
32.7143
48.9613
29.1125
29.843
28.8893
27.5512
29.7797
28.3746
30.1646
36.2565
29.9254
34.0605
28.4983
38.6808
28.278
29.5959
37.8823
32.9254
34.0613
30.8172
31.9643
30.7425
31.9223
31.9035
31.1789
36.3265
40.0211
29.7323
27.2847
30.3929
31.4488
37.0932
39.2224
27.3695
32.9802
33.4048
31.8121
43.2453
32.1684
34.4747
29.116
33.7759
37.8085
30.487
36.9808
32.061
30.8159
34.1278
30.7551
32.0225
39.4926
28.839
34.4835
28.7553
32.7235
35.3682
33.2615
31.8084
29.6349
30.1297
28.3876
33.2146
34.8623
30.4537
35.9343
38.593
35.3531
38.4092
36.0556
31.2682
32.3934
32.121
31.5348
33.5845
29.2204
28.958
29.1517
36.9192
33.1149
30.7432
34.7888
29.763
28.4453
32.1113
40.5104
39.6183
34.6064
33.5426
36.6229
34.5656
44.1805
64304.5
63140.7
57115.3
53612.4
53981.3
53106.2
51056.4
47599.8
57398.9
56755.1
61006.2
53427.6
63418.3
54395.6
54065.6
47414.4
50392.5
50507.7
62690.2
61741
56504.6
51528.7
53757.7
51468.5
61282.9
49193.1
64595.9
52575.9
53078.2
61017.3
52143.2
57441.1
62072.3
68649.3
57443.7
55553
55779.1
48561.8
51025.1
61184.3
55095.1
54126
67028.1
59114
58756.6
60132.5
66938.3
46594.6
66971.7
62519
56325.1
61932.9
55328.9
57983.8
61356.4
53182.9
59913.8
53772
54563.8
62945.9
51156.6
57703.4
50330.4
35100.2
52671
55974.2
60486.4
54521.3
57643
59874.3
50912.9
48955.2
61167.6
55172.4
63271.4
63861.6
61188.5
53969.2
49835.1
56744.9
62445.4
65141.2
53002.6
57356
53500.5
54486.7
61462.6
56719.4
67888.9
56755.9
56519.6
57588
48675.3
51284.9
49378.5
63569.7
61726.9
58198
58452.3
67874.2
57622.3
44880.6
59554
58161.6
61261.8
66100.2
59404.8
52254.3
67612.5
58119.4
39545.6
65561.3
63324.2
65209.7
68662.8
64003.1
66979.9
63159.1
52753.5
63833.9
55611.1
66287.4
49511.6
66245.7
64142.5
51121
57278.8
56337.2
61483.9
58921.1
61772
59443.2
59013.3
60828.5
53304.5
48005.5
63765.2
68880.6
62544.9
60631.7
51888.4
49003.1
69051.2
57482.3
57160.9
59544.2
44392.6
59397.1
54788.9
64764.1
56560.7
50269
62426.2
51823.4
59180.1
61496.9
56009.3
61441.7
59451.9
48737.5
65112.6
54861
65338.4
58706
54118.3
57172.1
59467.3
63433.5
62751.5
66423.4
57375.7
54904.6
62377.8
53459.9
49836.7
54314.7
49942.4
53085.6
60642.1
58609.4
59322.5
59953.8
56841.2
65374
65302.5
64725.3
52221
57569.1
62115.7
54885.3
63568.1
66132.6
59668.2
47310.8
48626
55358.4
57518.5
52433.9
55152.3
43529.2
32916.9
32298.7
28968
27177.5
27298
27002.3
26237
24221
29452.3
29308.6
31036
27177.2
32851.1
27743.4
27546.9
24403.2
25870.1
25360.3
31787.5
31443.8
28797.5
26054.2
27249.3
26127.7
30754.7
24907.4
32667.9
26871.9
27078.4
30925.6
26409.6
29138.8
31503.1
35019.4
29279.2
28201.8
28506.9
24779.6
25893.8
31128.2
28043
27624.7
34454
30285.4
29770.3
30537
34140.1
23613.5
34243.2
31807.1
28696.7
31565.5
27878.8
29243.6
31049.3
26938
30642.9
27220.7
27941.6
32222.8
25846.4
29493
25509.9
17657.2
26692.7
28300.6
30923.7
27738.8
29470.1
30923.9
26029.6
25064.9
31320.2
28430.3
32543
32451.1
31135.1
27356.7
25421.1
29054.1
31715.7
33228.2
27058.2
29407.7
27257
27906.3
31561
28941.7
34109
29095.3
28712.2
29477.8
24893.6
26073.7
24973
32615.7
31669.5
29485.9
29580.8
34557.5
29305.9
22600.7
30152.2
29617.4
30833.9
33868
30237.6
26731.2
34364.6
29605.1
20077.2
33232.5
32369.8
33464.2
35100.5
32455.4
34030.3
32191.7
26922.8
32404.1
28616
33860.2
25260.4
34078.1
32544.5
25806.4
29485.9
28597
31472.9
30338.4
31530.9
30424.2
30415.1
31157.4
26805.7
24426.4
32552.3
35288.4
31758.9
30851.6
26371.6
24887.2
35334.3
29416.4
29076
30556.7
22692.8
30199.6
28295.8
33147.4
28638.6
25821.9
31696.6
26318.8
30318.8
31483.3
28589.9
31594.7
30341
24721
33458.9
28218.9
33831.2
29551.8
27563.8
29259.8
30419.8
32744.7
32218.4
34158.2
29230.2
27952.1
31912.5
27161.1
25279.1
27614.9
25236.1
27037
31168.2
30009.4
30229.6
30795.5
29070.4
33146.2
33414.7
33239.3
26502.8
29232.9
31594.5
28017.3
32426.1
33866.5
30254.9
24102
24774.9
28192.8
29083.9
26704.7
28177.1
22187.1
22133.1
21728.7
19462.6
18169.9
18358.4
18161.4
17591.8
16185.7
19743
19535.7
20956.7
18336.2
21900.5
18557.9
18493.3
16289.1
17327.6
17058.1
21337.3
21196.6
19281.4
17489.3
18355.1
17444
20714.1
16676.6
22041.5
18062.9
18127.4
20702.8
17719.4
19559.8
21187.4
23552.8
19648.7
18977.1
19132.6
16658.3
17409.5
20840.6
18818.3
18592
23035.9
20314.5
20037.1
20518
22987.7
15772
22968.1
21321.4
19233
21160.6
18675.6
19533.2
20892.8
18029.8
20623
18259.8
18763
21607.5
17351.6
19839.1
17145.5
11846.6
17902.5
18976.9
20907.7
18616.4
19772.6
20720.8
17352.4
16778.5
20926.3
18991.4
21744.7
21813.3
20946.2
18312.5
17052.5
19475.7
21360.1
22326.2
18175
19710.7
18349.5
18669.6
21085.8
19313.4
22967.8
19461.7
19167.4
19784.5
16627.6
17521.8
16752.6
21915.3
21182.3
19819.7
19908
23178.3
19690.3
15194
20196.1
19916.5
20737.4
22782.7
20408.2
17862.9
23151.8
19921.9
13397.7
22348.3
21760.5
22468.8
23475.6
21838.9
22859.5
21568.8
18018.9
21714.6
19181.7
22790.1
16933.7
22964.9
21993.6
17280.7
19826.5
19135.4
21106.9
20404.6
21180.8
20407.4
20328.8
20917.5
18020.2
16339.5
21895.1
23764.5
21348.6
20722.7
17653.9
16692.4
23704.4
19803.8
19565.4
20522.8
15187.9
20247.5
18928.6
22262.8
19306.7
17297.2
21354.2
17693.9
20349.9
21211.7
19131.6
21065.7
20356.8
16631.9
22521.1
18945.5
22582.1
19977
18473.2
19575.9
20505.5
21924.7
21497.3
22869.1
19679.3
18713.9
21442.1
18227.7
16991.7
18508.6
17075.9
18069.8
20831.8
20178.5
20331.3
20702.7
19496.6
22178.7
22414.2
22343.9
17699.6
19663.4
21099.1
18784.2
21742.6
22774.1
20302.2
16144.8
16523.7
18857.5
19425.7
17834.5
18860.9
14855.1
