2
65536
196608
3
1
3
16384
81920
163840
1
2
3
200
9.76746
9.57208
9.99763
10.12
10.4808
11.1945
11.1647
12.0307
9.44618
9.69415
11.5869
11.0297
10.8464
10.6672
11.0406
14.0445
10.3093
11.8124
11.321
9.8822
10.9534
10.8703
10.3124
10.5507
10.9681
10.9693
10.7535
11.2174
11.1943
11.9056
11.4405
13.4971
10.2352
9.99258
10.2064
9.99821
11.9098
11.4406
9.66188
12.7681
11.0912
13.3819
9.63522
12.6845
11.5682
9.12943
10.3892
10.0837
11.7877
10.6263
12.7311
11.9283
9.44144
12.5289
12.3208
11.0334
11.3769
13.8151
13.7596
10.6465
11.9068
13.2582
11.9933
9.86317
11.6434
13.1684
10.2182
11.1114
10.2037
10.4011
11.0175
9.84911
11.5723
12.308
10.0636
9.42007
9.85109
10.1766
11.0284
13.2203
10.2462
10.2196
9.8042
9.84357
9.39429
15.2443
11.9686
10.2997
10.9301
10.6626
9.37941
10.3156
9.38454
11.0226
10.6016
12.1016
11.9715
10.9051
11.7205
8.76361
9.78842
10.5636
10.7861
9.87512
11.1215
11.6157
11.5834
11.4493
11.7535
10.7886
10.3752
10.6898
10.8073
12.7147
10.2012
10.2746
12.2774
9.42868
11.0465
11.5764
12.1426
12.2498
11.2977
10.7216
11.2036
11.3673
10.1692
9.09486
11.4809
12.3291
10.4091
11.8608
10.4227
14.0631
10.5431
11.3054
11.2725
11.5324
12.1904
13.1422
10.0847
10.7816
12.3243
10.0193
10.4521
9.61958
10.886
10.2238
10.7355
9.73555
10.0096
11.6128
11.7481
9.64935
8.82549
11.6541
11.8175
12.5618
10.9437
11.096
11.3233
11.5577
11.1487
12.4569
12.1512
10.149
10.2099
11.1375
10.8603
11.8727
11.6388
13.1951
10.6465
9.34946
10.9965
11.3897
9.66336
11.6149
11.9734
9.7417
10.3334
12.3684
10.2338
10.0877
10.4268
11.8921
10.5204
11.4239
11.298
10.8445
13.1558
12.9844
11.4774
9.99896
12.4714
9.78865
10.7003
10.8743
10.6353
11.5788
27.0113
26.3426
27.5214
28.193
29.3328
31.1893
31.3286
33.6319
25.9957
26.7848
32.2548
30.6131
30.2645
29.6714
30.9803
39.8347
28.7149
32.9117
31.4402
27.3474
30.5035
30.513
28.7091
29.1751
30.3598
30.3764
30.1202
31.2723
31.411
33.7075
31.8289
38.402
28.4002
27.8629
28.2956
27.5893
33.115
32.0813
26.577
36.2257
30.9061
38.1203
26.5036
36.1029
32.2845
24.9047
28.9292
27.9484
33.172
29.5858
35.9109
33.4707
26.2088
35.296
34.4758
30.7854
31.5481
39.0845
38.81
29.4182
33.4662
37.4872
33.7492
27.1201
32.7037
37.478
28.3659
31.0869
28.2254
29.027
30.5508
27.3241
32.6563
34.8218
27.7428
26.0303
27.3191
28.385
30.7883
37.2366
28.4276
28.4291
27.0028
27.1173
26.0511
43.2459
33.5171
28.4391
30.3825
29.5977
25.7416
28.5048
25.7319
30.9838
29.5487
34.0455
33.3872
30.3969
32.8469
23.9988
26.95
29.6341
30.0835
27.2492
31.0797
32.78
32.5835
31.8246
32.8495
29.9002
28.7772
29.5479
30.1798
35.9899
28.1653
28.4549
34.4633
25.9611
30.9406
32.5139
33.9282
34.7659
31.4562
29.8415
31.2509
31.7891
28.3384
25.0068
31.7931
34.7213
28.7214
33.1169
28.9256
39.6762
29.2882
31.6356
31.6017
32.1117
34.0282
36.989
27.7885
30.0676
34.7553
27.8688
29.0253
26.5565
30.4178
28.4265
29.9339
26.8323
27.6134
32.5366
32.7278
26.5927
24.1279
32.6146
33.2011
35.7377
30.5403
30.9893
31.7223
32.3622
30.9409
35.0119
34.3049
28.1731
28.5592
31.2509
30.4059
33.738
32.8244
37.4309
29.5539
25.8357
30.8368
31.7843
26.7569
32.4753
33.7533
27.0671
28.9019
35.1091
28.4315
27.9527
28.8909
33.25
29.266
31.8267
31.6172
30.318
37.4336
36.4618
31.8843
27.3602
35.3177
26.9593
29.5698
30.2918
29.5906
32.4493
35082.1
35726.9
34164.2
33776.4
32144.7
30629.1
30197.9
28019.3
36305.9
35658.1
29597.5
30937.5
31236.7
32197.7
30992.8
24471.2
32820.8
29054.7
30306.6
34431.9
31018.1
30849.5
32733.7
32386.9
31425.9
31291.1
31862.2
30520.6
30354.7
28196.8
29757.4
25110
33251.3
33920.4
33502.2
34158.2
28649.1
29879.3
35430.3
26489
30735
25351
35730.1
26445
29499.7
37239.7
32280.5
33929
28755
31833.1
26585
28368.6
36166.5
26939
27443.4
30709.5
30201.2
24470.3
24478.5
31930.7
28654.5
25502.3
28186.5
34334.8
29252.1
25664.1
33181.1
30107.7
33386
32321.3
30742.2
34386
29028.9
27341.3
34537.8
35975.7
34591.2
33311.9
30992.8
25915
32759.8
33435.7
35372.6
34983.4
35827.9
22137.5
28702
33457.4
31370.3
32201.7
36276
33283.6
36554.5
30660.5
32062.1
28025.7
28602
31502.1
29149.2
38972.5
35116
31936.1
31998.5
34147.1
30358.2
28903.2
29230.3
29852.8
28860.5
31856.4
32904.8
32333.4
31578.4
26552.8
33303.2
33239.1
27853.7
36367.3
30769.6
29354
28007.9
27820.8
30357.2
31974.1
30629.2
30085
33276.2
37695.5
29846.8
27806
33221
29048.8
32774.6
24376
32591.2
30219.2
29837.1
29327.5
27961
26469.1
33033.9
31730.8
27424.8
34029.1
32485
35836.6
30978.2
32901.7
31568.5
35558.2
33876.7
29246.7
29407.7
34893.6
38762.2
29007.4
28876.6
26681.5
31083.7
30641.1
29876.9
29431.6
30825.6
27547.6
27737.8
33138
33344.3
30457.9
31506.5
28507.3
28726.3
25720.8
31866
35741.4
31089.6
30071.8
35343.6
29331.5
27841.2
34895.2
32758.2
26978.7
33017.2
33968.7
32764.2
28651.5
31945.5
29971.3
29942.4
31773.1
25901.2
26412.1
29796.5
34250.7
27266.6
34448.9
31953.8
31516.6
32060.7
29141.6
17745
18191.2
17473.1
17247
16305.5
15455.3
15540.5
14377.2
18563.5
17987.8
15053.3
15900
16049
16199.6
15706.6
12290.3
16786.8
14718.2
15472.4
17629.5
15835.7
15860.7
16910.6
16475.8
15968.3
15923.9
16035.9
15470.7
15445.9
14545
15243.5
12683.7
16925
17452.9
17114.4
17470.9
14683.4
15235.8
18175.3
13595
15610.6
12794.1
18091.2
13506.7
15057.9
19238
16726.7
17254.2
14692.4
16333.5
13536.1
14566.8
18355.8
13779.2
14082.9
15680.9
15279.6
12433.8
12583.4
16469.3
14515.1
12998.1
14454
17752.7
14902.2
13017.4
17082.8
15676.4
17133.4
16637.3
15772
17715.5
14877
14057.9
17410.8
18382.8
17616.7
16979.6
15755.2
13086.5
17056.4
17037.3
17736.5
17818.2
18629.4
11314.6
14575.3
16959.8
15904.2
16326.8
18690.4
16904.9
18608.9
15628.5
16315.7
14235.3
14546.4
15866.6
14820.6
20069.2
17832
16461.3
16044.6
17662.9
15602
14857.4
14946.7
15381.4
14685.8
16112.1
16839.7
16336.5
16002.7
13454
17204.6
16983.1
14151.1
18535.5
15680
15062.9
14313.9
14096.5
15346
16204.3
15467.5
15372.2
17053.7
19269.3
15211.3
13983.8
16807.6
14701.2
16726.8
12324.1
16581.2
15341.7
15352.3
15058.1
14321
13079.8
17434.7
16133.5
14078.5
17278.6
16604.3
18252.5
15848.6
17054
16173.7
17926
17440.9
14871
14779.8
18157.7
19793.9
14842.9
14623.7
13626.2
15894.5
15603.3
15302.3
14976.4
15602.2
13900.9
14205.4
17214.5
16990.3
15462.4
15916.4
14482.9
14867.3
13113.6
16377.6
18611.7
15829.8
15290.9
18061.1
14960.6
14398.2
17828.9
16791.1
13812.5
17103.1
17285
16726.1
14643.4
16547.6
15139.5
15381.8
15985.8
13122.8
13350.4
15222.2
17616.1
13854
17907.7
16310.6
15962.6
16287.2
14994.3
11948.3
12258.4
11717.3
11527.2
11123.7
10412.9
10384.9
9667.33
12448.7
12122.3
10089.8
10610.3
10710.4
10946.7
10482.9
8236.83
11314.3
9936.71
10330.3
11862.8
10647.8
10671.3
11344.3
11122.5
10720
10683.7
10845.6
10403.8
10402.4
9680.29
10202.9
8552.5
11406.4
11659.6
11499.3
11710.7
9814.57
10151.5
12168
9049.74
10536.3
8630.9
12203.4
9087.77
10117.8
12900.7
11231.3
11638.9
9821.73
10958.2
9107.07
9762.65
12344.7
9282.86
9449.77
10516.3
10330.4
8372.73
8406.44
11012.7
9741.01
8705.95
9661.65
11963.5
10023.4
8746.38
11406.6
10496.5
11484.3
11171.2
10641
11901.6
9987.6
9375.96
11685.3
12443.3
11846.1
11511.5
10619
8796.96
11442.3
11377.6
11984.6
11948.3
12408.2
7571.98
9716.52
11410.4
10722.5
10965.4
12549.6
11378.2
12595.8
10529.2
11011.1
9605.32
9768.34
10706.4
9930.93
13485.8
12021.4
10983.8
10752.6
11845.6
10479.2
9928.01
9982.37
10231.6
9896.46
10886
11303.3
11003.2
10759.8
9098.57
11465.4
11471.4
9466.46
12498.4
10523.4
10018.3
9576.8
9427.69
10341
10919
10412.6
10212
11477.3
12927
10233.8
9394.94
11286.4
9844.07
11249.1
8242.49
11069
10283.5
10266
10134.8
9591.08
8832.57
11618.7
10816.5
9423.82
11619
11201.2
12197.6
10722.7
11438.2
10806.7
12113.6
11723.9
10033.4
9932.19
12184.1
13325
10014
9825.02
9162.58
10658.8
10531.8
10277.9
10104.8
10492.3
9300.87
9526.29
11543.7
11368
10434.2
10710.2
9709.57
9900.26
8736.34
10966.7
12481.6
10587.7
10240
12117.7
10022.9
9653.91
11962.1
11265
9317.69
11402.5
11542.5
11238.8
9799.16
11115.7
10261.1
10288.9
10712.7
8748.45
8924.53
10220.9
11858
9282.07
12066.7
10997.4
10707.2
10994.6
10079.7
2
131072
393216
3
1
3
32768
163840
327680
1
2
3
200
10.5141
10.848
10.9099
11.3698
12.2891
11.9761
12.1814
13.6003
11.3546
11.3606
10.2708
12.7361
10.8605
12.1148
12.6045
12.5178
11.5218
11.7185
12.6671
13.0818
12.0338
11.8695
11.2722
11.2405
10.9187
12.0156
11.8317
10.7681
11.1101
11.3772
17.4476
15.7223
10.6194
11.4341
11.3884
11.0798
11.7086
11.6014
10.5857
12.5229
10.4669
10.8756
11.4124
14.3699
11.6078
12.3218
10.5849
13.7093
12.1376
12.8715
11.7583
13.5445
11.8193
13.8015
12.5206
10.8345
11.1262
11.0471
11.6233
11.9759
11.2227
12.8556
13.3499
13.052
11.3141
11.1587
10.6906
16.1933
11.6506
12.8027
10.5182
12.4027
9.99344
13.3062
11.8349
13.4671
9.57733
12.2246
11.4372
10.1658
11.7157
10.3512
10.9603
13.7785
10.6065
14.7934
14.4739
11.5106
12.3804
11.5289
12.8865
11.9162
15.0168
13.5068
10.8464
13.1397
13.2899
12.1715
12.2948
10.9133
11.7378
11.2189
11.488
11.261
11.8837
10.54
11.56
10.5203
10.986
11.6388
12.0399
11.0375
11.1714
9.79365
10.8275
12.9065
14.221
10.9787
11.1926
16.0007
15.4788
13.0472
12.1183
11.7203
11.8369
15.0443
9.61024
10.6289
12.6706
10.9645
11.0686
11.0861
10.9315
12.4135
9.97327
10.5565
10.6456
11.681
10.8391
11.8168
13.2711
11.9901
12.7591
14.4363
13.1765
14.8086
10.3454
12.0026
10.9238
10.6033
12.4869
12.9163
12.8636
11.0805
14.1448
13.7523
11.677
12.2102
13.1307
15.7213
10.8778
11.9706
11.0703
11.1449
11.4029
11.0761
11.2976
12.8953
11.6449
12.6285
14.6973
12.6977
11.321
11.2346
14.7474
11.04
10.8335
12.2402
13.2642
10.7814
14.0656
14.2285
14.3865
11.7563
11.5722
11.0472
11.0605
11.9724
11.2832
11.9881
12.2417
12.3951
10.2138
11.1622
11.5315
11.8877
11.3847
11.3213
12.9768
12.4221
29.3363
30.188
30.2686
31.8057
34.6204
33.3944
34.273
38.4171
31.8451
31.6183
28.5353
35.9172
30.1565
34.1273
35.5764
35.3267
32.3259
32.7932
35.5865
36.9858
33.8914
33.3931
31.3693
31.6281
30.4262
33.6684
33.2112
29.862
30.9821
31.7781
50.032
44.9051
29.5763
32.1304
31.8498
30.7469
32.8507
32.4812
29.5769
35.1107
28.9909
30.4664
31.9037
40.883
32.6972
34.4128
29.3904
39.1765
34.1174
36.3351
32.9734
38.553
32.874
38.9166
35.1409
30.062
31.0882
30.9786
32.5985
33.667
31.4554
36.444
37.7373
37.0141
31.581
31.2228
29.844
46.5037
32.6895
36.2213
29.1232
35.0098
27.4145
37.6252
33.1219
38.083
26.4281
34.1947
32.1355
28.2023
32.7737
28.8053
30.6529
39.1679
29.3758
41.9674
41.0985
32.1802
34.7522
32.3511
36.5298
33.3875
42.6805
38.0494
30.2173
37.0932
37.6909
34.3655
34.6594
30.4785
32.8768
31.1497
31.9958
31.4272
33.3098
29.5257
32.396
29.4048
30.6393
32.6972
34.0069
30.8623
31.5025
27.1164
30.0007
36.3025
40.2301
30.6026
31.0796
45.9884
44.0061
36.9741
33.9178
32.818
33.2731
43.1326
26.3875
29.6243
35.5789
30.5752
30.8184
30.9526
30.2969
34.9069
27.5658
29.5506
29.638
32.614
30.0235
32.9846
37.5197
33.6715
35.7458
40.8993
37.5014
42.2812
28.532
33.702
30.6074
29.4671
35.1259
36.2665
36.3321
30.9324
40.2732
38.8854
32.8329
34.4022
37.3189
44.77
30.3645
33.622
30.9187
31.0014
31.8995
31.0645
31.5144
36.5912
32.6927
35.4173
41.8504
35.6861
31.7653
31.3401
41.9504
30.8423
30.1186
34.4406
37.4474
29.8628
40.0156
40.4532
40.8746
32.9662
32.2502
30.9691
30.8332
33.4387
31.5156
33.9137
34.3682
34.8836
28.4142
31.433
32.2727
33.2778
31.7934
31.7656
36.5737
34.7129
64774.8
62614
62753.4
60110.1
55227
57296.9
55938.5
49759.8
59691
60225.9
66058.1
53398.4
63008.6
55941.7
53335.7
54958
59394.7
58446.4
53712.6
52018.7
56471.9
57485.4
60621.5
59616.2
62066.7
56760.1
57780.5
63546.1
61434.1
60353
38884.4
42777.1
64286.5
59452
59606.4
61245.4
57387.8
58309.5
64372.2
54762.4
65454.4
62368.5
59366.2
47019.1
58151.5
55189.5
64252.3
49414.7
55622.6
52959.1
57648.1
49846.7
57988.9
49392.6
54864.1
63214.9
61128
61229
58734.7
56830.8
60768.2
52396.6
50960.5
51659.1
60497
60868.8
62969.7
41540.5
58601.6
52799.8
65149.6
54815.9
69192.9
51005.5
57078.4
50325.8
70910.2
55494.2
59025.6
66653.7
58331.5
66307.1
62099.7
48952.9
64587.5
46187.8
47060.5
59345.8
54291.9
58512
51985.7
57091.5
44905.7
50317.2
62981.8
51796.5
51348.1
55841.6
55129.9
62588.5
58512.7
60758.4
59395.8
60629.9
57320.8
64254.3
59128.9
64658.8
61913.3
58463.7
55817
61906.9
60390.8
68883.9
62670.4
52646.2
47493.5
61650.1
60996.3
42337.9
43897.7
52239.1
56053.5
58144.7
57296.9
45052
71379.7
63880.4
53986.7
62160.4
61396.3
60896.8
62853.4
54492.8
68578.8
64043.6
64228.7
58667.2
62957.3
57781.3
50965.9
57008
53805.2
46860.9
50732.8
45742.5
65895
56548
62401
64502.7
54838.3
52844.5
53055.2
60840.4
47543.4
49187.2
58371.4
55944.7
51171.4
43183.6
62693.9
57115.9
61092.7
60908.6
59900.3
61320.1
60095.8
52410.4
58154.8
53414.9
46342.8
53546.8
59779.6
60832.8
46712.3
61670.5
63606.7
55496.8
51583.6
63327.6
47913.9
47519.2
47036.3
57837
59095
61281.2
61381.7
56312
60640.7
56327.5
55277.4
54841.1
67196.6
60736.7
59116.8
56931
60117.8
60285.2
52387.5
54715.2
32919.4
32088.8
31989.6
30603.2
28087.5
29063.7
28466.4
25249.1
30509
30694
34007.6
27269
32096.2
28500.7
27374.4
27604
30230.5
29563.5
27427.4
26403.9
28764.5
29251.5
30913.7
30660.7
31791.3
28804.7
29261.8
32346.9
31296.8
30586.6
19645
21808.6
32792.7
30322
30469.7
31565.3
29586.8
29879.4
32497.6
27781.4
33433.3
31883.5
30434.1
23997.7
29681
28122.8
32909.4
24957
28548.4
26873.7
29479.3
25332.9
29507.4
25069.8
27752.8
32347.5
31260.9
31270
29841.3
28742.8
30889.8
26749.4
25846
26398.4
30747.7
31145.4
32442.7
21085.1
29635.4
26838.1
33262
27855.5
35134.4
25972.1
29220.7
25580.8
36504.9
28576.5
30346.3
34281.3
29510.2
33688.9
31547.8
24993
33036.7
23416.4
23785.6
30217.3
28055.7
30062.5
26772.6
29137.5
23024.4
25615.4
32189
26218.8
26120.3
28384
28050
31777.2
29525.3
31103.6
30467
30829.9
29139.2
32786.5
29986.5
33053.4
31615.9
29715.1
28698.1
31376.7
30673.7
35646.9
32247.5
26883.8
24267.4
31718.8
31156.2
21325.6
22418.1
26462.3
28587.7
29547.6
29283.4
22756
36373.3
32625.5
27404.3
31726.7
31363.8
31303.8
32071.4
27913.3
35100.2
32851.6
32599.9
29801.3
32234
29434.5
26152.6
28846.9
27335.2
23959.8
26118.1
23225.9
33766.1
28900.7
31608
32944.6
27837.3
26864.4
26894.7
31408.6
24318
25144.6
29722
28383.3
26064.7
21955.6
31785.1
28796.6
31408.2
31267.3
30404.2
31101.8
30959
26829.6
29831.8
27580.3
23366.5
27359.2
30506.7
30963.2
23325.4
31517.2
32157.5
28245.8
26069
32413.2
24378.6
24199.9
24013.2
29539.1
30093.2
31399.9
31401.6
29032.6
30767.9
28655.1
28274.9
27952.1
34059.2
30892
30036.6
29189.9
30605.8
30494.4
26693.1
27960.7
22169.5
21574.3
21446.2
20535.3
18876.5
19504.8
19022
17033.3
20496.9
20526.3
22774.6
18187.1
21610.4
19134.3
18436.7
18558.3
20133.8
19823.5
18301.2
17670.5
19299.2
19587.7
20800.9
20615.2
21403.1
19360.2
19586.4
21802
21050.9
20509
13134.8
14653.6
21976.4
20313.7
20511.9
21119
19833.3
20070.5
22025.8
18560.7
22479.2
21379.2
20409.6
16054.7
19986.4
18954.1
22095.4
16801.4
19161.8
18017.2
19827.6
16998.1
19837.9
16828
18567.5
21620.5
20911.7
21025.7
20014.1
19397.6
20721.6
17932.2
17313.9
17703.8
20662.2
20819.7
21796.5
14185.9
19982.6
18067.6
22268.7
18647.4
23627
17396.4
19659.2
17172.5
24579.4
19067
20313.5
23025.5
19863.1
22509.5
21178.6
16768.6
22120.9
15641.1
16002.2
20242.7
18758
20159.4
17938.1
19521.2
15383.2
17166
21487.2
17626.7
17403.6
18986.5
18835.6
21393.7
19811
20818
20417.3
20671.1
19634.6
22128.9
20072.5
22172.3
21241.7
19927.3
19238.9
21116.6
20774.2
23924
21662.4
17958.1
16349
21303.4
20920.1
14309.8
14928.6
17734.5
19219.4
19861
19603.4
15241.7
24464
21969.4
18314.9
21292.9
21114.6
21019.3
21363.6
18711.1
23571.7
22043.9
21955.2
19956
21621.7
19710.8
17449.2
19385.5
18273.9
16040.4
17454.7
15533.5
22719.9
19349.9
21319
22064.4
18589.7
17995.4
17973.6
21100.2
16265.8
16834.2
19867
18980.9
17572.3
14646.1
21396.4
19444.6
21014
20932.3
20350.4
21014.6
20633.7
17875.8
19981.5
18492.9
15684.8
18220
20519
20750.9
15699
21127.3
21541.7
19016.2
17476.1
21696
16413.7
16200.4
16114
19750.2
20188
21077.7
21047.5
19490.8
20625
19280
19033.9
18746.9
22830.5
20734.2
20176.4
19669
20498.9
20468.6
17853.5
18759.6
